INFO:root:Time start : 2016-05-23-12-50-16
INFO:root:Input data :GBPUSD240.csv
INFO:root:Parameter setting :
INFO:root:epsilon = 0.1
INFO:root:transaction_cost = 0.0005
INFO:root:epoch =150
INFO:root:max_memory = 1000000
INFO:root:batch_size = 50
INFO:root:look back term = 200
INFO:root:hidden_size = 300
INFO:root:training period = 0 ~ 10000
INFO:root:learning rate = 0.1
INFO:root:discount rate = 0.95
INFO:root:step_size = 10
INFO:root:accumulate return : -0.7822
INFO:root:accumulate return : -0.829
INFO:root:accumulate return : -0.8539
INFO:root:accumulate return : -0.8267
INFO:root:accumulate return : -0.6704
INFO:root:accumulate return : -0.8065
INFO:root:accumulate return : -0.7993
INFO:root:accumulate return : -0.8363
INFO:root:accumulate return : -0.5692
INFO:root:accumulate return : -0.7088
INFO:root:accumulate return : -0.6313
INFO:root:accumulate return : -0.4451
INFO:root:accumulate return : -0.6521
INFO:root:accumulate return : -0.6926
INFO:root:accumulate return : -0.7738
INFO:root:accumulate return : -0.6308
INFO:root:accumulate return : -0.7561
INFO:root:accumulate return : -0.7971
INFO:root:accumulate return : -0.7217
INFO:root:accumulate return : -0.4391
INFO:root:accumulate return : -0.8001
INFO:root:accumulate return : -0.4953
INFO:root:accumulate return : -0.7257
INFO:root:accumulate return : -0.6636
INFO:root:accumulate return : -0.4676
INFO:root:accumulate return : -0.628
INFO:root:accumulate return : -0.6033
INFO:root:accumulate return : -0.4558
INFO:root:accumulate return : -0.7244
INFO:root:accumulate return : -0.8405
INFO:root:accumulate return : -0.6568
INFO:root:accumulate return : -0.4608
INFO:root:accumulate return : -0.4116
INFO:root:accumulate return : -0.6905
