INFO:root:Time start : 2016-05-16-13:48:35
INFO:root:Parameter setting :
INFO:root:epsilon = 0.1
INFO:root:transaction_cost = 0.0005
INFO:root:epoch =2000
INFO:root:max_memory = 10000
INFO:root:batch_size = 50
INFO:root:look back term = 100
INFO:root:hidden_size = 300
INFO:root:training period = 2000 ~ 2000 + 1000
INFO:root:learning rate = 0.2
INFO:root:accumulate return : -0.21921
INFO:root:accumulate return : -0.15821
INFO:root:accumulate return : -0.13356
INFO:root:accumulate return : -0.10885
INFO:root:accumulate return : -0.07214
INFO:root:accumulate return : -0.05174
INFO:root:accumulate return : -0.05905
INFO:root:accumulate return : -0.03932
INFO:root:accumulate return : -0.01284
INFO:root:accumulate return : -0.05503
INFO:root:accumulate return : -0.02692
INFO:root:accumulate return : -0.06158
INFO:root:accumulate return : 0.04446
INFO:root:accumulate return : 0.03193
INFO:root:accumulate return : 0.00999
INFO:root:accumulate return : 0.01214
INFO:root:accumulate return : 0.06067
INFO:root:accumulate return : 0.02489
INFO:root:accumulate return : 0.06284
INFO:root:accumulate return : 0.0746
INFO:root:accumulate return : 0.00874
INFO:root:accumulate return : -0.01249
INFO:root:accumulate return : 0.0326
INFO:root:accumulate return : 0.09076
INFO:root:accumulate return : -0.00135
INFO:root:accumulate return : 0.07784
INFO:root:accumulate return : 0.06167
INFO:root:accumulate return : 0.05252
INFO:root:accumulate return : 0.079
INFO:root:accumulate return : 0.10591
INFO:root:accumulate return : 0.08412
INFO:root:accumulate return : 0.08642
INFO:root:accumulate return : 0.06626
INFO:root:accumulate return : 0.0715
INFO:root:accumulate return : 0.03102
INFO:root:accumulate return : 0.08651
INFO:root:accumulate return : 0.06404
INFO:root:accumulate return : 0.02306
INFO:root:accumulate return : 0.10045
INFO:root:accumulate return : 0.09974
INFO:root:accumulate return : 0.07797
INFO:root:accumulate return : 0.06389
INFO:root:accumulate return : 0.07809
INFO:root:accumulate return : 0.05044
INFO:root:accumulate return : 0.05801
INFO:root:accumulate return : 0.08969
INFO:root:accumulate return : 0.08721
INFO:root:accumulate return : 0.03541
INFO:root:accumulate return : 0.08249
INFO:root:accumulate return : 0.09616
INFO:root:accumulate return : 0.0785
INFO:root:accumulate return : 0.08493
INFO:root:accumulate return : 0.11071
INFO:root:accumulate return : 0.06473
INFO:root:accumulate return : 0.09157
INFO:root:accumulate return : 0.09757
INFO:root:accumulate return : 0.11223
INFO:root:accumulate return : 0.03676
INFO:root:accumulate return : 0.07988
INFO:root:accumulate return : 0.13178
INFO:root:accumulate return : 0.09309
INFO:root:accumulate return : 0.08925
INFO:root:accumulate return : 0.08261
INFO:root:accumulate return : 0.07721
INFO:root:accumulate return : 0.08869
INFO:root:accumulate return : 0.09823
INFO:root:accumulate return : 0.05945
INFO:root:accumulate return : 0.10617
INFO:root:accumulate return : 0.11402
INFO:root:accumulate return : 0.09935
INFO:root:accumulate return : 0.07211
INFO:root:accumulate return : 0.0984
INFO:root:accumulate return : 0.13231
INFO:root:accumulate return : 0.0878
INFO:root:accumulate return : 0.0961
INFO:root:accumulate return : 0.11039
INFO:root:accumulate return : 0.08346
INFO:root:accumulate return : 0.08759
INFO:root:accumulate return : 0.09853
INFO:root:accumulate return : 0.04149
INFO:root:accumulate return : 0.0992
INFO:root:accumulate return : 0.10491
INFO:root:accumulate return : 0.08341
INFO:root:accumulate return : 0.08134
INFO:root:accumulate return : 0.09299
INFO:root:accumulate return : 0.09696
INFO:root:accumulate return : 0.05584
INFO:root:accumulate return : 0.06846
INFO:root:accumulate return : 0.09154
INFO:root:accumulate return : 0.09773
INFO:root:accumulate return : 0.12068
INFO:root:accumulate return : 0.14168
INFO:root:accumulate return : 0.13955
INFO:root:accumulate return : 0.10317
INFO:root:accumulate return : 0.14799
INFO:root:accumulate return : 0.05755
INFO:root:accumulate return : 0.0899
INFO:root:accumulate return : 0.10945
INFO:root:accumulate return : 0.07112
INFO:root:accumulate return : 0.14206
INFO:root:accumulate return : 0.10844
INFO:root:accumulate return : 0.11128
INFO:root:accumulate return : 0.11312
INFO:root:accumulate return : 0.10988
INFO:root:accumulate return : 0.15651
INFO:root:accumulate return : 0.11766
INFO:root:accumulate return : 0.12564
INFO:root:accumulate return : 0.10495
INFO:root:accumulate return : 0.09489
INFO:root:accumulate return : 0.13054
INFO:root:accumulate return : 0.10412
INFO:root:accumulate return : 0.11107
INFO:root:accumulate return : 0.12712
INFO:root:accumulate return : 0.14423
INFO:root:accumulate return : 0.11836
INFO:root:accumulate return : 0.1343
INFO:root:accumulate return : 0.10298
INFO:root:accumulate return : 0.11015
INFO:root:accumulate return : 0.14301
INFO:root:accumulate return : 0.13677
INFO:root:accumulate return : 0.10378
INFO:root:accumulate return : 0.08937
INFO:root:accumulate return : 0.13247
INFO:root:accumulate return : 0.11457
INFO:root:accumulate return : 0.11883
INFO:root:accumulate return : 0.07953
INFO:root:accumulate return : 0.10691
INFO:root:accumulate return : 0.15303
INFO:root:accumulate return : 0.13972
INFO:root:accumulate return : 0.15709
INFO:root:accumulate return : 0.1297
INFO:root:accumulate return : 0.11951
INFO:root:accumulate return : 0.1386
INFO:root:accumulate return : 0.11634
INFO:root:accumulate return : 0.15773
INFO:root:accumulate return : 0.09536
INFO:root:accumulate return : 0.11584
INFO:root:accumulate return : 0.12417
INFO:root:accumulate return : 0.10112
INFO:root:accumulate return : 0.12979
INFO:root:accumulate return : 0.10608
INFO:root:accumulate return : 0.10499
INFO:root:accumulate return : 0.11293
INFO:root:accumulate return : 0.17089
INFO:root:accumulate return : 0.13172
INFO:root:accumulate return : 0.1497
INFO:root:accumulate return : 0.11855
INFO:root:accumulate return : 0.11012
INFO:root:accumulate return : 0.13564
INFO:root:accumulate return : 0.11213
INFO:root:accumulate return : 0.12052
INFO:root:accumulate return : 0.06562
INFO:root:accumulate return : 0.1132
INFO:root:accumulate return : 0.11736
INFO:root:accumulate return : 0.14867
INFO:root:accumulate return : 0.14703
INFO:root:accumulate return : 0.13233
INFO:root:accumulate return : 0.12694
INFO:root:accumulate return : 0.10261
INFO:root:accumulate return : 0.09048
INFO:root:accumulate return : 0.13639
INFO:root:accumulate return : 0.12041
INFO:root:accumulate return : 0.16044
INFO:root:accumulate return : 0.11462
INFO:root:accumulate return : 0.10379
INFO:root:accumulate return : 0.09473
INFO:root:accumulate return : 0.14023
INFO:root:accumulate return : 0.11525
INFO:root:accumulate return : 0.14393
INFO:root:accumulate return : 0.09298
INFO:root:accumulate return : 0.09441
INFO:root:accumulate return : 0.12175
INFO:root:accumulate return : 0.12839
INFO:root:accumulate return : 0.10388
INFO:root:accumulate return : 0.14903
INFO:root:accumulate return : 0.12181
INFO:root:accumulate return : 0.15268
INFO:root:accumulate return : 0.11141
INFO:root:accumulate return : 0.10051
INFO:root:accumulate return : 0.0842
INFO:root:accumulate return : 0.13798
INFO:root:accumulate return : 0.1335
INFO:root:accumulate return : 0.13047
INFO:root:accumulate return : 0.0916
INFO:root:accumulate return : 0.13764
INFO:root:accumulate return : 0.14866
INFO:root:accumulate return : 0.13946
INFO:root:accumulate return : 0.12382
INFO:root:accumulate return : 0.13468
INFO:root:accumulate return : 0.13374
INFO:root:accumulate return : 0.09531
INFO:root:accumulate return : 0.12596
INFO:root:accumulate return : 0.10486
INFO:root:accumulate return : 0.11413
INFO:root:accumulate return : 0.08744
INFO:root:accumulate return : 0.0806
INFO:root:accumulate return : 0.14473
INFO:root:accumulate return : 0.15477
INFO:root:accumulate return : 0.12518
INFO:root:accumulate return : 0.14531
INFO:root:accumulate return : 0.1309
INFO:root:accumulate return : 0.08342
INFO:root:accumulate return : 0.1376
INFO:root:accumulate return : 0.1156
INFO:root:accumulate return : 0.14718
INFO:root:accumulate return : 0.09168
INFO:root:accumulate return : 0.11934
INFO:root:accumulate return : 0.08061
INFO:root:accumulate return : 0.1453
INFO:root:accumulate return : 0.15426
INFO:root:accumulate return : 0.11156
INFO:root:accumulate return : 0.13503
INFO:root:accumulate return : 0.14582
INFO:root:accumulate return : 0.1213
INFO:root:accumulate return : 0.14942
INFO:root:accumulate return : 0.14159
INFO:root:accumulate return : 0.12303
INFO:root:accumulate return : 0.13567
INFO:root:accumulate return : 0.12587
INFO:root:accumulate return : 0.18251
INFO:root:accumulate return : 0.12901
INFO:root:accumulate return : 0.10176
INFO:root:accumulate return : 0.14212
INFO:root:accumulate return : 0.12652
INFO:root:accumulate return : 0.12937
INFO:root:accumulate return : 0.13583
INFO:root:accumulate return : 0.15073
INFO:root:accumulate return : 0.14574
INFO:root:accumulate return : 0.0952
INFO:root:accumulate return : 0.18368
INFO:root:accumulate return : 0.14173
INFO:root:accumulate return : 0.12421
INFO:root:accumulate return : 0.13076
INFO:root:accumulate return : 0.1584
INFO:root:accumulate return : 0.14323
INFO:root:accumulate return : 0.08726
INFO:root:accumulate return : 0.11594
INFO:root:accumulate return : 0.10879
INFO:root:accumulate return : 0.15389
INFO:root:accumulate return : 0.14941
INFO:root:accumulate return : 0.10527
INFO:root:accumulate return : 0.13039
INFO:root:accumulate return : 0.1371
INFO:root:accumulate return : 0.08577
INFO:root:accumulate return : 0.12605
INFO:root:accumulate return : 0.08119
INFO:root:accumulate return : 0.08548
INFO:root:accumulate return : 0.11695
INFO:root:accumulate return : 0.14503
INFO:root:accumulate return : 0.10534
INFO:root:accumulate return : 0.17006
INFO:root:accumulate return : 0.12379
INFO:root:accumulate return : 0.13355
INFO:root:accumulate return : 0.12989
INFO:root:accumulate return : 0.11084
INFO:root:accumulate return : 0.13136
INFO:root:accumulate return : 0.14431
INFO:root:accumulate return : 0.15232
INFO:root:accumulate return : 0.11817
INFO:root:accumulate return : 0.09963
INFO:root:accumulate return : 0.14124
INFO:root:accumulate return : 0.14929
INFO:root:accumulate return : 0.15667
INFO:root:accumulate return : 0.11208
INFO:root:accumulate return : 0.16479
INFO:root:accumulate return : 0.12824
INFO:root:accumulate return : 0.10461
INFO:root:accumulate return : 0.14133
INFO:root:accumulate return : 0.15531
INFO:root:accumulate return : 0.12717
INFO:root:accumulate return : 0.09074
INFO:root:accumulate return : 0.09839
INFO:root:accumulate return : 0.14831
INFO:root:accumulate return : 0.15313
INFO:root:accumulate return : 0.16244
INFO:root:accumulate return : 0.13355
INFO:root:accumulate return : 0.15984
INFO:root:accumulate return : 0.18229
INFO:root:accumulate return : 0.12445
INFO:root:accumulate return : 0.1262
INFO:root:accumulate return : 0.16855
INFO:root:accumulate return : 0.12107
INFO:root:accumulate return : 0.15568
INFO:root:accumulate return : 0.14734
INFO:root:accumulate return : 0.15749
INFO:root:accumulate return : 0.13568
INFO:root:accumulate return : 0.17825
INFO:root:accumulate return : 0.1641
INFO:root:accumulate return : 0.12681
INFO:root:accumulate return : 0.14206
INFO:root:accumulate return : 0.14923
INFO:root:accumulate return : 0.15692
INFO:root:accumulate return : 0.0858
INFO:root:accumulate return : 0.12668
INFO:root:accumulate return : 0.21755
INFO:root:accumulate return : 0.17406
INFO:root:accumulate return : 0.15031
INFO:root:accumulate return : 0.15612
INFO:root:accumulate return : 0.13648
INFO:root:accumulate return : 0.12014
INFO:root:accumulate return : 0.15981
INFO:root:accumulate return : 0.17912
INFO:root:accumulate return : 0.11047
INFO:root:accumulate return : 0.16314
INFO:root:accumulate return : 0.10703
INFO:root:accumulate return : 0.16718
INFO:root:accumulate return : 0.1477
INFO:root:accumulate return : 0.12099
INFO:root:accumulate return : 0.12529
INFO:root:accumulate return : 0.12674
INFO:root:accumulate return : 0.17603
INFO:root:accumulate return : 0.18161
INFO:root:accumulate return : 0.11716
INFO:root:accumulate return : 0.13796
INFO:root:accumulate return : 0.14433
INFO:root:accumulate return : 0.14427
INFO:root:accumulate return : 0.14399
INFO:root:accumulate return : 0.08705
INFO:root:accumulate return : 0.13149
INFO:root:accumulate return : 0.12245
INFO:root:accumulate return : 0.12559
INFO:root:accumulate return : 0.11901
INFO:root:accumulate return : 0.12053
INFO:root:accumulate return : 0.14172
INFO:root:accumulate return : 0.16544
INFO:root:accumulate return : 0.16464
INFO:root:accumulate return : 0.13272
INFO:root:accumulate return : 0.10271
INFO:root:accumulate return : 0.11817
INFO:root:accumulate return : 0.11667
INFO:root:accumulate return : 0.14516
INFO:root:accumulate return : 0.15394
INFO:root:accumulate return : 0.14664
INFO:root:accumulate return : 0.13143
INFO:root:accumulate return : 0.16164
INFO:root:accumulate return : 0.09362
INFO:root:accumulate return : 0.1304
INFO:root:accumulate return : 0.10777
INFO:root:accumulate return : 0.16116
INFO:root:accumulate return : 0.08186
INFO:root:accumulate return : 0.1417
INFO:root:accumulate return : 0.15483
INFO:root:accumulate return : 0.10644
INFO:root:accumulate return : 0.11801
INFO:root:accumulate return : 0.1242
INFO:root:accumulate return : 0.11622
INFO:root:accumulate return : 0.16641
INFO:root:accumulate return : 0.09037
INFO:root:accumulate return : 0.11898
INFO:root:accumulate return : 0.13139
INFO:root:accumulate return : 0.12941
INFO:root:accumulate return : 0.11259
INFO:root:accumulate return : 0.12575
INFO:root:accumulate return : 0.08476
INFO:root:accumulate return : 0.14364
INFO:root:accumulate return : 0.1413
INFO:root:accumulate return : 0.14142
INFO:root:accumulate return : 0.13554
INFO:root:accumulate return : 0.12493
INFO:root:accumulate return : 0.11376
INFO:root:accumulate return : 0.11899
INFO:root:accumulate return : 0.10443
INFO:root:accumulate return : 0.141
INFO:root:accumulate return : 0.15844
INFO:root:accumulate return : 0.15063
INFO:root:accumulate return : 0.11476
INFO:root:accumulate return : 0.15991
INFO:root:accumulate return : 0.14954
INFO:root:accumulate return : 0.1302
INFO:root:accumulate return : 0.12855
INFO:root:accumulate return : 0.12446
INFO:root:accumulate return : 0.12803
INFO:root:accumulate return : 0.11774
INFO:root:accumulate return : 0.10468
INFO:root:accumulate return : 0.13498
INFO:root:accumulate return : 0.1849
INFO:root:accumulate return : 0.12718
INFO:root:accumulate return : 0.08972
INFO:root:accumulate return : 0.11298
INFO:root:accumulate return : 0.12207
INFO:root:accumulate return : 0.07588
INFO:root:accumulate return : 0.13396
INFO:root:accumulate return : 0.08118
INFO:root:accumulate return : 0.07811
INFO:root:accumulate return : 0.14705
INFO:root:accumulate return : 0.12095
INFO:root:accumulate return : 0.15195
INFO:root:accumulate return : 0.1094
INFO:root:accumulate return : 0.09358
INFO:root:accumulate return : 0.11644
INFO:root:accumulate return : 0.15002
INFO:root:accumulate return : 0.06478
INFO:root:accumulate return : 0.1039
INFO:root:accumulate return : 0.1295
INFO:root:accumulate return : 0.12079
INFO:root:accumulate return : 0.13774
INFO:root:accumulate return : 0.10599
INFO:root:accumulate return : 0.10319
INFO:root:accumulate return : 0.13093
INFO:root:accumulate return : 0.13777
INFO:root:accumulate return : 0.10205
INFO:root:accumulate return : 0.08561
INFO:root:accumulate return : 0.09189
INFO:root:accumulate return : 0.10398
INFO:root:accumulate return : 0.11507
INFO:root:accumulate return : 0.11312
INFO:root:accumulate return : 0.1088
INFO:root:accumulate return : 0.10646
INFO:root:accumulate return : 0.11012
INFO:root:accumulate return : 0.0858
INFO:root:accumulate return : 0.11181
INFO:root:accumulate return : 0.11036
INFO:root:accumulate return : 0.10787
INFO:root:accumulate return : 0.08963
INFO:root:accumulate return : 0.12942
INFO:root:accumulate return : 0.13571
INFO:root:accumulate return : 0.0675
INFO:root:accumulate return : 0.14325
INFO:root:accumulate return : 0.14853
INFO:root:accumulate return : 0.10667
INFO:root:accumulate return : 0.14027
INFO:root:accumulate return : 0.10293
INFO:root:accumulate return : 0.12335
INFO:root:accumulate return : 0.12231
INFO:root:accumulate return : 0.13571
INFO:root:accumulate return : 0.12183
INFO:root:accumulate return : 0.14218
INFO:root:accumulate return : 0.1619
INFO:root:accumulate return : 0.12304
INFO:root:accumulate return : 0.10285
INFO:root:accumulate return : 0.06254
INFO:root:accumulate return : 0.10238
INFO:root:accumulate return : 0.13364
INFO:root:accumulate return : 0.09882
INFO:root:accumulate return : 0.11351
INFO:root:accumulate return : 0.10402
INFO:root:accumulate return : 0.07572
INFO:root:accumulate return : 0.0598
INFO:root:accumulate return : 0.08545
INFO:root:accumulate return : 0.09094
INFO:root:accumulate return : 0.1421
INFO:root:accumulate return : 0.12997
INFO:root:accumulate return : 0.11587
INFO:root:accumulate return : 0.10582
INFO:root:accumulate return : 0.10824
INFO:root:accumulate return : 0.11543
INFO:root:accumulate return : 0.14583
INFO:root:accumulate return : 0.08207
INFO:root:accumulate return : 0.14248
INFO:root:accumulate return : 0.13011
INFO:root:accumulate return : 0.11066
INFO:root:accumulate return : 0.12513
INFO:root:accumulate return : 0.11529
INFO:root:accumulate return : 0.15005
INFO:root:accumulate return : 0.09496
INFO:root:accumulate return : 0.13767
INFO:root:accumulate return : 0.12064
INFO:root:accumulate return : 0.14174
INFO:root:accumulate return : 0.14314
INFO:root:accumulate return : 0.11799
INFO:root:accumulate return : 0.1316
INFO:root:accumulate return : 0.11325
INFO:root:accumulate return : 0.12381
INFO:root:accumulate return : 0.10663
INFO:root:accumulate return : 0.10704
INFO:root:accumulate return : 0.05589
INFO:root:accumulate return : 0.13234
INFO:root:accumulate return : 0.11534
INFO:root:accumulate return : 0.14742
INFO:root:accumulate return : 0.16706
INFO:root:accumulate return : 0.08084
INFO:root:accumulate return : 0.08945
INFO:root:accumulate return : 0.07289
INFO:root:accumulate return : 0.10663
INFO:root:accumulate return : 0.0885
INFO:root:accumulate return : 0.12221
INFO:root:accumulate return : 0.10381
INFO:root:accumulate return : 0.10223
INFO:root:accumulate return : 0.13657
INFO:root:accumulate return : 0.1592
INFO:root:accumulate return : 0.11653
INFO:root:accumulate return : 0.11585
INFO:root:accumulate return : 0.12471
INFO:root:accumulate return : 0.11316
INFO:root:accumulate return : 0.10631
INFO:root:accumulate return : 0.06489
INFO:root:accumulate return : 0.04852
INFO:root:accumulate return : 0.09249
INFO:root:accumulate return : 0.09967
INFO:root:accumulate return : 0.12496
INFO:root:accumulate return : 0.11336
INFO:root:accumulate return : 0.1321
INFO:root:accumulate return : 0.14015
INFO:root:accumulate return : 0.11382
INFO:root:accumulate return : 0.12602
INFO:root:accumulate return : 0.1526
INFO:root:accumulate return : 0.08448
INFO:root:accumulate return : 0.11003
INFO:root:accumulate return : 0.13267
INFO:root:accumulate return : 0.16911
INFO:root:accumulate return : 0.14587
INFO:root:accumulate return : 0.10884
INFO:root:accumulate return : 0.08239
INFO:root:accumulate return : 0.0874
INFO:root:accumulate return : 0.09354
INFO:root:accumulate return : 0.0915
INFO:root:accumulate return : 0.11567
INFO:root:accumulate return : 0.12772
INFO:root:accumulate return : 0.07692
INFO:root:accumulate return : 0.05809
INFO:root:accumulate return : 0.11795
INFO:root:accumulate return : 0.14625
INFO:root:accumulate return : 0.06284
INFO:root:accumulate return : 0.11579
INFO:root:accumulate return : 0.12559
INFO:root:accumulate return : 0.09769
INFO:root:accumulate return : 0.0853
INFO:root:accumulate return : 0.14227
INFO:root:accumulate return : 0.10177
INFO:root:accumulate return : 0.13924
INFO:root:accumulate return : 0.108
INFO:root:accumulate return : 0.09962
INFO:root:accumulate return : 0.13967
INFO:root:accumulate return : 0.11719
INFO:root:accumulate return : 0.13347
INFO:root:accumulate return : 0.09513
INFO:root:accumulate return : 0.08041
INFO:root:accumulate return : 0.11993
INFO:root:accumulate return : 0.12233
INFO:root:accumulate return : 0.08106
INFO:root:accumulate return : 0.08989
INFO:root:accumulate return : 0.12352
INFO:root:accumulate return : 0.13539
INFO:root:accumulate return : 0.1557
INFO:root:accumulate return : 0.1645
INFO:root:accumulate return : 0.14614
INFO:root:accumulate return : 0.11453
INFO:root:accumulate return : 0.15275
INFO:root:accumulate return : 0.08591
INFO:root:accumulate return : 0.08406
INFO:root:accumulate return : 0.10402
INFO:root:accumulate return : 0.11251
INFO:root:accumulate return : 0.08479
INFO:root:accumulate return : 0.11693
INFO:root:accumulate return : 0.13799
INFO:root:accumulate return : 0.07228
INFO:root:accumulate return : 0.14369
INFO:root:accumulate return : 0.15305
INFO:root:accumulate return : 0.13203
INFO:root:accumulate return : 0.1448
INFO:root:accumulate return : 0.15743
INFO:root:accumulate return : 0.13485
INFO:root:accumulate return : 0.13237
INFO:root:accumulate return : 0.14024
INFO:root:accumulate return : 0.14871
INFO:root:accumulate return : 0.12402
INFO:root:accumulate return : 0.10472
INFO:root:accumulate return : 0.12914
INFO:root:accumulate return : 0.13142
INFO:root:accumulate return : 0.12266
INFO:root:accumulate return : 0.10737
INFO:root:accumulate return : 0.1354
INFO:root:accumulate return : 0.13371
INFO:root:accumulate return : 0.14895
INFO:root:accumulate return : 0.13535
INFO:root:accumulate return : 0.11583
INFO:root:accumulate return : 0.14629
INFO:root:accumulate return : 0.1309
INFO:root:accumulate return : 0.14652
INFO:root:accumulate return : 0.09005
INFO:root:accumulate return : 0.13512
INFO:root:accumulate return : 0.10132
INFO:root:accumulate return : 0.13001
INFO:root:accumulate return : 0.14937
INFO:root:accumulate return : 0.11627
INFO:root:accumulate return : 0.14019
INFO:root:accumulate return : 0.10984
INFO:root:accumulate return : 0.12799
INFO:root:accumulate return : 0.16674
INFO:root:accumulate return : 0.09259
INFO:root:accumulate return : 0.14969
INFO:root:accumulate return : 0.13053
INFO:root:accumulate return : 0.10962
INFO:root:accumulate return : 0.14751
INFO:root:accumulate return : 0.15656
INFO:root:accumulate return : 0.1032
INFO:root:accumulate return : 0.11746
INFO:root:accumulate return : 0.08465
INFO:root:accumulate return : 0.10384
INFO:root:accumulate return : 0.17458
INFO:root:accumulate return : 0.17416
INFO:root:accumulate return : 0.13347
INFO:root:accumulate return : 0.13599
INFO:root:accumulate return : 0.13159
INFO:root:accumulate return : 0.10935
INFO:root:accumulate return : 0.09149
INFO:root:accumulate return : 0.13774
INFO:root:accumulate return : 0.124
INFO:root:accumulate return : 0.0934
INFO:root:accumulate return : 0.1346
INFO:root:accumulate return : 0.1317
INFO:root:accumulate return : 0.11273
INFO:root:accumulate return : 0.13961
INFO:root:accumulate return : 0.14401
INFO:root:accumulate return : 0.12806
INFO:root:accumulate return : 0.0612
INFO:root:accumulate return : 0.12815
INFO:root:accumulate return : 0.14498
INFO:root:accumulate return : 0.13967
INFO:root:accumulate return : 0.14492
INFO:root:accumulate return : 0.14369
INFO:root:accumulate return : 0.1538
INFO:root:accumulate return : 0.13799
INFO:root:accumulate return : 0.1407
INFO:root:accumulate return : 0.11611
INFO:root:accumulate return : 0.12252
INFO:root:accumulate return : 0.13919
INFO:root:accumulate return : 0.12826
INFO:root:accumulate return : 0.14486
INFO:root:accumulate return : 0.12576
INFO:root:accumulate return : 0.05383
INFO:root:accumulate return : 0.12695
INFO:root:accumulate return : 0.1186
INFO:root:accumulate return : 0.12708
INFO:root:accumulate return : 0.13609
INFO:root:accumulate return : 0.15351
INFO:root:accumulate return : 0.12658
INFO:root:accumulate return : 0.13416
INFO:root:accumulate return : 0.15073
INFO:root:accumulate return : 0.16715
INFO:root:accumulate return : 0.09329
INFO:root:accumulate return : 0.10957
INFO:root:accumulate return : 0.15463
INFO:root:accumulate return : 0.12528
INFO:root:accumulate return : 0.13485
INFO:root:accumulate return : 0.15981
INFO:root:accumulate return : 0.14572
INFO:root:accumulate return : 0.14615
INFO:root:accumulate return : 0.15466
INFO:root:accumulate return : 0.1245
INFO:root:accumulate return : 0.12901
INFO:root:accumulate return : 0.13599
INFO:root:accumulate return : 0.15479
INFO:root:accumulate return : 0.13905
INFO:root:accumulate return : 0.15137
INFO:root:accumulate return : 0.1392
INFO:root:accumulate return : 0.12629
INFO:root:accumulate return : 0.11413
INFO:root:accumulate return : 0.1569
INFO:root:accumulate return : 0.14954
INFO:root:accumulate return : 0.17434
INFO:root:accumulate return : 0.14143
INFO:root:accumulate return : 0.12723
INFO:root:accumulate return : 0.11696
INFO:root:accumulate return : 0.14032
INFO:root:accumulate return : 0.13711
INFO:root:accumulate return : 0.14936
INFO:root:accumulate return : 0.09678
INFO:root:accumulate return : 0.15847
INFO:root:accumulate return : 0.16456
INFO:root:accumulate return : 0.0908
INFO:root:accumulate return : 0.10635
INFO:root:accumulate return : 0.16455
INFO:root:accumulate return : 0.14398
INFO:root:accumulate return : 0.13926
INFO:root:accumulate return : 0.17074
INFO:root:accumulate return : 0.13197
INFO:root:accumulate return : 0.10591
INFO:root:accumulate return : 0.1184
INFO:root:accumulate return : 0.16023
INFO:root:accumulate return : 0.13071
INFO:root:accumulate return : 0.09563
INFO:root:accumulate return : 0.13854
INFO:root:accumulate return : 0.14269
INFO:root:accumulate return : 0.13663
INFO:root:accumulate return : 0.11144
INFO:root:accumulate return : 0.14792
INFO:root:accumulate return : 0.12683
INFO:root:accumulate return : 0.14823
INFO:root:accumulate return : 0.12909
INFO:root:accumulate return : 0.15095
INFO:root:accumulate return : 0.173
INFO:root:accumulate return : 0.13906
INFO:root:accumulate return : 0.16666
INFO:root:accumulate return : 0.19338
INFO:root:accumulate return : 0.11839
INFO:root:accumulate return : 0.162
INFO:root:accumulate return : 0.16683
INFO:root:accumulate return : 0.12672
INFO:root:accumulate return : 0.14285
INFO:root:accumulate return : 0.16796
INFO:root:accumulate return : 0.13309
INFO:root:accumulate return : 0.17034
INFO:root:accumulate return : 0.1175
INFO:root:accumulate return : 0.13986
INFO:root:accumulate return : 0.12468
INFO:root:accumulate return : 0.10834
INFO:root:accumulate return : 0.14805
INFO:root:accumulate return : 0.15675
INFO:root:accumulate return : 0.16101
INFO:root:accumulate return : 0.10148
INFO:root:accumulate return : 0.13496
INFO:root:accumulate return : 0.13265
INFO:root:accumulate return : 0.12795
INFO:root:accumulate return : 0.16984
INFO:root:accumulate return : 0.14115
INFO:root:accumulate return : 0.18619
INFO:root:accumulate return : 0.10551
INFO:root:accumulate return : 0.11744
INFO:root:accumulate return : 0.10313
INFO:root:accumulate return : 0.12661
INFO:root:accumulate return : 0.11955
INFO:root:accumulate return : 0.12236
INFO:root:accumulate return : 0.10595
INFO:root:accumulate return : 0.14998
INFO:root:accumulate return : 0.10327
INFO:root:accumulate return : 0.13483
INFO:root:accumulate return : 0.15153
INFO:root:accumulate return : 0.13777
INFO:root:accumulate return : 0.12634
INFO:root:accumulate return : 0.15437
INFO:root:accumulate return : 0.17259
INFO:root:accumulate return : 0.13542
INFO:root:accumulate return : 0.155
INFO:root:accumulate return : 0.15591
INFO:root:accumulate return : 0.13296
INFO:root:accumulate return : 0.139
INFO:root:accumulate return : 0.12727
INFO:root:accumulate return : 0.13292
INFO:root:accumulate return : 0.16014
INFO:root:accumulate return : 0.15491
INFO:root:accumulate return : 0.15349
INFO:root:accumulate return : 0.1454
INFO:root:accumulate return : 0.14484
INFO:root:accumulate return : 0.11315
INFO:root:accumulate return : 0.10518
INFO:root:accumulate return : 0.15143
INFO:root:accumulate return : 0.15648
INFO:root:accumulate return : 0.12231
INFO:root:accumulate return : 0.08401
INFO:root:accumulate return : 0.1116
INFO:root:accumulate return : 0.1271
INFO:root:accumulate return : 0.13719
INFO:root:accumulate return : 0.1574
INFO:root:accumulate return : 0.15954
INFO:root:accumulate return : 0.1385
INFO:root:accumulate return : 0.1809
INFO:root:accumulate return : 0.09136
INFO:root:accumulate return : 0.14644
INFO:root:accumulate return : 0.09681
INFO:root:accumulate return : 0.15848
INFO:root:accumulate return : 0.1086
INFO:root:accumulate return : 0.12646
INFO:root:accumulate return : 0.14346
INFO:root:accumulate return : 0.13674
INFO:root:accumulate return : 0.15735
INFO:root:accumulate return : 0.17341
INFO:root:accumulate return : 0.10712
INFO:root:accumulate return : 0.14737
INFO:root:accumulate return : 0.12303
INFO:root:accumulate return : 0.07109
INFO:root:accumulate return : 0.14336
INFO:root:accumulate return : 0.1755
INFO:root:accumulate return : 0.08525
INFO:root:accumulate return : 0.12821
INFO:root:accumulate return : 0.1292
INFO:root:accumulate return : 0.144
INFO:root:accumulate return : 0.15024
INFO:root:accumulate return : 0.18239
INFO:root:accumulate return : 0.12595
INFO:root:accumulate return : 0.14059
INFO:root:accumulate return : 0.20032
INFO:root:accumulate return : 0.15202
INFO:root:accumulate return : 0.13765
INFO:root:accumulate return : 0.13553
INFO:root:accumulate return : 0.06982
INFO:root:accumulate return : 0.13871
INFO:root:accumulate return : 0.11495
INFO:root:accumulate return : 0.10613
INFO:root:accumulate return : 0.1016
INFO:root:accumulate return : 0.1947
INFO:root:accumulate return : 0.12659
INFO:root:accumulate return : 0.13746
INFO:root:accumulate return : 0.14734
INFO:root:accumulate return : 0.13259
INFO:root:accumulate return : 0.11084
INFO:root:accumulate return : 0.08097
INFO:root:accumulate return : 0.14904
INFO:root:accumulate return : 0.14299
INFO:root:accumulate return : 0.14096
INFO:root:accumulate return : 0.04821
INFO:root:accumulate return : 0.17065
INFO:root:accumulate return : 0.10573
INFO:root:accumulate return : 0.12526
INFO:root:accumulate return : 0.15214
INFO:root:accumulate return : 0.16299
INFO:root:accumulate return : 0.13711
INFO:root:accumulate return : 0.15498
INFO:root:accumulate return : 0.08118
INFO:root:accumulate return : 0.15136
INFO:root:accumulate return : 0.17221
INFO:root:accumulate return : 0.10474
INFO:root:accumulate return : 0.14292
INFO:root:accumulate return : 0.12755
INFO:root:accumulate return : 0.17728
INFO:root:accumulate return : 0.15621
INFO:root:accumulate return : 0.098
INFO:root:accumulate return : 0.1685
INFO:root:accumulate return : 0.1767
INFO:root:accumulate return : 0.12669
INFO:root:accumulate return : 0.13048
INFO:root:accumulate return : 0.11716
INFO:root:accumulate return : 0.13928
INFO:root:accumulate return : 0.11874
INFO:root:accumulate return : 0.13156
INFO:root:accumulate return : 0.16213
INFO:root:accumulate return : 0.1768
INFO:root:accumulate return : 0.14753
INFO:root:accumulate return : 0.11032
INFO:root:accumulate return : 0.1439
INFO:root:accumulate return : 0.14494
INFO:root:accumulate return : 0.14394
INFO:root:accumulate return : 0.15911
INFO:root:accumulate return : 0.10083
INFO:root:accumulate return : 0.13631
INFO:root:accumulate return : 0.12488
INFO:root:accumulate return : 0.148
INFO:root:accumulate return : 0.11369
INFO:root:accumulate return : 0.12756
INFO:root:accumulate return : 0.15503
INFO:root:accumulate return : 0.12181
INFO:root:accumulate return : 0.12659
INFO:root:accumulate return : 0.1227
INFO:root:accumulate return : 0.11024
INFO:root:accumulate return : 0.1858
INFO:root:accumulate return : 0.18414
INFO:root:accumulate return : 0.12623
INFO:root:accumulate return : 0.10398
INFO:root:accumulate return : 0.08603
INFO:root:accumulate return : 0.12077
INFO:root:accumulate return : 0.11253
INFO:root:accumulate return : 0.17032
INFO:root:accumulate return : 0.08315
INFO:root:accumulate return : 0.08789
INFO:root:accumulate return : 0.12629
INFO:root:accumulate return : 0.13505
INFO:root:accumulate return : 0.11672
INFO:root:accumulate return : 0.15482
INFO:root:accumulate return : 0.1447
INFO:root:accumulate return : 0.11824
INFO:root:accumulate return : 0.1614
INFO:root:accumulate return : 0.10673
INFO:root:accumulate return : 0.10578
INFO:root:accumulate return : 0.13612
INFO:root:accumulate return : 0.11438
INFO:root:accumulate return : 0.15168
INFO:root:accumulate return : 0.1425
INFO:root:accumulate return : 0.14168
INFO:root:accumulate return : 0.14445
INFO:root:accumulate return : 0.14634
INFO:root:accumulate return : 0.12295
INFO:root:accumulate return : 0.12104
INFO:root:accumulate return : 0.12086
INFO:root:accumulate return : 0.09948
INFO:root:accumulate return : 0.15256
INFO:root:accumulate return : 0.10257
INFO:root:accumulate return : 0.15466
INFO:root:accumulate return : 0.12747
INFO:root:accumulate return : 0.1248
INFO:root:accumulate return : 0.17168
INFO:root:accumulate return : 0.11488
INFO:root:accumulate return : 0.15787
INFO:root:accumulate return : 0.10935
INFO:root:accumulate return : 0.10561
INFO:root:accumulate return : 0.08078
INFO:root:accumulate return : 0.18557
INFO:root:accumulate return : 0.15448
INFO:root:accumulate return : 0.14149
INFO:root:accumulate return : 0.12564
INFO:root:accumulate return : 0.0969
INFO:root:accumulate return : 0.18831
INFO:root:accumulate return : 0.11295
INFO:root:accumulate return : 0.11952
INFO:root:accumulate return : 0.13396
INFO:root:accumulate return : 0.14884
INFO:root:accumulate return : 0.08521
INFO:root:accumulate return : 0.21062
INFO:root:accumulate return : 0.07961
INFO:root:accumulate return : 0.15433
INFO:root:accumulate return : 0.1546
INFO:root:accumulate return : 0.1601
INFO:root:accumulate return : 0.1559
INFO:root:accumulate return : 0.15132
INFO:root:accumulate return : 0.18157
INFO:root:accumulate return : 0.10995
INFO:root:accumulate return : 0.14203
INFO:root:accumulate return : 0.06618
INFO:root:accumulate return : 0.1054
INFO:root:accumulate return : 0.11309
INFO:root:accumulate return : 0.11974
INFO:root:accumulate return : 0.16934
INFO:root:accumulate return : 0.13176
INFO:root:accumulate return : 0.05872
INFO:root:accumulate return : 0.13367
INFO:root:accumulate return : 0.15659
INFO:root:accumulate return : 0.1245
INFO:root:accumulate return : 0.12381
INFO:root:accumulate return : 0.18702
INFO:root:accumulate return : 0.12012
INFO:root:accumulate return : 0.09681
INFO:root:accumulate return : 0.10336
INFO:root:accumulate return : 0.12996
INFO:root:accumulate return : 0.1493
INFO:root:accumulate return : 0.10548
INFO:root:accumulate return : 0.14149
INFO:root:accumulate return : 0.16495
INFO:root:accumulate return : 0.13114
INFO:root:accumulate return : 0.14791
INFO:root:accumulate return : 0.13486
INFO:root:accumulate return : 0.1576
INFO:root:accumulate return : 0.18664
INFO:root:accumulate return : 0.12815
INFO:root:accumulate return : 0.05767
INFO:root:accumulate return : 0.19377
INFO:root:accumulate return : 0.14411
INFO:root:accumulate return : 0.14306
INFO:root:accumulate return : 0.17012
INFO:root:accumulate return : 0.11829
INFO:root:accumulate return : 0.09114
INFO:root:accumulate return : 0.14069
INFO:root:accumulate return : 0.1279
INFO:root:accumulate return : 0.10281
INFO:root:accumulate return : 0.13942
INFO:root:accumulate return : 0.13173
INFO:root:accumulate return : 0.11085
INFO:root:accumulate return : 0.15662
INFO:root:accumulate return : 0.13382
INFO:root:accumulate return : 0.14225
INFO:root:accumulate return : 0.11145
INFO:root:accumulate return : 0.11585
INFO:root:accumulate return : 0.14004
INFO:root:accumulate return : 0.12415
INFO:root:accumulate return : 0.16836
INFO:root:accumulate return : 0.11969
INFO:root:accumulate return : 0.10908
INFO:root:accumulate return : 0.16817
INFO:root:accumulate return : 0.13194
INFO:root:accumulate return : 0.12132
INFO:root:accumulate return : 0.14258
INFO:root:accumulate return : 0.1632
INFO:root:accumulate return : 0.13014
INFO:root:accumulate return : 0.15388
INFO:root:accumulate return : 0.11996
INFO:root:accumulate return : 0.12529
INFO:root:accumulate return : 0.12229
INFO:root:accumulate return : 0.18013
INFO:root:accumulate return : 0.11244
INFO:root:accumulate return : 0.1246
INFO:root:accumulate return : 0.18935
INFO:root:accumulate return : 0.18014
INFO:root:accumulate return : 0.13426
INFO:root:accumulate return : 0.08577
INFO:root:accumulate return : 0.14073
INFO:root:accumulate return : 0.15405
INFO:root:accumulate return : 0.11676
INFO:root:accumulate return : 0.13769
INFO:root:accumulate return : 0.16651
INFO:root:accumulate return : 0.16466
INFO:root:accumulate return : 0.10012
INFO:root:accumulate return : 0.12827
INFO:root:accumulate return : 0.13743
INFO:root:accumulate return : 0.12106
INFO:root:accumulate return : 0.14855
INFO:root:accumulate return : 0.158
INFO:root:accumulate return : 0.14677
INFO:root:accumulate return : 0.13293
INFO:root:accumulate return : 0.11395
INFO:root:accumulate return : 0.12366
INFO:root:accumulate return : 0.15372
INFO:root:accumulate return : 0.12231
INFO:root:accumulate return : 0.13749
INFO:root:accumulate return : 0.11156
INFO:root:accumulate return : 0.18925
INFO:root:accumulate return : 0.1253
INFO:root:accumulate return : 0.18578
INFO:root:accumulate return : 0.14151
INFO:root:accumulate return : 0.15358
INFO:root:accumulate return : 0.13836
INFO:root:accumulate return : 0.1141
INFO:root:accumulate return : 0.13385
INFO:root:accumulate return : 0.14047
INFO:root:accumulate return : 0.17864
INFO:root:accumulate return : 0.12965
INFO:root:accumulate return : 0.16577
INFO:root:accumulate return : 0.12164
INFO:root:accumulate return : 0.0586
INFO:root:accumulate return : 0.13066
INFO:root:accumulate return : 0.11885
INFO:root:accumulate return : 0.12349
INFO:root:accumulate return : 0.16697
INFO:root:accumulate return : 0.17497
INFO:root:accumulate return : 0.13314
INFO:root:accumulate return : 0.12233
INFO:root:accumulate return : 0.14296
INFO:root:accumulate return : 0.12932
INFO:root:accumulate return : 0.15751
INFO:root:accumulate return : 0.15402
INFO:root:accumulate return : 0.08265
INFO:root:accumulate return : 0.13986
INFO:root:accumulate return : 0.17691
INFO:root:accumulate return : 0.1405
INFO:root:accumulate return : 0.13103
INFO:root:accumulate return : 0.15107
INFO:root:accumulate return : 0.11929
INFO:root:accumulate return : 0.14699
INFO:root:accumulate return : 0.16458
INFO:root:accumulate return : 0.15313
INFO:root:accumulate return : 0.11965
INFO:root:accumulate return : 0.09126
INFO:root:accumulate return : 0.12576
INFO:root:accumulate return : 0.14485
INFO:root:accumulate return : 0.15928
INFO:root:accumulate return : 0.16004
INFO:root:accumulate return : 0.08975
INFO:root:accumulate return : 0.17048
INFO:root:accumulate return : 0.13738
INFO:root:accumulate return : 0.11081
INFO:root:accumulate return : 0.17224
INFO:root:accumulate return : 0.11865
INFO:root:accumulate return : 0.12399
INFO:root:accumulate return : 0.14228
INFO:root:accumulate return : 0.13646
INFO:root:accumulate return : 0.14125
INFO:root:accumulate return : 0.13514
INFO:root:accumulate return : 0.16781
INFO:root:accumulate return : 0.12872
INFO:root:accumulate return : 0.12918
INFO:root:accumulate return : 0.13895
INFO:root:accumulate return : 0.19383
INFO:root:accumulate return : 0.12062
INFO:root:accumulate return : 0.1288
INFO:root:accumulate return : 0.1113
INFO:root:accumulate return : 0.14581
INFO:root:accumulate return : 0.12825
INFO:root:accumulate return : 0.1495
INFO:root:accumulate return : 0.17513
INFO:root:accumulate return : 0.11779
INFO:root:accumulate return : 0.15409
INFO:root:accumulate return : 0.13751
INFO:root:accumulate return : 0.17405
INFO:root:accumulate return : 0.14789
INFO:root:accumulate return : 0.13334
INFO:root:accumulate return : 0.13037
INFO:root:accumulate return : 0.16482
INFO:root:accumulate return : 0.17857
INFO:root:accumulate return : 0.17716
INFO:root:accumulate return : 0.17279
INFO:root:accumulate return : 0.17074
INFO:root:accumulate return : 0.16927
INFO:root:accumulate return : 0.17417
INFO:root:accumulate return : 0.12603
INFO:root:accumulate return : 0.14207
INFO:root:accumulate return : 0.16144
INFO:root:accumulate return : 0.14989
INFO:root:accumulate return : 0.13282
INFO:root:accumulate return : 0.17532
INFO:root:accumulate return : 0.15874
INFO:root:accumulate return : 0.14902
INFO:root:accumulate return : 0.11804
INFO:root:accumulate return : 0.15589
INFO:root:accumulate return : 0.13214
INFO:root:accumulate return : 0.19851
INFO:root:accumulate return : 0.15019
INFO:root:accumulate return : 0.17209
INFO:root:accumulate return : 0.17969
INFO:root:accumulate return : 0.15033
INFO:root:accumulate return : 0.11849
INFO:root:accumulate return : 0.14832
INFO:root:accumulate return : 0.17587
INFO:root:accumulate return : 0.1563
INFO:root:accumulate return : 0.13631
INFO:root:accumulate return : 0.14695
INFO:root:accumulate return : 0.18985
INFO:root:accumulate return : 0.14805
INFO:root:accumulate return : 0.13028
INFO:root:accumulate return : 0.17104
INFO:root:accumulate return : 0.16544
INFO:root:accumulate return : 0.11521
INFO:root:accumulate return : 0.14335
INFO:root:accumulate return : 0.1679
INFO:root:accumulate return : 0.18184
INFO:root:accumulate return : 0.15083
INFO:root:accumulate return : 0.14003
INFO:root:accumulate return : 0.1643
INFO:root:accumulate return : 0.15054
INFO:root:accumulate return : 0.14146
INFO:root:accumulate return : 0.14027
INFO:root:accumulate return : 0.15724
INFO:root:accumulate return : 0.15111
INFO:root:accumulate return : 0.13667
INFO:root:accumulate return : 0.16619
INFO:root:accumulate return : 0.12233
INFO:root:accumulate return : 0.14592
INFO:root:accumulate return : 0.14912
INFO:root:accumulate return : 0.12238
INFO:root:accumulate return : 0.16204
INFO:root:accumulate return : 0.14529
INFO:root:accumulate return : 0.17
INFO:root:accumulate return : 0.18236
INFO:root:accumulate return : 0.12155
INFO:root:accumulate return : 0.15065
INFO:root:accumulate return : 0.12677
INFO:root:accumulate return : 0.14695
INFO:root:accumulate return : 0.14776
INFO:root:accumulate return : 0.16047
INFO:root:accumulate return : 0.15976
INFO:root:accumulate return : 0.16057
INFO:root:accumulate return : 0.12157
INFO:root:accumulate return : 0.12115
INFO:root:accumulate return : 0.15126
INFO:root:accumulate return : 0.10697
INFO:root:accumulate return : 0.19538
INFO:root:accumulate return : 0.14615
INFO:root:accumulate return : 0.15462
INFO:root:accumulate return : 0.17704
INFO:root:accumulate return : 0.19581
INFO:root:accumulate return : 0.17433
INFO:root:accumulate return : 0.15437
INFO:root:accumulate return : 0.15739
INFO:root:accumulate return : 0.16876
INFO:root:accumulate return : 0.19566
INFO:root:accumulate return : 0.13156
INFO:root:accumulate return : 0.15873
INFO:root:accumulate return : 0.18611
INFO:root:accumulate return : 0.15185
INFO:root:accumulate return : 0.16192
INFO:root:accumulate return : 0.18133
INFO:root:accumulate return : 0.14682
INFO:root:accumulate return : 0.18367
INFO:root:accumulate return : 0.14103
INFO:root:accumulate return : 0.15716
INFO:root:accumulate return : 0.14174
INFO:root:accumulate return : 0.15289
INFO:root:accumulate return : 0.14635
INFO:root:accumulate return : 0.18492
INFO:root:accumulate return : 0.16917
INFO:root:accumulate return : 0.16058
INFO:root:accumulate return : 0.19328
INFO:root:accumulate return : 0.12819
INFO:root:accumulate return : 0.13134
INFO:root:accumulate return : 0.16951
INFO:root:accumulate return : 0.14663
INFO:root:accumulate return : 0.13668
INFO:root:accumulate return : 0.15358
INFO:root:accumulate return : 0.17489
INFO:root:accumulate return : 0.14395
INFO:root:accumulate return : 0.15685
INFO:root:accumulate return : 0.18671
INFO:root:accumulate return : 0.16814
INFO:root:accumulate return : 0.15205
INFO:root:accumulate return : 0.16379
INFO:root:accumulate return : 0.17573
INFO:root:accumulate return : 0.1728
INFO:root:accumulate return : 0.11514
INFO:root:accumulate return : 0.15009
INFO:root:accumulate return : 0.15694
INFO:root:accumulate return : 0.12912
INFO:root:accumulate return : 0.17381
INFO:root:accumulate return : 0.14717
INFO:root:accumulate return : 0.17001
INFO:root:accumulate return : 0.17813
INFO:root:accumulate return : 0.16782
INFO:root:accumulate return : 0.14794
INFO:root:accumulate return : 0.16819
INFO:root:accumulate return : 0.13329
INFO:root:accumulate return : 0.14383
INFO:root:accumulate return : 0.15357
INFO:root:accumulate return : 0.16906
INFO:root:accumulate return : 0.18015
INFO:root:accumulate return : 0.15801
INFO:root:accumulate return : 0.18375
INFO:root:accumulate return : 0.18651
INFO:root:accumulate return : 0.15385
INFO:root:accumulate return : 0.18295
INFO:root:accumulate return : 0.10477
INFO:root:accumulate return : 0.16401
INFO:root:accumulate return : 0.14736
INFO:root:accumulate return : 0.18598
INFO:root:accumulate return : 0.17847
INFO:root:accumulate return : 0.1575
INFO:root:accumulate return : 0.15333
INFO:root:accumulate return : 0.16488
INFO:root:accumulate return : 0.11049
INFO:root:accumulate return : 0.17004
INFO:root:accumulate return : 0.1873
INFO:root:accumulate return : 0.18047
INFO:root:accumulate return : 0.16518
INFO:root:accumulate return : 0.18449
INFO:root:accumulate return : 0.17649
INFO:root:accumulate return : 0.14549
INFO:root:accumulate return : 0.19033
INFO:root:accumulate return : 0.12924
INFO:root:accumulate return : 0.14238
INFO:root:accumulate return : 0.1394
INFO:root:accumulate return : 0.15689
INFO:root:accumulate return : 0.13528
INFO:root:accumulate return : 0.11663
INFO:root:accumulate return : 0.17679
INFO:root:accumulate return : 0.15313
INFO:root:accumulate return : 0.14984
INFO:root:accumulate return : 0.17802
INFO:root:accumulate return : 0.13986
INFO:root:accumulate return : 0.16251
INFO:root:accumulate return : 0.10529
INFO:root:accumulate return : 0.12959
INFO:root:accumulate return : 0.18762
INFO:root:accumulate return : 0.12072
INFO:root:accumulate return : 0.12679
INFO:root:accumulate return : 0.14773
INFO:root:accumulate return : 0.13236
INFO:root:accumulate return : 0.10398
INFO:root:accumulate return : 0.10994
INFO:root:accumulate return : 0.12112
INFO:root:accumulate return : 0.18716
INFO:root:accumulate return : 0.18105
INFO:root:accumulate return : 0.21568
INFO:root:accumulate return : 0.1241
INFO:root:accumulate return : 0.15988
INFO:root:accumulate return : 0.14882
INFO:root:accumulate return : 0.14062
INFO:root:accumulate return : 0.16539
INFO:root:accumulate return : 0.18476
INFO:root:accumulate return : 0.1463
INFO:root:accumulate return : 0.19834
INFO:root:accumulate return : 0.12671
INFO:root:accumulate return : 0.1922
INFO:root:accumulate return : 0.18663
INFO:root:accumulate return : 0.17336
INFO:root:accumulate return : 0.18466
INFO:root:accumulate return : 0.1375
INFO:root:accumulate return : 0.17385
INFO:root:accumulate return : 0.21943
INFO:root:accumulate return : 0.11247
INFO:root:accumulate return : 0.15549
INFO:root:accumulate return : 0.18895
INFO:root:accumulate return : 0.17529
INFO:root:accumulate return : 0.19028
INFO:root:accumulate return : 0.17716
INFO:root:accumulate return : 0.15554
INFO:root:accumulate return : 0.14969
INFO:root:accumulate return : 0.18021
INFO:root:accumulate return : 0.18579
INFO:root:accumulate return : 0.14856
INFO:root:accumulate return : 0.21951
INFO:root:accumulate return : 0.15223
INFO:root:accumulate return : 0.18208
INFO:root:accumulate return : 0.18398
INFO:root:accumulate return : 0.15634
INFO:root:accumulate return : 0.14177
INFO:root:accumulate return : 0.18972
INFO:root:accumulate return : 0.16318
INFO:root:accumulate return : 0.13686
INFO:root:accumulate return : 0.13624
INFO:root:accumulate return : 0.15286
INFO:root:accumulate return : 0.14297
INFO:root:accumulate return : 0.12673
INFO:root:accumulate return : 0.2092
INFO:root:accumulate return : 0.16792
INFO:root:accumulate return : 0.15301
INFO:root:accumulate return : 0.15347
INFO:root:accumulate return : 0.18593
INFO:root:accumulate return : 0.1764
INFO:root:accumulate return : 0.15849
INFO:root:accumulate return : 0.14934
INFO:root:accumulate return : 0.15112
INFO:root:accumulate return : 0.14615
INFO:root:accumulate return : 0.16509
INFO:root:accumulate return : 0.19402
INFO:root:accumulate return : 0.15233
INFO:root:accumulate return : 0.18546
INFO:root:accumulate return : 0.17924
INFO:root:accumulate return : 0.1313
INFO:root:accumulate return : 0.20327
INFO:root:accumulate return : 0.15856
INFO:root:accumulate return : 0.14402
INFO:root:accumulate return : 0.18032
INFO:root:accumulate return : 0.12973
INFO:root:accumulate return : 0.15132
INFO:root:accumulate return : 0.19655
INFO:root:accumulate return : 0.13183
INFO:root:accumulate return : 0.1661
INFO:root:accumulate return : 0.20073
INFO:root:accumulate return : 0.11042
INFO:root:accumulate return : 0.14164
INFO:root:accumulate return : 0.14309
INFO:root:accumulate return : 0.17204
INFO:root:accumulate return : 0.15421
INFO:root:accumulate return : 0.18311
INFO:root:accumulate return : 0.17387
INFO:root:accumulate return : 0.20182
INFO:root:accumulate return : 0.21067
INFO:root:accumulate return : 0.17312
INFO:root:accumulate return : 0.19087
INFO:root:accumulate return : 0.18631
INFO:root:accumulate return : 0.15047
INFO:root:accumulate return : 0.14526
INFO:root:accumulate return : 0.17456
INFO:root:accumulate return : 0.18641
INFO:root:accumulate return : 0.17013
INFO:root:accumulate return : 0.11963
INFO:root:accumulate return : 0.17765
INFO:root:accumulate return : 0.13423
INFO:root:accumulate return : 0.09319
INFO:root:accumulate return : 0.12501
INFO:root:accumulate return : 0.19187
INFO:root:accumulate return : 0.17037
INFO:root:accumulate return : 0.18873
INFO:root:accumulate return : 0.18777
INFO:root:accumulate return : 0.17082
INFO:root:accumulate return : 0.15239
INFO:root:accumulate return : 0.14558
INFO:root:accumulate return : 0.15179
INFO:root:accumulate return : 0.15066
INFO:root:accumulate return : 0.12468
INFO:root:accumulate return : 0.205
INFO:root:accumulate return : 0.18007
INFO:root:accumulate return : 0.1621
INFO:root:accumulate return : 0.1406
INFO:root:accumulate return : 0.13135
INFO:root:accumulate return : 0.15941
INFO:root:accumulate return : 0.16922
INFO:root:accumulate return : 0.14428
INFO:root:accumulate return : 0.14759
INFO:root:accumulate return : 0.18821
INFO:root:accumulate return : 0.12925
INFO:root:accumulate return : 0.16311
INFO:root:accumulate return : 0.15925
INFO:root:accumulate return : 0.12983
INFO:root:accumulate return : 0.15386
INFO:root:accumulate return : 0.17332
INFO:root:accumulate return : 0.18504
INFO:root:accumulate return : 0.1625
INFO:root:accumulate return : 0.18541
INFO:root:accumulate return : 0.1788
INFO:root:accumulate return : 0.1486
INFO:root:accumulate return : 0.1382
INFO:root:accumulate return : 0.16296
INFO:root:accumulate return : 0.18031
INFO:root:accumulate return : 0.17059
INFO:root:accumulate return : 0.16677
INFO:root:accumulate return : 0.18513
INFO:root:accumulate return : 0.15665
INFO:root:accumulate return : 0.19366
INFO:root:accumulate return : 0.186
INFO:root:accumulate return : 0.12832
INFO:root:accumulate return : 0.17512
INFO:root:accumulate return : 0.21196
INFO:root:accumulate return : 0.15457
INFO:root:accumulate return : 0.14701
INFO:root:accumulate return : 0.12256
INFO:root:accumulate return : 0.15014
INFO:root:accumulate return : 0.16699
INFO:root:accumulate return : 0.12434
INFO:root:accumulate return : 0.16353
INFO:root:accumulate return : 0.20041
INFO:root:accumulate return : 0.19463
INFO:root:accumulate return : 0.15994
INFO:root:accumulate return : 0.18776
INFO:root:accumulate return : 0.12728
INFO:root:accumulate return : 0.14648
INFO:root:accumulate return : 0.15876
INFO:root:accumulate return : 0.21742
INFO:root:accumulate return : 0.17922
INFO:root:accumulate return : 0.17244
INFO:root:accumulate return : 0.16922
INFO:root:accumulate return : 0.1354
INFO:root:accumulate return : 0.1607
INFO:root:accumulate return : 0.1664
INFO:root:accumulate return : 0.14608
INFO:root:accumulate return : 0.1508
INFO:root:accumulate return : 0.16303
INFO:root:accumulate return : 0.12469
INFO:root:accumulate return : 0.17199
INFO:root:accumulate return : 0.16187
INFO:root:accumulate return : 0.18503
INFO:root:accumulate return : 0.17574
INFO:root:accumulate return : 0.19146
INFO:root:accumulate return : 0.15637
INFO:root:accumulate return : 0.13771
INFO:root:accumulate return : 0.16991
INFO:root:accumulate return : 0.17106
INFO:root:accumulate return : 0.19924
INFO:root:accumulate return : 0.12053
INFO:root:accumulate return : 0.17723
INFO:root:accumulate return : 0.11675
INFO:root:accumulate return : 0.16099
INFO:root:accumulate return : 0.21237
INFO:root:accumulate return : 0.17066
INFO:root:accumulate return : 0.16722
INFO:root:accumulate return : 0.14398
INFO:root:accumulate return : 0.1141
INFO:root:accumulate return : 0.18061
INFO:root:accumulate return : 0.15047
INFO:root:accumulate return : 0.18071
INFO:root:accumulate return : 0.13905
INFO:root:accumulate return : 0.1349
INFO:root:accumulate return : 0.14495
INFO:root:accumulate return : 0.13042
INFO:root:accumulate return : 0.1671
INFO:root:accumulate return : 0.14422
INFO:root:accumulate return : 0.18432
INFO:root:accumulate return : 0.14708
INFO:root:accumulate return : 0.15911
INFO:root:accumulate return : 0.18003
INFO:root:accumulate return : 0.17935
INFO:root:accumulate return : 0.15112
INFO:root:accumulate return : 0.12731
INFO:root:accumulate return : 0.09953
INFO:root:accumulate return : 0.1973
INFO:root:accumulate return : 0.17788
INFO:root:accumulate return : 0.15509
INFO:root:accumulate return : 0.17562
INFO:root:accumulate return : 0.18525
INFO:root:accumulate return : 0.21879
INFO:root:accumulate return : 0.15279
INFO:root:accumulate return : 0.19777
INFO:root:accumulate return : 0.13704
INFO:root:accumulate return : 0.17612
INFO:root:accumulate return : 0.11732
INFO:root:accumulate return : 0.17038
INFO:root:accumulate return : 0.11294
INFO:root:accumulate return : 0.12923
INFO:root:accumulate return : 0.17567
INFO:root:accumulate return : 0.17086
INFO:root:accumulate return : 0.17935
INFO:root:accumulate return : 0.16092
INFO:root:accumulate return : 0.12578
INFO:root:accumulate return : 0.16796
INFO:root:accumulate return : 0.1111
INFO:root:accumulate return : 0.1664
INFO:root:accumulate return : 0.16675
INFO:root:accumulate return : 0.13908
INFO:root:accumulate return : 0.16432
INFO:root:accumulate return : 0.18427
INFO:root:accumulate return : 0.16828
INFO:root:accumulate return : 0.14236
INFO:root:accumulate return : 0.1843
INFO:root:accumulate return : 0.17094
INFO:root:accumulate return : 0.17687
INFO:root:accumulate return : 0.10326
INFO:root:accumulate return : 0.17324
INFO:root:accumulate return : 0.1707
INFO:root:accumulate return : 0.17972
INFO:root:accumulate return : 0.11321
INFO:root:accumulate return : 0.14708
INFO:root:accumulate return : 0.1623
INFO:root:accumulate return : 0.18698
INFO:root:accumulate return : 0.11552
INFO:root:accumulate return : 0.21145
INFO:root:accumulate return : 0.18961
INFO:root:accumulate return : 0.14609
INFO:root:accumulate return : 0.23297
INFO:root:accumulate return : 0.15309
INFO:root:accumulate return : 0.15682
INFO:root:accumulate return : 0.13656
INFO:root:accumulate return : 0.17746
INFO:root:accumulate return : 0.17064
INFO:root:accumulate return : 0.19256
INFO:root:accumulate return : 0.18886
INFO:root:accumulate return : 0.19083
INFO:root:accumulate return : 0.17971
INFO:root:accumulate return : 0.17761
INFO:root:accumulate return : 0.14477
INFO:root:accumulate return : 0.13701
INFO:root:accumulate return : 0.17532
INFO:root:accumulate return : 0.17984
INFO:root:accumulate return : 0.103
INFO:root:accumulate return : 0.13861
INFO:root:accumulate return : 0.18227
INFO:root:accumulate return : 0.17067
INFO:root:accumulate return : 0.19229
INFO:root:accumulate return : 0.1202
INFO:root:accumulate return : 0.13958
INFO:root:accumulate return : 0.16863
INFO:root:accumulate return : 0.15189
INFO:root:accumulate return : 0.21592
INFO:root:accumulate return : 0.18584
INFO:root:accumulate return : 0.18279
INFO:root:accumulate return : 0.17957
INFO:root:accumulate return : 0.15817
INFO:root:accumulate return : 0.16059
INFO:root:accumulate return : 0.14805
INFO:root:accumulate return : 0.17513
INFO:root:accumulate return : 0.13698
INFO:root:accumulate return : 0.18171
INFO:root:accumulate return : 0.16823
INFO:root:accumulate return : 0.22568
INFO:root:accumulate return : 0.14022
INFO:root:accumulate return : 0.15952
INFO:root:accumulate return : 0.22385
INFO:root:accumulate return : 0.19177
INFO:root:accumulate return : 0.14545
INFO:root:accumulate return : 0.17982
INFO:root:accumulate return : 0.18783
INFO:root:accumulate return : 0.15039
INFO:root:accumulate return : 0.18341
INFO:root:accumulate return : 0.17125
INFO:root:accumulate return : 0.17169
INFO:root:accumulate return : 0.16977
INFO:root:accumulate return : 0.13439
INFO:root:accumulate return : 0.1938
INFO:root:accumulate return : 0.19139
INFO:root:accumulate return : 0.1798
INFO:root:accumulate return : 0.1601
INFO:root:accumulate return : 0.1867
INFO:root:accumulate return : 0.13446
INFO:root:accumulate return : 0.18235
INFO:root:accumulate return : 0.15187
INFO:root:accumulate return : 0.13874
INFO:root:accumulate return : 0.17694
INFO:root:accumulate return : 0.17747
INFO:root:accumulate return : 0.15495
INFO:root:accumulate return : 0.14226
INFO:root:accumulate return : 0.14966
INFO:root:accumulate return : 0.17735
INFO:root:accumulate return : 0.18825
INFO:root:accumulate return : 0.18302
INFO:root:accumulate return : 0.15216
INFO:root:accumulate return : 0.20603
INFO:root:accumulate return : 0.21933
INFO:root:accumulate return : 0.17631
INFO:root:accumulate return : 0.18456
INFO:root:accumulate return : 0.20511
INFO:root:accumulate return : 0.17061
INFO:root:accumulate return : 0.17851
INFO:root:accumulate return : 0.1693
INFO:root:accumulate return : 0.19538
INFO:root:accumulate return : 0.20552
INFO:root:accumulate return : 0.16785
INFO:root:accumulate return : 0.20656
INFO:root:accumulate return : 0.1792
INFO:root:accumulate return : 0.1702
INFO:root:accumulate return : 0.17441
INFO:root:accumulate return : 0.20234
INFO:root:accumulate return : 0.21349
INFO:root:accumulate return : 0.18684
INFO:root:accumulate return : 0.14596
INFO:root:accumulate return : 0.15236
INFO:root:accumulate return : 0.16075
INFO:root:accumulate return : 0.1664
INFO:root:accumulate return : 0.18293
INFO:root:accumulate return : 0.19817
INFO:root:accumulate return : 0.18147
INFO:root:accumulate return : 0.18136
INFO:root:accumulate return : 0.20677
INFO:root:accumulate return : 0.19046
INFO:root:accumulate return : 0.20193
INFO:root:accumulate return : 0.21095
INFO:root:accumulate return : 0.19052
INFO:root:accumulate return : 0.20424
INFO:root:accumulate return : 0.18539
INFO:root:accumulate return : 0.20132
INFO:root:accumulate return : 0.21244
INFO:root:accumulate return : 0.16272
INFO:root:accumulate return : 0.15871
INFO:root:accumulate return : 0.14762
INFO:root:accumulate return : 0.18473
INFO:root:accumulate return : 0.19819
INFO:root:accumulate return : 0.16916
INFO:root:accumulate return : 0.17203
INFO:root:accumulate return : 0.19541
INFO:root:accumulate return : 0.11321
INFO:root:accumulate return : 0.19366
INFO:root:accumulate return : 0.16254
INFO:root:accumulate return : 0.21898
INFO:root:accumulate return : 0.18104
INFO:root:accumulate return : 0.15922
INFO:root:accumulate return : 0.16995
INFO:root:accumulate return : 0.18555
INFO:root:accumulate return : 0.19892
INFO:root:accumulate return : 0.17068
INFO:root:accumulate return : 0.19041
INFO:root:accumulate return : 0.16297
INFO:root:accumulate return : 0.21692
INFO:root:accumulate return : 0.1799
INFO:root:accumulate return : 0.19678
INFO:root:accumulate return : 0.17659
INFO:root:accumulate return : 0.1853
INFO:root:accumulate return : 0.15051
INFO:root:accumulate return : 0.15634
INFO:root:accumulate return : 0.17771
INFO:root:accumulate return : 0.17217
INFO:root:accumulate return : 0.13037
INFO:root:accumulate return : 0.19564
INFO:root:accumulate return : 0.16762
INFO:root:accumulate return : 0.20655
INFO:root:accumulate return : 0.17117
INFO:root:accumulate return : 0.21036
INFO:root:accumulate return : 0.17213
INFO:root:accumulate return : 0.17983
INFO:root:accumulate return : 0.18943
INFO:root:accumulate return : 0.22823
INFO:root:accumulate return : 0.14956
INFO:root:accumulate return : 0.21708
INFO:root:accumulate return : 0.20135
INFO:root:accumulate return : 0.16771
INFO:root:accumulate return : 0.19242
INFO:root:accumulate return : 0.14113
INFO:root:accumulate return : 0.2025
INFO:root:accumulate return : 0.1573
INFO:root:accumulate return : 0.14748
INFO:root:accumulate return : 0.16946
INFO:root:accumulate return : 0.17643
INFO:root:accumulate return : 0.19052
INFO:root:accumulate return : 0.177
INFO:root:accumulate return : 0.17991
INFO:root:accumulate return : 0.13352
INFO:root:accumulate return : 0.1574
INFO:root:accumulate return : 0.179
INFO:root:accumulate return : 0.16991
INFO:root:accumulate return : 0.19599
INFO:root:accumulate return : 0.14776
INFO:root:accumulate return : 0.18043
INFO:root:accumulate return : 0.20556
INFO:root:accumulate return : 0.2045
INFO:root:accumulate return : 0.2246
INFO:root:accumulate return : 0.1697
INFO:root:accumulate return : 0.20612
INFO:root:accumulate return : 0.1913
INFO:root:accumulate return : 0.18155
INFO:root:accumulate return : 0.20892
INFO:root:accumulate return : 0.13633
INFO:root:accumulate return : 0.16101
INFO:root:accumulate return : 0.19342
INFO:root:accumulate return : 0.15955
INFO:root:accumulate return : 0.17837
INFO:root:accumulate return : 0.14368
INFO:root:accumulate return : 0.1882
INFO:root:accumulate return : 0.19503
INFO:root:accumulate return : 0.19695
INFO:root:accumulate return : 0.16144
INFO:root:accumulate return : 0.2068
INFO:root:accumulate return : 0.18628
INFO:root:accumulate return : 0.17577
INFO:root:accumulate return : 0.17562
INFO:root:accumulate return : 0.1969
INFO:root:accumulate return : 0.15675
INFO:root:accumulate return : 0.20574
INFO:root:accumulate return : 0.13121
INFO:root:accumulate return : 0.18948
INFO:root:accumulate return : 0.1774
INFO:root:accumulate return : 0.22325
INFO:root:accumulate return : 0.19693
INFO:root:accumulate return : 0.15361
INFO:root:accumulate return : 0.2019
INFO:root:accumulate return : 0.17179
INFO:root:accumulate return : 0.19742
INFO:root:accumulate return : 0.16137
INFO:root:accumulate return : 0.15343
INFO:root:accumulate return : 0.17466
INFO:root:accumulate return : 0.20106
INFO:root:accumulate return : 0.18667
INFO:root:accumulate return : 0.1972
INFO:root:accumulate return : 0.20646
INFO:root:accumulate return : 0.18328
INFO:root:accumulate return : 0.17835
INFO:root:accumulate return : 0.20114
INFO:root:accumulate return : 0.15956
INFO:root:accumulate return : 0.21094
INFO:root:accumulate return : 0.19452
INFO:root:accumulate return : 0.19563
INFO:root:accumulate return : 0.18421
INFO:root:accumulate return : 0.17663
INFO:root:accumulate return : 0.16788
INFO:root:accumulate return : 0.16454
INFO:root:accumulate return : 0.17549
INFO:root:accumulate return : 0.20302
INFO:root:accumulate return : 0.16805
INFO:root:accumulate return : 0.14112
INFO:root:accumulate return : 0.13624
INFO:root:accumulate return : 0.15666
INFO:root:accumulate return : 0.16103
INFO:root:accumulate return : 0.21131
INFO:root:accumulate return : 0.16138
INFO:root:accumulate return : 0.18885
INFO:root:accumulate return : 0.17968
INFO:root:accumulate return : 0.20017
INFO:root:accumulate return : 0.18931
INFO:root:accumulate return : 0.17279
INFO:root:accumulate return : 0.20453
INFO:root:accumulate return : 0.16143
INFO:root:accumulate return : 0.19297
INFO:root:accumulate return : 0.18431
INFO:root:accumulate return : 0.16574
INFO:root:accumulate return : 0.16425
INFO:root:accumulate return : 0.16317
INFO:root:accumulate return : 0.18998
INFO:root:accumulate return : 0.17869
INFO:root:accumulate return : 0.20415
INFO:root:accumulate return : 0.21564
INFO:root:accumulate return : 0.2228
INFO:root:accumulate return : 0.1441
INFO:root:accumulate return : 0.19756
INFO:root:accumulate return : 0.16475
INFO:root:accumulate return : 0.1562
INFO:root:accumulate return : 0.17185
INFO:root:accumulate return : 0.17998
INFO:root:accumulate return : 0.18619
INFO:root:accumulate return : 0.17508
INFO:root:accumulate return : 0.17848
INFO:root:accumulate return : 0.13779
INFO:root:accumulate return : 0.15199
INFO:root:accumulate return : 0.2162
INFO:root:accumulate return : 0.17081
INFO:root:accumulate return : 0.18702
INFO:root:accumulate return : 0.15759
INFO:root:accumulate return : 0.13199
INFO:root:accumulate return : 0.21949
INFO:root:accumulate return : 0.16628
INFO:root:accumulate return : 0.19257
INFO:root:accumulate return : 0.15209
INFO:root:accumulate return : 0.18903
INFO:root:accumulate return : 0.12015
INFO:root:accumulate return : 0.22227
INFO:root:accumulate return : 0.19294
INFO:root:accumulate return : 0.17404
INFO:root:accumulate return : 0.15469
INFO:root:accumulate return : 0.17838
INFO:root:accumulate return : 0.17141
INFO:root:accumulate return : 0.19224
INFO:root:accumulate return : 0.21277
INFO:root:accumulate return : 0.21328
INFO:root:accumulate return : 0.20321
INFO:root:accumulate return : 0.19203
INFO:root:accumulate return : 0.17314
INFO:root:accumulate return : 0.1849
INFO:root:accumulate return : 0.2171
INFO:root:accumulate return : 0.18141
INFO:root:accumulate return : 0.15942
INFO:root:accumulate return : 0.12241
INFO:root:accumulate return : 0.17885
INFO:root:accumulate return : 0.15624
INFO:root:accumulate return : 0.14729
INFO:root:accumulate return : 0.18276
INFO:root:accumulate return : 0.19149
INFO:root:accumulate return : 0.1689
INFO:root:accumulate return : 0.17009
INFO:root:accumulate return : 0.23131
INFO:root:accumulate return : 0.19808
INFO:root:accumulate return : 0.20045
INFO:root:accumulate return : 0.12488
INFO:root:accumulate return : 0.18874
INFO:root:accumulate return : 0.19405
INFO:root:accumulate return : 0.18692
INFO:root:accumulate return : 0.19199
INFO:root:accumulate return : 0.19536
INFO:root:accumulate return : 0.16135
INFO:root:accumulate return : 0.1794
INFO:root:accumulate return : 0.17397
INFO:root:accumulate return : 0.20506
INFO:root:accumulate return : 0.17995
INFO:root:accumulate return : 0.19373
INFO:root:accumulate return : 0.23666
INFO:root:accumulate return : 0.19052
INFO:root:accumulate return : 0.20481
INFO:root:accumulate return : 0.13278
INFO:root:accumulate return : 0.18606
INFO:root:accumulate return : 0.15061
INFO:root:accumulate return : 0.18832
INFO:root:accumulate return : 0.15711
INFO:root:accumulate return : 0.17456
INFO:root:accumulate return : 0.1724
INFO:root:accumulate return : 0.21733
INFO:root:accumulate return : 0.15544
INFO:root:accumulate return : 0.22932
INFO:root:accumulate return : 0.22418
INFO:root:accumulate return : 0.10846
INFO:root:accumulate return : 0.13632
INFO:root:accumulate return : 0.20962
INFO:root:accumulate return : 0.13087
INFO:root:accumulate return : 0.15922
INFO:root:accumulate return : 0.16186
INFO:root:accumulate return : 0.17117
INFO:root:accumulate return : 0.1907
INFO:root:accumulate return : 0.17741
INFO:root:accumulate return : 0.20708
INFO:root:accumulate return : 0.21875
INFO:root:accumulate return : 0.2434
INFO:root:accumulate return : 0.19376
INFO:root:accumulate return : 0.23049
INFO:root:accumulate return : 0.17213
INFO:root:accumulate return : 0.1347
INFO:root:accumulate return : 0.20155
INFO:root:accumulate return : 0.13887
INFO:root:accumulate return : 0.1657
INFO:root:accumulate return : 0.16292
INFO:root:accumulate return : 0.16713
INFO:root:accumulate return : 0.19881
INFO:root:accumulate return : 0.231
INFO:root:accumulate return : 0.11253
INFO:root:accumulate return : 0.1997
INFO:root:accumulate return : 0.16792
INFO:root:accumulate return : 0.19826
INFO:root:accumulate return : 0.20556
INFO:root:accumulate return : 0.2004
INFO:root:accumulate return : 0.1765
INFO:root:accumulate return : 0.20044
INFO:root:accumulate return : 0.18899
INFO:root:accumulate return : 0.20601
INFO:root:accumulate return : 0.18969
INFO:root:accumulate return : 0.16112
INFO:root:accumulate return : 0.17324
INFO:root:accumulate return : 0.20172
INFO:root:accumulate return : 0.19406
INFO:root:accumulate return : 0.20776
INFO:root:accumulate return : 0.15023
INFO:root:accumulate return : 0.16904
INFO:root:accumulate return : 0.14749
INFO:root:accumulate return : 0.2088
INFO:root:accumulate return : 0.1821
INFO:root:accumulate return : 0.16984
INFO:root:accumulate return : 0.13541
INFO:root:accumulate return : 0.16869
INFO:root:accumulate return : 0.21359
INFO:root:accumulate return : 0.18094
INFO:root:accumulate return : 0.17659
INFO:root:accumulate return : 0.19331
INFO:root:accumulate return : 0.18323
INFO:root:accumulate return : 0.18397
INFO:root:accumulate return : 0.12165
INFO:root:accumulate return : 0.18462
INFO:root:accumulate return : 0.21155
INFO:root:accumulate return : 0.1224
INFO:root:accumulate return : 0.23064
INFO:root:accumulate return : 0.15351
INFO:root:accumulate return : 0.22799
INFO:root:accumulate return : 0.14451
INFO:root:accumulate return : 0.15908
INFO:root:accumulate return : 0.15459
INFO:root:accumulate return : 0.14695
INFO:root:accumulate return : 0.20222
INFO:root:accumulate return : 0.19151
INFO:root:accumulate return : 0.2125
INFO:root:accumulate return : 0.17861
INFO:root:accumulate return : 0.12726
INFO:root:accumulate return : 0.21258
INFO:root:accumulate return : 0.19762
INFO:root:accumulate return : 0.13533
INFO:root:accumulate return : 0.17909
INFO:root:accumulate return : 0.20328
INFO:root:accumulate return : 0.16565
INFO:root:accumulate return : 0.15479
INFO:root:accumulate return : 0.18042
INFO:root:accumulate return : 0.17819
INFO:root:accumulate return : 0.16766
INFO:root:accumulate return : 0.19178
INFO:root:accumulate return : 0.19651
INFO:root:accumulate return : 0.16965
INFO:root:accumulate return : 0.18076
INFO:root:accumulate return : 0.18105
INFO:root:accumulate return : 0.18537
INFO:root:accumulate return : 0.17065
INFO:root:accumulate return : 0.18143
INFO:root:accumulate return : 0.19074
INFO:root:accumulate return : 0.19178
INFO:root:accumulate return : 0.19852
INFO:root:accumulate return : 0.20215
INFO:root:accumulate return : 0.16702
INFO:root:accumulate return : 0.13238
INFO:root:accumulate return : 0.17676
INFO:root:accumulate return : 0.19732
INFO:root:accumulate return : 0.14905
INFO:root:accumulate return : 0.19452
INFO:root:accumulate return : 0.21853
INFO:root:accumulate return : 0.18766
INFO:root:accumulate return : 0.16319
INFO:root:accumulate return : 0.17638
INFO:root:accumulate return : 0.17544
INFO:root:accumulate return : 0.16371
INFO:root:accumulate return : 0.11603
INFO:root:accumulate return : 0.1665
INFO:root:accumulate return : 0.18442
INFO:root:accumulate return : 0.17504
INFO:root:accumulate return : 0.18662
INFO:root:accumulate return : 0.20521
INFO:root:accumulate return : 0.22825
INFO:root:accumulate return : 0.15956
INFO:root:accumulate return : 0.21445
INFO:root:accumulate return : 0.18547
INFO:root:accumulate return : 0.22066
INFO:root:accumulate return : 0.16077
INFO:root:accumulate return : 0.20481
INFO:root:accumulate return : 0.22078
INFO:root:accumulate return : 0.18567
INFO:root:accumulate return : 0.19358
INFO:root:accumulate return : 0.15241
INFO:root:accumulate return : 0.21912
INFO:root:accumulate return : 0.16174
INFO:root:accumulate return : 0.17585
INFO:root:accumulate return : 0.18809
INFO:root:accumulate return : 0.19991
INFO:root:accumulate return : 0.16479
INFO:root:accumulate return : 0.19737
INFO:root:accumulate return : 0.14786
INFO:root:accumulate return : 0.16831
INFO:root:accumulate return : 0.19425
INFO:root:accumulate return : 0.15271
INFO:root:accumulate return : 0.17391
INFO:root:accumulate return : 0.19962
INFO:root:accumulate return : 0.24341
INFO:root:accumulate return : 0.14539
INFO:root:accumulate return : 0.13525
INFO:root:accumulate return : 0.14288
INFO:root:accumulate return : 0.16584
INFO:root:accumulate return : 0.18984
INFO:root:accumulate return : 0.14431
INFO:root:accumulate return : 0.1671
INFO:root:accumulate return : 0.18089
INFO:root:accumulate return : 0.19924
INFO:root:accumulate return : 0.12144
INFO:root:accumulate return : 0.16966
INFO:root:accumulate return : 0.20953
INFO:root:accumulate return : 0.14695
INFO:root:accumulate return : 0.22416
INFO:root:accumulate return : 0.22713
INFO:root:accumulate return : 0.18982
INFO:root:accumulate return : 0.1233
INFO:root:accumulate return : 0.18858
INFO:root:accumulate return : 0.18234
INFO:root:accumulate return : 0.19784
INFO:root:accumulate return : 0.15308
INFO:root:accumulate return : 0.16494
INFO:root:accumulate return : 0.17988
INFO:root:accumulate return : 0.17489
INFO:root:accumulate return : 0.21877
INFO:root:accumulate return : 0.22417
INFO:root:accumulate return : 0.21473
INFO:root:accumulate return : 0.17039
INFO:root:accumulate return : 0.13971
INFO:root:accumulate return : 0.17637
INFO:root:accumulate return : 0.17146
INFO:root:accumulate return : 0.20262
INFO:root:accumulate return : 0.18629
INFO:root:accumulate return : 0.14939
INFO:root:accumulate return : 0.15267
INFO:root:accumulate return : 0.16963
INFO:root:accumulate return : 0.16272
INFO:root:accumulate return : 0.21978
INFO:root:accumulate return : 0.20306
INFO:root:accumulate return : 0.17976
INFO:root:accumulate return : 0.17493
INFO:root:accumulate return : 0.1807
INFO:root:accumulate return : 0.20841
INFO:root:accumulate return : 0.17867
INFO:root:accumulate return : 0.18492
INFO:root:accumulate return : 0.20007
INFO:root:accumulate return : 0.19152
INFO:root:accumulate return : 0.20937
INFO:root:accumulate return : 0.2055
INFO:root:accumulate return : 0.22746
INFO:root:accumulate return : 0.17608
INFO:root:accumulate return : 0.13747
INFO:root:accumulate return : 0.16635
INFO:root:accumulate return : 0.16272
INFO:root:accumulate return : 0.19363
INFO:root:accumulate return : 0.18669
INFO:root:accumulate return : 0.19234
INFO:root:accumulate return : 0.17844
INFO:root:accumulate return : 0.14703
INFO:root:accumulate return : 0.20639
INFO:root:accumulate return : 0.19272
INFO:root:accumulate return : 0.14206
INFO:root:accumulate return : 0.17561
INFO:root:accumulate return : 0.19351
INFO:root:accumulate return : 0.19818
INFO:root:accumulate return : 0.18699
INFO:root:accumulate return : 0.21004
INFO:root:accumulate return : 0.196
INFO:root:accumulate return : 0.20544
INFO:root:accumulate return : 0.22221
INFO:root:accumulate return : 0.16382
INFO:root:accumulate return : 0.21702
INFO:root:accumulate return : 0.17943
INFO:root:accumulate return : 0.13746
INFO:root:accumulate return : 0.22324
INFO:root:accumulate return : 0.15919
INFO:root:accumulate return : 0.20819
INFO:root:accumulate return : 0.18483
INFO:root:accumulate return : 0.21148
INFO:root:accumulate return : 0.17278
INFO:root:accumulate return : 0.1827
INFO:root:accumulate return : 0.187
INFO:root:accumulate return : 0.19595
INFO:root:accumulate return : 0.19496
INFO:root:accumulate return : 0.18341
INFO:root:accumulate return : 0.20033
INFO:root:accumulate return : 0.1991
INFO:root:accumulate return : 0.16197
INFO:root:accumulate return : 0.18143
INFO:root:accumulate return : 0.20577
INFO:root:Processing time : 7.09361111111 hours
