INFO:root:Time start : 2016-05-15-15:09:09
INFO:root:Parameter setting :
INFO:root:epsilon = 0.1
INFO:root:transaction_cost = 0.0005
INFO:root:epoch =500
INFO:root:max_memory = 60000
INFO:root:look back term = 50
INFO:root:hidden_size = 300
INFO:root:activation function = relu
INFO:root:learning rate = 0.1
INFO:root:training period = 500
INFO:root:accumulate return : -0.0647
INFO:root:accumulate return : -0.07651
INFO:root:accumulate return : -0.044
INFO:root:accumulate return : -0.06557
INFO:root:accumulate return : -0.0767
INFO:root:accumulate return : -0.06216
INFO:root:accumulate return : -0.06617
INFO:root:accumulate return : -0.09061
INFO:root:accumulate return : -0.05983
INFO:root:accumulate return : -0.06876
INFO:root:accumulate return : -0.07139
INFO:root:accumulate return : -0.06953
INFO:root:accumulate return : -0.07327
INFO:root:accumulate return : -0.0487
INFO:root:accumulate return : -0.06847
INFO:root:accumulate return : -0.0858
INFO:root:accumulate return : -0.04891
INFO:root:accumulate return : -0.06634
INFO:root:accumulate return : -0.10872
INFO:root:accumulate return : -0.05845
INFO:root:accumulate return : -0.07893
INFO:root:accumulate return : -0.0561
INFO:root:accumulate return : -0.05219
INFO:root:accumulate return : -0.08257
INFO:root:accumulate return : -0.05655
INFO:root:accumulate return : -0.07146
INFO:root:accumulate return : -0.06651
INFO:root:accumulate return : -0.06445
INFO:root:accumulate return : -0.06503
INFO:root:accumulate return : -0.06726
INFO:root:accumulate return : -0.06203
INFO:root:accumulate return : -0.08347
INFO:root:accumulate return : -0.07772
INFO:root:accumulate return : -0.0699
INFO:root:accumulate return : -0.06394
INFO:root:accumulate return : -0.05461
INFO:root:accumulate return : -0.07225
INFO:root:accumulate return : -0.08824
INFO:root:accumulate return : -0.06172
INFO:root:accumulate return : -0.11248
