INFO:root:Time start : 2016-05-15-21:58:26
INFO:root:Parameter setting :
INFO:root:epsilon = 0.1
INFO:root:transaction_cost = 0.0005
INFO:root:epoch =500
INFO:root:max_memory = 60000
INFO:root:look back term = 50
INFO:root:hidden_size = 300
INFO:root:activation function = relu
INFO:root:learning rate = 0.1
INFO:root:training period = 200
INFO:root:accumulate return : -0.05366
INFO:root:accumulate return : -0.02335
INFO:root:accumulate return : -0.04802
INFO:root:accumulate return : -0.03048
INFO:root:accumulate return : -0.04972
INFO:root:accumulate return : -0.0182
INFO:root:accumulate return : -0.01084
INFO:root:accumulate return : -0.01665
INFO:root:accumulate return : -0.03778
INFO:root:accumulate return : -0.02733
INFO:root:accumulate return : -0.02099
INFO:root:accumulate return : -0.01158
INFO:root:accumulate return : -0.00801
INFO:root:accumulate return : -0.01968
INFO:root:accumulate return : -0.01485
INFO:root:accumulate return : -0.03241
INFO:root:accumulate return : -0.01871
INFO:root:accumulate return : -0.03661
INFO:root:accumulate return : -0.02714
INFO:root:accumulate return : -0.01806
INFO:root:accumulate return : -0.0185
INFO:root:accumulate return : -0.03126
INFO:root:accumulate return : -0.02678
INFO:root:accumulate return : -0.02527
INFO:root:accumulate return : -0.00409
INFO:root:accumulate return : -0.02886
INFO:root:accumulate return : -0.0155
INFO:root:accumulate return : -0.02413
INFO:root:accumulate return : -0.01254
INFO:root:accumulate return : -0.01354
INFO:root:accumulate return : -0.02083
INFO:root:accumulate return : -0.02369
INFO:root:accumulate return : -0.02099
INFO:root:accumulate return : -0.01716
INFO:root:accumulate return : -0.01277
INFO:root:accumulate return : -0.02733
INFO:root:accumulate return : -0.00882
INFO:root:accumulate return : -0.01737
INFO:root:accumulate return : -0.01272
INFO:root:accumulate return : -0.0248
INFO:root:accumulate return : -0.02874
INFO:root:accumulate return : -0.02052
INFO:root:accumulate return : -0.0651
