INFO:root:Time start : 2016-05-15-22:05:42
INFO:root:Parameter setting :
INFO:root:epsilon = 0.1
INFO:root:transaction_cost = 0.0005
INFO:root:epoch =500
INFO:root:max_memory = 60000
INFO:root:look back term = 50
INFO:root:hidden_size = 300
INFO:root:activation function = relu
INFO:root:learning rate = 0.1
INFO:root:training period = 200
INFO:root:accumulate return : -2.892
INFO:root:accumulate return : -2.952
INFO:root:accumulate return : -1.521
INFO:root:accumulate return : -1.607
INFO:root:accumulate return : -3.28
INFO:root:accumulate return : -2.959
INFO:root:accumulate return : -2.336
INFO:root:accumulate return : -1.925
INFO:root:accumulate return : -2.464
