INFO:root:Time start : 2016-05-16-14:40:43
INFO:root:Parameter setting :
INFO:root:epsilon = 1
INFO:root:transaction_cost = 0.0005
INFO:root:epoch =2000
INFO:root:max_memory = 10000
INFO:root:batch_size = 50
INFO:root:look back term = 100
INFO:root:hidden_size = 300
INFO:root:training period = 2000 ~ 2000 + 2000
INFO:root:learning rate = 0.2
INFO:root:accumulate return : -0.86536
INFO:root:accumulate return : -0.83306
INFO:root:accumulate return : -0.85853
INFO:root:accumulate return : -0.79851
INFO:root:accumulate return : -0.85246
INFO:root:accumulate return : -0.70566
INFO:root:accumulate return : -0.76231
INFO:root:accumulate return : -0.93452
INFO:root:accumulate return : -0.92196
INFO:root:accumulate return : -0.9425
INFO:root:accumulate return : -0.80449
INFO:root:accumulate return : -0.81153
INFO:root:accumulate return : -0.84337
