INFO:root:Time start : 2016-05-17-03-03-23
INFO:root:Parameter setting :
INFO:root:epsilon = 0.1
INFO:root:transaction_cost = 0.0005
INFO:root:epoch =2000
INFO:root:max_memory = 10000
INFO:root:batch_size = 50
INFO:root:look back term = 100
INFO:root:hidden_size = 300
INFO:root:training period = 2000 ~ 2000 + 2000
INFO:root:learning rate = 0.2
INFO:root:accumulate return : -0.44959
INFO:root:accumulate return : -0.26638
INFO:root:accumulate return : -0.38035
INFO:root:accumulate return : -0.27507
INFO:root:accumulate return : -0.19411
INFO:root:accumulate return : -0.27019
INFO:root:accumulate return : -0.20632
INFO:root:accumulate return : -0.22445
INFO:root:accumulate return : -0.25465
INFO:root:accumulate return : -0.19054
INFO:root:accumulate return : -0.21806
INFO:root:accumulate return : -0.18685
INFO:root:accumulate return : -0.12497
INFO:root:accumulate return : -0.13215
INFO:root:accumulate return : -0.15568
INFO:root:accumulate return : -0.16745
INFO:root:accumulate return : -0.1433
INFO:root:accumulate return : -0.10106
INFO:root:accumulate return : -0.1157
INFO:root:accumulate return : -0.10665
INFO:root:accumulate return : -0.13101
INFO:root:accumulate return : -0.1131
INFO:root:accumulate return : -0.10209
INFO:root:accumulate return : -0.09203
INFO:root:accumulate return : -0.08002
INFO:root:accumulate return : -0.06527
INFO:root:accumulate return : -0.06889
INFO:root:accumulate return : -0.14243
INFO:root:accumulate return : -0.11048
INFO:root:accumulate return : -0.06085
INFO:root:accumulate return : -0.04627
INFO:root:accumulate return : -0.13341
INFO:root:accumulate return : -0.12123
INFO:root:accumulate return : -0.17082
INFO:root:accumulate return : -0.08823
INFO:root:accumulate return : 0.00557
INFO:root:accumulate return : -0.13009
INFO:root:accumulate return : -0.10325
INFO:root:accumulate return : -0.06431
INFO:root:accumulate return : -0.09048
INFO:root:accumulate return : -0.05068
INFO:root:accumulate return : -0.05498
INFO:root:accumulate return : -0.10902
INFO:root:accumulate return : -0.07931
INFO:root:accumulate return : -0.07842
INFO:root:accumulate return : -0.02846
INFO:root:accumulate return : -0.11373
INFO:root:accumulate return : -0.09272
INFO:root:accumulate return : -0.09695
INFO:root:accumulate return : -0.06295
INFO:root:accumulate return : -0.09433
INFO:root:accumulate return : -0.05736
INFO:root:accumulate return : 0.01088
INFO:root:accumulate return : -0.04838
INFO:root:accumulate return : -0.05294
INFO:root:accumulate return : -0.03951
INFO:root:accumulate return : -0.07554
INFO:root:accumulate return : -0.01007
INFO:root:accumulate return : -0.00158000000001
INFO:root:accumulate return : -0.0255
INFO:root:accumulate return : -0.04714
INFO:root:accumulate return : -0.03962
INFO:root:accumulate return : -0.05493
INFO:root:accumulate return : -0.02818
INFO:root:accumulate return : 0.00599
INFO:root:accumulate return : -0.03117
INFO:root:accumulate return : -0.03877
INFO:root:accumulate return : -0.07693
INFO:root:accumulate return : -0.01897
INFO:root:accumulate return : -0.00152
INFO:root:accumulate return : -0.01827
INFO:root:accumulate return : 0.0033
INFO:root:accumulate return : 0.02068
INFO:root:accumulate return : -0.03001
INFO:root:accumulate return : -0.04088
INFO:root:accumulate return : 0.03476
INFO:root:accumulate return : 0.05301
INFO:root:accumulate return : -0.04735
INFO:root:accumulate return : -0.01643
INFO:root:accumulate return : -0.0502
INFO:root:accumulate return : -0.06517
INFO:root:accumulate return : 0.01837
INFO:root:accumulate return : -0.02536
INFO:root:accumulate return : -0.033
INFO:root:accumulate return : -0.03638
INFO:root:accumulate return : -0.03894
INFO:root:accumulate return : -0.03783
INFO:root:accumulate return : 0.01653
INFO:root:accumulate return : -0.05845
INFO:root:accumulate return : 0.01006
INFO:root:accumulate return : -0.04731
INFO:root:accumulate return : -0.02014
INFO:root:accumulate return : -0.0448
INFO:root:accumulate return : -0.03052
INFO:root:accumulate return : -0.05033
INFO:root:accumulate return : 0.00302999999999
INFO:root:accumulate return : -0.02284
INFO:root:accumulate return : -0.00959
INFO:root:accumulate return : 0.03558
INFO:root:accumulate return : -0.03153
INFO:root:accumulate return : 0.04573
INFO:root:accumulate return : 0.01496
INFO:root:accumulate return : 0.0277
INFO:root:accumulate return : -0.04259
INFO:root:accumulate return : 0.022
INFO:root:accumulate return : -0.01057
INFO:root:accumulate return : 0.02562
INFO:root:accumulate return : -0.02158
INFO:root:accumulate return : -0.05911
INFO:root:accumulate return : 0.04666
INFO:root:accumulate return : 0.00415
INFO:root:accumulate return : 0.08689
INFO:root:accumulate return : 0.0321
INFO:root:accumulate return : 0.0219
INFO:root:accumulate return : 0.05318
INFO:root:accumulate return : -0.06596
INFO:root:accumulate return : -0.04347
INFO:root:accumulate return : -0.03496
INFO:root:accumulate return : 0.06946
INFO:root:accumulate return : -0.02744
INFO:root:accumulate return : 0.04717
INFO:root:accumulate return : 0.02939
INFO:root:accumulate return : 0.06145
INFO:root:accumulate return : 0.02717
INFO:root:accumulate return : 0.01232
INFO:root:accumulate return : 0.03976
INFO:root:accumulate return : -0.00722
INFO:root:accumulate return : -0.02642
INFO:root:accumulate return : 0.03854
INFO:root:accumulate return : 0.000689999999999
INFO:root:accumulate return : 0.03528
INFO:root:accumulate return : 0.04529
INFO:root:accumulate return : 0.12598
INFO:root:accumulate return : 0.06274
INFO:root:accumulate return : 0.04914
INFO:root:accumulate return : 0.00267
INFO:root:accumulate return : 0.0684
INFO:root:accumulate return : 0.05129
INFO:root:accumulate return : 0.0226
INFO:root:accumulate return : 0.04358
INFO:root:accumulate return : 0.07008
INFO:root:accumulate return : 0.06995
INFO:root:accumulate return : 0.06951
INFO:root:accumulate return : 0.12843
INFO:root:accumulate return : 0.00556
INFO:root:accumulate return : 0.05712
INFO:root:accumulate return : 0.05276
INFO:root:accumulate return : -0.00316
INFO:root:accumulate return : 0.05825
INFO:root:accumulate return : 0.043
INFO:root:accumulate return : 0.04383
INFO:root:accumulate return : 0.09697
INFO:root:accumulate return : 0.09831
INFO:root:accumulate return : -0.02465
INFO:root:accumulate return : 0.07011
INFO:root:accumulate return : 0.08037
INFO:root:accumulate return : 0.000349999999998
INFO:root:accumulate return : 0.05171
INFO:root:accumulate return : 0.09031
INFO:root:accumulate return : 0.01352
INFO:root:accumulate return : 0.11169
INFO:root:accumulate return : 0.05135
INFO:root:accumulate return : 0.0094
INFO:root:accumulate return : 0.0768
INFO:root:accumulate return : 0.05562
INFO:root:accumulate return : 0.03992
INFO:root:accumulate return : 0.08869
INFO:root:accumulate return : 0.01826
INFO:root:accumulate return : 0.09312
INFO:root:accumulate return : -0.02074
INFO:root:accumulate return : 0.09243
INFO:root:accumulate return : 0.04027
INFO:root:accumulate return : 0.02101
INFO:root:accumulate return : 0.02314
INFO:root:accumulate return : 0.0676
INFO:root:accumulate return : 0.0146
INFO:root:accumulate return : 0.11601
INFO:root:accumulate return : 0.0865
INFO:root:accumulate return : 0.01904
INFO:root:accumulate return : 0.03705
INFO:root:accumulate return : 0.03761
INFO:root:accumulate return : 0.02437
INFO:root:accumulate return : 0.07056
INFO:root:accumulate return : 0.10983
INFO:root:accumulate return : -0.00155000000001
INFO:root:accumulate return : 0.08117
INFO:root:accumulate return : 0.08761
INFO:root:accumulate return : 0.03179
INFO:root:accumulate return : 0.06168
INFO:root:accumulate return : 0.08353
INFO:root:accumulate return : 0.02941
INFO:root:accumulate return : 0.03501
INFO:root:accumulate return : 0.00274
INFO:root:accumulate return : 0.06207
INFO:root:accumulate return : 0.07336
INFO:root:accumulate return : 0.06136
INFO:root:accumulate return : 0.04528
INFO:root:accumulate return : -0.02595
INFO:root:accumulate return : 0.13431
INFO:root:accumulate return : 0.07424
INFO:root:accumulate return : 0.1314
INFO:root:accumulate return : 0.03808
INFO:root:accumulate return : 0.07159
INFO:root:accumulate return : 0.02531
INFO:root:accumulate return : 0.10056
INFO:root:accumulate return : 0.10205
INFO:root:accumulate return : 0.09643
INFO:root:accumulate return : 0.10003
INFO:root:accumulate return : 0.05372
INFO:root:accumulate return : 0.07134
INFO:root:accumulate return : 0.03446
INFO:root:accumulate return : 0.08098
INFO:root:accumulate return : 0.00293
INFO:root:accumulate return : 0.0203
INFO:root:accumulate return : 0.01828
INFO:root:accumulate return : 0.12233
INFO:root:accumulate return : 0.04202
INFO:root:accumulate return : 0.05432
INFO:root:accumulate return : 0.087
INFO:root:accumulate return : 0.06918
INFO:root:accumulate return : 0.05408
INFO:root:accumulate return : 0.10954
INFO:root:accumulate return : 0.06426
INFO:root:accumulate return : 0.05534
INFO:root:accumulate return : 0.06279
INFO:root:accumulate return : 0.0852
INFO:root:accumulate return : 0.07585
INFO:root:accumulate return : 0.022
INFO:root:accumulate return : 0.01625
INFO:root:accumulate return : 0.09477
INFO:root:accumulate return : 0.10423
INFO:root:accumulate return : 0.13049
INFO:root:accumulate return : 0.12052
INFO:root:accumulate return : 0.15178
INFO:root:accumulate return : 0.06927
INFO:root:accumulate return : 0.03333
INFO:root:accumulate return : 0.07224
INFO:root:accumulate return : 0.05819
INFO:root:accumulate return : 0.04053
INFO:root:accumulate return : 0.02678
INFO:root:accumulate return : 0.09082
INFO:root:accumulate return : 0.08879
INFO:root:accumulate return : 0.07886
INFO:root:accumulate return : 0.07651
INFO:root:accumulate return : 0.05877
INFO:root:accumulate return : 0.04138
INFO:root:accumulate return : 0.03235
INFO:root:accumulate return : 0.04944
INFO:root:accumulate return : 0.08415
INFO:root:accumulate return : 0.06843
INFO:root:accumulate return : 0.07085
INFO:root:accumulate return : -0.00836
INFO:root:accumulate return : 0.06466
INFO:root:accumulate return : -0.01478
INFO:root:accumulate return : 0.06469
INFO:root:accumulate return : 0.08243
INFO:root:accumulate return : 0.10554
INFO:root:accumulate return : 0.09529
INFO:root:accumulate return : 0.07168
INFO:root:accumulate return : 0.06121
INFO:root:accumulate return : 0.07416
INFO:root:accumulate return : 0.02195
INFO:root:accumulate return : 0.08705
INFO:root:accumulate return : 0.08339
INFO:root:accumulate return : 0.0416
INFO:root:accumulate return : 0.039
INFO:root:accumulate return : 0.08304
INFO:root:accumulate return : 0.12612
INFO:root:accumulate return : 0.08145
INFO:root:accumulate return : 0.01355
INFO:root:accumulate return : 0.03939
INFO:root:accumulate return : 0.12345
INFO:root:accumulate return : 0.05166
INFO:root:accumulate return : 0.03947
INFO:root:accumulate return : 0.04991
INFO:root:accumulate return : 0.00673999999999
INFO:root:accumulate return : 0.02141
INFO:root:accumulate return : 0.05282
INFO:root:accumulate return : 0.07963
INFO:root:accumulate return : 0.06488
INFO:root:accumulate return : 0.0673
INFO:root:accumulate return : 0.08246
INFO:root:accumulate return : 0.09141
INFO:root:accumulate return : 0.04349
INFO:root:accumulate return : 0.06325
INFO:root:accumulate return : 0.0771
INFO:root:accumulate return : 0.05616
INFO:root:accumulate return : 0.000380000000001
INFO:root:accumulate return : 0.02016
INFO:root:accumulate return : 0.05121
INFO:root:accumulate return : 0.07219
INFO:root:accumulate return : 0.09648
INFO:root:accumulate return : 0.09489
INFO:root:accumulate return : 0.05454
INFO:root:accumulate return : 0.11413
INFO:root:accumulate return : 0.07682
INFO:root:accumulate return : 0.08431
INFO:root:accumulate return : 0.07243
INFO:root:accumulate return : 0.03914
INFO:root:accumulate return : -0.00418000000001
INFO:root:accumulate return : 0.03438
INFO:root:accumulate return : 0.05352
INFO:root:accumulate return : 0.06657
INFO:root:accumulate return : 0.08213
INFO:root:accumulate return : 0.11677
INFO:root:accumulate return : 0.06864
INFO:root:accumulate return : 0.11468
INFO:root:accumulate return : 0.08139
INFO:root:accumulate return : 0.01817
INFO:root:accumulate return : 0.01272
INFO:root:accumulate return : 0.09338
INFO:root:accumulate return : 0.07261
INFO:root:accumulate return : 0.08826
INFO:root:accumulate return : 0.06244
INFO:root:accumulate return : 0.11886
INFO:root:accumulate return : 0.04074
INFO:root:accumulate return : 0.03573
INFO:root:accumulate return : 0.06189
INFO:root:accumulate return : 0.08305
INFO:root:accumulate return : 0.05258
INFO:root:accumulate return : 0.06458
INFO:root:accumulate return : 0.06897
INFO:root:accumulate return : 0.0667
INFO:root:accumulate return : 0.12396
INFO:root:accumulate return : 0.03957
INFO:root:accumulate return : 0.01735
INFO:root:accumulate return : 0.04793
INFO:root:accumulate return : 0.05498
INFO:root:accumulate return : 0.0635
INFO:root:accumulate return : 0.08099
INFO:root:accumulate return : 0.04571
INFO:root:accumulate return : 0.10985
INFO:root:accumulate return : 0.05983
INFO:root:accumulate return : 0.07513
INFO:root:accumulate return : 0.10082
INFO:root:accumulate return : 0.08296
INFO:root:accumulate return : 0.14742
INFO:root:accumulate return : 0.01593
INFO:root:accumulate return : 0.00135
INFO:root:accumulate return : 0.1067
INFO:root:accumulate return : 0.07157
INFO:root:accumulate return : 0.06534
INFO:root:accumulate return : 0.11517
INFO:root:accumulate return : 0.04979
INFO:root:accumulate return : 0.11319
INFO:root:accumulate return : 0.01576
INFO:root:accumulate return : 0.13967
INFO:root:accumulate return : 0.12525
INFO:root:accumulate return : 0.10568
INFO:root:accumulate return : 0.06925
INFO:root:accumulate return : 0.07105
INFO:root:accumulate return : 0.12906
INFO:root:accumulate return : 0.12609
INFO:root:accumulate return : 0.04573
INFO:root:accumulate return : -0.00394
INFO:root:accumulate return : 0.06083
INFO:root:accumulate return : 0.07924
INFO:root:accumulate return : 0.09527
INFO:root:accumulate return : 0.0869
INFO:root:accumulate return : 0.11016
INFO:root:accumulate return : 0.08158
INFO:root:accumulate return : 0.08517
INFO:root:accumulate return : 0.08165
INFO:root:accumulate return : 0.09665
INFO:root:accumulate return : 0.10339
INFO:root:accumulate return : 0.08502
INFO:root:accumulate return : 0.0737
INFO:root:accumulate return : 0.06229
INFO:root:accumulate return : 0.07364
INFO:root:accumulate return : 0.11852
INFO:root:accumulate return : 0.0681
INFO:root:accumulate return : 0.14367
INFO:root:accumulate return : 0.15129
INFO:root:accumulate return : 0.0592
INFO:root:accumulate return : 0.11916
INFO:root:accumulate return : 0.11327
INFO:root:accumulate return : 0.04598
INFO:root:accumulate return : 0.05251
INFO:root:accumulate return : 0.11086
INFO:root:accumulate return : 0.07705
INFO:root:accumulate return : -0.00754000000001
INFO:root:accumulate return : 0.09734
INFO:root:accumulate return : 0.04375
INFO:root:accumulate return : 0.05066
INFO:root:accumulate return : 0.10171
INFO:root:accumulate return : 0.07318
INFO:root:accumulate return : 0.07225
INFO:root:accumulate return : 0.10205
INFO:root:accumulate return : 0.113
INFO:root:accumulate return : 0.07744
INFO:root:accumulate return : 0.10314
INFO:root:accumulate return : 0.06989
INFO:root:accumulate return : 0.11295
INFO:root:accumulate return : 0.0127
INFO:root:accumulate return : 0.08025
INFO:root:accumulate return : 0.04492
INFO:root:accumulate return : 0.06838
INFO:root:accumulate return : 0.12942
INFO:root:accumulate return : 0.01575
INFO:root:accumulate return : 0.05175
INFO:root:accumulate return : 0.0829
INFO:root:accumulate return : 0.04332
INFO:root:accumulate return : 0.10787
INFO:root:accumulate return : 0.08896
INFO:root:accumulate return : 0.14267
INFO:root:accumulate return : 0.12278
INFO:root:accumulate return : 0.10145
INFO:root:accumulate return : 0.10236
INFO:root:accumulate return : 0.06062
INFO:root:accumulate return : 0.12774
INFO:root:accumulate return : 0.01078
INFO:root:accumulate return : 0.06766
INFO:root:accumulate return : 0.04149
INFO:root:accumulate return : 0.06867
INFO:root:accumulate return : 0.06256
INFO:root:accumulate return : 0.07176
INFO:root:accumulate return : 0.07792
INFO:root:accumulate return : 0.09739
INFO:root:accumulate return : 0.10692
INFO:root:accumulate return : 0.05202
INFO:root:accumulate return : 0.04461
INFO:root:accumulate return : 0.10127
INFO:root:accumulate return : 0.07505
INFO:root:accumulate return : 0.04935
INFO:root:accumulate return : 0.02885
INFO:root:accumulate return : 0.04621
INFO:root:accumulate return : 0.02273
INFO:root:accumulate return : 0.08921
INFO:root:accumulate return : 0.06429
INFO:root:accumulate return : 0.05275
INFO:root:accumulate return : 0.09656
INFO:root:accumulate return : 0.09635
INFO:root:accumulate return : 0.02939
INFO:root:accumulate return : 0.10574
INFO:root:accumulate return : 0.07359
INFO:root:accumulate return : 0.09415
INFO:root:accumulate return : 0.09615
INFO:root:accumulate return : 0.09817
INFO:root:accumulate return : 0.03901
INFO:root:accumulate return : 0.04424
INFO:root:accumulate return : 0.09379
INFO:root:accumulate return : 0.03451
INFO:root:accumulate return : 0.04201
INFO:root:accumulate return : 0.0607
INFO:root:accumulate return : 0.09357
INFO:root:accumulate return : 0.07977
INFO:root:accumulate return : 0.058
INFO:root:accumulate return : 0.04598
INFO:root:accumulate return : 0.04033
INFO:root:accumulate return : 0.09877
INFO:root:accumulate return : 0.11614
INFO:root:accumulate return : 0.13582
INFO:root:accumulate return : 0.10015
INFO:root:accumulate return : 0.09233
INFO:root:accumulate return : 0.08485
INFO:root:accumulate return : 0.03536
INFO:root:accumulate return : 0.08513
INFO:root:accumulate return : 0.08535
INFO:root:accumulate return : 0.0551
INFO:root:accumulate return : 0.08047
INFO:root:accumulate return : 0.1328
INFO:root:accumulate return : 0.02835
INFO:root:accumulate return : 0.07606
INFO:root:accumulate return : 0.16279
INFO:root:accumulate return : 0.0628
INFO:root:accumulate return : 0.06442
INFO:root:accumulate return : 0.11233
INFO:root:accumulate return : 0.11602
INFO:root:accumulate return : 0.09225
INFO:root:accumulate return : 0.1323
INFO:root:accumulate return : 0.0735
INFO:root:accumulate return : 0.07778
INFO:root:accumulate return : 0.11283
INFO:root:accumulate return : 0.04028
INFO:root:accumulate return : 0.153
INFO:root:accumulate return : 0.10178
INFO:root:accumulate return : 0.06935
INFO:root:accumulate return : 0.13631
INFO:root:accumulate return : 0.03903
INFO:root:accumulate return : 0.03157
INFO:root:accumulate return : 0.08969
INFO:root:accumulate return : 0.09762
INFO:root:accumulate return : 0.12968
INFO:root:accumulate return : 0.0514
INFO:root:accumulate return : 0.09067
INFO:root:accumulate return : 0.01783
INFO:root:accumulate return : 0.09146
INFO:root:accumulate return : 0.1254
INFO:root:accumulate return : 0.14047
INFO:root:accumulate return : 0.09438
INFO:root:accumulate return : 0.08723
INFO:root:accumulate return : 0.14398
INFO:root:accumulate return : 0.12142
INFO:root:accumulate return : 0.10668
INFO:root:accumulate return : 0.08235
INFO:root:accumulate return : 0.10432
INFO:root:accumulate return : 0.10572
INFO:root:accumulate return : 0.04441
INFO:root:accumulate return : 0.11093
INFO:root:accumulate return : 0.12188
INFO:root:accumulate return : 0.05578
INFO:root:accumulate return : 0.08662
INFO:root:accumulate return : 0.06882
INFO:root:accumulate return : 0.08412
INFO:root:accumulate return : 0.1759
INFO:root:accumulate return : 0.10369
INFO:root:accumulate return : 0.10776
INFO:root:accumulate return : 0.07686
INFO:root:accumulate return : 0.12865
INFO:root:accumulate return : 0.07056
INFO:root:accumulate return : 0.10268
INFO:root:accumulate return : 0.07439
INFO:root:accumulate return : 0.01633
INFO:root:accumulate return : 0.14219
INFO:root:accumulate return : 0.04052
INFO:root:accumulate return : 0.0965
INFO:root:accumulate return : 0.10941
INFO:root:accumulate return : 0.08614
INFO:root:accumulate return : 0.12927
INFO:root:accumulate return : 0.08357
INFO:root:accumulate return : 0.09615
INFO:root:accumulate return : 0.12798
INFO:root:accumulate return : 0.06118
INFO:root:accumulate return : 0.04368
INFO:root:accumulate return : 0.07136
INFO:root:accumulate return : 0.14351
INFO:root:accumulate return : 0.14284
INFO:root:accumulate return : 0.07546
INFO:root:accumulate return : 0.04428
INFO:root:accumulate return : 0.12877
INFO:root:accumulate return : 0.15624
INFO:root:accumulate return : 0.09965
INFO:root:accumulate return : 0.05217
INFO:root:accumulate return : 0.06617
INFO:root:accumulate return : 0.11927
INFO:root:accumulate return : 0.07462
INFO:root:accumulate return : 0.10525
INFO:root:accumulate return : 0.09479
INFO:root:accumulate return : 0.07867
INFO:root:accumulate return : 0.12158
INFO:root:accumulate return : 0.10209
INFO:root:accumulate return : 0.03957
INFO:root:accumulate return : 0.06798
INFO:root:accumulate return : 0.10232
INFO:root:accumulate return : 0.08966
INFO:root:accumulate return : 0.0939
INFO:root:accumulate return : 0.06565
INFO:root:accumulate return : 0.08787
INFO:root:accumulate return : 0.19273
INFO:root:accumulate return : 0.10178
INFO:root:accumulate return : 0.15103
INFO:root:accumulate return : 0.05428
INFO:root:accumulate return : 0.02958
INFO:root:accumulate return : 0.09364
INFO:root:accumulate return : 0.08957
INFO:root:accumulate return : 0.03245
INFO:root:accumulate return : 0.05539
INFO:root:accumulate return : 0.06148
INFO:root:accumulate return : 0.04493
INFO:root:accumulate return : 0.1703
INFO:root:accumulate return : 0.06431
INFO:root:accumulate return : 0.1384
INFO:root:accumulate return : 0.11123
INFO:root:accumulate return : 0.09899
INFO:root:accumulate return : 0.08495
INFO:root:accumulate return : 0.07658
INFO:root:accumulate return : 0.07238
INFO:root:accumulate return : 0.10562
INFO:root:accumulate return : 0.09872
INFO:root:accumulate return : 0.07449
INFO:root:accumulate return : 0.11557
INFO:root:accumulate return : 0.11736
INFO:root:accumulate return : 0.10853
INFO:root:accumulate return : 0.12704
INFO:root:accumulate return : 0.15568
INFO:root:accumulate return : 0.10779
INFO:root:accumulate return : 0.07913
INFO:root:accumulate return : 0.03894
INFO:root:accumulate return : 0.11847
INFO:root:accumulate return : 0.09925
INFO:root:accumulate return : 0.16644
INFO:root:accumulate return : 0.08616
INFO:root:accumulate return : 0.09899
INFO:root:accumulate return : 0.14695
INFO:root:accumulate return : 0.07833
INFO:root:accumulate return : 0.08553
INFO:root:accumulate return : 0.11781
INFO:root:accumulate return : 0.09226
INFO:root:accumulate return : 0.03338
INFO:root:accumulate return : 0.10672
INFO:root:accumulate return : 0.07362
INFO:root:accumulate return : 0.04465
INFO:root:accumulate return : 0.11744
INFO:root:accumulate return : 0.11795
INFO:root:accumulate return : 0.02489
INFO:root:accumulate return : 0.08817
INFO:root:accumulate return : 0.01832
INFO:root:accumulate return : 0.11189
INFO:root:accumulate return : 0.10103
INFO:root:accumulate return : 0.02762
INFO:root:accumulate return : 0.08691
INFO:root:accumulate return : 0.12521
INFO:root:accumulate return : 0.08694
INFO:root:accumulate return : 0.05867
INFO:root:accumulate return : 0.09551
INFO:root:accumulate return : 0.11662
INFO:root:accumulate return : 0.03629
INFO:root:accumulate return : 0.0947
INFO:root:accumulate return : 0.10266
INFO:root:accumulate return : 0.03755
INFO:root:accumulate return : 0.08743
INFO:root:accumulate return : 0.14177
INFO:root:accumulate return : 0.09076
INFO:root:accumulate return : 0.14581
INFO:root:accumulate return : 0.06569
INFO:root:accumulate return : 0.09355
INFO:root:accumulate return : 0.09844
INFO:root:accumulate return : 0.15293
INFO:root:accumulate return : 0.10407
INFO:root:accumulate return : 0.0712
INFO:root:accumulate return : 0.14737
INFO:root:accumulate return : 0.09862
INFO:root:accumulate return : 0.12288
INFO:root:accumulate return : 0.09038
INFO:root:accumulate return : 0.08893
INFO:root:accumulate return : 0.11434
INFO:root:accumulate return : 0.15817
INFO:root:accumulate return : 0.04758
INFO:root:accumulate return : 0.1194
INFO:root:accumulate return : 0.19622
INFO:root:accumulate return : 0.08571
INFO:root:accumulate return : 0.05759
INFO:root:accumulate return : 0.13626
INFO:root:accumulate return : 0.11298
INFO:root:accumulate return : 0.12121
INFO:root:accumulate return : 0.08692
INFO:root:accumulate return : 0.03348
INFO:root:accumulate return : 0.07586
INFO:root:accumulate return : 0.1107
INFO:root:accumulate return : 0.05754
INFO:root:accumulate return : 0.10704
INFO:root:accumulate return : 0.12607
INFO:root:accumulate return : 0.15976
INFO:root:accumulate return : 0.07371
INFO:root:accumulate return : 0.08895
INFO:root:accumulate return : 0.02975
INFO:root:accumulate return : 0.1065
INFO:root:accumulate return : 0.17089
INFO:root:accumulate return : 0.06686
INFO:root:accumulate return : 0.15952
INFO:root:accumulate return : 0.08644
INFO:root:accumulate return : 0.11983
INFO:root:accumulate return : 0.04056
INFO:root:accumulate return : 0.10948
INFO:root:accumulate return : 0.1223
INFO:root:accumulate return : 0.05638
INFO:root:accumulate return : 0.07117
INFO:root:accumulate return : 0.14669
INFO:root:accumulate return : 0.11464
INFO:root:accumulate return : 0.15988
INFO:root:accumulate return : 0.13792
INFO:root:accumulate return : 0.05799
INFO:root:accumulate return : 0.15245
INFO:root:accumulate return : 0.07275
INFO:root:accumulate return : 0.08479
INFO:root:accumulate return : 0.01022
INFO:root:accumulate return : 0.08709
INFO:root:accumulate return : 0.09707
INFO:root:accumulate return : 0.13579
INFO:root:accumulate return : 0.13339
INFO:root:accumulate return : 0.12213
INFO:root:accumulate return : 0.1091
INFO:root:accumulate return : 0.15146
INFO:root:accumulate return : 0.13218
INFO:root:accumulate return : 0.19896
INFO:root:accumulate return : 0.10135
INFO:root:accumulate return : 0.08368
INFO:root:accumulate return : 0.15596
INFO:root:accumulate return : 0.05844
INFO:root:accumulate return : 0.18597
INFO:root:accumulate return : 0.13875
INFO:root:accumulate return : 0.12904
INFO:root:accumulate return : 0.10732
INFO:root:accumulate return : 0.08109
INFO:root:accumulate return : 0.11536
INFO:root:accumulate return : 0.09597
INFO:root:accumulate return : 0.13596
INFO:root:accumulate return : 0.16706
INFO:root:accumulate return : 0.11492
INFO:root:accumulate return : 0.08443
INFO:root:accumulate return : 0.1004
INFO:root:accumulate return : 0.05137
INFO:root:accumulate return : 0.11561
INFO:root:accumulate return : 0.108
INFO:root:accumulate return : 0.13308
INFO:root:accumulate return : 0.11399
INFO:root:accumulate return : 0.09039
INFO:root:accumulate return : 0.13222
INFO:root:accumulate return : 0.10756
INFO:root:accumulate return : 0.04549
INFO:root:accumulate return : 0.08039
INFO:root:accumulate return : 0.05919
INFO:root:accumulate return : 0.03874
INFO:root:accumulate return : 0.15069
INFO:root:accumulate return : 0.07683
INFO:root:accumulate return : 0.06833
INFO:root:accumulate return : 0.09521
INFO:root:accumulate return : 0.12116
INFO:root:accumulate return : 0.07455
INFO:root:accumulate return : 0.08019
INFO:root:accumulate return : 0.14116
INFO:root:accumulate return : 0.18581
INFO:root:accumulate return : 0.04793
INFO:root:accumulate return : 0.13493
INFO:root:accumulate return : 0.06951
INFO:root:accumulate return : 0.12854
INFO:root:accumulate return : 0.1278
INFO:root:accumulate return : 0.10862
INFO:root:accumulate return : 0.1262
INFO:root:accumulate return : 0.1327
INFO:root:accumulate return : 0.10576
INFO:root:accumulate return : 0.06805
INFO:root:accumulate return : 0.1256
INFO:root:accumulate return : 0.01301
INFO:root:accumulate return : 0.12351
INFO:root:accumulate return : 0.08213
INFO:root:accumulate return : 0.1332
INFO:root:accumulate return : 0.07957
INFO:root:accumulate return : 0.11002
INFO:root:accumulate return : 0.06006
INFO:root:accumulate return : 0.08556
INFO:root:accumulate return : 0.07495
INFO:root:accumulate return : 0.08664
INFO:root:accumulate return : 0.01429
INFO:root:accumulate return : 0.08211
INFO:root:accumulate return : 0.01646
INFO:root:accumulate return : 0.08421
INFO:root:accumulate return : 0.09527
INFO:root:accumulate return : 0.08152
INFO:root:accumulate return : 0.04697
INFO:root:accumulate return : 0.09372
INFO:root:accumulate return : 0.07653
INFO:root:accumulate return : 0.09311
INFO:root:accumulate return : 0.11401
INFO:root:accumulate return : 0.13019
INFO:root:accumulate return : 0.10956
INFO:root:accumulate return : 0.03841
INFO:root:accumulate return : 0.14417
INFO:root:accumulate return : 0.03255
INFO:root:accumulate return : 0.12261
INFO:root:accumulate return : 0.06351
INFO:root:accumulate return : 0.06361
INFO:root:accumulate return : 0.12701
INFO:root:accumulate return : 0.13449
INFO:root:accumulate return : 0.07809
INFO:root:accumulate return : 0.1103
INFO:root:accumulate return : 0.1228
INFO:root:accumulate return : 0.09457
INFO:root:accumulate return : 0.07486
INFO:root:accumulate return : 0.15346
INFO:root:accumulate return : 0.07869
INFO:root:accumulate return : 0.09559
INFO:root:accumulate return : 0.11606
INFO:root:accumulate return : 0.10627
INFO:root:accumulate return : 0.08092
INFO:root:accumulate return : 0.10545
INFO:root:accumulate return : 0.11541
INFO:root:accumulate return : 0.0803
INFO:root:accumulate return : 0.12851
INFO:root:accumulate return : 0.12906
INFO:root:accumulate return : 0.11834
INFO:root:accumulate return : 0.10884
INFO:root:accumulate return : 0.04699
INFO:root:accumulate return : 0.13108
INFO:root:accumulate return : 0.08729
INFO:root:accumulate return : 0.06655
INFO:root:accumulate return : 0.13371
INFO:root:accumulate return : 0.14461
INFO:root:accumulate return : 0.10661
INFO:root:accumulate return : 0.084
INFO:root:accumulate return : 0.1628
INFO:root:accumulate return : 0.11916
INFO:root:accumulate return : 0.08118
INFO:root:accumulate return : 0.07792
INFO:root:accumulate return : 0.08769
INFO:root:accumulate return : 0.08677
INFO:root:accumulate return : 0.1341
INFO:root:accumulate return : 0.14501
INFO:root:accumulate return : 0.08804
INFO:root:accumulate return : 0.04886
INFO:root:accumulate return : 0.03969
INFO:root:accumulate return : 0.05195
INFO:root:accumulate return : 0.16793
INFO:root:accumulate return : 0.08499
INFO:root:accumulate return : 0.13676
INFO:root:accumulate return : 0.17874
INFO:root:accumulate return : 0.12201
INFO:root:accumulate return : 0.11617
INFO:root:accumulate return : 0.09325
INFO:root:accumulate return : 0.03928
INFO:root:accumulate return : 0.06055
INFO:root:accumulate return : 0.08876
INFO:root:accumulate return : 0.08142
INFO:root:accumulate return : 0.07545
INFO:root:accumulate return : 0.09983
INFO:root:accumulate return : 0.17486
INFO:root:accumulate return : 0.19604
INFO:root:accumulate return : 0.15255
INFO:root:accumulate return : 0.13301
INFO:root:accumulate return : 0.14112
INFO:root:accumulate return : 0.08147
INFO:root:accumulate return : 0.07103
INFO:root:accumulate return : 0.13529
INFO:root:accumulate return : 0.04577
INFO:root:accumulate return : 0.08377
INFO:root:accumulate return : 0.13258
INFO:root:accumulate return : 0.05343
INFO:root:accumulate return : 0.12656
INFO:root:accumulate return : 0.08467
INFO:root:accumulate return : 0.14224
INFO:root:accumulate return : 0.16176
INFO:root:accumulate return : 0.1197
INFO:root:accumulate return : 0.13094
INFO:root:accumulate return : 0.12404
INFO:root:accumulate return : 0.05194
INFO:root:accumulate return : 0.08232
INFO:root:accumulate return : 0.03225
INFO:root:accumulate return : 0.13103
INFO:root:accumulate return : 0.06551
INFO:root:accumulate return : 0.17684
INFO:root:accumulate return : 0.05559
INFO:root:accumulate return : 0.09019
INFO:root:accumulate return : 0.11239
INFO:root:accumulate return : 0.14965
INFO:root:accumulate return : 0.07342
INFO:root:accumulate return : 0.10526
INFO:root:accumulate return : 0.09236
INFO:root:accumulate return : 0.10209
INFO:root:accumulate return : 0.10955
INFO:root:accumulate return : 0.07578
INFO:root:accumulate return : 0.11804
INFO:root:accumulate return : 0.09905
INFO:root:accumulate return : 0.03762
INFO:root:accumulate return : 0.12619
INFO:root:accumulate return : 0.09488
INFO:root:accumulate return : 0.13331
INFO:root:accumulate return : 0.09887
INFO:root:accumulate return : 0.10989
INFO:root:accumulate return : 0.1083
INFO:root:accumulate return : 0.06806
INFO:root:accumulate return : 0.14229
INFO:root:accumulate return : 0.04368
INFO:root:accumulate return : 0.07124
INFO:root:accumulate return : 0.07453
INFO:root:accumulate return : 0.12051
INFO:root:accumulate return : 0.05603
INFO:root:accumulate return : 0.11242
INFO:root:accumulate return : 0.10901
INFO:root:accumulate return : 0.10604
INFO:root:accumulate return : 0.01276
INFO:root:accumulate return : 0.1383
INFO:root:accumulate return : 0.05941
INFO:root:accumulate return : 0.06917
INFO:root:accumulate return : 0.07573
INFO:root:accumulate return : 0.0357
INFO:root:accumulate return : 0.1084
INFO:root:accumulate return : 0.07546
INFO:root:accumulate return : 0.13744
INFO:root:accumulate return : 0.1037
INFO:root:accumulate return : 0.11946
INFO:root:accumulate return : 0.12747
INFO:root:accumulate return : 0.06718
INFO:root:accumulate return : 0.07757
INFO:root:accumulate return : 0.1401
INFO:root:accumulate return : 0.0658
INFO:root:accumulate return : 0.14642
INFO:root:accumulate return : 0.04847
INFO:root:accumulate return : 0.18573
INFO:root:accumulate return : 0.08034
INFO:root:accumulate return : 0.11006
INFO:root:accumulate return : 0.13237
INFO:root:accumulate return : 0.08094
INFO:root:accumulate return : 0.06214
INFO:root:accumulate return : 0.14383
INFO:root:accumulate return : 0.0912
INFO:root:accumulate return : 0.09636
INFO:root:accumulate return : 0.09866
INFO:root:accumulate return : 0.1245
INFO:root:accumulate return : 0.09971
INFO:root:accumulate return : 0.03821
INFO:root:accumulate return : 0.13795
INFO:root:accumulate return : 0.11128
INFO:root:accumulate return : 0.04647
INFO:root:accumulate return : 0.12957
INFO:root:accumulate return : 0.13404
INFO:root:accumulate return : 0.03138
INFO:root:accumulate return : 0.12017
INFO:root:accumulate return : 0.05538
INFO:root:accumulate return : 0.09396
INFO:root:accumulate return : 0.16168
INFO:root:accumulate return : 0.13391
INFO:root:accumulate return : 0.02631
INFO:root:accumulate return : 0.08849
INFO:root:accumulate return : 0.07091
INFO:root:accumulate return : 0.10541
INFO:root:accumulate return : 0.07136
INFO:root:accumulate return : 0.15503
INFO:root:accumulate return : 0.12364
INFO:root:accumulate return : 0.0547
INFO:root:accumulate return : 0.17224
INFO:root:accumulate return : 0.09419
INFO:root:accumulate return : 0.12671
INFO:root:accumulate return : 0.10825
INFO:root:accumulate return : 0.06963
INFO:root:accumulate return : 0.05245
INFO:root:accumulate return : 0.12425
INFO:root:accumulate return : 0.1179
INFO:root:accumulate return : 0.01269
INFO:root:accumulate return : 0.05726
INFO:root:accumulate return : 0.05515
INFO:root:accumulate return : 0.09654
INFO:root:accumulate return : 0.11585
INFO:root:accumulate return : 0.10833
INFO:root:accumulate return : 0.06391
INFO:root:accumulate return : 0.11311
INFO:root:accumulate return : 0.15832
INFO:root:accumulate return : 0.11583
INFO:root:accumulate return : 0.10905
INFO:root:accumulate return : 0.12766
INFO:root:accumulate return : 0.11599
INFO:root:accumulate return : 0.11192
INFO:root:accumulate return : 0.0935
INFO:root:accumulate return : 0.07575
INFO:root:accumulate return : 0.09502
INFO:root:accumulate return : 0.09128
INFO:root:accumulate return : 0.07715
INFO:root:accumulate return : 0.12814
INFO:root:accumulate return : 0.12087
INFO:root:accumulate return : 0.07882
INFO:root:accumulate return : 0.0776
INFO:root:accumulate return : 0.08973
INFO:root:accumulate return : 0.06042
INFO:root:accumulate return : 0.1365
INFO:root:accumulate return : 0.0926
INFO:root:accumulate return : 0.14234
INFO:root:accumulate return : 0.04501
INFO:root:accumulate return : 0.109
INFO:root:accumulate return : 0.12017
INFO:root:accumulate return : 0.13606
INFO:root:accumulate return : 0.11422
INFO:root:accumulate return : 0.08365
INFO:root:accumulate return : 0.11843
INFO:root:accumulate return : 0.12239
INFO:root:accumulate return : 0.08981
INFO:root:accumulate return : 0.11846
INFO:root:accumulate return : 0.0985
INFO:root:accumulate return : 0.13434
INFO:root:accumulate return : 0.10753
INFO:root:accumulate return : 0.09522
INFO:root:accumulate return : 0.10155
INFO:root:accumulate return : 0.07919
INFO:root:accumulate return : 0.12615
INFO:root:accumulate return : 0.04942
INFO:root:accumulate return : 0.10614
INFO:root:accumulate return : 0.11933
INFO:root:accumulate return : 0.09085
INFO:root:accumulate return : 0.12542
INFO:root:accumulate return : 0.10279
INFO:root:accumulate return : 0.09247
INFO:root:accumulate return : 0.10576
INFO:root:accumulate return : 0.14612
INFO:root:accumulate return : 0.13608
INFO:root:accumulate return : 0.09687
INFO:root:accumulate return : 0.12849
INFO:root:accumulate return : 0.12541
INFO:root:accumulate return : 0.13964
INFO:root:accumulate return : 0.11939
INFO:root:accumulate return : 0.10813
INFO:root:accumulate return : 0.13544
INFO:root:accumulate return : 0.1279
INFO:root:accumulate return : 0.10818
INFO:root:accumulate return : 0.13497
INFO:root:accumulate return : 0.14242
INFO:root:accumulate return : 0.14137
INFO:root:accumulate return : 0.14908
INFO:root:accumulate return : 0.11071
INFO:root:accumulate return : 0.12758
INFO:root:accumulate return : 0.09502
INFO:root:accumulate return : 0.04877
INFO:root:accumulate return : 0.11087
INFO:root:accumulate return : 0.07362
INFO:root:accumulate return : 0.14004
INFO:root:accumulate return : 0.14924
INFO:root:accumulate return : 0.04478
INFO:root:accumulate return : 0.13095
INFO:root:accumulate return : 0.0631
INFO:root:accumulate return : 0.11247
INFO:root:accumulate return : 0.09515
INFO:root:accumulate return : 0.11633
INFO:root:accumulate return : 0.1279
INFO:root:accumulate return : 0.10446
INFO:root:accumulate return : 0.13397
INFO:root:accumulate return : 0.13275
INFO:root:accumulate return : 0.07998
INFO:root:accumulate return : 0.1294
INFO:root:accumulate return : 0.09698
INFO:root:accumulate return : 0.16159
INFO:root:accumulate return : 0.11739
INFO:root:accumulate return : 0.14018
INFO:root:accumulate return : 0.10511
INFO:root:accumulate return : 0.13503
INFO:root:accumulate return : 0.11406
INFO:root:accumulate return : 0.15625
INFO:root:accumulate return : 0.05974
INFO:root:accumulate return : 0.1084
INFO:root:accumulate return : 0.09509
INFO:root:accumulate return : 0.11634
INFO:root:accumulate return : 0.13545
INFO:root:accumulate return : 0.13444
INFO:root:accumulate return : 0.06471
INFO:root:accumulate return : 0.09375
INFO:root:accumulate return : 0.14676
INFO:root:accumulate return : 0.11932
INFO:root:accumulate return : 0.0896
INFO:root:accumulate return : 0.06398
INFO:root:accumulate return : 0.0841
INFO:root:accumulate return : 0.07426
INFO:root:accumulate return : 0.16011
INFO:root:accumulate return : 0.12317
INFO:root:accumulate return : 0.14488
INFO:root:accumulate return : 0.12891
INFO:root:accumulate return : 0.0719
INFO:root:accumulate return : 0.12731
INFO:root:accumulate return : 0.14935
INFO:root:accumulate return : 0.09932
INFO:root:accumulate return : 0.08544
INFO:root:accumulate return : 0.10601
INFO:root:accumulate return : 0.14272
INFO:root:accumulate return : 0.10446
INFO:root:accumulate return : 0.13612
INFO:root:accumulate return : 0.0419
INFO:root:accumulate return : 0.15714
INFO:root:accumulate return : 0.13899
INFO:root:accumulate return : 0.1587
INFO:root:accumulate return : 0.03654
INFO:root:accumulate return : 0.12602
INFO:root:accumulate return : 0.16195
INFO:root:accumulate return : 0.11415
INFO:root:accumulate return : 0.12786
INFO:root:accumulate return : 0.13661
INFO:root:accumulate return : 0.06745
INFO:root:accumulate return : 0.11675
INFO:root:accumulate return : 0.11673
INFO:root:accumulate return : 0.11719
INFO:root:accumulate return : 0.09674
INFO:root:accumulate return : 0.07947
INFO:root:accumulate return : 0.04345
INFO:root:accumulate return : 0.09604
INFO:root:accumulate return : 0.11567
INFO:root:accumulate return : 0.15147
INFO:root:accumulate return : 0.12848
INFO:root:accumulate return : 0.08279
INFO:root:accumulate return : 0.05772
INFO:root:accumulate return : 0.11934
INFO:root:accumulate return : 0.10466
INFO:root:accumulate return : 0.08028
INFO:root:accumulate return : 0.14307
INFO:root:accumulate return : 0.09517
INFO:root:accumulate return : 0.10436
INFO:root:accumulate return : 0.05913
INFO:root:accumulate return : 0.14055
INFO:root:accumulate return : 0.13189
INFO:root:accumulate return : 0.09695
INFO:root:accumulate return : 0.17662
INFO:root:accumulate return : 0.12757
INFO:root:accumulate return : 0.0861
INFO:root:accumulate return : 0.04618
INFO:root:accumulate return : 0.09231
INFO:root:accumulate return : 0.11021
INFO:root:accumulate return : 0.09819
INFO:root:accumulate return : 0.05985
INFO:root:accumulate return : 0.14542
INFO:root:accumulate return : 0.1787
INFO:root:accumulate return : 0.14046
INFO:root:accumulate return : 0.11838
INFO:root:accumulate return : 0.09535
INFO:root:accumulate return : 0.11594
INFO:root:accumulate return : 0.12957
INFO:root:accumulate return : 0.1174
INFO:root:accumulate return : 0.05018
INFO:root:accumulate return : 0.13834
INFO:root:accumulate return : 0.13611
INFO:root:accumulate return : 0.17314
INFO:root:accumulate return : 0.13544
INFO:root:accumulate return : 0.17028
INFO:root:accumulate return : 0.14354
INFO:root:accumulate return : 0.09879
INFO:root:accumulate return : 0.21578
INFO:root:accumulate return : 0.18849
INFO:root:accumulate return : 0.10966
INFO:root:accumulate return : 0.08867
INFO:root:accumulate return : 0.08183
INFO:root:accumulate return : 0.06441
INFO:root:accumulate return : 0.14785
INFO:root:accumulate return : 0.09431
INFO:root:accumulate return : 0.05264
INFO:root:accumulate return : 0.15394
INFO:root:accumulate return : 0.08636
INFO:root:accumulate return : 0.16667
INFO:root:accumulate return : 0.16447
INFO:root:accumulate return : 0.17658
INFO:root:accumulate return : 0.17669
INFO:root:accumulate return : 0.11429
INFO:root:accumulate return : 0.10701
INFO:root:accumulate return : 0.09666
INFO:root:accumulate return : 0.14141
INFO:root:accumulate return : 0.14911
INFO:root:accumulate return : 0.10038
INFO:root:accumulate return : 0.07847
INFO:root:accumulate return : 0.14302
INFO:root:accumulate return : 0.14022
INFO:root:accumulate return : 0.11606
INFO:root:accumulate return : 0.0998
INFO:root:accumulate return : 0.08445
INFO:root:accumulate return : 0.10692
INFO:root:accumulate return : 0.12556
INFO:root:accumulate return : 0.10481
INFO:root:accumulate return : 0.13038
INFO:root:accumulate return : 0.14262
INFO:root:accumulate return : 0.14207
INFO:root:accumulate return : 0.15491
INFO:root:accumulate return : 0.11621
INFO:root:accumulate return : 0.10568
INFO:root:accumulate return : 0.08921
INFO:root:accumulate return : 0.02828
INFO:root:accumulate return : 0.12598
INFO:root:accumulate return : 0.08433
INFO:root:accumulate return : 0.13243
INFO:root:accumulate return : 0.13486
INFO:root:accumulate return : 0.11159
INFO:root:accumulate return : 0.06783
INFO:root:accumulate return : 0.1679
INFO:root:accumulate return : 0.04104
INFO:root:accumulate return : 0.16218
INFO:root:accumulate return : 0.07154
INFO:root:accumulate return : 0.15898
INFO:root:accumulate return : 0.13484
INFO:root:accumulate return : 0.12133
INFO:root:accumulate return : 0.10541
INFO:root:accumulate return : 0.07413
INFO:root:accumulate return : 0.15215
INFO:root:accumulate return : 0.11362
INFO:root:accumulate return : 0.04895
INFO:root:accumulate return : 0.10781
INFO:root:accumulate return : 0.09504
INFO:root:accumulate return : 0.13936
INFO:root:accumulate return : 0.12844
INFO:root:accumulate return : 0.0878
INFO:root:accumulate return : 0.1482
INFO:root:accumulate return : 0.07675
INFO:root:accumulate return : 0.08359
INFO:root:accumulate return : 0.11826
INFO:root:accumulate return : 0.13749
INFO:root:accumulate return : 0.10238
INFO:root:accumulate return : 0.14012
INFO:root:accumulate return : 0.10635
INFO:root:accumulate return : 0.07965
INFO:root:accumulate return : 0.12909
INFO:root:accumulate return : 0.07754
INFO:root:accumulate return : 0.12207
INFO:root:accumulate return : 0.12185
INFO:root:accumulate return : 0.12657
INFO:root:accumulate return : 0.13667
INFO:root:accumulate return : 0.0683
INFO:root:accumulate return : 0.06417
INFO:root:accumulate return : 0.15894
INFO:root:accumulate return : 0.20243
INFO:root:accumulate return : 0.08343
INFO:root:accumulate return : 0.06612
INFO:root:accumulate return : 0.11259
INFO:root:accumulate return : 0.12522
INFO:root:accumulate return : 0.11431
INFO:root:accumulate return : 0.10205
INFO:root:accumulate return : 0.18648
INFO:root:accumulate return : 0.13687
INFO:root:accumulate return : 0.1142
INFO:root:accumulate return : 0.10268
INFO:root:accumulate return : 0.16741
INFO:root:accumulate return : 0.13103
INFO:root:accumulate return : 0.11568
INFO:root:accumulate return : 0.14179
INFO:root:accumulate return : 0.12813
INFO:root:accumulate return : 0.15171
INFO:root:accumulate return : 0.12638
INFO:root:accumulate return : 0.11378
INFO:root:accumulate return : 0.18731
INFO:root:accumulate return : 0.11174
INFO:root:accumulate return : 0.12563
INFO:root:accumulate return : 0.19376
INFO:root:accumulate return : 0.12626
INFO:root:accumulate return : 0.10793
INFO:root:accumulate return : 0.08531
INFO:root:accumulate return : 0.18066
INFO:root:accumulate return : 0.09669
INFO:root:accumulate return : 0.12828
INFO:root:accumulate return : 0.14292
INFO:root:accumulate return : 0.18982
INFO:root:accumulate return : 0.08383
INFO:root:accumulate return : 0.12902
INFO:root:accumulate return : 0.17212
INFO:root:accumulate return : 0.10559
INFO:root:accumulate return : 0.05467
INFO:root:accumulate return : 0.11079
INFO:root:accumulate return : 0.05755
INFO:root:accumulate return : 0.14607
INFO:root:accumulate return : 0.12066
INFO:root:accumulate return : 0.1447
INFO:root:accumulate return : 0.07925
INFO:root:accumulate return : 0.14489
INFO:root:accumulate return : 0.1074
INFO:root:accumulate return : 0.1066
INFO:root:accumulate return : 0.15442
INFO:root:accumulate return : 0.1336
INFO:root:accumulate return : 0.14287
INFO:root:accumulate return : 0.1377
INFO:root:accumulate return : 0.17886
INFO:root:accumulate return : 0.13729
INFO:root:accumulate return : 0.15162
INFO:root:accumulate return : 0.20182
INFO:root:accumulate return : 0.07249
INFO:root:accumulate return : 0.16697
INFO:root:accumulate return : 0.107
INFO:root:accumulate return : 0.08541
INFO:root:accumulate return : 0.0108
INFO:root:accumulate return : 0.14078
INFO:root:accumulate return : 0.10466
INFO:root:accumulate return : 0.14534
INFO:root:accumulate return : 0.03909
INFO:root:accumulate return : 0.11634
INFO:root:accumulate return : 0.09752
INFO:root:accumulate return : 0.13405
INFO:root:accumulate return : 0.08124
INFO:root:accumulate return : 0.06823
INFO:root:accumulate return : 0.09458
INFO:root:accumulate return : 0.11485
INFO:root:accumulate return : 0.10447
INFO:root:accumulate return : 0.10207
INFO:root:accumulate return : 0.1601
INFO:root:accumulate return : 0.12254
INFO:root:accumulate return : 0.01242
INFO:root:accumulate return : 0.0856
INFO:root:accumulate return : 0.12312
INFO:root:accumulate return : 0.05764
INFO:root:accumulate return : 0.15021
INFO:root:accumulate return : 0.12603
INFO:root:accumulate return : 0.12222
INFO:root:accumulate return : 0.11672
INFO:root:accumulate return : 0.10338
INFO:root:accumulate return : 0.12313
INFO:root:accumulate return : 0.12821
INFO:root:accumulate return : 0.12029
INFO:root:accumulate return : 0.03643
INFO:root:accumulate return : 0.15615
INFO:root:accumulate return : 0.12874
INFO:root:accumulate return : 0.12836
INFO:root:accumulate return : 0.15707
INFO:root:accumulate return : 0.09766
INFO:root:accumulate return : 0.19612
INFO:root:accumulate return : 0.13058
INFO:root:accumulate return : 0.15816
INFO:root:accumulate return : 0.06997
INFO:root:accumulate return : 0.08133
INFO:root:accumulate return : 0.15893
INFO:root:accumulate return : 0.17602
INFO:root:accumulate return : 0.16118
INFO:root:accumulate return : 0.06388
INFO:root:accumulate return : 0.16084
INFO:root:accumulate return : 0.12489
INFO:root:accumulate return : 0.20086
INFO:root:accumulate return : 0.09595
INFO:root:accumulate return : 0.13914
INFO:root:accumulate return : 0.14158
INFO:root:accumulate return : 0.12389
INFO:root:accumulate return : 0.05184
INFO:root:accumulate return : 0.13608
INFO:root:accumulate return : 0.12228
INFO:root:accumulate return : 0.10505
INFO:root:accumulate return : 0.11273
INFO:root:accumulate return : 0.14499
INFO:root:accumulate return : 0.08852
INFO:root:accumulate return : 0.03204
INFO:root:accumulate return : 0.10162
INFO:root:accumulate return : 0.09095
INFO:root:accumulate return : 0.13983
INFO:root:accumulate return : 0.14509
INFO:root:accumulate return : 0.16157
INFO:root:accumulate return : 0.15188
INFO:root:accumulate return : 0.12125
INFO:root:accumulate return : 0.09312
INFO:root:accumulate return : 0.17267
INFO:root:accumulate return : 0.09817
INFO:root:accumulate return : 0.10916
INFO:root:accumulate return : 0.11824
INFO:root:accumulate return : 0.09546
INFO:root:accumulate return : 0.13568
INFO:root:accumulate return : 0.11502
INFO:root:accumulate return : 0.10708
INFO:root:accumulate return : 0.14713
INFO:root:accumulate return : 0.13806
INFO:root:accumulate return : 0.12577
INFO:root:accumulate return : 0.10444
INFO:root:accumulate return : 0.15709
INFO:root:accumulate return : 0.15408
INFO:root:accumulate return : 0.18664
INFO:root:accumulate return : 0.11044
INFO:root:accumulate return : 0.08255
INFO:root:accumulate return : 0.12552
INFO:root:accumulate return : 0.05305
INFO:root:accumulate return : 0.15225
INFO:root:accumulate return : 0.0989
INFO:root:accumulate return : 0.04941
INFO:root:accumulate return : 0.10306
INFO:root:accumulate return : 0.16946
INFO:root:accumulate return : 0.11341
INFO:root:accumulate return : 0.11219
INFO:root:accumulate return : 0.14101
INFO:root:accumulate return : 0.15952
INFO:root:accumulate return : 0.06982
INFO:root:accumulate return : 0.11116
INFO:root:accumulate return : 0.17182
INFO:root:accumulate return : 0.0451
INFO:root:accumulate return : 0.136
INFO:root:accumulate return : 0.10466
INFO:root:accumulate return : 0.14957
INFO:root:accumulate return : 0.16389
INFO:root:accumulate return : 0.12528
INFO:root:accumulate return : 0.13343
INFO:root:accumulate return : 0.0862
INFO:root:accumulate return : 0.15335
INFO:root:accumulate return : 0.18642
INFO:root:accumulate return : 0.15561
INFO:root:accumulate return : 0.12878
INFO:root:accumulate return : 0.16577
INFO:root:accumulate return : 0.15972
INFO:root:accumulate return : 0.14283
INFO:root:accumulate return : 0.08535
INFO:root:accumulate return : 0.15405
INFO:root:accumulate return : 0.13488
INFO:root:accumulate return : 0.17204
INFO:root:accumulate return : 0.16929
INFO:root:accumulate return : 0.18196
INFO:root:accumulate return : 0.10307
INFO:root:accumulate return : 0.13905
INFO:root:accumulate return : 0.12426
INFO:root:accumulate return : 0.09342
INFO:root:accumulate return : 0.1017
INFO:root:accumulate return : 0.12932
INFO:root:accumulate return : 0.12311
INFO:root:accumulate return : 0.16
INFO:root:accumulate return : 0.11866
INFO:root:accumulate return : 0.15105
INFO:root:accumulate return : 0.01826
INFO:root:accumulate return : 0.13876
INFO:root:accumulate return : 0.14858
INFO:root:accumulate return : 0.18791
INFO:root:accumulate return : 0.18864
INFO:root:accumulate return : 0.18579
INFO:root:accumulate return : 0.10111
INFO:root:accumulate return : 0.13027
INFO:root:accumulate return : 0.15316
INFO:root:accumulate return : 0.16661
INFO:root:accumulate return : 0.11236
INFO:root:accumulate return : 0.14084
INFO:root:accumulate return : 0.20221
INFO:root:accumulate return : 0.15676
INFO:root:accumulate return : 0.15144
INFO:root:accumulate return : 0.12007
INFO:root:accumulate return : 0.18099
INFO:root:accumulate return : 0.20267
INFO:root:accumulate return : 0.17712
INFO:root:accumulate return : 0.1159
INFO:root:accumulate return : 0.10967
INFO:root:accumulate return : 0.14275
INFO:root:accumulate return : 0.15963
INFO:root:accumulate return : 0.15089
INFO:root:accumulate return : 0.05675
INFO:root:accumulate return : 0.19662
INFO:root:accumulate return : 0.19785
INFO:root:accumulate return : 0.1172
INFO:root:accumulate return : 0.11049
INFO:root:accumulate return : 0.17601
INFO:root:accumulate return : 0.09616
INFO:root:accumulate return : 0.15597
INFO:root:accumulate return : 0.07921
INFO:root:accumulate return : 0.11392
INFO:root:accumulate return : 0.17231
INFO:root:accumulate return : 0.1428
INFO:root:accumulate return : 0.10916
INFO:root:accumulate return : 0.13749
INFO:root:accumulate return : 0.18583
INFO:root:accumulate return : 0.14826
INFO:root:accumulate return : 0.12054
INFO:root:accumulate return : 0.14329
INFO:root:accumulate return : 0.12918
INFO:root:accumulate return : 0.1743
INFO:root:accumulate return : 0.1268
INFO:root:accumulate return : 0.10971
INFO:root:accumulate return : 0.16594
INFO:root:accumulate return : 0.13327
INFO:root:accumulate return : 0.12036
INFO:root:accumulate return : 0.15226
INFO:root:accumulate return : 0.17307
INFO:root:accumulate return : 0.11221
INFO:root:accumulate return : 0.1717
INFO:root:accumulate return : 0.19131
INFO:root:accumulate return : 0.1701
INFO:root:accumulate return : 0.16146
INFO:root:accumulate return : 0.12119
INFO:root:accumulate return : 0.13468
INFO:root:accumulate return : 0.11209
INFO:root:accumulate return : 0.20153
INFO:root:accumulate return : 0.10229
INFO:root:accumulate return : 0.10235
INFO:root:accumulate return : 0.13984
INFO:root:accumulate return : 0.14758
INFO:root:accumulate return : 0.0992
INFO:root:accumulate return : 0.15599
INFO:root:accumulate return : 0.08139
INFO:root:accumulate return : 0.1041
INFO:root:accumulate return : 0.07232
INFO:root:accumulate return : 0.08438
INFO:root:accumulate return : 0.17353
INFO:root:accumulate return : 0.12717
INFO:root:accumulate return : 0.14264
INFO:root:accumulate return : 0.22673
INFO:root:accumulate return : 0.1907
INFO:root:accumulate return : 0.19555
INFO:root:accumulate return : 0.13448
INFO:root:accumulate return : 0.067
INFO:root:accumulate return : 0.22578
INFO:root:accumulate return : 0.17688
INFO:root:accumulate return : 0.12606
INFO:root:accumulate return : 0.13856
INFO:root:accumulate return : 0.1416
INFO:root:accumulate return : 0.12444
INFO:root:accumulate return : 0.08554
INFO:root:accumulate return : 0.13551
INFO:root:accumulate return : 0.07625
INFO:root:accumulate return : 0.09475
INFO:root:accumulate return : 0.15782
INFO:root:accumulate return : 0.18524
INFO:root:accumulate return : 0.13905
INFO:root:accumulate return : 0.10071
INFO:root:accumulate return : 0.04614
INFO:root:accumulate return : 0.19139
INFO:root:accumulate return : 0.10256
INFO:root:accumulate return : 0.15264
INFO:root:accumulate return : 0.12237
INFO:root:accumulate return : 0.10619
INFO:root:accumulate return : 0.10264
INFO:root:accumulate return : 0.08639
INFO:root:accumulate return : 0.05415
INFO:root:accumulate return : 0.141
INFO:root:accumulate return : 0.09388
INFO:root:accumulate return : 0.208
INFO:root:accumulate return : 0.13175
INFO:root:accumulate return : 0.16005
INFO:root:accumulate return : 0.06079
INFO:root:accumulate return : 0.09012
INFO:root:accumulate return : 0.13258
INFO:root:accumulate return : 0.11902
INFO:root:accumulate return : 0.09853
INFO:root:accumulate return : 0.1374
INFO:root:accumulate return : 0.20871
INFO:root:accumulate return : 0.10856
INFO:root:accumulate return : 0.13443
INFO:root:accumulate return : 0.17499
INFO:root:accumulate return : 0.18509
INFO:root:accumulate return : 0.12821
INFO:root:accumulate return : 0.17861
INFO:root:accumulate return : 0.17952
INFO:root:accumulate return : 0.15362
INFO:root:accumulate return : 0.1203
INFO:root:accumulate return : 0.16939
INFO:root:accumulate return : 0.17007
INFO:root:accumulate return : 0.16525
INFO:root:accumulate return : 0.14177
INFO:root:accumulate return : 0.13705
INFO:root:accumulate return : 0.2069
INFO:root:accumulate return : 0.11336
INFO:root:accumulate return : 0.13879
INFO:root:accumulate return : 0.12288
INFO:root:accumulate return : 0.11714
INFO:root:accumulate return : 0.12958
INFO:root:accumulate return : 0.08899
INFO:root:accumulate return : 0.05483
INFO:root:accumulate return : 0.17026
INFO:root:accumulate return : 0.17549
INFO:root:accumulate return : 0.13289
INFO:root:accumulate return : 0.16755
INFO:root:accumulate return : 0.15461
INFO:root:accumulate return : 0.15655
INFO:root:accumulate return : 0.18428
INFO:root:accumulate return : 0.14752
INFO:root:accumulate return : 0.163
INFO:root:accumulate return : 0.1032
INFO:root:accumulate return : 0.0962
INFO:root:accumulate return : 0.13626
INFO:root:accumulate return : 0.1517
INFO:root:accumulate return : 0.15944
INFO:root:accumulate return : 0.05755
INFO:root:accumulate return : 0.20232
INFO:root:accumulate return : 0.14395
INFO:root:accumulate return : 0.07014
INFO:root:accumulate return : 0.13647
INFO:root:accumulate return : 0.13387
INFO:root:accumulate return : 0.13129
INFO:root:accumulate return : 0.17702
INFO:root:accumulate return : 0.09361
INFO:root:accumulate return : 0.11409
INFO:root:accumulate return : 0.07587
INFO:root:accumulate return : 0.17197
INFO:root:accumulate return : 0.11353
INFO:root:accumulate return : 0.15222
INFO:root:accumulate return : 0.14538
INFO:root:accumulate return : 0.11454
INFO:root:accumulate return : 0.12339
INFO:root:accumulate return : 0.15925
INFO:root:accumulate return : 0.16273
INFO:root:accumulate return : 0.07471
INFO:root:accumulate return : 0.18521
INFO:root:accumulate return : 0.14149
INFO:root:accumulate return : 0.08765
INFO:root:accumulate return : 0.15161
INFO:root:accumulate return : 0.14394
INFO:root:accumulate return : 0.07459
INFO:root:accumulate return : 0.12096
INFO:root:accumulate return : 0.11152
INFO:root:accumulate return : 0.17583
INFO:root:accumulate return : 0.19023
INFO:root:accumulate return : 0.10015
INFO:root:accumulate return : 0.19676
INFO:root:accumulate return : 0.18874
INFO:root:accumulate return : 0.15071
INFO:root:accumulate return : 0.08933
INFO:root:accumulate return : 0.14997
INFO:root:accumulate return : 0.20077
INFO:root:accumulate return : 0.11628
INFO:root:accumulate return : 0.15827
INFO:root:accumulate return : 0.11961
INFO:root:accumulate return : 0.11369
INFO:root:accumulate return : 0.14807
INFO:root:accumulate return : 0.16429
INFO:root:accumulate return : 0.13372
INFO:root:accumulate return : 0.12624
INFO:root:accumulate return : 0.07197
INFO:root:accumulate return : 0.12332
INFO:root:accumulate return : 0.16337
INFO:root:accumulate return : 0.13434
INFO:root:accumulate return : 0.14654
INFO:root:accumulate return : 0.10377
INFO:root:accumulate return : 0.13366
INFO:root:accumulate return : 0.15363
INFO:root:accumulate return : 0.19444
INFO:root:accumulate return : 0.14336
INFO:root:accumulate return : 0.12431
INFO:root:accumulate return : 0.12726
INFO:root:accumulate return : 0.13172
INFO:root:accumulate return : 0.16346
INFO:root:accumulate return : 0.10335
INFO:root:accumulate return : 0.1362
INFO:root:accumulate return : 0.1709
INFO:root:accumulate return : 0.07463
INFO:root:accumulate return : 0.12826
INFO:root:accumulate return : 0.14673
INFO:root:accumulate return : 0.15555
INFO:root:accumulate return : 0.10688
INFO:root:accumulate return : 0.11833
INFO:root:accumulate return : 0.16494
INFO:root:accumulate return : 0.18687
INFO:root:accumulate return : 0.16007
INFO:root:accumulate return : 0.13412
INFO:root:accumulate return : 0.15949
INFO:root:accumulate return : 0.15302
INFO:root:accumulate return : 0.14628
INFO:root:accumulate return : 0.14455
INFO:root:accumulate return : 0.17181
INFO:root:accumulate return : 0.14321
INFO:root:accumulate return : 0.25209
INFO:root:accumulate return : 0.1368
INFO:root:accumulate return : 0.06598
INFO:root:accumulate return : 0.07455
INFO:root:accumulate return : 0.16919
INFO:root:accumulate return : 0.17465
INFO:root:accumulate return : 0.18947
INFO:root:accumulate return : 0.14892
INFO:root:accumulate return : 0.16357
INFO:root:accumulate return : 0.16445
INFO:root:accumulate return : 0.13054
INFO:root:accumulate return : 0.10417
INFO:root:accumulate return : 0.13247
INFO:root:accumulate return : 0.11894
INFO:root:accumulate return : 0.17919
INFO:root:accumulate return : 0.11683
INFO:root:accumulate return : 0.1151
INFO:root:accumulate return : 0.15418
INFO:root:accumulate return : 0.14914
INFO:root:accumulate return : 0.12608
INFO:root:accumulate return : 0.13877
INFO:root:accumulate return : 0.15522
INFO:root:accumulate return : 0.16968
INFO:root:accumulate return : 0.13161
INFO:root:accumulate return : 0.15603
INFO:root:accumulate return : 0.12914
INFO:root:accumulate return : 0.15482
INFO:root:accumulate return : 0.16816
INFO:root:accumulate return : 0.1206
INFO:root:accumulate return : 0.1296
INFO:root:accumulate return : 0.14511
INFO:root:accumulate return : 0.14308
INFO:root:accumulate return : 0.18005
INFO:root:accumulate return : 0.1293
INFO:root:accumulate return : 0.12029
INFO:root:accumulate return : 0.22273
INFO:root:accumulate return : 0.07379
INFO:root:accumulate return : 0.13202
INFO:root:accumulate return : 0.16922
INFO:root:accumulate return : 0.21185
INFO:root:accumulate return : 0.10736
INFO:root:accumulate return : 0.21586
INFO:root:accumulate return : 0.14168
INFO:root:accumulate return : 0.20587
INFO:root:accumulate return : 0.07979
INFO:root:accumulate return : 0.15809
INFO:root:accumulate return : 0.14599
INFO:root:accumulate return : 0.18278
INFO:root:accumulate return : 0.1934
INFO:root:accumulate return : 0.13786
INFO:root:accumulate return : 0.11412
INFO:root:accumulate return : 0.13299
INFO:root:accumulate return : 0.18401
INFO:root:accumulate return : 0.10854
INFO:root:accumulate return : 0.17274
INFO:root:accumulate return : 0.16898
INFO:root:accumulate return : 0.21012
INFO:root:accumulate return : 0.15499
INFO:root:accumulate return : 0.17788
INFO:root:accumulate return : 0.14076
INFO:root:accumulate return : 0.15367
INFO:root:accumulate return : 0.11555
INFO:root:accumulate return : 0.13508
INFO:root:accumulate return : 0.11953
INFO:root:accumulate return : 0.16715
INFO:root:accumulate return : 0.15808
INFO:root:accumulate return : 0.15565
INFO:root:accumulate return : 0.14311
INFO:root:accumulate return : 0.11972
INFO:root:accumulate return : 0.08471
INFO:root:accumulate return : 0.10726
INFO:root:accumulate return : 0.09893
INFO:root:accumulate return : 0.17482
INFO:root:accumulate return : 0.10809
INFO:root:accumulate return : 0.15745
INFO:root:accumulate return : 0.18589
INFO:root:accumulate return : 0.13336
INFO:root:accumulate return : 0.15994
INFO:root:accumulate return : 0.18768
INFO:root:accumulate return : 0.17342
INFO:root:accumulate return : 0.10383
INFO:root:accumulate return : 0.14853
INFO:root:accumulate return : 0.14636
INFO:root:accumulate return : 0.13782
INFO:root:accumulate return : 0.1615
INFO:root:accumulate return : 0.12525
INFO:root:accumulate return : 0.0891
INFO:root:accumulate return : 0.09404
INFO:root:accumulate return : 0.15856
INFO:root:accumulate return : 0.12012
INFO:root:accumulate return : 0.14303
INFO:root:accumulate return : 0.13206
INFO:root:accumulate return : 0.1298
INFO:root:accumulate return : 0.09069
INFO:root:accumulate return : 0.18357
INFO:root:accumulate return : 0.16497
INFO:root:accumulate return : 0.14772
INFO:root:accumulate return : 0.15475
INFO:root:accumulate return : 0.08732
INFO:root:accumulate return : 0.15074
INFO:root:accumulate return : 0.07641
INFO:root:accumulate return : 0.11577
INFO:root:accumulate return : 0.13868
INFO:root:accumulate return : 0.11722
INFO:root:accumulate return : 0.17264
INFO:root:accumulate return : 0.21467
INFO:root:accumulate return : 0.16366
INFO:root:accumulate return : 0.1445
INFO:root:accumulate return : 0.13839
INFO:root:accumulate return : 0.17503
INFO:root:accumulate return : 0.0987
INFO:root:accumulate return : 0.15366
INFO:root:accumulate return : 0.15293
INFO:root:accumulate return : 0.17914
INFO:root:accumulate return : 0.19685
INFO:root:accumulate return : 0.11539
INFO:root:accumulate return : 0.10445
INFO:root:accumulate return : 0.13119
INFO:root:accumulate return : 0.10859
INFO:root:accumulate return : 0.21891
INFO:root:accumulate return : 0.13396
INFO:root:accumulate return : 0.15384
INFO:root:accumulate return : 0.13437
INFO:root:accumulate return : 0.18105
INFO:root:accumulate return : 0.19473
INFO:root:accumulate return : 0.10909
INFO:root:accumulate return : 0.1047
INFO:root:accumulate return : 0.12624
INFO:root:accumulate return : 0.08304
INFO:root:accumulate return : 0.10263
INFO:root:accumulate return : 0.18774
INFO:root:accumulate return : 0.11655
INFO:root:accumulate return : 0.16923
INFO:root:accumulate return : 0.12337
INFO:root:accumulate return : 0.09058
INFO:root:accumulate return : 0.10355
INFO:root:accumulate return : 0.14343
INFO:root:accumulate return : 0.22395
INFO:root:accumulate return : 0.18038
INFO:root:accumulate return : 0.07024
INFO:root:accumulate return : 0.14789
INFO:root:accumulate return : 0.12026
INFO:root:accumulate return : 0.10123
INFO:root:accumulate return : 0.15821
INFO:root:accumulate return : 0.13468
INFO:root:accumulate return : 0.19455
INFO:root:accumulate return : 0.18928
INFO:root:accumulate return : 0.16452
INFO:root:accumulate return : 0.15003
INFO:root:accumulate return : 0.15052
INFO:root:accumulate return : 0.15905
INFO:root:accumulate return : 0.11456
INFO:root:accumulate return : 0.19526
INFO:root:accumulate return : 0.22167
INFO:root:accumulate return : 0.11242
INFO:root:accumulate return : 0.13399
INFO:root:accumulate return : 0.11222
INFO:root:accumulate return : 0.16021
INFO:root:accumulate return : 0.1731
INFO:root:accumulate return : 0.16303
INFO:root:accumulate return : 0.129
INFO:root:accumulate return : 0.09989
INFO:root:accumulate return : 0.13626
INFO:root:accumulate return : 0.17871
INFO:root:accumulate return : 0.15865
INFO:root:accumulate return : 0.18792
INFO:root:accumulate return : 0.19013
INFO:root:accumulate return : 0.1594
INFO:root:accumulate return : 0.19576
INFO:root:accumulate return : 0.16544
INFO:root:accumulate return : 0.15855
INFO:root:accumulate return : 0.14093
INFO:root:accumulate return : 0.1127
INFO:root:accumulate return : 0.16189
INFO:root:accumulate return : 0.17503
INFO:root:accumulate return : 0.08405
INFO:root:accumulate return : 0.22313
INFO:root:accumulate return : 0.09372
INFO:root:accumulate return : 0.18038
INFO:root:accumulate return : 0.15227
INFO:root:accumulate return : 0.1624
INFO:root:accumulate return : 0.12018
INFO:root:accumulate return : 0.14886
INFO:root:accumulate return : 0.13548
INFO:root:accumulate return : 0.14053
INFO:root:accumulate return : 0.15144
INFO:root:accumulate return : 0.13134
INFO:root:accumulate return : 0.19539
INFO:root:accumulate return : 0.13443
INFO:root:accumulate return : 0.12392
INFO:root:accumulate return : 0.11178
INFO:root:accumulate return : 0.12242
INFO:root:accumulate return : 0.08304
INFO:root:accumulate return : 0.1223
INFO:root:accumulate return : 0.15653
INFO:root:accumulate return : 0.20211
INFO:root:accumulate return : 0.09327
INFO:root:accumulate return : 0.14171
INFO:root:accumulate return : 0.13184
INFO:root:accumulate return : 0.13455
INFO:root:accumulate return : 0.21749
INFO:root:accumulate return : 0.16019
INFO:root:accumulate return : 0.167
INFO:root:accumulate return : 0.17478
INFO:root:accumulate return : 0.11186
INFO:root:accumulate return : 0.10324
INFO:root:accumulate return : 0.14255
INFO:root:accumulate return : 0.104
INFO:root:accumulate return : 0.13201
INFO:root:accumulate return : 0.19222
INFO:root:accumulate return : 0.18009
INFO:root:accumulate return : 0.13776
INFO:root:accumulate return : 0.15493
INFO:root:accumulate return : 0.1805
INFO:root:accumulate return : 0.11697
INFO:root:accumulate return : 0.14226
INFO:root:accumulate return : 0.13067
INFO:root:accumulate return : 0.14471
INFO:root:accumulate return : 0.17477
INFO:root:accumulate return : 0.12155
INFO:root:accumulate return : 0.20483
INFO:root:accumulate return : 0.16955
INFO:root:accumulate return : 0.18472
INFO:root:accumulate return : 0.17669
INFO:root:accumulate return : 0.09607
INFO:root:accumulate return : 0.14094
INFO:root:accumulate return : 0.09829
INFO:root:accumulate return : 0.11781
INFO:root:accumulate return : 0.15582
INFO:root:accumulate return : 0.16128
INFO:root:accumulate return : 0.13313
INFO:root:accumulate return : 0.12261
INFO:root:accumulate return : 0.19502
INFO:root:accumulate return : 0.1551
INFO:root:accumulate return : 0.11838
INFO:root:accumulate return : 0.15271
INFO:root:accumulate return : 0.214
INFO:root:accumulate return : 0.19091
INFO:root:accumulate return : 0.14356
INFO:root:accumulate return : 0.161
INFO:root:accumulate return : 0.16206
INFO:root:accumulate return : 0.19283
INFO:root:accumulate return : 0.12194
INFO:root:accumulate return : 0.17822
INFO:root:accumulate return : 0.07463
INFO:root:accumulate return : 0.13264
INFO:root:accumulate return : 0.18687
INFO:root:accumulate return : 0.13819
INFO:root:accumulate return : 0.11632
INFO:root:accumulate return : 0.15601
INFO:root:accumulate return : 0.20705
INFO:root:accumulate return : 0.15645
INFO:root:accumulate return : 0.11853
INFO:root:accumulate return : 0.14404
INFO:root:accumulate return : 0.11637
INFO:root:accumulate return : 0.20767
INFO:root:accumulate return : 0.11021
INFO:root:accumulate return : 0.19415
INFO:root:accumulate return : 0.12989
INFO:root:accumulate return : 0.16532
INFO:root:accumulate return : 0.12198
INFO:root:accumulate return : 0.15376
INFO:root:accumulate return : 0.2069
INFO:root:accumulate return : 0.12787
INFO:root:accumulate return : 0.13999
INFO:root:accumulate return : 0.08353
INFO:root:accumulate return : 0.16475
INFO:root:accumulate return : 0.11287
INFO:root:accumulate return : 0.12571
INFO:root:accumulate return : 0.12801
INFO:root:accumulate return : 0.10492
INFO:root:accumulate return : 0.10936
INFO:root:accumulate return : 0.13847
INFO:root:accumulate return : 0.2309
INFO:root:accumulate return : 0.13442
INFO:root:accumulate return : 0.18166
INFO:root:accumulate return : 0.19677
INFO:root:accumulate return : 0.16157
INFO:root:accumulate return : 0.19056
INFO:root:accumulate return : 0.11094
INFO:root:accumulate return : 0.13612
INFO:root:accumulate return : 0.16237
INFO:root:accumulate return : 0.17425
INFO:root:accumulate return : 0.09871
INFO:root:accumulate return : 0.12641
INFO:root:accumulate return : 0.12187
INFO:root:accumulate return : 0.17705
INFO:root:accumulate return : 0.13949
INFO:root:accumulate return : 0.14812
INFO:root:accumulate return : 0.12699
INFO:root:accumulate return : 0.14603
INFO:root:accumulate return : 0.12933
INFO:root:accumulate return : 0.15539
INFO:root:accumulate return : 0.14075
INFO:root:accumulate return : 0.19491
INFO:root:accumulate return : 0.13879
INFO:root:accumulate return : 0.16087
INFO:root:accumulate return : 0.0916
INFO:root:accumulate return : 0.15711
INFO:root:accumulate return : 0.17941
INFO:root:accumulate return : 0.14415
INFO:root:accumulate return : 0.15757
INFO:root:accumulate return : 0.20559
INFO:root:accumulate return : 0.13051
INFO:root:accumulate return : 0.1001
INFO:root:accumulate return : 0.12969
INFO:root:accumulate return : 0.17387
INFO:root:accumulate return : 0.14485
INFO:root:accumulate return : 0.10516
INFO:root:accumulate return : 0.10415
INFO:root:accumulate return : 0.05037
INFO:root:accumulate return : 0.13232
INFO:root:accumulate return : 0.20806
INFO:root:accumulate return : 0.15251
INFO:root:accumulate return : 0.17944
INFO:root:accumulate return : 0.13978
INFO:root:accumulate return : 0.14613
INFO:root:accumulate return : 0.1951
INFO:root:accumulate return : 0.18359
INFO:root:accumulate return : 0.14785
INFO:root:accumulate return : 0.17779
INFO:root:accumulate return : 0.1036
INFO:root:accumulate return : 0.0921
INFO:root:accumulate return : 0.14799
INFO:root:accumulate return : 0.11486
INFO:root:accumulate return : 0.13157
INFO:root:accumulate return : 0.11813
INFO:root:accumulate return : 0.18027
INFO:root:accumulate return : 0.12063
INFO:root:accumulate return : 0.16276
INFO:root:accumulate return : 0.1955
INFO:root:accumulate return : 0.11426
INFO:root:accumulate return : 0.12295
INFO:root:accumulate return : 0.15663
INFO:root:accumulate return : 0.17256
INFO:root:accumulate return : 0.05954
INFO:root:accumulate return : 0.10504
INFO:root:accumulate return : 0.20012
INFO:root:accumulate return : 0.13226
INFO:root:accumulate return : 0.197
INFO:root:accumulate return : 0.16682
INFO:root:accumulate return : 0.12321
INFO:root:accumulate return : 0.18681
INFO:root:accumulate return : 0.13835
INFO:root:accumulate return : 0.11732
INFO:root:accumulate return : 0.12415
INFO:root:accumulate return : 0.1458
INFO:root:accumulate return : 0.16461
INFO:root:accumulate return : 0.17448
INFO:root:accumulate return : 0.13061
INFO:root:accumulate return : 0.10592
INFO:root:accumulate return : 0.15137
INFO:root:accumulate return : 0.12412
INFO:root:accumulate return : 0.19941
INFO:root:accumulate return : 0.20376
INFO:root:accumulate return : 0.12863
INFO:root:accumulate return : 0.1474
INFO:root:accumulate return : 0.12774
INFO:root:accumulate return : 0.0963
INFO:root:accumulate return : 0.17091
INFO:root:accumulate return : 0.20976
INFO:root:accumulate return : 0.22375
INFO:root:accumulate return : 0.15434
INFO:root:accumulate return : 0.11564
INFO:root:accumulate return : 0.14501
INFO:root:accumulate return : 0.11897
INFO:root:accumulate return : 0.08225
INFO:root:accumulate return : 0.21116
INFO:root:accumulate return : 0.20889
INFO:root:accumulate return : 0.13386
INFO:root:accumulate return : 0.11598
INFO:root:accumulate return : 0.18136
INFO:root:accumulate return : 0.09584
INFO:root:accumulate return : 0.15687
INFO:root:accumulate return : 0.15968
INFO:root:accumulate return : 0.20828
INFO:root:accumulate return : 0.12245
INFO:root:accumulate return : 0.16158
INFO:root:accumulate return : 0.13553
INFO:root:accumulate return : 0.10722
INFO:root:accumulate return : 0.13959
INFO:root:accumulate return : 0.0985
INFO:root:accumulate return : 0.163
INFO:root:accumulate return : 0.14095
INFO:root:accumulate return : 0.18947
INFO:root:accumulate return : 0.16724
INFO:root:accumulate return : 0.14982
INFO:root:accumulate return : 0.13788
INFO:root:accumulate return : 0.11505
INFO:root:accumulate return : 0.17494
INFO:root:accumulate return : 0.15217
INFO:root:accumulate return : 0.13296
INFO:root:accumulate return : 0.16316
INFO:root:accumulate return : 0.17064
INFO:root:accumulate return : 0.1181
INFO:root:accumulate return : 0.11682
INFO:root:accumulate return : 0.15983
INFO:root:accumulate return : 0.19181
INFO:root:accumulate return : 0.14544
INFO:root:accumulate return : 0.16254
INFO:root:accumulate return : 0.18933
INFO:root:accumulate return : 0.13916
INFO:root:accumulate return : 0.20748
INFO:root:accumulate return : 0.11165
INFO:root:accumulate return : 0.21563
INFO:root:accumulate return : 0.08371
INFO:root:accumulate return : 0.13028
INFO:root:accumulate return : 0.1425
INFO:root:accumulate return : 0.115
INFO:root:accumulate return : 0.18047
INFO:root:accumulate return : 0.09067
INFO:root:accumulate return : 0.11466
INFO:root:Processing time : 14.3580555556 hours
