INFO:root:Time start : 2016-05-16-14:22:36
INFO:root:Parameter setting :
INFO:root:epsilon = 0.1
INFO:root:transaction_cost = 0.0005
INFO:root:epoch =2000
INFO:root:max_memory = 10000
INFO:root:batch_size = 50
INFO:root:look back term = 100
INFO:root:hidden_size = 300
INFO:root:training period = 2000 ~ 2000 + 2000
INFO:root:learning rate = 0.2
INFO:root:accumulate return : -0.3851
INFO:root:accumulate return : -0.19412
INFO:root:accumulate return : -0.1746
INFO:root:accumulate return : -0.17729
INFO:root:accumulate return : -0.19382
INFO:root:accumulate return : -0.1812
INFO:root:accumulate return : -0.19263
INFO:root:accumulate return : -0.19859
INFO:root:accumulate return : -0.2272
INFO:root:accumulate return : -0.21476
INFO:root:accumulate return : -0.22632
INFO:root:accumulate return : -0.24317
