INFO:root:Time start : 2016-05-15-13:26:12
INFO:root:Parameter setting :
INFO:root:epsilon = 0.1
INFO:root:transaction_cost = 0.0005
INFO:root:epoch =1000
INFO:root:max_memory = 60000
INFO:root:look back term = 50
INFO:root:hidden_size = 300
INFO:root:activation function = relu
INFO:root:learning rate = 10
INFO:root:training period = 1000
INFO:root:accumulate return : -0.1019
INFO:root:accumulate return : -0.09068
INFO:root:accumulate return : -0.09022
INFO:root:accumulate return : -0.0962
INFO:root:accumulate return : -0.10195
INFO:root:accumulate return : -0.09246
INFO:root:accumulate return : -0.07801
INFO:root:accumulate return : -0.09726
INFO:root:accumulate return : -0.10055
INFO:root:accumulate return : -0.06524
