INFO:root:Time start : 2016-05-19-00-10-25
INFO:root:Input data :GBPUSD30.csv
INFO:root:Parameter setting :
INFO:root:epsilon = 0.1
INFO:root:transaction_cost = 0.0005
INFO:root:epoch =100
INFO:root:max_memory = 1000000
INFO:root:batch_size = 100
INFO:root:look back term = 100
INFO:root:hidden_size = 300
INFO:root:training period = 0 ~ 5000
INFO:root:learning rate = 0.2
INFO:root:discount rate = 9e-06
INFO:root:accumulate return : -0.6293
INFO:root:accumulate return : -0.5255
INFO:root:accumulate return : -0.46627
INFO:root:accumulate return : -0.4781
INFO:root:accumulate return : -0.44324
INFO:root:accumulate return : -0.42744
INFO:root:accumulate return : -0.40403
INFO:root:accumulate return : -0.46249
INFO:root:accumulate return : -0.51499
INFO:root:accumulate return : -0.49133
INFO:root:accumulate return : -0.48765
INFO:root:accumulate return : -0.47003
INFO:root:accumulate return : -0.52873
INFO:root:accumulate return : -0.51621
INFO:root:accumulate return : -0.46539
INFO:root:accumulate return : -0.52778
INFO:root:accumulate return : -0.56174
INFO:root:accumulate return : -0.52732
INFO:root:accumulate return : -0.49542
INFO:root:accumulate return : -0.44163
INFO:root:accumulate return : -0.51248
