INFO:root:Time start : 2016-05-15-13:26:07
INFO:root:Parameter setting :
INFO:root:epsilon = 0.1
INFO:root:transaction_cost = 0.0005
INFO:root:epoch =1000
INFO:root:max_memory = 60000
INFO:root:look back term = 50
INFO:root:hidden_size = 300
INFO:root:activation function = relu
INFO:root:learning rate = 1
INFO:root:training period = 1000
INFO:root:accumulate return : -0.12426
INFO:root:accumulate return : -0.12234
INFO:root:accumulate return : -0.11377
INFO:root:accumulate return : -0.10497
INFO:root:accumulate return : -0.12612
INFO:root:accumulate return : -0.13385
INFO:root:accumulate return : -0.11783
INFO:root:accumulate return : -0.10596
INFO:root:accumulate return : -0.11709
INFO:root:accumulate return : -0.15085
