INFO:root:Version : 7
INFO:root:Time start : 2016-06-09-05-53-37
INFO:root:Input data :GBPUSD240.csv
INFO:root:Parameter setting :
INFO:root:epsilon = 0.1
INFO:root:transaction_cost = 0.0005
INFO:root:epoch =500
INFO:root:max_memory = 1000000
INFO:root:batch_size = 300
INFO:root:look back term = 300
INFO:root:hidden_size = 600
INFO:root:training period = -4000 ~ -1000
INFO:root:learning rate = 0.1
INFO:root:discount rate = 9e-06
INFO:root:step_size = 10
INFO:root:activation function = relu
INFO:root:comment :Learning rate test (Adamax)
INFO:root:accumulate return : -1.70803
INFO:root:accumulate return : -1.77732
INFO:root:accumulate return : -1.51005
INFO:root:accumulate return : -1.60831
INFO:root:accumulate return : -1.63756
INFO:root:accumulate return : -1.58853
INFO:root:accumulate return : -1.59601
INFO:root:accumulate return : -1.5301
INFO:root:accumulate return : -1.5274
INFO:root:accumulate return : -1.57002
INFO:root:accumulate return : 3.82912
INFO:root:accumulate return : 3.82335
INFO:root:accumulate return : 3.68519
INFO:root:accumulate return : 3.67835
INFO:root:accumulate return : 3.78884
INFO:root:accumulate return : 3.66183
INFO:root:accumulate return : 3.81134
INFO:root:accumulate return : 3.82568
INFO:root:accumulate return : 3.64802
INFO:root:accumulate return : 3.69894
INFO:root:accumulate return : 4.26029
INFO:root:accumulate return : 4.24951
INFO:root:accumulate return : 4.08312
INFO:root:accumulate return : 4.34785
INFO:root:accumulate return : 4.3337
INFO:root:accumulate return : 4.29089
INFO:root:accumulate return : 4.30436
INFO:root:accumulate return : 4.19417
INFO:root:accumulate return : 4.29769
INFO:root:accumulate return : 4.31792
INFO:root:accumulate return : 4.55837
INFO:root:accumulate return : 4.34452
INFO:root:accumulate return : 4.41291
INFO:root:accumulate return : 4.41824
INFO:root:accumulate return : 4.45689
INFO:root:accumulate return : 4.32258
INFO:root:accumulate return : 4.51075
INFO:root:accumulate return : 4.34736
INFO:root:accumulate return : 4.38578
INFO:root:accumulate return : 4.37346
INFO:root:accumulate return : 4.53131
INFO:root:accumulate return : 4.71876
INFO:root:accumulate return : 4.54718
INFO:root:accumulate return : 4.44512
INFO:root:accumulate return : 4.37725
INFO:root:accumulate return : 4.45356
INFO:root:accumulate return : 4.51624
INFO:root:accumulate return : 4.56202
INFO:root:accumulate return : 4.67351
INFO:root:accumulate return : 4.64923
INFO:root:accumulate return : 4.80747
INFO:root:accumulate return : 4.55705
INFO:root:accumulate return : 4.56049
INFO:root:accumulate return : 4.59416
INFO:root:accumulate return : 4.57594
INFO:root:accumulate return : 4.63294
INFO:root:accumulate return : 4.66632
INFO:root:accumulate return : 4.71283
INFO:root:accumulate return : 4.60941
INFO:root:accumulate return : 4.54791
INFO:root:accumulate return : 4.60264
INFO:root:accumulate return : 4.64183
INFO:root:accumulate return : 4.6936
INFO:root:accumulate return : 4.64353
INFO:root:accumulate return : 4.73874
INFO:root:accumulate return : 4.70555
INFO:root:accumulate return : 4.67489
INFO:root:accumulate return : 4.73339
INFO:root:accumulate return : 4.59441
INFO:root:accumulate return : 4.64687
INFO:root:accumulate return : 4.62536
INFO:root:accumulate return : 4.64764
INFO:root:accumulate return : 4.66407
INFO:root:accumulate return : 4.60243
INFO:root:accumulate return : 4.68081
INFO:root:accumulate return : 4.77052
INFO:root:accumulate return : 4.57664
INFO:root:accumulate return : 4.72257
INFO:root:accumulate return : 4.70927
INFO:root:accumulate return : 4.75461
INFO:root:accumulate return : 4.6804
INFO:root:accumulate return : 4.67844
INFO:root:accumulate return : 4.70491
INFO:root:accumulate return : 4.53305
INFO:root:accumulate return : 4.63007
INFO:root:accumulate return : 4.60206
INFO:root:accumulate return : 4.73678
INFO:root:accumulate return : 4.65559
INFO:root:accumulate return : 4.68998
INFO:root:accumulate return : 4.75022
INFO:root:accumulate return : 4.77675
INFO:root:accumulate return : 4.7182
INFO:root:accumulate return : 4.60145
INFO:root:accumulate return : 4.74407
INFO:root:accumulate return : 4.72637
INFO:root:accumulate return : 4.72944
INFO:root:accumulate return : 4.65994
INFO:root:accumulate return : 4.66318
INFO:root:accumulate return : 4.79961
INFO:root:accumulate return : 4.71735
INFO:root:accumulate return : 4.83361
INFO:root:accumulate return : 4.74531
INFO:root:accumulate return : 4.69857
INFO:root:accumulate return : 4.73977
INFO:root:accumulate return : 4.7419
INFO:root:accumulate return : 4.74906
INFO:root:accumulate return : 4.77315
INFO:root:accumulate return : 4.66452
INFO:root:accumulate return : 4.63446
INFO:root:accumulate return : 4.59814
INFO:root:accumulate return : 4.70729
INFO:root:accumulate return : 4.76859
INFO:root:accumulate return : 4.76227
INFO:root:accumulate return : 4.73074
INFO:root:accumulate return : 4.74333
INFO:root:accumulate return : 4.81845
INFO:root:accumulate return : 4.84416
INFO:root:accumulate return : 4.73815
INFO:root:accumulate return : 4.8247
INFO:root:accumulate return : 4.81322
INFO:root:accumulate return : 4.75733
INFO:root:accumulate return : 4.7008
INFO:root:accumulate return : 4.7648
INFO:root:accumulate return : 4.65872
INFO:root:accumulate return : 4.72622
INFO:root:accumulate return : 4.8069
INFO:root:accumulate return : 4.73017
INFO:root:accumulate return : 4.76766
INFO:root:accumulate return : 4.68609
INFO:root:accumulate return : 4.75843
INFO:root:accumulate return : 4.88116
INFO:root:accumulate return : 4.84769
INFO:root:accumulate return : 4.77465
INFO:root:accumulate return : 4.78249
INFO:root:accumulate return : 4.74758
INFO:root:accumulate return : 4.73742
INFO:root:accumulate return : 4.89062
INFO:root:accumulate return : 4.88946
INFO:root:accumulate return : 4.89453
INFO:root:accumulate return : 4.8178
INFO:root:accumulate return : 4.8097
INFO:root:accumulate return : 4.81461
INFO:root:accumulate return : 4.8436
INFO:root:accumulate return : 4.75775
INFO:root:accumulate return : 4.89857
INFO:root:accumulate return : 4.74837
INFO:root:accumulate return : 4.91493
INFO:root:accumulate return : 4.76068
INFO:root:accumulate return : 4.84982
INFO:root:accumulate return : 4.76152
INFO:root:accumulate return : 4.81715
INFO:root:accumulate return : 4.91836
INFO:root:accumulate return : 4.81641
INFO:root:accumulate return : 4.81409
INFO:root:accumulate return : 4.82935
INFO:root:accumulate return : 4.88861
INFO:root:accumulate return : 4.9231
INFO:root:accumulate return : 4.87149
INFO:root:accumulate return : 4.69988
INFO:root:accumulate return : 4.77771
INFO:root:accumulate return : 4.72333
INFO:root:accumulate return : 4.70206
INFO:root:accumulate return : 4.80776
INFO:root:accumulate return : 4.88543
INFO:root:accumulate return : 4.78113
INFO:root:accumulate return : 4.93676
INFO:root:accumulate return : 4.76266
INFO:root:accumulate return : 4.78073
INFO:root:accumulate return : 4.66895
INFO:root:accumulate return : 4.8623
INFO:root:accumulate return : 4.62765
INFO:root:accumulate return : 4.78524
INFO:root:accumulate return : 4.77883
INFO:root:accumulate return : 4.78631
INFO:root:accumulate return : 4.87075
INFO:root:accumulate return : 4.78818
INFO:root:accumulate return : 4.77826
INFO:root:accumulate return : 4.79303
INFO:root:accumulate return : 4.77162
INFO:root:accumulate return : 4.7203
INFO:root:accumulate return : 4.76553
INFO:root:accumulate return : 4.92904
INFO:root:accumulate return : 4.67838
INFO:root:accumulate return : 4.74638
INFO:root:accumulate return : 4.82713
INFO:root:accumulate return : 4.90073
INFO:root:accumulate return : 4.94098
INFO:root:accumulate return : 4.79866
INFO:root:accumulate return : 4.79351
INFO:root:accumulate return : 4.76727
INFO:root:accumulate return : 4.79605
INFO:root:accumulate return : 4.74936
INFO:root:accumulate return : 4.68681
INFO:root:accumulate return : 4.90222
INFO:root:accumulate return : 4.81845
INFO:root:accumulate return : 4.83406
INFO:root:accumulate return : 4.79867
INFO:root:accumulate return : 4.93911
INFO:root:accumulate return : 4.79433
INFO:root:accumulate return : 4.95157
INFO:root:accumulate return : 4.81075
INFO:root:accumulate return : 4.79622
INFO:root:accumulate return : 4.86886
INFO:root:accumulate return : 4.87253
INFO:root:accumulate return : 4.7788
INFO:root:accumulate return : 4.79973
INFO:root:accumulate return : 4.90314
INFO:root:accumulate return : 4.85756
INFO:root:accumulate return : 4.70811
INFO:root:accumulate return : 4.71094
INFO:root:accumulate return : 4.91117
INFO:root:accumulate return : 4.76266
INFO:root:accumulate return : 4.66374
INFO:root:accumulate return : 4.87249
INFO:root:accumulate return : 4.98318
INFO:root:accumulate return : 4.87082
INFO:root:accumulate return : 4.95371
INFO:root:accumulate return : 4.81376
INFO:root:accumulate return : 4.82964
INFO:root:accumulate return : 4.65938
INFO:root:accumulate return : 4.80856
INFO:root:accumulate return : 4.82826
INFO:root:accumulate return : 4.80902
INFO:root:accumulate return : 4.85195
INFO:root:accumulate return : 4.77437
INFO:root:accumulate return : 4.87818
INFO:root:accumulate return : 4.82164
INFO:root:accumulate return : 4.74053
INFO:root:accumulate return : 4.8008
INFO:root:accumulate return : 4.91765
INFO:root:accumulate return : 4.71389
INFO:root:accumulate return : 4.84501
INFO:root:accumulate return : 4.88117
INFO:root:accumulate return : 4.80988
INFO:root:accumulate return : 4.92187
INFO:root:accumulate return : 4.85879
INFO:root:accumulate return : 4.74452
INFO:root:accumulate return : 4.8568
INFO:root:accumulate return : 4.83433
INFO:root:accumulate return : 4.69205
INFO:root:accumulate return : 4.83455
INFO:root:accumulate return : 4.80937
INFO:root:accumulate return : 4.79408
INFO:root:accumulate return : 4.90483
INFO:root:accumulate return : 4.85724
INFO:root:accumulate return : 4.84412
INFO:root:accumulate return : 4.87036
INFO:root:accumulate return : 4.76919
INFO:root:accumulate return : 4.77367
INFO:root:accumulate return : 4.78127
INFO:root:accumulate return : 4.80374
INFO:root:accumulate return : 4.8227
INFO:root:accumulate return : 4.83704
INFO:root:accumulate return : 4.89409
