INFO:root:Version : 7
INFO:root:Time start : 2016-06-11-14-51-12
INFO:root:Input data :GBPUSD240.csv
INFO:root:Parameter setting :
INFO:root:epsilon = 0.1
INFO:root:transaction_cost = 0.0005
INFO:root:epoch =500
INFO:root:max_memory = 1000000
INFO:root:batch_size = 300
INFO:root:look back term = 300
INFO:root:hidden_size = 600
INFO:root:training period = -10500 ~ -500
INFO:root:learning rate = 0.1
INFO:root:discount rate = 9e-06
INFO:root:step_size = 10
INFO:root:activation function = relu
INFO:root:comment :Learning rate test ( Adamax )
INFO:root:accumulate return : -3.55742
INFO:root:accumulate return : -3.48568
INFO:root:accumulate return : -3.51106
INFO:root:accumulate return : -3.38865
INFO:root:accumulate return : -3.76147
INFO:root:accumulate return : -3.38896
INFO:root:accumulate return : -3.51461
INFO:root:accumulate return : -3.63144
INFO:root:accumulate return : -3.48016
INFO:root:accumulate return : -3.48466
INFO:root:accumulate return : 7.10353
INFO:root:accumulate return : 7.14066
INFO:root:accumulate return : 7.19017
INFO:root:accumulate return : 7.05897
INFO:root:accumulate return : 7.16744
INFO:root:accumulate return : 7.05287
INFO:root:accumulate return : 7.28757
INFO:root:accumulate return : 7.15646
INFO:root:accumulate return : 7.27046
INFO:root:accumulate return : 7.05476
INFO:root:accumulate return : 11.01335
INFO:root:accumulate return : 10.85013
INFO:root:accumulate return : 11.03675
INFO:root:accumulate return : 10.89956
INFO:root:accumulate return : 10.96019
INFO:root:accumulate return : 10.65259
INFO:root:accumulate return : 10.97718
INFO:root:accumulate return : 10.52705
INFO:root:accumulate return : 10.86532
INFO:root:accumulate return : 10.97213
INFO:root:accumulate return : 12.43222
INFO:root:accumulate return : 12.37343
INFO:root:accumulate return : 12.31468
INFO:root:accumulate return : 12.56784
INFO:root:accumulate return : 12.4256
INFO:root:accumulate return : 12.48333
INFO:root:accumulate return : 12.33908
INFO:root:accumulate return : 12.20796
INFO:root:accumulate return : 12.45196
INFO:root:accumulate return : 12.59275
INFO:root:accumulate return : 13.23951
INFO:root:accumulate return : 13.1094
INFO:root:accumulate return : 12.92616
INFO:root:accumulate return : 12.78121
INFO:root:accumulate return : 12.75848
INFO:root:accumulate return : 12.98836
INFO:root:accumulate return : 12.79894
INFO:root:accumulate return : 13.03603
INFO:root:accumulate return : 12.79578
INFO:root:accumulate return : 12.86665
INFO:root:accumulate return : 13.61015
INFO:root:accumulate return : 13.70067
INFO:root:accumulate return : 13.60063
INFO:root:accumulate return : 13.67748
INFO:root:accumulate return : 13.56494
INFO:root:accumulate return : 13.84365
INFO:root:accumulate return : 13.6567
INFO:root:accumulate return : 13.82369
INFO:root:accumulate return : 13.77991
INFO:root:accumulate return : 13.78556
INFO:root:accumulate return : 13.72219
INFO:root:accumulate return : 13.91003
INFO:root:accumulate return : 13.83609
INFO:root:accumulate return : 13.96281
INFO:root:accumulate return : 13.7595
INFO:root:accumulate return : 14.1463
INFO:root:accumulate return : 13.75508
INFO:root:accumulate return : 13.97667
INFO:root:accumulate return : 13.76914
INFO:root:accumulate return : 13.72079
INFO:root:accumulate return : 13.9464
INFO:root:accumulate return : 14.19721
INFO:root:accumulate return : 13.838
INFO:root:accumulate return : 13.80369
INFO:root:accumulate return : 14.02667
INFO:root:accumulate return : 13.65897
INFO:root:accumulate return : 14.01411
INFO:root:accumulate return : 14.22165
INFO:root:accumulate return : 14.00629
INFO:root:accumulate return : 13.79953
INFO:root:accumulate return : 14.18082
INFO:root:accumulate return : 14.08746
INFO:root:accumulate return : 14.15887
INFO:root:accumulate return : 13.87431
INFO:root:accumulate return : 14.18881
INFO:root:accumulate return : 14.06384
INFO:root:accumulate return : 14.17084
INFO:root:accumulate return : 13.88979
INFO:root:accumulate return : 13.78577
INFO:root:accumulate return : 13.92166
INFO:root:accumulate return : 14.16277
INFO:root:accumulate return : 14.03758
INFO:root:accumulate return : 13.9213
INFO:root:accumulate return : 14.02023
INFO:root:accumulate return : 14.24639
INFO:root:accumulate return : 13.92552
INFO:root:accumulate return : 13.88132
INFO:root:accumulate return : 14.23886
INFO:root:accumulate return : 14.06151
INFO:root:accumulate return : 14.03635
INFO:root:accumulate return : 14.05263
INFO:root:accumulate return : 14.10717
INFO:root:accumulate return : 14.22245
INFO:root:accumulate return : 14.12522
INFO:root:accumulate return : 14.35159
INFO:root:accumulate return : 14.03883
INFO:root:accumulate return : 14.02255
INFO:root:accumulate return : 14.06783
INFO:root:accumulate return : 14.0978
INFO:root:accumulate return : 13.98106
INFO:root:accumulate return : 14.09434
INFO:root:accumulate return : 14.21678
INFO:root:accumulate return : 13.97765
INFO:root:accumulate return : 14.11798
INFO:root:accumulate return : 14.002
INFO:root:accumulate return : 14.19313
INFO:root:accumulate return : 13.9908
INFO:root:accumulate return : 14.06231
INFO:root:accumulate return : 13.98546
INFO:root:accumulate return : 13.99308
INFO:root:accumulate return : 14.2307
INFO:root:accumulate return : 13.8774
INFO:root:accumulate return : 13.74055
INFO:root:accumulate return : 14.11413
INFO:root:accumulate return : 13.99701
INFO:root:accumulate return : 13.89301
INFO:root:accumulate return : 14.23565
INFO:root:accumulate return : 14.03476
INFO:root:accumulate return : 13.98611
INFO:root:accumulate return : 14.15607
INFO:root:accumulate return : 14.07923
INFO:root:accumulate return : 14.21739
INFO:root:accumulate return : 14.04474
INFO:root:accumulate return : 14.02991
INFO:root:accumulate return : 14.23091
INFO:root:accumulate return : 14.14808
INFO:root:accumulate return : 14.14411
INFO:root:accumulate return : 14.14008
INFO:root:accumulate return : 14.10622
INFO:root:accumulate return : 13.91217
INFO:root:accumulate return : 14.00343
INFO:root:accumulate return : 14.10945
INFO:root:accumulate return : 14.20438
INFO:root:accumulate return : 14.09769
INFO:root:accumulate return : 14.11331
INFO:root:accumulate return : 14.20417
INFO:root:accumulate return : 14.01022
INFO:root:accumulate return : 14.27107
INFO:root:accumulate return : 14.11344
INFO:root:accumulate return : 14.11429
INFO:root:accumulate return : 14.07605
INFO:root:accumulate return : 14.11118
INFO:root:accumulate return : 14.08442
INFO:root:accumulate return : 14.03211
INFO:root:accumulate return : 13.88367
INFO:root:accumulate return : 14.16773
INFO:root:accumulate return : 14.06673
INFO:root:accumulate return : 14.0475
INFO:root:accumulate return : 14.29918
INFO:root:accumulate return : 14.34918
INFO:root:accumulate return : 14.19629
INFO:root:accumulate return : 14.05619
INFO:root:accumulate return : 14.20267
INFO:root:accumulate return : 13.99628
INFO:root:accumulate return : 13.96582
INFO:root:accumulate return : 14.24767
INFO:root:accumulate return : 14.14508
INFO:root:accumulate return : 14.30227
INFO:root:accumulate return : 13.96317
INFO:root:accumulate return : 14.27244
INFO:root:accumulate return : 14.09173
INFO:root:accumulate return : 13.96947
INFO:root:accumulate return : 14.06282
INFO:root:accumulate return : 14.01552
INFO:root:accumulate return : 14.1427
INFO:root:accumulate return : 14.14995
INFO:root:accumulate return : 14.15339
INFO:root:accumulate return : 14.06356
INFO:root:accumulate return : 14.19981
INFO:root:accumulate return : 14.22276
INFO:root:accumulate return : 14.12876
INFO:root:accumulate return : 13.963
INFO:root:accumulate return : 14.06083
INFO:root:accumulate return : 14.05539
INFO:root:accumulate return : 14.38039
INFO:root:accumulate return : 14.31309
INFO:root:accumulate return : 14.16992
INFO:root:accumulate return : 14.195
INFO:root:accumulate return : 14.22196
INFO:root:accumulate return : 14.26229
INFO:root:accumulate return : 14.25356
INFO:root:accumulate return : 14.09129
INFO:root:accumulate return : 14.16316
INFO:root:accumulate return : 14.08056
INFO:root:accumulate return : 14.34273
INFO:root:accumulate return : 14.13776
INFO:root:accumulate return : 14.09604
INFO:root:accumulate return : 14.31845
INFO:root:accumulate return : 13.79126
INFO:root:accumulate return : 14.15488
INFO:root:accumulate return : 13.99314
INFO:root:accumulate return : 14.21157
INFO:root:accumulate return : 14.0978
INFO:root:accumulate return : 14.22913
INFO:root:accumulate return : 14.12379
INFO:root:accumulate return : 14.23236
INFO:root:accumulate return : 14.08349
INFO:root:accumulate return : 14.26266
INFO:root:accumulate return : 14.22471
INFO:root:accumulate return : 14.07512
INFO:root:accumulate return : 14.02227
INFO:root:accumulate return : 14.20323
INFO:root:accumulate return : 14.16063
INFO:root:accumulate return : 14.07585
INFO:root:accumulate return : 14.17694
INFO:root:accumulate return : 14.23847
INFO:root:accumulate return : 14.24872
INFO:root:accumulate return : 14.13906
INFO:root:accumulate return : 14.2433
INFO:root:accumulate return : 14.1855
INFO:root:accumulate return : 14.13633
INFO:root:accumulate return : 14.06423
INFO:root:accumulate return : 13.99069
INFO:root:accumulate return : 14.1303
INFO:root:accumulate return : 14.30797
INFO:root:accumulate return : 13.92132
INFO:root:accumulate return : 14.14538
INFO:root:accumulate return : 14.18054
INFO:root:accumulate return : 14.2629
INFO:root:accumulate return : 14.24142
INFO:root:accumulate return : 14.14645
INFO:root:accumulate return : 14.26418
INFO:root:accumulate return : 14.13201
INFO:root:accumulate return : 14.11698
INFO:root:accumulate return : 14.29585
INFO:root:accumulate return : 14.12569
INFO:root:accumulate return : 14.28193
INFO:root:accumulate return : 14.0892
INFO:root:accumulate return : 14.30032
INFO:root:accumulate return : 14.19393
INFO:root:accumulate return : 14.36985
INFO:root:accumulate return : 14.05621
INFO:root:accumulate return : 14.34197
INFO:root:accumulate return : 14.12029
INFO:root:accumulate return : 14.33776
INFO:root:accumulate return : 14.1169
INFO:root:accumulate return : 14.11433
INFO:root:accumulate return : 14.26687
INFO:root:accumulate return : 14.31229
INFO:root:accumulate return : 14.4292
INFO:root:accumulate return : 14.28406
INFO:root:accumulate return : 14.02283
INFO:root:accumulate return : 14.13448
INFO:root:accumulate return : 14.06001
INFO:root:accumulate return : 14.31581
INFO:root:accumulate return : 14.29772
INFO:root:accumulate return : 14.17709
INFO:root:accumulate return : 14.36065
INFO:root:accumulate return : 14.45681
INFO:root:accumulate return : 14.43976
INFO:root:accumulate return : 14.26645
INFO:root:accumulate return : 14.40544
INFO:root:accumulate return : 14.15415
INFO:root:accumulate return : 14.06774
INFO:root:accumulate return : 13.88442
INFO:root:accumulate return : 14.13351
INFO:root:accumulate return : 14.07689
INFO:root:accumulate return : 14.15841
INFO:root:accumulate return : 14.09601
INFO:root:accumulate return : 14.15502
INFO:root:accumulate return : 13.97693
INFO:root:accumulate return : 14.4214
INFO:root:accumulate return : 14.33196
INFO:root:accumulate return : 14.24291
INFO:root:accumulate return : 14.39877
INFO:root:accumulate return : 14.28628
INFO:root:accumulate return : 14.16137
INFO:root:accumulate return : 14.23548
INFO:root:accumulate return : 14.26566
INFO:root:accumulate return : 14.13143
INFO:root:accumulate return : 14.47049
INFO:root:accumulate return : 14.17019
INFO:root:accumulate return : 14.28766
INFO:root:accumulate return : 14.30643
INFO:root:accumulate return : 13.99442
INFO:root:accumulate return : 14.13538
INFO:root:accumulate return : 14.34232
INFO:root:accumulate return : 13.91509
INFO:root:accumulate return : 14.301
INFO:root:accumulate return : 13.9665
INFO:root:accumulate return : 14.26711
INFO:root:accumulate return : 14.5108
INFO:root:accumulate return : 14.12846
INFO:root:accumulate return : 14.29934
INFO:root:accumulate return : 14.09049
INFO:root:accumulate return : 14.21621
INFO:root:accumulate return : 14.17037
INFO:root:accumulate return : 14.23399
INFO:root:accumulate return : 14.24511
INFO:root:accumulate return : 14.34771
INFO:root:accumulate return : 14.11284
INFO:root:accumulate return : 14.17752
INFO:root:accumulate return : 14.33515
INFO:root:accumulate return : 14.16911
INFO:root:accumulate return : 14.08666
INFO:root:accumulate return : 14.41463
INFO:root:accumulate return : 14.3079
INFO:root:accumulate return : 14.08129
INFO:root:accumulate return : 14.20701
INFO:root:accumulate return : 13.96529
INFO:root:accumulate return : 14.29555
INFO:root:accumulate return : 14.17919
INFO:root:accumulate return : 14.1674
INFO:root:accumulate return : 14.39477
INFO:root:accumulate return : 14.23906
INFO:root:accumulate return : 14.14684
INFO:root:accumulate return : 14.08313
INFO:root:accumulate return : 14.24386
INFO:root:accumulate return : 14.3082
INFO:root:accumulate return : 14.27377
INFO:root:accumulate return : 14.28931
INFO:root:accumulate return : 14.21903
INFO:root:accumulate return : 14.1645
INFO:root:accumulate return : 14.13505
INFO:root:accumulate return : 14.2956
INFO:root:accumulate return : 14.36268
INFO:root:accumulate return : 14.03379
INFO:root:accumulate return : 14.40322
INFO:root:accumulate return : 14.27259
INFO:root:accumulate return : 14.21126
INFO:root:accumulate return : 14.08211
INFO:root:accumulate return : 14.12991
INFO:root:accumulate return : 14.26733
INFO:root:accumulate return : 14.2414
INFO:root:accumulate return : 14.08986
INFO:root:accumulate return : 14.32587
INFO:root:accumulate return : 14.25715
INFO:root:accumulate return : 14.22939
INFO:root:accumulate return : 14.13505
INFO:root:accumulate return : 14.25395
INFO:root:accumulate return : 14.26237
INFO:root:accumulate return : 14.33412
INFO:root:accumulate return : 14.3971
INFO:root:accumulate return : 14.11448
INFO:root:accumulate return : 14.1688
INFO:root:accumulate return : 14.028
INFO:root:accumulate return : 14.09739
INFO:root:accumulate return : 13.87657
INFO:root:accumulate return : 13.88363
INFO:root:accumulate return : 14.36652
INFO:root:accumulate return : 14.1542
INFO:root:accumulate return : 14.14108
INFO:root:accumulate return : 13.80394
INFO:root:accumulate return : 14.19816
INFO:root:accumulate return : 14.28156
INFO:root:accumulate return : 14.36306
INFO:root:accumulate return : 14.10142
INFO:root:accumulate return : 14.16257
INFO:root:accumulate return : 14.17397
INFO:root:accumulate return : 13.99781
INFO:root:accumulate return : 14.03856
INFO:root:accumulate return : 14.21413
INFO:root:accumulate return : 13.98967
INFO:root:accumulate return : 14.33447
INFO:root:accumulate return : 14.17611
INFO:root:accumulate return : 14.22771
INFO:root:accumulate return : 14.07331
INFO:root:accumulate return : 14.26429
INFO:root:accumulate return : 14.08831
INFO:root:accumulate return : 14.02755
INFO:root:accumulate return : 14.26896
INFO:root:accumulate return : 14.26286
INFO:root:accumulate return : 14.21591
INFO:root:accumulate return : 14.0663
INFO:root:accumulate return : 14.2413
INFO:root:accumulate return : 14.13986
INFO:root:accumulate return : 14.19915
INFO:root:accumulate return : 14.36469
INFO:root:accumulate return : 14.20282
INFO:root:accumulate return : 14.23183
INFO:root:accumulate return : 14.25586
INFO:root:accumulate return : 14.30022
INFO:root:accumulate return : 14.29929
INFO:root:accumulate return : 14.00354
INFO:root:accumulate return : 14.00671
INFO:root:accumulate return : 14.14438
INFO:root:accumulate return : 14.42778
INFO:root:accumulate return : 14.12433
INFO:root:accumulate return : 14.00671
INFO:root:accumulate return : 14.38618
INFO:root:accumulate return : 14.04771
INFO:root:accumulate return : 14.10416
INFO:root:accumulate return : 14.03581
INFO:root:accumulate return : 14.12136
INFO:root:accumulate return : 14.05056
INFO:root:accumulate return : 13.87801
INFO:root:accumulate return : 14.1906
INFO:root:accumulate return : 14.10675
INFO:root:accumulate return : 14.08657
INFO:root:accumulate return : 14.17182
INFO:root:accumulate return : 14.35783
INFO:root:accumulate return : 14.53362
INFO:root:accumulate return : 14.19171
INFO:root:accumulate return : 14.36432
INFO:root:accumulate return : 14.26884
INFO:root:accumulate return : 14.28831
INFO:root:accumulate return : 14.15477
INFO:root:accumulate return : 14.28138
INFO:root:accumulate return : 14.19831
INFO:root:accumulate return : 14.20383
INFO:root:accumulate return : 14.27015
INFO:root:accumulate return : 14.05855
INFO:root:accumulate return : 14.43309
INFO:root:accumulate return : 14.05969
INFO:root:accumulate return : 14.11729
INFO:root:accumulate return : 14.29745
INFO:root:accumulate return : 14.17653
INFO:root:accumulate return : 14.27178
INFO:root:accumulate return : 14.26226
INFO:root:accumulate return : 14.30619
INFO:root:accumulate return : 14.29529
INFO:root:accumulate return : 14.60792
INFO:root:accumulate return : 14.29388
INFO:root:accumulate return : 14.29021
INFO:root:accumulate return : 14.32672
INFO:root:accumulate return : 14.22252
INFO:root:accumulate return : 14.18751
INFO:root:accumulate return : 14.16272
INFO:root:accumulate return : 14.24504
INFO:root:accumulate return : 14.40301
INFO:root:accumulate return : 14.27677
INFO:root:accumulate return : 14.0168
INFO:root:accumulate return : 13.95715
INFO:root:accumulate return : 14.24975
INFO:root:accumulate return : 14.09448
INFO:root:accumulate return : 14.15303
INFO:root:accumulate return : 14.03828
INFO:root:accumulate return : 14.23044
INFO:root:accumulate return : 14.26222
INFO:root:accumulate return : 14.11336
INFO:root:accumulate return : 14.23751
INFO:root:accumulate return : 14.19557
INFO:root:accumulate return : 14.13918
INFO:root:accumulate return : 14.23802
INFO:root:accumulate return : 14.39097
INFO:root:accumulate return : 14.46868
INFO:root:accumulate return : 14.32884
INFO:root:accumulate return : 14.09979
INFO:root:accumulate return : 14.32801
INFO:root:accumulate return : 13.93239
INFO:root:accumulate return : 14.38827
INFO:root:accumulate return : 14.13629
INFO:root:accumulate return : 13.97798
INFO:root:accumulate return : 14.19378
INFO:root:accumulate return : 14.29717
INFO:root:accumulate return : 14.1976
INFO:root:accumulate return : 14.29915
INFO:root:accumulate return : 14.12296
INFO:root:accumulate return : 14.51235
INFO:root:accumulate return : 14.15485
INFO:root:accumulate return : 14.24465
INFO:root:accumulate return : 14.36262
INFO:root:accumulate return : 14.01252
INFO:root:accumulate return : 14.09987
INFO:root:accumulate return : 14.1771
INFO:root:accumulate return : 14.24122
INFO:root:accumulate return : 14.15391
INFO:root:accumulate return : 14.29121
INFO:root:accumulate return : 14.12792
INFO:root:accumulate return : 14.23152
INFO:root:accumulate return : 14.18154
INFO:root:accumulate return : 14.28784
INFO:root:accumulate return : 14.17933
INFO:root:accumulate return : 14.20135
INFO:root:accumulate return : 14.09167
INFO:root:accumulate return : 14.27245
INFO:root:accumulate return : 14.13863
INFO:root:accumulate return : 14.13401
INFO:root:accumulate return : 14.10019
INFO:root:accumulate return : 14.17358
INFO:root:accumulate return : 14.15059
INFO:root:accumulate return : 14.26344
INFO:root:accumulate return : 14.18312
INFO:root:accumulate return : 14.19624
INFO:root:accumulate return : 14.12054
INFO:root:accumulate return : 13.99856
INFO:root:accumulate return : 14.11348
INFO:root:accumulate return : 14.15945
INFO:root:accumulate return : 13.97984
INFO:root:accumulate return : 14.18632
INFO:root:accumulate return : 14.15182
INFO:root:accumulate return : 14.10486
INFO:root:accumulate return : 14.10378
INFO:root:accumulate return : 14.1929
INFO:root:accumulate return : 14.26254
INFO:root:accumulate return : 14.10851
INFO:root:accumulate return : 14.3281
INFO:root:accumulate return : 13.99289
INFO:root:accumulate return : 14.21496
INFO:root:accumulate return : 14.32696
INFO:root:Processing time : 11.5494444444 hours
