INFO:root:Version : 7
INFO:root:Time start : 2016-06-04-11-22-02
INFO:root:Input data :GBPUSD240.csv
INFO:root:Parameter setting :
INFO:root:epsilon = 0.1
INFO:root:transaction_cost = 0.0005
INFO:root:epoch =1000
INFO:root:max_memory = 1000000
INFO:root:batch_size = 200
INFO:root:look back term = 300
INFO:root:hidden_size = 600
INFO:root:training period = 50 ~ 10050
INFO:root:learning rate = 0.1
INFO:root:discount rate = 9e-06
INFO:root:step_size = 10
INFO:root:activation function = relu
INFO:root:accumulate return : -4.0213
INFO:root:accumulate return : -3.9386
INFO:root:accumulate return : -3.871
INFO:root:accumulate return : -4.1411
INFO:root:accumulate return : -3.9295
INFO:root:accumulate return : -3.8048
INFO:root:accumulate return : -4.1423
INFO:root:accumulate return : -3.9844
INFO:root:accumulate return : -3.8204
INFO:root:accumulate return : -4.1259
INFO:root:accumulate return : -0.2537
INFO:root:accumulate return : -0.4203
INFO:root:accumulate return : -0.3366
INFO:root:accumulate return : -0.5048
INFO:root:accumulate return : -0.2591
INFO:root:accumulate return : -0.2566
INFO:root:accumulate return : -0.4327
INFO:root:accumulate return : -0.2925
INFO:root:accumulate return : -0.064
INFO:root:accumulate return : -0.3734
INFO:root:accumulate return : 0.9471
INFO:root:accumulate return : 0.7223
INFO:root:accumulate return : 0.5234
INFO:root:accumulate return : 0.5834
INFO:root:accumulate return : 0.5008
INFO:root:accumulate return : 0.8083
INFO:root:accumulate return : 0.538
INFO:root:accumulate return : 0.8221
INFO:root:accumulate return : 0.5561
INFO:root:accumulate return : 0.4406
INFO:root:accumulate return : 0.8619
INFO:root:accumulate return : 0.9972
INFO:root:accumulate return : 0.7184
INFO:root:accumulate return : 0.8319
INFO:root:accumulate return : 0.856
INFO:root:accumulate return : 1.1065
INFO:root:accumulate return : 0.8698
INFO:root:accumulate return : 0.8339
INFO:root:accumulate return : 1.1914
INFO:root:accumulate return : 0.832
INFO:root:accumulate return : 1.3271
INFO:root:accumulate return : 1.2627
INFO:root:accumulate return : 1.1978
INFO:root:accumulate return : 1.4195
INFO:root:accumulate return : 1.0424
INFO:root:accumulate return : 1.3966
INFO:root:accumulate return : 1.5687
INFO:root:accumulate return : 1.2521
INFO:root:accumulate return : 1.3591
INFO:root:accumulate return : 1.2862
INFO:root:accumulate return : 1.3982
INFO:root:accumulate return : 1.2987
INFO:root:accumulate return : 1.22
INFO:root:accumulate return : 1.2355
INFO:root:accumulate return : 1.187
INFO:root:accumulate return : 1.3453
INFO:root:accumulate return : 1.3153
INFO:root:accumulate return : 1.4004
INFO:root:accumulate return : 1.4626
INFO:root:accumulate return : 1.2
INFO:root:accumulate return : 1.5445
INFO:root:accumulate return : 1.5866
INFO:root:accumulate return : 1.5794
INFO:root:accumulate return : 1.5454
INFO:root:accumulate return : 1.5707
INFO:root:accumulate return : 1.4761
INFO:root:accumulate return : 1.7063
INFO:root:accumulate return : 1.5344
INFO:root:accumulate return : 1.5633
INFO:root:accumulate return : 1.5039
INFO:root:accumulate return : 1.7572
INFO:root:accumulate return : 1.6026
INFO:root:accumulate return : 1.7686
INFO:root:accumulate return : 1.7694
INFO:root:accumulate return : 1.7316
INFO:root:accumulate return : 1.7916
INFO:root:accumulate return : 1.9142
INFO:root:accumulate return : 1.7862
INFO:root:accumulate return : 1.7438
INFO:root:accumulate return : 1.5132
INFO:root:accumulate return : 1.8604
INFO:root:accumulate return : 1.718
INFO:root:accumulate return : 1.8953
INFO:root:accumulate return : 1.8189
INFO:root:accumulate return : 1.9301
INFO:root:accumulate return : 1.7294
INFO:root:accumulate return : 1.816
INFO:root:accumulate return : 1.9307
INFO:root:accumulate return : 1.9337
INFO:root:accumulate return : 2.0055
INFO:root:accumulate return : 1.8843
INFO:root:accumulate return : 1.7111
INFO:root:accumulate return : 1.8177
INFO:root:accumulate return : 1.8087
INFO:root:accumulate return : 2.1284
INFO:root:accumulate return : 2.1691
INFO:root:accumulate return : 1.824
INFO:root:accumulate return : 1.9818
INFO:root:accumulate return : 1.9318
INFO:root:accumulate return : 1.9597
INFO:root:accumulate return : 1.626
INFO:root:accumulate return : 2.1057
INFO:root:accumulate return : 2.098
INFO:root:accumulate return : 1.9769
INFO:root:accumulate return : 2.0831
INFO:root:accumulate return : 1.8514
INFO:root:accumulate return : 1.8341
INFO:root:accumulate return : 1.7406
INFO:root:accumulate return : 1.8504
INFO:root:accumulate return : 1.9172
INFO:root:accumulate return : 1.8694
INFO:root:accumulate return : 1.9557
INFO:root:accumulate return : 1.4939
INFO:root:accumulate return : 1.7239
INFO:root:accumulate return : 1.8294
INFO:root:accumulate return : 2.0162
INFO:root:accumulate return : 1.8392
INFO:root:accumulate return : 2.1467
INFO:root:accumulate return : 2.0094
INFO:root:accumulate return : 1.6485
INFO:root:accumulate return : 2.1907
INFO:root:accumulate return : 1.9761
INFO:root:accumulate return : 2.2568
INFO:root:accumulate return : 2.0887
INFO:root:accumulate return : 2.1569
INFO:root:accumulate return : 2.1787
INFO:root:accumulate return : 2.1373
INFO:root:accumulate return : 2.2961
INFO:root:accumulate return : 2.0254
INFO:root:accumulate return : 2.3226
INFO:root:accumulate return : 2.2993
INFO:root:accumulate return : 2.2907
INFO:root:accumulate return : 2.233
INFO:root:accumulate return : 2.0438
INFO:root:accumulate return : 2.2073
INFO:root:accumulate return : 1.9519
INFO:root:accumulate return : 2.2643
INFO:root:accumulate return : 2.0234
INFO:root:accumulate return : 2.2642
INFO:root:accumulate return : 2.0749
INFO:root:accumulate return : 2.352
INFO:root:accumulate return : 2.1999
INFO:root:accumulate return : 2.1018
INFO:root:accumulate return : 2.2106
INFO:root:accumulate return : 2.3496
INFO:root:accumulate return : 2.1093
INFO:root:accumulate return : 2.2861
INFO:root:accumulate return : 2.2072
INFO:root:accumulate return : 2.0502
INFO:root:accumulate return : 2.2682
INFO:root:accumulate return : 2.3963
INFO:root:accumulate return : 2.5643
INFO:root:accumulate return : 2.2608
INFO:root:accumulate return : 2.3461
INFO:root:accumulate return : 2.3469
INFO:root:accumulate return : 2.2827
INFO:root:accumulate return : 2.7517
INFO:root:accumulate return : 2.3544
INFO:root:accumulate return : 2.437
INFO:root:accumulate return : 2.6484
INFO:root:accumulate return : 2.1735
INFO:root:accumulate return : 2.2228
INFO:root:accumulate return : 2.3861
INFO:root:accumulate return : 2.219
INFO:root:accumulate return : 2.1811
INFO:root:accumulate return : 2.1501
INFO:root:accumulate return : 2.5437
INFO:root:accumulate return : 2.3266
INFO:root:accumulate return : 2.1298
INFO:root:accumulate return : 2.2205
INFO:root:accumulate return : 2.2228
INFO:root:accumulate return : 2.5229
INFO:root:accumulate return : 2.6348
INFO:root:accumulate return : 2.4482
INFO:root:accumulate return : 2.4405
INFO:root:accumulate return : 2.5403
INFO:root:accumulate return : 2.5006
INFO:root:accumulate return : 2.5204
INFO:root:accumulate return : 2.4998
INFO:root:accumulate return : 2.6551
INFO:root:accumulate return : 2.9282
INFO:root:accumulate return : 2.6497
INFO:root:accumulate return : 2.8043
INFO:root:accumulate return : 2.5295
INFO:root:accumulate return : 2.3808
INFO:root:accumulate return : 2.6206
INFO:root:accumulate return : 2.4199
INFO:root:accumulate return : 2.3422
INFO:root:accumulate return : 2.609
INFO:root:accumulate return : 2.6153
INFO:root:accumulate return : 2.3325
INFO:root:accumulate return : 2.7106
INFO:root:accumulate return : 2.6589
INFO:root:accumulate return : 2.5517
INFO:root:accumulate return : 2.3428
INFO:root:accumulate return : 2.7336
INFO:root:accumulate return : 2.5788
INFO:root:accumulate return : 2.5754
INFO:root:accumulate return : 2.5412
INFO:root:accumulate return : 2.6295
INFO:root:accumulate return : 2.7712
INFO:root:accumulate return : 2.6342
INFO:root:accumulate return : 2.9047
INFO:root:accumulate return : 2.9999
INFO:root:accumulate return : 2.6695
INFO:root:accumulate return : 2.805
INFO:root:accumulate return : 2.8476
INFO:root:accumulate return : 2.9097
INFO:root:accumulate return : 2.8609
INFO:root:accumulate return : 2.7279
INFO:root:accumulate return : 2.9576
INFO:root:accumulate return : 2.864
INFO:root:accumulate return : 2.6687
INFO:root:accumulate return : 3.2663
INFO:root:accumulate return : 3.0394
INFO:root:accumulate return : 2.9081
INFO:root:accumulate return : 2.93
INFO:root:accumulate return : 2.7891
INFO:root:accumulate return : 2.9973
INFO:root:accumulate return : 3.1338
INFO:root:accumulate return : 2.9146
INFO:root:accumulate return : 3.1133
INFO:root:accumulate return : 2.8666
INFO:root:accumulate return : 2.7712
INFO:root:accumulate return : 2.9413
INFO:root:accumulate return : 3.0172
INFO:root:accumulate return : 3.0411
INFO:root:accumulate return : 2.789
INFO:root:accumulate return : 3.1088
INFO:root:accumulate return : 3.0181
INFO:root:accumulate return : 2.8088
INFO:root:accumulate return : 2.7785
INFO:root:accumulate return : 2.8557
INFO:root:accumulate return : 2.7726
INFO:root:accumulate return : 2.7338
INFO:root:accumulate return : 2.7325
INFO:root:accumulate return : 2.8373
INFO:root:accumulate return : 3.0144
INFO:root:accumulate return : 3.0033
INFO:root:accumulate return : 2.9189
INFO:root:accumulate return : 3.3661
INFO:root:accumulate return : 3.271
INFO:root:accumulate return : 2.9791
INFO:root:accumulate return : 2.9462
INFO:root:accumulate return : 3.0045
INFO:root:accumulate return : 3.0864
INFO:root:accumulate return : 3.0221
INFO:root:accumulate return : 3.1711
INFO:root:accumulate return : 2.9032
INFO:root:accumulate return : 3.1415
INFO:root:accumulate return : 2.7261
INFO:root:accumulate return : 3.1121
INFO:root:accumulate return : 3.1247
INFO:root:accumulate return : 3.1799
INFO:root:accumulate return : 3.2522
INFO:root:accumulate return : 3.0389
INFO:root:accumulate return : 3.0753
INFO:root:accumulate return : 3.0861
INFO:root:accumulate return : 2.8439
INFO:root:accumulate return : 3.0695
INFO:root:accumulate return : 3.1913
INFO:root:accumulate return : 3.0684
INFO:root:accumulate return : 2.9989
INFO:root:accumulate return : 3.1179
INFO:root:accumulate return : 3.188
INFO:root:accumulate return : 2.7774
INFO:root:accumulate return : 2.9749
INFO:root:accumulate return : 3.273
INFO:root:accumulate return : 2.9365
INFO:root:accumulate return : 3.2939
INFO:root:accumulate return : 3.1375
INFO:root:accumulate return : 3.1744
INFO:root:accumulate return : 3.1785
INFO:root:accumulate return : 3.1599
INFO:root:accumulate return : 3.1394
INFO:root:accumulate return : 3.1807
INFO:root:accumulate return : 3.2531
INFO:root:accumulate return : 3.0596
INFO:root:accumulate return : 3.6322
INFO:root:accumulate return : 3.3295
INFO:root:accumulate return : 3.0571
INFO:root:accumulate return : 3.1119
INFO:root:accumulate return : 3.3426
INFO:root:accumulate return : 3.4492
INFO:root:accumulate return : 3.2281
INFO:root:accumulate return : 3.0065
INFO:root:accumulate return : 3.3675
INFO:root:accumulate return : 3.5444
INFO:root:accumulate return : 3.3359
INFO:root:accumulate return : 3.0932
INFO:root:accumulate return : 2.9612
INFO:root:accumulate return : 3.2888
INFO:root:accumulate return : 3.3956
INFO:root:accumulate return : 3.3122
INFO:root:accumulate return : 3.4279
INFO:root:accumulate return : 3.4008
INFO:root:accumulate return : 3.3912
INFO:root:accumulate return : 3.3143
INFO:root:accumulate return : 3.2208
INFO:root:accumulate return : 3.4027
INFO:root:accumulate return : 3.554
INFO:root:accumulate return : 3.3933
INFO:root:accumulate return : 3.4011
INFO:root:accumulate return : 3.5354
INFO:root:accumulate return : 3.494
INFO:root:accumulate return : 3.352
INFO:root:accumulate return : 3.7091
INFO:root:accumulate return : 3.4374
INFO:root:accumulate return : 3.4314
INFO:root:accumulate return : 3.3678
INFO:root:accumulate return : 3.4049
INFO:root:accumulate return : 3.5938
INFO:root:accumulate return : 3.6369
INFO:root:accumulate return : 3.2228
INFO:root:accumulate return : 3.7733
INFO:root:accumulate return : 3.4199
INFO:root:accumulate return : 3.5657
INFO:root:accumulate return : 3.6158
INFO:root:accumulate return : 3.5401
INFO:root:accumulate return : 3.5784
INFO:root:accumulate return : 3.6322
INFO:root:accumulate return : 3.4466
INFO:root:accumulate return : 3.5445
INFO:root:accumulate return : 3.3818
INFO:root:accumulate return : 3.4058
INFO:root:accumulate return : 3.6387
INFO:root:accumulate return : 3.7389
INFO:root:accumulate return : 3.6797
INFO:root:accumulate return : 3.5158
INFO:root:accumulate return : 3.6071
INFO:root:accumulate return : 3.5871
INFO:root:accumulate return : 3.5809
INFO:root:accumulate return : 3.7842
INFO:root:accumulate return : 3.4861
INFO:root:accumulate return : 3.571
INFO:root:accumulate return : 3.5057
INFO:root:accumulate return : 3.3232
INFO:root:accumulate return : 3.5186
INFO:root:accumulate return : 3.442
INFO:root:accumulate return : 3.5435
INFO:root:accumulate return : 3.2627
INFO:root:accumulate return : 3.6096
INFO:root:accumulate return : 3.6232
INFO:root:accumulate return : 3.6571
INFO:root:accumulate return : 3.6959
INFO:root:accumulate return : 3.7045
INFO:root:accumulate return : 3.7058
INFO:root:accumulate return : 3.8529
INFO:root:accumulate return : 3.5689
INFO:root:accumulate return : 3.6623
INFO:root:accumulate return : 3.4823
INFO:root:accumulate return : 3.3406
INFO:root:accumulate return : 3.295
INFO:root:accumulate return : 3.5026
INFO:root:accumulate return : 3.5158
INFO:root:accumulate return : 3.4548
INFO:root:accumulate return : 3.5674
INFO:root:accumulate return : 3.7976
INFO:root:accumulate return : 3.5206
INFO:root:accumulate return : 3.5079
INFO:root:accumulate return : 3.7128
INFO:root:accumulate return : 3.9265
INFO:root:accumulate return : 3.6579
INFO:root:accumulate return : 4.011
INFO:root:accumulate return : 3.6164
INFO:root:accumulate return : 3.6513
INFO:root:accumulate return : 3.7477
INFO:root:accumulate return : 3.9477
INFO:root:accumulate return : 3.8718
INFO:root:accumulate return : 3.7353
INFO:root:accumulate return : 3.688
INFO:root:accumulate return : 3.6608
INFO:root:accumulate return : 3.8449
INFO:root:accumulate return : 3.7844
INFO:root:accumulate return : 3.9369
INFO:root:accumulate return : 3.5891
INFO:root:accumulate return : 3.7657
INFO:root:accumulate return : 3.7769
INFO:root:accumulate return : 3.8678
INFO:root:accumulate return : 3.9097
INFO:root:accumulate return : 4.0662
INFO:root:accumulate return : 3.7922
INFO:root:accumulate return : 3.9904
INFO:root:accumulate return : 3.7734
INFO:root:accumulate return : 3.9573
INFO:root:accumulate return : 3.6147
INFO:root:accumulate return : 3.7513
INFO:root:accumulate return : 3.6149
INFO:root:accumulate return : 3.709
INFO:root:accumulate return : 3.7768
INFO:root:accumulate return : 3.8826
INFO:root:accumulate return : 3.9068
INFO:root:accumulate return : 3.9553
INFO:root:accumulate return : 3.9547
INFO:root:accumulate return : 3.7847
INFO:root:accumulate return : 3.9266
INFO:root:accumulate return : 3.6607
INFO:root:accumulate return : 3.7044
INFO:root:accumulate return : 4.0916
INFO:root:accumulate return : 3.8014
INFO:root:accumulate return : 3.5776
INFO:root:accumulate return : 3.5824
INFO:root:accumulate return : 3.9093
INFO:root:accumulate return : 3.4389
INFO:root:accumulate return : 3.8809
INFO:root:accumulate return : 3.6959
INFO:root:accumulate return : 3.5391
INFO:root:accumulate return : 3.6497
INFO:root:accumulate return : 3.6584
INFO:root:accumulate return : 3.7356
INFO:root:accumulate return : 4.0261
INFO:root:accumulate return : 3.8743
INFO:root:accumulate return : 3.6604
INFO:root:accumulate return : 3.953
INFO:root:accumulate return : 3.9374
INFO:root:accumulate return : 3.9038
INFO:root:accumulate return : 3.9101
INFO:root:accumulate return : 3.6909
INFO:root:accumulate return : 3.5874
INFO:root:accumulate return : 3.8024
INFO:root:accumulate return : 3.9341
INFO:root:accumulate return : 4.0041
INFO:root:accumulate return : 3.9215
INFO:root:accumulate return : 3.9001
INFO:root:accumulate return : 4.0042
INFO:root:accumulate return : 3.7949
INFO:root:accumulate return : 3.8693
INFO:root:accumulate return : 3.9153
INFO:root:accumulate return : 3.9666
INFO:root:accumulate return : 3.7995
INFO:root:accumulate return : 3.9305
INFO:root:accumulate return : 3.9181
INFO:root:accumulate return : 3.9734
INFO:root:accumulate return : 4.0554
INFO:root:accumulate return : 3.8068
INFO:root:accumulate return : 3.5258
INFO:root:accumulate return : 3.9389
INFO:root:accumulate return : 4.0147
INFO:root:accumulate return : 3.9693
INFO:root:accumulate return : 3.9946
INFO:root:accumulate return : 3.9665
INFO:root:accumulate return : 3.995
INFO:root:accumulate return : 4.0049
INFO:root:accumulate return : 3.8826
INFO:root:accumulate return : 3.8675
INFO:root:accumulate return : 3.9988
INFO:root:accumulate return : 4.0444
INFO:root:accumulate return : 4.2059
INFO:root:accumulate return : 3.8933
INFO:root:accumulate return : 3.9837
INFO:root:accumulate return : 3.7865
INFO:root:accumulate return : 3.7991
INFO:root:accumulate return : 3.883
INFO:root:accumulate return : 3.8433
INFO:root:accumulate return : 4.0117
INFO:root:accumulate return : 4.0017
INFO:root:accumulate return : 3.9917
INFO:root:accumulate return : 3.7924
INFO:root:accumulate return : 3.9591
INFO:root:accumulate return : 3.7237
INFO:root:accumulate return : 4.0095
INFO:root:accumulate return : 3.792
INFO:root:accumulate return : 4.089
INFO:root:accumulate return : 4.1315
INFO:root:accumulate return : 4.1065
INFO:root:accumulate return : 4.0601
INFO:root:accumulate return : 4.0468
INFO:root:accumulate return : 4.0063
INFO:root:accumulate return : 4.215
INFO:root:accumulate return : 4.1505
INFO:root:accumulate return : 4.1438
INFO:root:accumulate return : 3.7506
INFO:root:accumulate return : 4.0619
INFO:root:accumulate return : 4.0825
INFO:root:accumulate return : 4.3474
INFO:root:accumulate return : 4.0943
INFO:root:accumulate return : 4.1189
INFO:root:accumulate return : 3.9055
INFO:root:accumulate return : 4.1116
INFO:root:accumulate return : 4.1887
INFO:root:accumulate return : 3.8198
INFO:root:accumulate return : 3.8371
INFO:root:accumulate return : 3.8655
INFO:root:accumulate return : 3.6898
INFO:root:accumulate return : 3.8302
INFO:root:accumulate return : 4.2439
INFO:root:accumulate return : 3.8601
INFO:root:accumulate return : 3.8819
INFO:root:accumulate return : 4.0632
INFO:root:accumulate return : 4.0072
INFO:root:accumulate return : 4.2111
INFO:root:accumulate return : 4.0712
INFO:root:accumulate return : 4.2399
INFO:root:accumulate return : 3.8728
INFO:root:accumulate return : 4.1523
INFO:root:accumulate return : 3.9963
INFO:root:accumulate return : 3.8494
INFO:root:accumulate return : 3.8806
INFO:root:accumulate return : 4.0463
INFO:root:accumulate return : 4.0832
INFO:root:accumulate return : 4.0734
INFO:root:accumulate return : 3.9313
INFO:root:accumulate return : 4.0757
INFO:root:accumulate return : 4.227
INFO:root:accumulate return : 4.1348
INFO:root:accumulate return : 4.1225
INFO:root:accumulate return : 4.3094
INFO:root:accumulate return : 3.9416
INFO:root:accumulate return : 4.0659
INFO:root:accumulate return : 4.1162
INFO:root:accumulate return : 4.1819
INFO:root:accumulate return : 4.1438
INFO:root:accumulate return : 4.0179
INFO:root:accumulate return : 4.151
INFO:root:accumulate return : 4.2604
INFO:root:accumulate return : 3.9556
INFO:root:accumulate return : 4.3411
INFO:root:accumulate return : 4.2627
INFO:root:accumulate return : 4.257
INFO:root:accumulate return : 4.281
INFO:root:accumulate return : 4.2489
INFO:root:accumulate return : 4.5083
INFO:root:accumulate return : 4.0991
INFO:root:accumulate return : 4.3618
INFO:root:accumulate return : 4.3963
INFO:root:accumulate return : 4.1264
INFO:root:accumulate return : 4.1421
INFO:root:accumulate return : 4.5341
INFO:root:accumulate return : 4.3749
INFO:root:accumulate return : 4.3843
INFO:root:accumulate return : 4.316
INFO:root:accumulate return : 4.245
INFO:root:accumulate return : 4.2899
INFO:root:accumulate return : 4.2925
INFO:root:accumulate return : 4.4772
INFO:root:accumulate return : 4.2871
INFO:root:accumulate return : 4.149
INFO:root:accumulate return : 4.1544
INFO:root:accumulate return : 4.1255
INFO:root:accumulate return : 4.2475
INFO:root:accumulate return : 3.9675
INFO:root:accumulate return : 4.3583
INFO:root:accumulate return : 4.2233
INFO:root:accumulate return : 4.1608
INFO:root:accumulate return : 4.4419
INFO:root:accumulate return : 4.0402
INFO:root:accumulate return : 4.302
INFO:root:accumulate return : 4.3591
INFO:root:accumulate return : 4.2
INFO:root:accumulate return : 4.4908
INFO:root:accumulate return : 4.4592
INFO:root:accumulate return : 4.2744
INFO:root:accumulate return : 4.0025
INFO:root:accumulate return : 4.0417
INFO:root:accumulate return : 4.2459
INFO:root:accumulate return : 4.3477
INFO:root:accumulate return : 4.144
INFO:root:accumulate return : 4.467
INFO:root:accumulate return : 4.0921
INFO:root:accumulate return : 4.2141
INFO:root:accumulate return : 4.5643
INFO:root:accumulate return : 4.4292
INFO:root:accumulate return : 4.4475
INFO:root:accumulate return : 4.3426
INFO:root:accumulate return : 4.1969
INFO:root:accumulate return : 4.496
INFO:root:accumulate return : 4.2536
INFO:root:accumulate return : 4.2316
INFO:root:accumulate return : 4.2324
INFO:root:accumulate return : 4.1663
INFO:root:accumulate return : 4.4626
INFO:root:accumulate return : 4.5586
INFO:root:accumulate return : 4.4697
INFO:root:accumulate return : 4.22
INFO:root:accumulate return : 4.6336
INFO:root:accumulate return : 4.366
INFO:root:accumulate return : 4.5963
INFO:root:accumulate return : 4.5067
INFO:root:accumulate return : 4.2072
INFO:root:accumulate return : 4.5544
INFO:root:accumulate return : 4.4413
INFO:root:accumulate return : 4.4922
INFO:root:accumulate return : 4.3554
INFO:root:accumulate return : 4.3489
INFO:root:accumulate return : 4.2609
INFO:root:accumulate return : 4.492
INFO:root:accumulate return : 4.4315
INFO:root:accumulate return : 4.4758
INFO:root:accumulate return : 4.4747
INFO:root:accumulate return : 4.3829
INFO:root:accumulate return : 4.1549
INFO:root:accumulate return : 4.3806
INFO:root:accumulate return : 4.5187
INFO:root:accumulate return : 4.4043
INFO:root:accumulate return : 4.5008
INFO:root:accumulate return : 4.7741
INFO:root:accumulate return : 4.3668
INFO:root:accumulate return : 4.5258
INFO:root:accumulate return : 4.33
INFO:root:accumulate return : 4.3454
INFO:root:accumulate return : 4.2386
INFO:root:accumulate return : 4.3483
INFO:root:accumulate return : 4.3155
INFO:root:accumulate return : 4.3193
INFO:root:accumulate return : 4.399
INFO:root:accumulate return : 4.6549
INFO:root:accumulate return : 4.408
INFO:root:accumulate return : 4.4888
INFO:root:accumulate return : 4.4236
INFO:root:accumulate return : 4.4099
INFO:root:accumulate return : 4.5918
INFO:root:accumulate return : 4.5461
INFO:root:accumulate return : 4.6473
INFO:root:accumulate return : 4.4842
INFO:root:accumulate return : 4.772
INFO:root:accumulate return : 4.4645
INFO:root:accumulate return : 4.4688
INFO:root:accumulate return : 4.7276
INFO:root:accumulate return : 4.5894
INFO:root:accumulate return : 4.6031
INFO:root:accumulate return : 4.5376
INFO:root:accumulate return : 4.3754
INFO:root:accumulate return : 4.469
INFO:root:accumulate return : 4.3308
INFO:root:accumulate return : 4.5454
INFO:root:accumulate return : 4.4424
INFO:root:accumulate return : 4.5911
INFO:root:accumulate return : 4.6207
INFO:root:accumulate return : 4.7475
INFO:root:accumulate return : 4.4064
INFO:root:accumulate return : 4.6299
INFO:root:accumulate return : 4.7375
INFO:root:accumulate return : 4.3972
INFO:root:accumulate return : 4.5823
INFO:root:accumulate return : 4.6226
INFO:root:accumulate return : 4.8111
INFO:root:accumulate return : 4.6153
INFO:root:accumulate return : 4.5551
INFO:root:accumulate return : 4.8529
INFO:root:accumulate return : 4.7973
INFO:root:accumulate return : 4.6159
INFO:root:accumulate return : 4.4766
INFO:root:accumulate return : 4.7606
INFO:root:accumulate return : 4.6472
INFO:root:accumulate return : 4.6138
INFO:root:accumulate return : 4.7777
INFO:root:accumulate return : 4.925
INFO:root:accumulate return : 4.6635
INFO:root:accumulate return : 4.7521
INFO:root:accumulate return : 4.7761
INFO:root:accumulate return : 4.9294
INFO:root:accumulate return : 4.7719
INFO:root:accumulate return : 4.582
INFO:root:accumulate return : 4.7071
INFO:root:accumulate return : 4.846
INFO:root:accumulate return : 4.6239
INFO:root:accumulate return : 4.7963
INFO:root:accumulate return : 4.848
INFO:root:accumulate return : 4.8511
INFO:root:accumulate return : 4.8288
INFO:root:accumulate return : 4.7882
INFO:root:accumulate return : 4.553
INFO:root:accumulate return : 4.5269
INFO:root:accumulate return : 4.6977
INFO:root:accumulate return : 4.5542
INFO:root:accumulate return : 4.7692
INFO:root:accumulate return : 4.5512
INFO:root:accumulate return : 4.9722
INFO:root:accumulate return : 4.5096
INFO:root:accumulate return : 4.7366
INFO:root:accumulate return : 4.7868
INFO:root:accumulate return : 4.6124
INFO:root:accumulate return : 5.1051
INFO:root:accumulate return : 5.0013
INFO:root:accumulate return : 4.7511
INFO:root:accumulate return : 4.8782
INFO:root:accumulate return : 4.7088
INFO:root:accumulate return : 4.9405
INFO:root:accumulate return : 4.7608
INFO:root:accumulate return : 4.8491
INFO:root:accumulate return : 4.9244
INFO:root:accumulate return : 5.0096
INFO:root:accumulate return : 4.7707
INFO:root:accumulate return : 5.143
INFO:root:accumulate return : 4.7977
INFO:root:accumulate return : 4.9661
INFO:root:accumulate return : 5.087
INFO:root:accumulate return : 5.1597
INFO:root:accumulate return : 4.856
INFO:root:accumulate return : 4.589
INFO:root:accumulate return : 4.9135
INFO:root:accumulate return : 4.8004
INFO:root:accumulate return : 5.1291
INFO:root:accumulate return : 5.0628
INFO:root:accumulate return : 4.8053
INFO:root:accumulate return : 4.7865
INFO:root:accumulate return : 4.9179
INFO:root:accumulate return : 5.0326
INFO:root:accumulate return : 5.0696
INFO:root:accumulate return : 4.8733
INFO:root:accumulate return : 4.5327
INFO:root:accumulate return : 4.8315
INFO:root:accumulate return : 4.9629
INFO:root:accumulate return : 5.3063
INFO:root:accumulate return : 4.7559
INFO:root:accumulate return : 5.1106
INFO:root:accumulate return : 5.0344
INFO:root:accumulate return : 5.1153
INFO:root:accumulate return : 5.0983
INFO:root:accumulate return : 5.1118
INFO:root:accumulate return : 4.8744
INFO:root:accumulate return : 5.017
INFO:root:accumulate return : 5.1092
INFO:root:accumulate return : 4.7359
INFO:root:accumulate return : 4.8907
INFO:root:accumulate return : 5.2291
INFO:root:accumulate return : 5.0182
INFO:root:accumulate return : 4.9454
INFO:root:accumulate return : 4.9012
INFO:root:accumulate return : 5.241
INFO:root:accumulate return : 5.1819
INFO:root:accumulate return : 5.0647
INFO:root:accumulate return : 5.047
INFO:root:accumulate return : 4.8583
INFO:root:accumulate return : 4.813
INFO:root:accumulate return : 4.6948
INFO:root:accumulate return : 5.0241
INFO:root:accumulate return : 5.0475
INFO:root:accumulate return : 4.621
INFO:root:accumulate return : 5.0053
INFO:root:accumulate return : 4.9554
INFO:root:accumulate return : 4.6473
INFO:root:accumulate return : 5.2576
INFO:root:accumulate return : 5.1263
INFO:root:accumulate return : 4.7737
INFO:root:accumulate return : 4.9828
INFO:root:accumulate return : 4.9531
INFO:root:accumulate return : 4.668
INFO:root:accumulate return : 5.1063
INFO:root:accumulate return : 4.8485
INFO:root:accumulate return : 4.7844
INFO:root:accumulate return : 5.0756
INFO:root:accumulate return : 4.9283
INFO:root:accumulate return : 5.057
INFO:root:accumulate return : 4.7939
INFO:root:accumulate return : 4.9398
INFO:root:accumulate return : 4.8799
INFO:root:accumulate return : 5.0633
INFO:root:accumulate return : 4.9525
INFO:root:accumulate return : 4.8997
INFO:root:accumulate return : 5.0152
INFO:root:accumulate return : 4.8174
INFO:root:accumulate return : 4.8888
INFO:root:accumulate return : 4.6803
INFO:root:accumulate return : 4.9637
INFO:root:accumulate return : 4.9731
INFO:root:accumulate return : 4.7446
INFO:root:accumulate return : 4.8941
INFO:root:accumulate return : 5.0655
INFO:root:accumulate return : 5.1341
INFO:root:accumulate return : 5.1274
INFO:root:accumulate return : 5.0927
INFO:root:accumulate return : 4.941
INFO:root:accumulate return : 5.0551
INFO:root:accumulate return : 5.1207
INFO:root:accumulate return : 5.029
INFO:root:accumulate return : 4.748
INFO:root:accumulate return : 5.065
INFO:root:accumulate return : 4.8408
INFO:root:accumulate return : 5.13
INFO:root:accumulate return : 5.1298
INFO:root:accumulate return : 4.9789
INFO:root:accumulate return : 5.2336
INFO:root:accumulate return : 4.9389
INFO:root:accumulate return : 5.3724
INFO:root:accumulate return : 5.3021
INFO:root:accumulate return : 5.2521
INFO:root:accumulate return : 4.9469
INFO:root:accumulate return : 5.2847
INFO:root:accumulate return : 5.1073
INFO:root:accumulate return : 5.1586
INFO:root:accumulate return : 4.9529
INFO:root:accumulate return : 5.1278
INFO:root:accumulate return : 5.0143
INFO:root:accumulate return : 5.07
INFO:root:accumulate return : 5.0006
INFO:root:accumulate return : 4.8709
INFO:root:accumulate return : 5.2391
INFO:root:accumulate return : 5.4482
INFO:root:accumulate return : 5.1857
INFO:root:accumulate return : 5.215
INFO:root:accumulate return : 5.0484
INFO:root:accumulate return : 5.0979
INFO:root:accumulate return : 5.0801
INFO:root:accumulate return : 5.2067
INFO:root:accumulate return : 5.3619
INFO:root:accumulate return : 5.5087
INFO:root:accumulate return : 5.1308
INFO:root:accumulate return : 5.2133
INFO:root:accumulate return : 5.1081
INFO:root:accumulate return : 5.2268
INFO:root:accumulate return : 5.2984
INFO:root:accumulate return : 5.4328
INFO:root:accumulate return : 5.2606
INFO:root:accumulate return : 5.2124
INFO:root:accumulate return : 5.4093
INFO:root:accumulate return : 5.3743
INFO:root:accumulate return : 5.312
INFO:root:accumulate return : 5.3349
INFO:root:accumulate return : 5.2063
INFO:root:accumulate return : 5.3384
INFO:root:accumulate return : 5.4526
INFO:root:accumulate return : 5.3992
INFO:root:accumulate return : 5.1015
INFO:root:accumulate return : 5.4853
INFO:root:accumulate return : 5.5062
INFO:root:accumulate return : 5.492
INFO:root:accumulate return : 5.5469
INFO:root:accumulate return : 5.4123
INFO:root:accumulate return : 5.4398
INFO:root:accumulate return : 5.2613
INFO:root:accumulate return : 5.3353
INFO:root:accumulate return : 5.2293
INFO:root:accumulate return : 5.2536
INFO:root:accumulate return : 5.345
INFO:root:accumulate return : 5.5626
INFO:root:accumulate return : 5.1077
INFO:root:accumulate return : 5.3001
INFO:root:accumulate return : 5.2586
INFO:root:accumulate return : 5.3485
INFO:root:accumulate return : 5.2182
INFO:root:accumulate return : 5.3929
INFO:root:accumulate return : 5.5446
INFO:root:accumulate return : 5.345
INFO:root:accumulate return : 5.332
INFO:root:accumulate return : 5.3586
INFO:root:accumulate return : 5.237
INFO:root:accumulate return : 5.3315
INFO:root:accumulate return : 5.2586
INFO:root:accumulate return : 5.1661
INFO:root:accumulate return : 5.1634
INFO:root:accumulate return : 5.1007
INFO:root:accumulate return : 5.1852
INFO:root:accumulate return : 5.3472
INFO:root:accumulate return : 5.2561
INFO:root:accumulate return : 5.491
INFO:root:accumulate return : 5.3944
INFO:root:accumulate return : 5.5337
INFO:root:accumulate return : 5.6179
INFO:root:accumulate return : 5.3512
INFO:root:accumulate return : 5.3753
INFO:root:accumulate return : 5.4037
INFO:root:accumulate return : 5.2237
INFO:root:accumulate return : 5.2612
INFO:root:accumulate return : 5.3417
INFO:root:accumulate return : 5.4411
INFO:root:accumulate return : 5.4362
INFO:root:accumulate return : 5.2946
INFO:root:accumulate return : 5.3498
INFO:root:accumulate return : 5.3907
INFO:root:accumulate return : 5.3584
INFO:root:accumulate return : 5.3953
INFO:root:accumulate return : 5.4003
INFO:root:accumulate return : 5.4741
INFO:root:accumulate return : 5.1969
INFO:root:accumulate return : 5.6541
INFO:root:accumulate return : 5.2477
INFO:root:accumulate return : 4.9736
INFO:root:accumulate return : 5.5427
INFO:root:accumulate return : 5.1053
INFO:root:accumulate return : 5.4494
INFO:root:accumulate return : 5.5692
INFO:root:accumulate return : 5.4399
INFO:root:accumulate return : 5.4908
INFO:root:accumulate return : 5.4992
INFO:root:accumulate return : 5.3622
INFO:root:accumulate return : 5.411
INFO:root:accumulate return : 5.3877
INFO:root:accumulate return : 5.1631
INFO:root:accumulate return : 5.3607
INFO:root:accumulate return : 5.6633
INFO:root:accumulate return : 5.449
INFO:root:accumulate return : 5.7409
INFO:root:accumulate return : 5.4556
INFO:root:accumulate return : 5.4751
INFO:root:accumulate return : 5.6719
INFO:root:accumulate return : 5.8966
INFO:root:accumulate return : 5.6246
INFO:root:accumulate return : 5.6585
INFO:root:accumulate return : 5.553
INFO:root:accumulate return : 5.4385
INFO:root:accumulate return : 5.6597
INFO:root:accumulate return : 5.5349
INFO:root:accumulate return : 5.4873
INFO:root:accumulate return : 5.6727
INFO:root:accumulate return : 5.5041
INFO:root:accumulate return : 5.7066
INFO:root:accumulate return : 5.6128
INFO:root:accumulate return : 5.7087
INFO:root:accumulate return : 5.4205
INFO:root:accumulate return : 5.4776
INFO:root:accumulate return : 5.4129
INFO:root:accumulate return : 5.4725
INFO:root:accumulate return : 5.467
INFO:root:accumulate return : 5.3629
INFO:root:accumulate return : 5.4039
INFO:root:accumulate return : 5.406
INFO:root:accumulate return : 5.2729
INFO:root:accumulate return : 5.3361
INFO:root:accumulate return : 5.5741
INFO:root:accumulate return : 5.4337
INFO:root:accumulate return : 5.1503
INFO:root:accumulate return : 5.4023
INFO:root:accumulate return : 5.2523
INFO:root:accumulate return : 5.3945
INFO:root:accumulate return : 5.2383
INFO:root:accumulate return : 5.0628
INFO:root:accumulate return : 5.5479
INFO:root:accumulate return : 5.208
INFO:root:accumulate return : 5.4104
INFO:root:accumulate return : 5.3665
INFO:root:accumulate return : 5.2422
INFO:root:accumulate return : 5.4959
INFO:root:accumulate return : 5.6311
INFO:root:accumulate return : 5.1951
INFO:root:accumulate return : 5.7031
INFO:root:accumulate return : 5.5284
INFO:root:accumulate return : 5.339
INFO:root:accumulate return : 5.3139
INFO:root:accumulate return : 5.4141
INFO:root:accumulate return : 5.4939
INFO:root:accumulate return : 5.3163
INFO:root:accumulate return : 5.7601
INFO:root:accumulate return : 5.6985
INFO:root:accumulate return : 5.6766
INFO:root:accumulate return : 5.7351
INFO:root:accumulate return : 5.8458
INFO:root:accumulate return : 5.6466
INFO:root:accumulate return : 5.642
INFO:root:accumulate return : 5.7038
INFO:root:accumulate return : 5.876
INFO:root:accumulate return : 5.7431
INFO:root:accumulate return : 5.6725
INFO:root:accumulate return : 5.6325
INFO:root:accumulate return : 5.6252
INFO:root:accumulate return : 5.8652
INFO:root:accumulate return : 5.7651
INFO:root:accumulate return : 5.8516
INFO:root:accumulate return : 5.8046
INFO:root:accumulate return : 5.6988
INFO:root:accumulate return : 5.6385
INFO:root:accumulate return : 5.8784
INFO:root:accumulate return : 5.7617
INFO:root:accumulate return : 5.6576
INFO:root:accumulate return : 5.9068
INFO:root:accumulate return : 5.5805
INFO:root:accumulate return : 5.6896
INFO:root:accumulate return : 5.6314
INFO:root:accumulate return : 5.8153
INFO:root:accumulate return : 5.6662
INFO:root:accumulate return : 5.7897
INFO:root:accumulate return : 5.7653
INFO:root:accumulate return : 5.746
INFO:root:accumulate return : 5.9069
INFO:root:accumulate return : 5.5656
INFO:root:accumulate return : 5.9125
INFO:root:accumulate return : 5.7665
INFO:root:accumulate return : 5.7285
INFO:root:accumulate return : 5.8219
INFO:root:accumulate return : 5.7066
INFO:root:accumulate return : 5.62
INFO:root:accumulate return : 5.7394
INFO:root:accumulate return : 5.4947
INFO:root:accumulate return : 5.9338
INFO:root:accumulate return : 5.6266
INFO:root:accumulate return : 5.6082
INFO:root:accumulate return : 5.8645
INFO:root:accumulate return : 5.5601
INFO:root:accumulate return : 5.8751
INFO:root:accumulate return : 5.4449
INFO:root:accumulate return : 5.8608
INFO:root:accumulate return : 5.9718
INFO:root:accumulate return : 5.8067
INFO:root:accumulate return : 5.8764
INFO:root:accumulate return : 5.6461
INFO:root:accumulate return : 5.9488
INFO:root:accumulate return : 5.9274
INFO:root:accumulate return : 6.0684
INFO:root:accumulate return : 5.7585
INFO:root:accumulate return : 5.795
INFO:root:accumulate return : 5.8578
INFO:root:accumulate return : 5.5853
INFO:root:accumulate return : 5.7174
INFO:root:accumulate return : 5.9164
INFO:root:accumulate return : 5.8148
INFO:root:accumulate return : 5.9771
INFO:root:accumulate return : 5.6148
INFO:root:accumulate return : 5.6622
INFO:root:accumulate return : 5.8508
INFO:root:accumulate return : 5.8839
INFO:root:Processing time : 12.0713888889 hours
