INFO:root:Version : 6
INFO:root:Time start : 2016-05-30-13-26-43
INFO:root:Input data :GBPUSD240.csv
INFO:root:Parameter setting :
INFO:root:epsilon = 0.1
INFO:root:transaction_cost = 0.0005
INFO:root:epoch =2000
INFO:root:max_memory = 1000000
INFO:root:batch_size = 50
INFO:root:look back term = 300
INFO:root:hidden_size = 900
INFO:root:training period = 0 ~ 1000
INFO:root:learning rate = 0.1
INFO:root:discount rate = 9e-06
INFO:root:step_size = 10
INFO:root:activation function = relu
INFO:root:accumulate return : -0.0883
INFO:root:accumulate return : -0.0141
INFO:root:accumulate return : 0.0306
INFO:root:accumulate return : -0.0385
INFO:root:accumulate return : -0.0836
INFO:root:accumulate return : -0.1236
INFO:root:accumulate return : -0.095
INFO:root:accumulate return : -0.1777
INFO:root:accumulate return : -0.1825
INFO:root:accumulate return : -0.0934
INFO:root:accumulate return : 0.3231
INFO:root:accumulate return : 0.318
INFO:root:accumulate return : 0.2864
INFO:root:accumulate return : 0.3492
INFO:root:accumulate return : 0.3028
INFO:root:accumulate return : 0.3736
INFO:root:accumulate return : 0.165
INFO:root:accumulate return : 0.2842
INFO:root:accumulate return : 0.1316
INFO:root:accumulate return : 0.2148
INFO:root:accumulate return : 0.4734
INFO:root:accumulate return : 0.4851
INFO:root:accumulate return : 0.3344
INFO:root:accumulate return : 0.3322
INFO:root:accumulate return : 0.4523
INFO:root:accumulate return : 0.451
INFO:root:accumulate return : 0.4791
INFO:root:accumulate return : 0.5225
INFO:root:accumulate return : 0.381
INFO:root:accumulate return : 0.5108
INFO:root:accumulate return : 0.5813
INFO:root:accumulate return : 0.5713
INFO:root:accumulate return : 0.6772
INFO:root:accumulate return : 0.5226
INFO:root:accumulate return : 0.5612
INFO:root:accumulate return : 0.5595
INFO:root:accumulate return : 0.5594
INFO:root:accumulate return : 0.6976
INFO:root:accumulate return : 0.7079
INFO:root:accumulate return : 0.44
INFO:root:accumulate return : 0.6171
INFO:root:accumulate return : 0.6324
INFO:root:accumulate return : 0.5599
INFO:root:accumulate return : 0.6268
INFO:root:accumulate return : 0.6445
INFO:root:accumulate return : 0.6279
INFO:root:accumulate return : 0.5939
INFO:root:accumulate return : 0.71
INFO:root:accumulate return : 0.561
INFO:root:accumulate return : 0.5036
INFO:root:accumulate return : 0.7884
INFO:root:accumulate return : 0.6553
INFO:root:accumulate return : 0.6773
INFO:root:accumulate return : 0.79
INFO:root:accumulate return : 0.7218
INFO:root:accumulate return : 0.8628
INFO:root:accumulate return : 0.6085
INFO:root:accumulate return : 0.7087
INFO:root:accumulate return : 0.7437
INFO:root:accumulate return : 0.7589
INFO:root:accumulate return : 0.5817
INFO:root:accumulate return : 0.8155
INFO:root:accumulate return : 0.8617
INFO:root:accumulate return : 0.7382
INFO:root:accumulate return : 0.738
INFO:root:accumulate return : 0.854
INFO:root:accumulate return : 0.7037
INFO:root:accumulate return : 0.8755
INFO:root:accumulate return : 0.7385
INFO:root:accumulate return : 0.7723
INFO:root:accumulate return : 0.9042
INFO:root:accumulate return : 0.9421
INFO:root:accumulate return : 0.9307
INFO:root:accumulate return : 0.9291
INFO:root:accumulate return : 0.9739
INFO:root:accumulate return : 0.907
INFO:root:accumulate return : 0.9837
INFO:root:accumulate return : 0.9572
INFO:root:accumulate return : 0.881
INFO:root:accumulate return : 0.9815
INFO:root:accumulate return : 1.1692
INFO:root:accumulate return : 1.0371
INFO:root:accumulate return : 1.0397
INFO:root:accumulate return : 1.1451
INFO:root:accumulate return : 1.0965
INFO:root:accumulate return : 1.1225
INFO:root:accumulate return : 1.1154
INFO:root:accumulate return : 1.1173
INFO:root:accumulate return : 1.0483
INFO:root:accumulate return : 1.1125
INFO:root:accumulate return : 1.0208
INFO:root:accumulate return : 1.1305
INFO:root:accumulate return : 1.1128
INFO:root:accumulate return : 1.0973
INFO:root:accumulate return : 1.2465
INFO:root:accumulate return : 1.2124
INFO:root:accumulate return : 1.2129
INFO:root:accumulate return : 1.122
INFO:root:accumulate return : 1.1855
INFO:root:accumulate return : 1.1878
INFO:root:accumulate return : 1.0391
INFO:root:accumulate return : 1.3148
INFO:root:accumulate return : 1.3236
INFO:root:accumulate return : 1.2542
INFO:root:accumulate return : 1.2548
INFO:root:accumulate return : 1.1385
INFO:root:accumulate return : 1.2223
INFO:root:accumulate return : 1.1158
INFO:root:accumulate return : 1.3031
INFO:root:accumulate return : 1.2506
INFO:root:accumulate return : 1.2022
INFO:root:accumulate return : 1.118
INFO:root:accumulate return : 1.0152
INFO:root:accumulate return : 1.151
INFO:root:accumulate return : 1.2593
INFO:root:accumulate return : 1.1666
INFO:root:accumulate return : 1.0932
INFO:root:accumulate return : 1.2219
INFO:root:accumulate return : 1.2037
INFO:root:accumulate return : 1.2278
INFO:root:accumulate return : 1.2176
INFO:root:accumulate return : 1.1614
INFO:root:accumulate return : 1.2827
INFO:root:accumulate return : 1.1664
INFO:root:accumulate return : 1.1734
INFO:root:accumulate return : 1.2391
INFO:root:accumulate return : 1.3506
INFO:root:accumulate return : 1.1788
INFO:root:accumulate return : 1.1144
INFO:root:accumulate return : 1.2415
INFO:root:accumulate return : 1.1664
INFO:root:accumulate return : 1.2261
INFO:root:accumulate return : 1.1195
INFO:root:accumulate return : 1.2504
INFO:root:accumulate return : 1.2592
INFO:root:accumulate return : 1.233
INFO:root:accumulate return : 1.2615
INFO:root:accumulate return : 1.1685
INFO:root:accumulate return : 1.017
INFO:root:accumulate return : 1.2346
INFO:root:accumulate return : 1.3367
INFO:root:accumulate return : 1.294
INFO:root:accumulate return : 1.3904
INFO:root:accumulate return : 1.3821
INFO:root:accumulate return : 1.2022
INFO:root:accumulate return : 1.3196
INFO:root:accumulate return : 1.3597
INFO:root:accumulate return : 1.3698
INFO:root:accumulate return : 1.4243
INFO:root:accumulate return : 1.3076
INFO:root:accumulate return : 1.4304
INFO:root:accumulate return : 1.4139
INFO:root:accumulate return : 1.3598
INFO:root:accumulate return : 1.3685
INFO:root:accumulate return : 1.3547
INFO:root:accumulate return : 1.3994
INFO:root:accumulate return : 1.3228
INFO:root:accumulate return : 1.4052
INFO:root:accumulate return : 1.3454
INFO:root:accumulate return : 1.3712
INFO:root:accumulate return : 1.4848
INFO:root:accumulate return : 1.4979
INFO:root:accumulate return : 1.5256
INFO:root:accumulate return : 1.5567
INFO:root:accumulate return : 1.4508
INFO:root:accumulate return : 1.4069
INFO:root:accumulate return : 1.4931
INFO:root:accumulate return : 1.435
INFO:root:accumulate return : 1.2491
INFO:root:accumulate return : 1.5411
INFO:root:accumulate return : 1.5512
INFO:root:accumulate return : 1.4689
INFO:root:accumulate return : 1.5308
INFO:root:accumulate return : 1.4867
INFO:root:accumulate return : 1.4849
INFO:root:accumulate return : 1.4983
INFO:root:accumulate return : 1.5181
INFO:root:accumulate return : 1.3829
INFO:root:accumulate return : 1.502
INFO:root:accumulate return : 1.5077
INFO:root:accumulate return : 1.4992
INFO:root:accumulate return : 1.629
INFO:root:accumulate return : 1.4733
INFO:root:accumulate return : 1.5068
INFO:root:accumulate return : 1.5823
INFO:root:accumulate return : 1.4772
INFO:root:accumulate return : 1.5685
INFO:root:accumulate return : 1.5127
INFO:root:accumulate return : 1.4918
INFO:root:accumulate return : 1.5645
INFO:root:accumulate return : 1.6284
INFO:root:accumulate return : 1.6584
INFO:root:accumulate return : 1.5116
INFO:root:accumulate return : 1.7334
INFO:root:accumulate return : 1.6461
INFO:root:accumulate return : 1.569
INFO:root:accumulate return : 1.5635
INFO:root:accumulate return : 1.6272
INFO:root:accumulate return : 1.6125
INFO:root:accumulate return : 1.686
INFO:root:accumulate return : 1.6809
INFO:root:accumulate return : 1.6592
INFO:root:accumulate return : 1.7513
INFO:root:accumulate return : 1.6668
INFO:root:accumulate return : 1.6784
INFO:root:accumulate return : 1.5738
INFO:root:accumulate return : 1.6901
INFO:root:accumulate return : 1.6102
INFO:root:accumulate return : 1.6651
INFO:root:accumulate return : 1.6375
INFO:root:accumulate return : 1.7021
INFO:root:accumulate return : 1.7193
INFO:root:accumulate return : 1.8546
INFO:root:accumulate return : 1.7709
INFO:root:accumulate return : 1.8782
INFO:root:accumulate return : 1.8218
INFO:root:accumulate return : 1.8084
INFO:root:accumulate return : 1.6208
INFO:root:accumulate return : 1.7988
INFO:root:accumulate return : 1.6806
INFO:root:accumulate return : 1.7309
INFO:root:accumulate return : 1.5735
INFO:root:accumulate return : 1.6971
INFO:root:accumulate return : 1.7025
INFO:root:accumulate return : 1.6623
INFO:root:accumulate return : 1.6249
INFO:root:accumulate return : 1.6496
INFO:root:accumulate return : 1.7096
INFO:root:accumulate return : 1.6784
INFO:root:accumulate return : 1.7319
INFO:root:accumulate return : 1.8228
INFO:root:accumulate return : 1.7255
INFO:root:accumulate return : 1.7814
INFO:root:accumulate return : 1.8694
INFO:root:accumulate return : 1.7345
INFO:root:accumulate return : 1.6623
INFO:root:accumulate return : 1.6294
INFO:root:accumulate return : 1.9058
INFO:root:accumulate return : 1.6584
INFO:root:accumulate return : 1.8712
INFO:root:accumulate return : 1.7308
INFO:root:accumulate return : 1.724
INFO:root:accumulate return : 1.876
INFO:root:accumulate return : 1.7628
INFO:root:accumulate return : 1.6272
INFO:root:accumulate return : 1.8954
INFO:root:accumulate return : 1.7963
INFO:root:accumulate return : 1.7586
INFO:root:accumulate return : 1.8482
INFO:root:accumulate return : 1.7527
INFO:root:accumulate return : 1.6146
INFO:root:accumulate return : 1.7552
INFO:root:accumulate return : 1.7693
INFO:root:accumulate return : 1.7199
INFO:root:accumulate return : 1.8083
INFO:root:accumulate return : 1.8504
INFO:root:accumulate return : 1.7369
INFO:root:accumulate return : 1.8879
INFO:root:accumulate return : 1.8794
INFO:root:accumulate return : 1.8506
INFO:root:accumulate return : 1.9357
INFO:root:accumulate return : 1.8916
INFO:root:accumulate return : 1.7392
INFO:root:accumulate return : 1.7544
INFO:root:accumulate return : 1.7622
INFO:root:accumulate return : 1.7359
INFO:root:accumulate return : 1.7358
INFO:root:accumulate return : 1.8476
INFO:root:accumulate return : 1.8869
INFO:root:accumulate return : 1.68
INFO:root:accumulate return : 1.8634
INFO:root:accumulate return : 1.8664
INFO:root:accumulate return : 1.8211
INFO:root:accumulate return : 1.7339
INFO:root:accumulate return : 1.8018
INFO:root:accumulate return : 1.9095
INFO:root:accumulate return : 1.9117
INFO:root:accumulate return : 1.8674
INFO:root:accumulate return : 1.9513
INFO:root:accumulate return : 1.8279
INFO:root:accumulate return : 1.8748
INFO:root:accumulate return : 1.9939
INFO:root:accumulate return : 1.7546
INFO:root:accumulate return : 1.7812
INFO:root:accumulate return : 1.8193
INFO:root:accumulate return : 1.8806
INFO:root:accumulate return : 1.8806
INFO:root:accumulate return : 1.7486
INFO:root:accumulate return : 1.8562
INFO:root:accumulate return : 1.7804
INFO:root:accumulate return : 1.7948
INFO:root:accumulate return : 1.8321
INFO:root:accumulate return : 1.744
INFO:root:accumulate return : 1.8287
INFO:root:accumulate return : 1.7816
INFO:root:accumulate return : 2.0282
INFO:root:accumulate return : 1.8319
INFO:root:accumulate return : 1.8038
INFO:root:accumulate return : 2.0041
INFO:root:accumulate return : 1.8044
INFO:root:accumulate return : 1.7247
INFO:root:accumulate return : 1.8569
INFO:root:accumulate return : 1.9099
INFO:root:accumulate return : 1.8769
INFO:root:accumulate return : 1.863
INFO:root:accumulate return : 1.9776
INFO:root:accumulate return : 1.8661
INFO:root:accumulate return : 1.6779
INFO:root:accumulate return : 1.9721
INFO:root:accumulate return : 1.8509
INFO:root:accumulate return : 1.9322
INFO:root:accumulate return : 1.8981
INFO:root:accumulate return : 2.0342
INFO:root:accumulate return : 1.8572
INFO:root:accumulate return : 1.9434
INFO:root:accumulate return : 1.8778
INFO:root:accumulate return : 2.0578
INFO:root:accumulate return : 1.9517
INFO:root:accumulate return : 1.9377
INFO:root:accumulate return : 1.9593
INFO:root:accumulate return : 1.9247
INFO:root:accumulate return : 1.861
INFO:root:accumulate return : 1.9516
INFO:root:accumulate return : 1.9882
INFO:root:accumulate return : 1.9197
INFO:root:accumulate return : 1.8886
INFO:root:accumulate return : 1.9126
INFO:root:accumulate return : 1.9867
INFO:root:accumulate return : 1.9339
INFO:root:accumulate return : 1.9697
INFO:root:accumulate return : 1.8856
INFO:root:accumulate return : 1.9914
INFO:root:accumulate return : 1.8594
INFO:root:accumulate return : 1.7592
INFO:root:accumulate return : 2.0278
INFO:root:accumulate return : 1.8379
INFO:root:accumulate return : 1.8836
INFO:root:accumulate return : 2.0084
INFO:root:accumulate return : 1.8415
INFO:root:accumulate return : 1.9375
INFO:root:accumulate return : 1.9404
INFO:root:accumulate return : 1.8276
INFO:root:accumulate return : 1.9502
INFO:root:accumulate return : 2.0239
INFO:root:accumulate return : 1.9093
INFO:root:accumulate return : 2.1212
INFO:root:accumulate return : 1.9191
INFO:root:accumulate return : 1.8407
INFO:root:accumulate return : 1.9592
INFO:root:accumulate return : 1.8496
INFO:root:accumulate return : 1.9881
INFO:root:accumulate return : 1.8347
INFO:root:accumulate return : 1.9383
INFO:root:accumulate return : 1.999
INFO:root:accumulate return : 1.9495
INFO:root:accumulate return : 1.8909
INFO:root:accumulate return : 2.0107
INFO:root:accumulate return : 1.6775
INFO:root:accumulate return : 1.9238
INFO:root:accumulate return : 1.9845
INFO:root:accumulate return : 1.95
INFO:root:accumulate return : 1.9248
INFO:root:accumulate return : 1.9995
INFO:root:accumulate return : 2.0226
INFO:root:accumulate return : 1.7433
INFO:root:accumulate return : 2.0297
INFO:root:accumulate return : 1.9432
INFO:root:accumulate return : 1.9522
INFO:root:accumulate return : 1.9628
INFO:root:accumulate return : 1.9869
INFO:root:accumulate return : 1.9741
INFO:root:accumulate return : 1.918
INFO:root:accumulate return : 1.8591
INFO:root:accumulate return : 1.997
INFO:root:accumulate return : 1.9497
INFO:root:accumulate return : 2.0504
INFO:root:accumulate return : 1.8996
INFO:root:accumulate return : 2.1383
INFO:root:accumulate return : 2.0919
INFO:root:accumulate return : 1.906
INFO:root:accumulate return : 2.0539
INFO:root:accumulate return : 1.8972
INFO:root:accumulate return : 2.0106
INFO:root:accumulate return : 1.7673
INFO:root:accumulate return : 2.0205
INFO:root:accumulate return : 1.8722
INFO:root:accumulate return : 2.0129
INFO:root:accumulate return : 1.9702
INFO:root:accumulate return : 1.8809
INFO:root:accumulate return : 1.8819
INFO:root:accumulate return : 2.0164
INFO:root:accumulate return : 2.0692
INFO:root:accumulate return : 2.0788
INFO:root:accumulate return : 2.0356
INFO:root:accumulate return : 1.9561
INFO:root:accumulate return : 1.9868
INFO:root:accumulate return : 1.9988
INFO:root:accumulate return : 1.9051
INFO:root:accumulate return : 1.8657
INFO:root:accumulate return : 2.0051
INFO:root:accumulate return : 2.09
INFO:root:accumulate return : 1.9261
INFO:root:accumulate return : 1.9721
INFO:root:accumulate return : 1.8637
INFO:root:accumulate return : 2.1235
INFO:root:accumulate return : 2.1101
INFO:root:accumulate return : 2.0593
INFO:root:accumulate return : 2.1332
INFO:root:accumulate return : 1.9597
INFO:root:accumulate return : 2.1165
INFO:root:accumulate return : 1.8897
INFO:root:accumulate return : 1.9118
INFO:root:accumulate return : 2.0396
INFO:root:accumulate return : 2.1309
INFO:root:accumulate return : 1.8815
INFO:root:accumulate return : 2.0895
INFO:root:accumulate return : 2.0625
INFO:root:accumulate return : 1.9922
INFO:root:accumulate return : 2.0304
INFO:root:accumulate return : 1.9587
INFO:root:accumulate return : 2.053
INFO:root:accumulate return : 2.1478
INFO:root:accumulate return : 2.0598
INFO:root:accumulate return : 2.0858
INFO:root:accumulate return : 1.9953
INFO:root:accumulate return : 1.9379
INFO:root:accumulate return : 2.0559
INFO:root:accumulate return : 1.9561
INFO:root:accumulate return : 2.0243
INFO:root:accumulate return : 2.0406
INFO:root:accumulate return : 2.0109
INFO:root:accumulate return : 2.0507
INFO:root:accumulate return : 2.114
INFO:root:accumulate return : 2.1328
INFO:root:accumulate return : 2.0768
INFO:root:accumulate return : 2.1486
INFO:root:accumulate return : 2.1416
INFO:root:accumulate return : 2.1069
INFO:root:accumulate return : 2.0819
INFO:root:accumulate return : 1.9693
INFO:root:accumulate return : 2.0773
INFO:root:accumulate return : 2.0584
INFO:root:accumulate return : 2.097
INFO:root:accumulate return : 2.1134
INFO:root:accumulate return : 2.0971
INFO:root:accumulate return : 2.0528
INFO:root:accumulate return : 2.1336
INFO:root:accumulate return : 2.1531
INFO:root:accumulate return : 2.057
INFO:root:accumulate return : 1.9942
INFO:root:accumulate return : 2.0788
INFO:root:accumulate return : 1.9791
INFO:root:accumulate return : 2.15
INFO:root:accumulate return : 2.1053
INFO:root:accumulate return : 2.1344
INFO:root:accumulate return : 2.0447
INFO:root:accumulate return : 2.0221
INFO:root:accumulate return : 2.013
INFO:root:accumulate return : 2.057
INFO:root:accumulate return : 2.1598
INFO:root:accumulate return : 2.1793
INFO:root:accumulate return : 2.1556
INFO:root:accumulate return : 2.2021
INFO:root:accumulate return : 2.1718
INFO:root:accumulate return : 2.1654
INFO:root:accumulate return : 2.0799
INFO:root:accumulate return : 2.0441
INFO:root:accumulate return : 2.1047
INFO:root:accumulate return : 2.1554
INFO:root:accumulate return : 1.8863
INFO:root:accumulate return : 1.8744
INFO:root:accumulate return : 2.0436
INFO:root:accumulate return : 2.0404
INFO:root:accumulate return : 2.0001
INFO:root:accumulate return : 2.1533
INFO:root:accumulate return : 2.0613
INFO:root:accumulate return : 2.0925
INFO:root:accumulate return : 2.1476
INFO:root:accumulate return : 2.0779
INFO:root:accumulate return : 2.0468
INFO:root:accumulate return : 1.9958
INFO:root:accumulate return : 2.1504
INFO:root:accumulate return : 2.1459
INFO:root:accumulate return : 2.2346
INFO:root:accumulate return : 2.1704
INFO:root:accumulate return : 1.8942
INFO:root:accumulate return : 2.1352
INFO:root:accumulate return : 2.0454
INFO:root:accumulate return : 2.154
INFO:root:accumulate return : 2.1004
INFO:root:accumulate return : 1.9834
INFO:root:accumulate return : 2.1066
INFO:root:accumulate return : 2.0164
INFO:root:accumulate return : 2.2038
INFO:root:accumulate return : 2.0939
INFO:root:accumulate return : 2.1625
INFO:root:accumulate return : 2.0633
INFO:root:accumulate return : 1.9428
INFO:root:accumulate return : 2.1681
INFO:root:accumulate return : 1.9558
INFO:root:accumulate return : 2.1061
INFO:root:accumulate return : 2.0931
INFO:root:accumulate return : 2.0977
INFO:root:accumulate return : 1.9702
INFO:root:accumulate return : 2.2224
INFO:root:accumulate return : 2.0668
INFO:root:accumulate return : 2.048
INFO:root:accumulate return : 2.1377
INFO:root:accumulate return : 2.1517
INFO:root:accumulate return : 2.2398
INFO:root:accumulate return : 2.0365
INFO:root:accumulate return : 1.936
INFO:root:accumulate return : 2.0245
INFO:root:accumulate return : 2.0476
INFO:root:accumulate return : 2.1114
INFO:root:accumulate return : 2.0494
INFO:root:accumulate return : 2.1334
INFO:root:accumulate return : 2.2413
INFO:root:accumulate return : 2.043
INFO:root:accumulate return : 2.1254
INFO:root:accumulate return : 2.1187
INFO:root:accumulate return : 2.1641
INFO:root:accumulate return : 2.2081
INFO:root:accumulate return : 2.0931
INFO:root:accumulate return : 2.1704
INFO:root:accumulate return : 2.0303
INFO:root:accumulate return : 2.1877
INFO:root:accumulate return : 2.0344
INFO:root:accumulate return : 2.1677
INFO:root:accumulate return : 2.0089
INFO:root:accumulate return : 2.0035
INFO:root:accumulate return : 2.1099
INFO:root:accumulate return : 2.0571
INFO:root:accumulate return : 2.0709
INFO:root:accumulate return : 2.0536
INFO:root:accumulate return : 2.0891
INFO:root:accumulate return : 2.0148
INFO:root:accumulate return : 2.1289
INFO:root:accumulate return : 2.1514
INFO:root:accumulate return : 2.0803
INFO:root:accumulate return : 2.2532
INFO:root:accumulate return : 2.2011
INFO:root:accumulate return : 2.0636
INFO:root:accumulate return : 2.1576
INFO:root:accumulate return : 2.1277
INFO:root:accumulate return : 2.1645
INFO:root:accumulate return : 2.135
INFO:root:accumulate return : 2.0896
INFO:root:accumulate return : 2.0746
INFO:root:accumulate return : 2.1388
INFO:root:accumulate return : 2.0585
INFO:root:accumulate return : 2.0129
INFO:root:accumulate return : 2.0572
INFO:root:accumulate return : 2.0927
INFO:root:accumulate return : 2.1589
INFO:root:accumulate return : 2.0804
INFO:root:accumulate return : 2.0399
INFO:root:accumulate return : 2.1593
INFO:root:accumulate return : 1.9253
INFO:root:accumulate return : 2.1599
INFO:root:accumulate return : 2.0514
INFO:root:accumulate return : 2.0849
INFO:root:accumulate return : 2.0536
INFO:root:accumulate return : 2.0848
INFO:root:accumulate return : 2.0694
INFO:root:accumulate return : 2.0732
INFO:root:accumulate return : 2.1882
INFO:root:accumulate return : 2.1604
INFO:root:accumulate return : 2.2168
INFO:root:accumulate return : 2.0933
INFO:root:accumulate return : 2.1618
INFO:root:accumulate return : 2.2538
INFO:root:accumulate return : 2.0602
INFO:root:accumulate return : 2.2026
INFO:root:accumulate return : 2.0676
INFO:root:accumulate return : 2.1839
INFO:root:accumulate return : 2.2273
INFO:root:accumulate return : 2.1796
INFO:root:accumulate return : 2.1513
INFO:root:accumulate return : 2.0924
INFO:root:accumulate return : 2.2659
INFO:root:accumulate return : 2.055
INFO:root:accumulate return : 2.129
INFO:root:accumulate return : 2.1662
INFO:root:accumulate return : 2.1369
INFO:root:accumulate return : 2.0848
INFO:root:accumulate return : 2.2515
INFO:root:accumulate return : 2.1836
INFO:root:accumulate return : 2.1243
INFO:root:accumulate return : 2.1219
INFO:root:accumulate return : 2.2361
INFO:root:accumulate return : 2.1765
INFO:root:accumulate return : 2.2773
INFO:root:accumulate return : 2.2388
INFO:root:accumulate return : 2.1006
INFO:root:accumulate return : 2.268
INFO:root:accumulate return : 2.208
INFO:root:accumulate return : 2.1781
INFO:root:accumulate return : 2.2312
INFO:root:accumulate return : 2.1239
INFO:root:accumulate return : 2.1822
INFO:root:accumulate return : 2.0494
INFO:root:accumulate return : 2.1186
INFO:root:accumulate return : 2.2866
INFO:root:accumulate return : 2.1199
INFO:root:accumulate return : 2.0687
INFO:root:accumulate return : 2.2332
INFO:root:accumulate return : 2.1815
INFO:root:accumulate return : 2.2607
INFO:root:accumulate return : 2.2951
INFO:root:accumulate return : 2.1819
INFO:root:accumulate return : 1.982
INFO:root:accumulate return : 2.0342
INFO:root:accumulate return : 2.098
INFO:root:accumulate return : 2.1305
INFO:root:accumulate return : 2.098
INFO:root:accumulate return : 2.2153
INFO:root:accumulate return : 2.0892
INFO:root:accumulate return : 2.2156
INFO:root:accumulate return : 1.9669
INFO:root:accumulate return : 2.0946
INFO:root:accumulate return : 2.1257
INFO:root:accumulate return : 2.1797
INFO:root:accumulate return : 2.2679
INFO:root:accumulate return : 2.0099
INFO:root:accumulate return : 2.0956
INFO:root:accumulate return : 2.2412
INFO:root:accumulate return : 2.2454
INFO:root:accumulate return : 2.0036
INFO:root:accumulate return : 2.0429
INFO:root:accumulate return : 2.0476
INFO:root:accumulate return : 2.2035
INFO:root:accumulate return : 2.1434
INFO:root:accumulate return : 2.1358
INFO:root:accumulate return : 2.2712
INFO:root:accumulate return : 2.2414
INFO:root:accumulate return : 2.1853
INFO:root:accumulate return : 2.2143
INFO:root:accumulate return : 2.1431
INFO:root:accumulate return : 2.2327
INFO:root:accumulate return : 2.2311
INFO:root:accumulate return : 2.1642
INFO:root:accumulate return : 2.262
INFO:root:accumulate return : 2.2448
INFO:root:accumulate return : 2.1691
INFO:root:accumulate return : 2.1984
INFO:root:accumulate return : 2.2375
INFO:root:accumulate return : 2.1356
INFO:root:accumulate return : 2.286
INFO:root:accumulate return : 2.1595
INFO:root:accumulate return : 2.1832
INFO:root:accumulate return : 2.2814
INFO:root:accumulate return : 2.0711
INFO:root:accumulate return : 2.2268
INFO:root:accumulate return : 2.1369
INFO:root:accumulate return : 2.1835
INFO:root:accumulate return : 2.0467
INFO:root:accumulate return : 2.1101
INFO:root:accumulate return : 2.2344
INFO:root:accumulate return : 2.0537
INFO:root:accumulate return : 2.1749
INFO:root:accumulate return : 2.0857
INFO:root:accumulate return : 2.0633
INFO:root:accumulate return : 2.1967
INFO:root:accumulate return : 2.2565
INFO:root:accumulate return : 2.359
INFO:root:accumulate return : 2.3231
INFO:root:accumulate return : 2.2723
INFO:root:accumulate return : 2.2638
INFO:root:accumulate return : 2.1855
INFO:root:accumulate return : 2.2276
INFO:root:accumulate return : 2.3388
INFO:root:accumulate return : 2.1775
INFO:root:accumulate return : 2.2939
INFO:root:accumulate return : 2.1638
INFO:root:accumulate return : 2.212
INFO:root:accumulate return : 2.1188
INFO:root:accumulate return : 2.2014
INFO:root:accumulate return : 2.1655
INFO:root:accumulate return : 2.2482
INFO:root:accumulate return : 2.2853
INFO:root:accumulate return : 2.2
INFO:root:accumulate return : 2.175
INFO:root:accumulate return : 2.1619
INFO:root:accumulate return : 2.2818
INFO:root:accumulate return : 2.2535
INFO:root:accumulate return : 2.205
INFO:root:accumulate return : 2.1297
INFO:root:accumulate return : 2.2195
INFO:root:accumulate return : 2.2951
INFO:root:accumulate return : 2.118
INFO:root:accumulate return : 1.9835
INFO:root:accumulate return : 2.237
INFO:root:accumulate return : 2.2119
INFO:root:accumulate return : 2.1609
INFO:root:accumulate return : 2.0527
INFO:root:accumulate return : 2.2576
INFO:root:accumulate return : 2.2514
INFO:root:accumulate return : 2.3063
INFO:root:accumulate return : 2.0727
INFO:root:accumulate return : 2.2562
INFO:root:accumulate return : 2.2102
INFO:root:accumulate return : 2.2607
INFO:root:accumulate return : 2.2919
INFO:root:accumulate return : 2.1402
INFO:root:accumulate return : 2.2631
INFO:root:accumulate return : 2.3009
INFO:root:accumulate return : 2.1042
INFO:root:accumulate return : 2.1061
INFO:root:accumulate return : 2.2098
INFO:root:accumulate return : 2.273
INFO:root:accumulate return : 2.3224
INFO:root:accumulate return : 2.3124
INFO:root:accumulate return : 2.1065
INFO:root:accumulate return : 2.317
INFO:root:accumulate return : 2.2196
INFO:root:accumulate return : 2.1583
INFO:root:accumulate return : 2.2959
INFO:root:accumulate return : 2.1569
INFO:root:accumulate return : 2.1712
INFO:root:accumulate return : 2.2253
INFO:root:accumulate return : 2.1893
INFO:root:accumulate return : 2.1581
INFO:root:accumulate return : 2.1596
INFO:root:accumulate return : 2.0757
INFO:root:accumulate return : 2.1464
INFO:root:accumulate return : 2.2588
INFO:root:accumulate return : 2.1508
INFO:root:accumulate return : 2.1357
INFO:root:accumulate return : 2.2511
INFO:root:accumulate return : 2.2478
INFO:root:accumulate return : 2.2495
INFO:root:accumulate return : 2.1667
INFO:root:accumulate return : 2.1399
INFO:root:accumulate return : 2.1854
INFO:root:accumulate return : 2.2788
INFO:root:accumulate return : 2.2353
INFO:root:accumulate return : 2.3036
INFO:root:accumulate return : 2.2949
INFO:root:accumulate return : 2.1674
INFO:root:accumulate return : 2.2117
INFO:root:accumulate return : 2.3138
INFO:root:accumulate return : 2.3175
INFO:root:accumulate return : 2.271
INFO:root:accumulate return : 2.2418
INFO:root:accumulate return : 2.2158
INFO:root:accumulate return : 2.2863
INFO:root:accumulate return : 2.331
INFO:root:accumulate return : 2.1017
INFO:root:accumulate return : 2.2485
INFO:root:accumulate return : 2.1555
INFO:root:accumulate return : 2.2703
INFO:root:accumulate return : 2.3907
INFO:root:accumulate return : 2.2187
INFO:root:accumulate return : 2.0987
INFO:root:accumulate return : 2.2209
INFO:root:accumulate return : 2.2276
INFO:root:accumulate return : 2.17
INFO:root:accumulate return : 2.2238
INFO:root:accumulate return : 2.3185
INFO:root:accumulate return : 2.1887
INFO:root:accumulate return : 2.2264
INFO:root:accumulate return : 2.2407
INFO:root:accumulate return : 2.1289
INFO:root:accumulate return : 2.2332
INFO:root:accumulate return : 2.2139
INFO:root:accumulate return : 2.2183
INFO:root:accumulate return : 2.2357
INFO:root:accumulate return : 2.2881
INFO:root:accumulate return : 2.2017
INFO:root:accumulate return : 2.2479
INFO:root:accumulate return : 2.4367
INFO:root:accumulate return : 2.244
INFO:root:accumulate return : 2.223
INFO:root:accumulate return : 2.2507
INFO:root:accumulate return : 2.1674
INFO:root:accumulate return : 2.3061
INFO:root:accumulate return : 2.2327
INFO:root:accumulate return : 2.2765
INFO:root:accumulate return : 2.2824
INFO:root:accumulate return : 2.193
INFO:root:accumulate return : 2.3007
INFO:root:accumulate return : 2.2352
INFO:root:accumulate return : 2.3083
INFO:root:accumulate return : 2.2673
INFO:root:accumulate return : 2.2178
INFO:root:accumulate return : 2.1517
INFO:root:accumulate return : 2.0826
INFO:root:accumulate return : 2.1329
INFO:root:accumulate return : 2.2137
INFO:root:accumulate return : 2.3731
INFO:root:accumulate return : 2.2131
INFO:root:accumulate return : 2.328
INFO:root:accumulate return : 2.152
INFO:root:accumulate return : 2.2673
INFO:root:accumulate return : 2.2209
INFO:root:accumulate return : 2.3926
INFO:root:accumulate return : 2.2441
INFO:root:accumulate return : 2.1419
INFO:root:accumulate return : 2.3311
INFO:root:accumulate return : 2.1589
INFO:root:accumulate return : 2.2486
INFO:root:accumulate return : 2.2883
INFO:root:accumulate return : 2.2701
INFO:root:accumulate return : 2.1778
INFO:root:accumulate return : 2.3236
INFO:root:accumulate return : 2.4208
INFO:root:accumulate return : 2.351
INFO:root:accumulate return : 2.1101
INFO:root:accumulate return : 2.2453
INFO:root:accumulate return : 2.3186
INFO:root:accumulate return : 2.247
INFO:root:accumulate return : 2.2795
INFO:root:accumulate return : 2.2343
INFO:root:accumulate return : 2.2818
INFO:root:accumulate return : 2.373
INFO:root:accumulate return : 2.2325
INFO:root:accumulate return : 2.2163
INFO:root:accumulate return : 2.2926
INFO:root:accumulate return : 2.1323
INFO:root:accumulate return : 2.3473
INFO:root:accumulate return : 2.305
INFO:root:accumulate return : 2.1466
INFO:root:accumulate return : 2.3562
INFO:root:accumulate return : 2.0327
INFO:root:accumulate return : 2.27
INFO:root:accumulate return : 2.2539
INFO:root:accumulate return : 2.2432
INFO:root:accumulate return : 2.1334
INFO:root:accumulate return : 2.2767
INFO:root:accumulate return : 2.2384
INFO:root:accumulate return : 2.1984
INFO:root:accumulate return : 2.2143
INFO:root:accumulate return : 2.2574
INFO:root:accumulate return : 2.2404
INFO:root:accumulate return : 2.3028
INFO:root:accumulate return : 2.2505
INFO:root:accumulate return : 2.3331
INFO:root:accumulate return : 2.2948
INFO:root:accumulate return : 2.2798
INFO:root:accumulate return : 2.2924
INFO:root:accumulate return : 2.3407
INFO:root:accumulate return : 2.2513
INFO:root:accumulate return : 2.3334
INFO:root:accumulate return : 2.3546
INFO:root:accumulate return : 2.4598
INFO:root:accumulate return : 2.3383
INFO:root:accumulate return : 2.2969
INFO:root:accumulate return : 2.3114
INFO:root:accumulate return : 2.4106
INFO:root:accumulate return : 2.2252
INFO:root:accumulate return : 2.208
INFO:root:accumulate return : 2.1739
INFO:root:accumulate return : 2.3113
INFO:root:accumulate return : 2.4132
INFO:root:accumulate return : 2.3314
INFO:root:accumulate return : 2.3142
INFO:root:accumulate return : 2.3256
INFO:root:accumulate return : 2.3919
INFO:root:accumulate return : 2.3138
INFO:root:accumulate return : 2.3915
INFO:root:accumulate return : 2.2105
INFO:root:accumulate return : 2.3037
INFO:root:accumulate return : 2.387
INFO:root:accumulate return : 2.4185
INFO:root:accumulate return : 2.3771
INFO:root:accumulate return : 2.4552
INFO:root:accumulate return : 2.403
INFO:root:accumulate return : 2.3447
INFO:root:accumulate return : 2.251
INFO:root:accumulate return : 2.2575
INFO:root:accumulate return : 2.3099
INFO:root:accumulate return : 2.4232
INFO:root:accumulate return : 2.3018
INFO:root:accumulate return : 2.2389
INFO:root:accumulate return : 2.3409
INFO:root:accumulate return : 2.4225
INFO:root:accumulate return : 2.3629
INFO:root:accumulate return : 2.4788
INFO:root:accumulate return : 2.2914
INFO:root:accumulate return : 2.3744
INFO:root:accumulate return : 2.4312
INFO:root:accumulate return : 2.2768
INFO:root:accumulate return : 2.3931
INFO:root:accumulate return : 2.1777
INFO:root:accumulate return : 2.2932
INFO:root:accumulate return : 2.2865
INFO:root:accumulate return : 2.3182
INFO:root:accumulate return : 2.267
INFO:root:accumulate return : 2.2916
INFO:root:accumulate return : 2.3083
INFO:root:accumulate return : 2.3403
INFO:root:accumulate return : 2.279
INFO:root:accumulate return : 2.5013
INFO:root:accumulate return : 2.2312
INFO:root:accumulate return : 2.3284
INFO:root:accumulate return : 2.4346
INFO:root:accumulate return : 2.4649
INFO:root:accumulate return : 2.4658
INFO:root:accumulate return : 2.3331
INFO:root:accumulate return : 2.3102
INFO:root:accumulate return : 2.409
INFO:root:accumulate return : 2.3435
INFO:root:accumulate return : 2.3035
INFO:root:accumulate return : 2.3248
INFO:root:accumulate return : 2.3358
INFO:root:accumulate return : 2.3171
INFO:root:accumulate return : 2.3648
INFO:root:accumulate return : 2.3666
INFO:root:accumulate return : 2.3427
INFO:root:accumulate return : 2.4204
INFO:root:accumulate return : 2.3068
INFO:root:accumulate return : 2.3736
INFO:root:accumulate return : 2.4351
INFO:root:accumulate return : 2.3378
INFO:root:accumulate return : 2.3729
INFO:root:accumulate return : 2.3978
INFO:root:accumulate return : 2.3192
INFO:root:accumulate return : 2.2413
INFO:root:accumulate return : 2.2356
INFO:root:accumulate return : 2.3621
INFO:root:accumulate return : 2.3066
INFO:root:accumulate return : 2.2555
INFO:root:accumulate return : 2.4035
INFO:root:accumulate return : 2.4105
INFO:root:accumulate return : 2.2136
INFO:root:accumulate return : 2.1487
INFO:root:accumulate return : 2.3901
INFO:root:accumulate return : 2.3605
INFO:root:accumulate return : 2.3088
INFO:root:accumulate return : 2.2022
INFO:root:accumulate return : 2.2887
INFO:root:accumulate return : 2.3405
INFO:root:accumulate return : 2.398
INFO:root:accumulate return : 2.3008
INFO:root:accumulate return : 2.3655
INFO:root:accumulate return : 2.486
INFO:root:accumulate return : 2.3449
INFO:root:accumulate return : 2.3644
INFO:root:accumulate return : 2.2813
INFO:root:accumulate return : 2.341
INFO:root:accumulate return : 2.4769
INFO:root:accumulate return : 2.3944
INFO:root:accumulate return : 2.3373
INFO:root:accumulate return : 2.4653
INFO:root:accumulate return : 2.3112
INFO:root:accumulate return : 2.2391
INFO:root:accumulate return : 2.3121
INFO:root:accumulate return : 2.3269
INFO:root:accumulate return : 2.377
INFO:root:accumulate return : 2.4348
INFO:root:accumulate return : 2.2257
INFO:root:accumulate return : 2.3862
INFO:root:accumulate return : 2.2457
INFO:root:accumulate return : 2.4769
INFO:root:accumulate return : 2.1901
INFO:root:accumulate return : 2.4226
INFO:root:accumulate return : 2.3748
INFO:root:accumulate return : 2.377
INFO:root:accumulate return : 2.3185
INFO:root:accumulate return : 2.5107
INFO:root:accumulate return : 2.4424
INFO:root:accumulate return : 2.5482
INFO:root:accumulate return : 2.4429
INFO:root:accumulate return : 2.285
INFO:root:accumulate return : 2.3465
INFO:root:accumulate return : 2.2418
INFO:root:accumulate return : 2.4871
INFO:root:accumulate return : 2.3719
INFO:root:accumulate return : 2.2591
INFO:root:accumulate return : 2.3625
INFO:root:accumulate return : 2.3034
INFO:root:accumulate return : 2.2917
INFO:root:accumulate return : 2.3838
INFO:root:accumulate return : 2.3602
INFO:root:accumulate return : 2.5187
INFO:root:accumulate return : 2.5372
INFO:root:accumulate return : 2.2605
INFO:root:accumulate return : 2.4426
INFO:root:accumulate return : 2.3509
INFO:root:accumulate return : 2.3764
INFO:root:accumulate return : 2.4471
INFO:root:accumulate return : 2.4329
INFO:root:accumulate return : 2.336
INFO:root:accumulate return : 2.3857
INFO:root:accumulate return : 2.4106
INFO:root:accumulate return : 2.3141
INFO:root:accumulate return : 2.3899
INFO:root:accumulate return : 2.3548
INFO:root:accumulate return : 2.375
INFO:root:accumulate return : 2.409
INFO:root:accumulate return : 2.4533
INFO:root:accumulate return : 2.4162
INFO:root:accumulate return : 2.4662
INFO:root:accumulate return : 2.3914
INFO:root:accumulate return : 2.3512
INFO:root:accumulate return : 2.284
INFO:root:accumulate return : 2.3344
INFO:root:accumulate return : 2.2312
INFO:root:accumulate return : 2.3791
INFO:root:accumulate return : 2.2233
INFO:root:accumulate return : 2.51
INFO:root:accumulate return : 2.3613
INFO:root:accumulate return : 2.4896
INFO:root:accumulate return : 2.4181
INFO:root:accumulate return : 2.2436
INFO:root:accumulate return : 2.3887
INFO:root:accumulate return : 2.3801
INFO:root:accumulate return : 2.1798
INFO:root:accumulate return : 2.3878
INFO:root:accumulate return : 2.3484
INFO:root:accumulate return : 2.5024
INFO:root:accumulate return : 2.3239
INFO:root:accumulate return : 2.4062
INFO:root:accumulate return : 2.2552
INFO:root:accumulate return : 2.477
INFO:root:accumulate return : 2.3887
INFO:root:accumulate return : 2.3994
INFO:root:accumulate return : 2.3398
INFO:root:accumulate return : 2.4322
INFO:root:accumulate return : 2.3436
INFO:root:accumulate return : 2.3291
INFO:root:accumulate return : 2.4848
INFO:root:accumulate return : 2.3392
INFO:root:accumulate return : 2.45
INFO:root:accumulate return : 2.2562
INFO:root:accumulate return : 2.4271
INFO:root:accumulate return : 2.4163
INFO:root:accumulate return : 2.2659
INFO:root:accumulate return : 2.4427
INFO:root:accumulate return : 2.4044
INFO:root:accumulate return : 2.3594
INFO:root:accumulate return : 2.2147
INFO:root:accumulate return : 2.3329
INFO:root:accumulate return : 2.438
INFO:root:accumulate return : 2.3815
INFO:root:accumulate return : 2.3334
INFO:root:accumulate return : 2.3658
INFO:root:accumulate return : 2.3559
INFO:root:accumulate return : 2.2703
INFO:root:accumulate return : 2.3889
INFO:root:accumulate return : 2.4155
INFO:root:accumulate return : 2.3232
INFO:root:accumulate return : 2.3776
INFO:root:accumulate return : 2.3916
INFO:root:accumulate return : 2.4474
INFO:root:accumulate return : 2.2927
INFO:root:accumulate return : 2.2794
INFO:root:accumulate return : 2.2874
INFO:root:accumulate return : 2.4595
INFO:root:accumulate return : 2.4006
INFO:root:accumulate return : 2.5125
INFO:root:accumulate return : 2.346
INFO:root:accumulate return : 2.3857
INFO:root:accumulate return : 2.4396
INFO:root:accumulate return : 2.3636
INFO:root:accumulate return : 2.2255
INFO:root:accumulate return : 2.3559
INFO:root:accumulate return : 2.3762
INFO:root:accumulate return : 2.3961
INFO:root:accumulate return : 2.5136
INFO:root:accumulate return : 2.3349
INFO:root:accumulate return : 2.3943
INFO:root:accumulate return : 2.4326
INFO:root:accumulate return : 2.4652
INFO:root:accumulate return : 2.3092
INFO:root:accumulate return : 2.4255
INFO:root:accumulate return : 2.3919
INFO:root:accumulate return : 2.38
INFO:root:accumulate return : 2.5304
INFO:root:accumulate return : 2.3423
INFO:root:accumulate return : 2.4004
INFO:root:accumulate return : 2.2337
INFO:root:accumulate return : 2.3819
INFO:root:accumulate return : 2.3845
INFO:root:accumulate return : 2.421
INFO:root:accumulate return : 2.4505
INFO:root:accumulate return : 2.4706
INFO:root:accumulate return : 2.3761
INFO:root:accumulate return : 2.4295
INFO:root:accumulate return : 2.5049
INFO:root:accumulate return : 2.4509
INFO:root:accumulate return : 2.4302
INFO:root:accumulate return : 2.4968
INFO:root:accumulate return : 2.3295
INFO:root:accumulate return : 2.4246
INFO:root:accumulate return : 2.3678
INFO:root:accumulate return : 2.4615
INFO:root:accumulate return : 2.4052
INFO:root:accumulate return : 2.3517
INFO:root:accumulate return : 2.3183
INFO:root:accumulate return : 2.3939
INFO:root:accumulate return : 2.435
INFO:root:accumulate return : 2.4087
INFO:root:accumulate return : 2.4295
INFO:root:accumulate return : 2.4047
INFO:root:accumulate return : 2.3969
INFO:root:accumulate return : 2.4505
INFO:root:accumulate return : 2.4248
INFO:root:accumulate return : 2.3113
INFO:root:accumulate return : 2.3974
INFO:root:accumulate return : 2.4916
INFO:root:accumulate return : 2.4408
INFO:root:accumulate return : 2.4703
INFO:root:accumulate return : 2.4706
INFO:root:accumulate return : 2.5942
INFO:root:accumulate return : 2.356
INFO:root:accumulate return : 2.5043
INFO:root:accumulate return : 2.3197
INFO:root:accumulate return : 2.3733
INFO:root:accumulate return : 2.2584
INFO:root:accumulate return : 2.4506
INFO:root:accumulate return : 2.4427
INFO:root:accumulate return : 2.4236
INFO:root:accumulate return : 2.2724
INFO:root:accumulate return : 2.4834
INFO:root:accumulate return : 2.5174
INFO:root:accumulate return : 2.3802
INFO:root:accumulate return : 2.4028
INFO:root:accumulate return : 2.2355
INFO:root:accumulate return : 2.4335
INFO:root:accumulate return : 2.1411
INFO:root:accumulate return : 2.2949
INFO:root:accumulate return : 2.4024
INFO:root:accumulate return : 2.4828
INFO:root:accumulate return : 2.4942
INFO:root:accumulate return : 2.2865
INFO:root:accumulate return : 2.3784
INFO:root:accumulate return : 2.458
INFO:root:accumulate return : 2.438
INFO:root:accumulate return : 2.2855
INFO:root:accumulate return : 2.4057
INFO:root:accumulate return : 2.3612
INFO:root:accumulate return : 2.3469
INFO:root:accumulate return : 2.4953
INFO:root:accumulate return : 2.4943
INFO:root:accumulate return : 2.4021
INFO:root:accumulate return : 2.3377
INFO:root:accumulate return : 2.3902
INFO:root:accumulate return : 2.4115
INFO:root:accumulate return : 2.3321
INFO:root:accumulate return : 2.2719
INFO:root:accumulate return : 2.4519
INFO:root:accumulate return : 2.4018
INFO:root:accumulate return : 2.3984
INFO:root:accumulate return : 2.3614
INFO:root:accumulate return : 2.3851
INFO:root:accumulate return : 2.5273
INFO:root:accumulate return : 2.4012
INFO:root:accumulate return : 2.2971
INFO:root:accumulate return : 2.4635
INFO:root:accumulate return : 2.3718
INFO:root:accumulate return : 2.4623
INFO:root:accumulate return : 2.5324
INFO:root:accumulate return : 2.4893
INFO:root:accumulate return : 2.369
INFO:root:accumulate return : 2.4319
INFO:root:accumulate return : 2.3535
INFO:root:accumulate return : 2.1843
INFO:root:accumulate return : 2.429
INFO:root:accumulate return : 2.3595
INFO:root:accumulate return : 2.496
INFO:root:accumulate return : 2.4158
INFO:root:accumulate return : 2.5564
INFO:root:accumulate return : 2.4193
INFO:root:accumulate return : 2.3885
INFO:root:accumulate return : 2.3043
INFO:root:accumulate return : 2.3298
INFO:root:accumulate return : 2.3976
INFO:root:accumulate return : 2.4212
INFO:root:accumulate return : 2.468
INFO:root:accumulate return : 2.3565
INFO:root:accumulate return : 2.3717
INFO:root:accumulate return : 2.4267
INFO:root:accumulate return : 2.4575
INFO:root:accumulate return : 2.5031
INFO:root:accumulate return : 2.4259
INFO:root:accumulate return : 2.3227
INFO:root:accumulate return : 2.3846
INFO:root:accumulate return : 2.3393
INFO:root:accumulate return : 2.43
INFO:root:accumulate return : 2.4064
INFO:root:accumulate return : 2.3911
INFO:root:accumulate return : 2.3241
INFO:root:accumulate return : 2.5594
INFO:root:accumulate return : 2.4165
INFO:root:accumulate return : 2.4986
INFO:root:accumulate return : 2.3452
INFO:root:accumulate return : 2.5487
INFO:root:accumulate return : 2.4455
INFO:root:accumulate return : 2.3836
INFO:root:accumulate return : 2.4432
INFO:root:accumulate return : 2.2554
INFO:root:accumulate return : 2.3951
INFO:root:accumulate return : 2.3745
INFO:root:accumulate return : 2.4518
INFO:root:accumulate return : 2.3193
INFO:root:accumulate return : 2.2834
INFO:root:accumulate return : 2.5006
INFO:root:accumulate return : 2.3659
INFO:root:accumulate return : 2.4701
INFO:root:accumulate return : 2.3629
INFO:root:accumulate return : 2.396
INFO:root:accumulate return : 2.5789
INFO:root:accumulate return : 2.4146
INFO:root:accumulate return : 2.4957
INFO:root:accumulate return : 2.45
INFO:root:accumulate return : 2.3658
INFO:root:accumulate return : 2.5691
INFO:root:accumulate return : 2.5385
INFO:root:accumulate return : 2.2865
INFO:root:accumulate return : 2.435
INFO:root:accumulate return : 2.2735
INFO:root:accumulate return : 2.4339
INFO:root:accumulate return : 2.4586
INFO:root:accumulate return : 2.4399
INFO:root:accumulate return : 2.5913
INFO:root:accumulate return : 2.3047
INFO:root:accumulate return : 2.4878
INFO:root:accumulate return : 2.2878
INFO:root:accumulate return : 2.5719
INFO:root:accumulate return : 2.445
INFO:root:accumulate return : 2.435
INFO:root:accumulate return : 2.2998
INFO:root:accumulate return : 2.3813
INFO:root:accumulate return : 2.3921
INFO:root:accumulate return : 2.4241
INFO:root:accumulate return : 2.4075
INFO:root:accumulate return : 2.4878
INFO:root:accumulate return : 2.4475
INFO:root:accumulate return : 2.5458
INFO:root:accumulate return : 2.3055
INFO:root:accumulate return : 2.3963
INFO:root:accumulate return : 2.4366
INFO:root:accumulate return : 2.3883
INFO:root:accumulate return : 2.5373
INFO:root:accumulate return : 2.4638
INFO:root:accumulate return : 2.4723
INFO:root:accumulate return : 2.4406
INFO:root:accumulate return : 2.4177
INFO:root:accumulate return : 2.5069
INFO:root:accumulate return : 2.3783
INFO:root:accumulate return : 2.3945
INFO:root:accumulate return : 2.4784
INFO:root:accumulate return : 2.427
INFO:root:accumulate return : 2.5821
INFO:root:accumulate return : 2.4345
INFO:root:accumulate return : 2.426
INFO:root:accumulate return : 2.3494
INFO:root:accumulate return : 2.4428
INFO:root:accumulate return : 2.3221
INFO:root:accumulate return : 2.4793
INFO:root:accumulate return : 2.4104
INFO:root:accumulate return : 2.3213
INFO:root:accumulate return : 2.4101
INFO:root:accumulate return : 2.4488
INFO:root:accumulate return : 2.247
INFO:root:accumulate return : 2.3654
INFO:root:accumulate return : 2.4469
INFO:root:accumulate return : 2.4807
INFO:root:accumulate return : 2.4832
INFO:root:accumulate return : 2.5154
INFO:root:accumulate return : 2.4539
INFO:root:accumulate return : 2.4745
INFO:root:accumulate return : 2.419
INFO:root:accumulate return : 2.3864
INFO:root:accumulate return : 2.387
INFO:root:accumulate return : 2.4617
INFO:root:accumulate return : 2.5102
INFO:root:accumulate return : 2.3398
INFO:root:accumulate return : 2.2713
INFO:root:accumulate return : 2.488
INFO:root:accumulate return : 2.3657
INFO:root:accumulate return : 2.4867
INFO:root:accumulate return : 2.4167
INFO:root:accumulate return : 2.2755
INFO:root:accumulate return : 2.1313
INFO:root:accumulate return : 2.4575
INFO:root:accumulate return : 2.4808
INFO:root:accumulate return : 2.4174
INFO:root:accumulate return : 2.3548
INFO:root:accumulate return : 2.3916
INFO:root:accumulate return : 2.3183
INFO:root:accumulate return : 2.4778
INFO:root:accumulate return : 2.2999
INFO:root:accumulate return : 2.4448
INFO:root:accumulate return : 2.4553
INFO:root:accumulate return : 2.3931
INFO:root:accumulate return : 2.2756
INFO:root:accumulate return : 2.2884
INFO:root:accumulate return : 2.4536
INFO:root:accumulate return : 2.3931
INFO:root:accumulate return : 2.4361
INFO:root:accumulate return : 2.4431
INFO:root:accumulate return : 2.4885
INFO:root:accumulate return : 2.4371
INFO:root:accumulate return : 2.3692
INFO:root:accumulate return : 2.3312
INFO:root:accumulate return : 2.4785
INFO:root:accumulate return : 2.3421
INFO:root:accumulate return : 2.4788
INFO:root:accumulate return : 2.3651
INFO:root:accumulate return : 2.43
INFO:root:accumulate return : 2.435
INFO:root:accumulate return : 2.354
INFO:root:accumulate return : 2.5075
INFO:root:accumulate return : 2.5314
INFO:root:accumulate return : 2.4227
INFO:root:accumulate return : 2.2368
INFO:root:accumulate return : 2.4533
INFO:root:accumulate return : 2.4357
INFO:root:accumulate return : 2.3425
INFO:root:accumulate return : 2.449
INFO:root:accumulate return : 2.4708
INFO:root:accumulate return : 2.5065
INFO:root:accumulate return : 2.4171
INFO:root:accumulate return : 2.5125
INFO:root:accumulate return : 2.4657
INFO:root:accumulate return : 2.411
INFO:root:accumulate return : 2.4502
INFO:root:accumulate return : 2.4835
INFO:root:accumulate return : 2.2733
INFO:root:accumulate return : 2.3506
INFO:root:accumulate return : 2.503
INFO:root:accumulate return : 2.293
INFO:root:accumulate return : 2.39
INFO:root:accumulate return : 2.5188
INFO:root:accumulate return : 2.528
INFO:root:accumulate return : 2.5206
INFO:root:accumulate return : 2.4896
INFO:root:accumulate return : 2.5146
INFO:root:accumulate return : 2.3399
INFO:root:accumulate return : 2.4539
INFO:root:accumulate return : 2.4147
INFO:root:accumulate return : 2.4704
INFO:root:accumulate return : 2.4074
INFO:root:accumulate return : 2.4783
INFO:root:accumulate return : 2.3734
INFO:root:accumulate return : 2.4496
INFO:root:accumulate return : 2.4468
INFO:root:accumulate return : 2.5116
INFO:root:accumulate return : 2.3784
INFO:root:accumulate return : 2.4668
INFO:root:accumulate return : 2.4536
INFO:root:accumulate return : 2.4487
INFO:root:accumulate return : 2.4873
INFO:root:accumulate return : 2.4851
INFO:root:accumulate return : 2.3922
INFO:root:accumulate return : 2.4196
INFO:root:accumulate return : 2.4995
INFO:root:accumulate return : 2.4
INFO:root:accumulate return : 2.5564
INFO:root:accumulate return : 2.5389
INFO:root:accumulate return : 2.477
INFO:root:accumulate return : 2.3625
INFO:root:accumulate return : 2.3756
INFO:root:accumulate return : 2.3562
INFO:root:accumulate return : 2.5169
INFO:root:accumulate return : 2.4065
INFO:root:accumulate return : 2.4212
INFO:root:accumulate return : 2.4998
INFO:root:accumulate return : 2.3727
INFO:root:accumulate return : 2.4221
INFO:root:accumulate return : 2.306
INFO:root:accumulate return : 2.3873
INFO:root:accumulate return : 2.4694
INFO:root:accumulate return : 2.5193
INFO:root:accumulate return : 2.3523
INFO:root:accumulate return : 2.5159
INFO:root:accumulate return : 2.4449
INFO:root:accumulate return : 2.4696
INFO:root:accumulate return : 2.2664
INFO:root:accumulate return : 2.4472
INFO:root:accumulate return : 2.3915
INFO:root:accumulate return : 2.4387
INFO:root:accumulate return : 2.464
INFO:root:accumulate return : 2.4103
INFO:root:accumulate return : 2.4901
INFO:root:accumulate return : 2.4358
INFO:root:accumulate return : 2.4511
INFO:root:accumulate return : 2.4026
INFO:root:accumulate return : 2.4143
INFO:root:accumulate return : 2.3596
INFO:root:accumulate return : 2.4412
INFO:root:accumulate return : 2.3785
INFO:root:accumulate return : 2.4238
INFO:root:accumulate return : 2.3647
INFO:root:accumulate return : 2.3473
INFO:root:accumulate return : 2.4219
INFO:root:accumulate return : 2.4543
INFO:root:accumulate return : 2.4706
INFO:root:accumulate return : 2.4392
INFO:root:accumulate return : 2.3962
INFO:root:accumulate return : 2.3153
INFO:root:accumulate return : 2.3189
INFO:root:accumulate return : 2.2958
INFO:root:accumulate return : 2.4896
INFO:root:accumulate return : 2.3623
INFO:root:accumulate return : 2.4664
INFO:root:accumulate return : 2.3178
INFO:root:accumulate return : 2.4406
INFO:root:accumulate return : 2.5543
INFO:root:accumulate return : 2.4379
INFO:root:accumulate return : 2.3235
INFO:root:accumulate return : 2.4427
INFO:root:accumulate return : 2.4309
INFO:root:accumulate return : 2.3955
INFO:root:accumulate return : 2.2961
INFO:root:accumulate return : 2.5483
INFO:root:accumulate return : 2.3141
INFO:root:accumulate return : 2.4675
INFO:root:accumulate return : 2.4488
INFO:root:accumulate return : 2.5209
INFO:root:accumulate return : 2.4397
INFO:root:accumulate return : 2.5039
INFO:root:accumulate return : 2.4455
INFO:root:accumulate return : 2.4249
INFO:root:accumulate return : 2.2782
INFO:root:accumulate return : 2.3269
INFO:root:accumulate return : 2.3407
INFO:root:accumulate return : 2.4833
INFO:root:accumulate return : 2.3757
INFO:root:accumulate return : 2.373
INFO:root:accumulate return : 2.4594
INFO:root:accumulate return : 2.5255
INFO:root:accumulate return : 2.3815
INFO:root:accumulate return : 2.3567
INFO:root:accumulate return : 2.4237
INFO:root:accumulate return : 2.4283
INFO:root:accumulate return : 2.4811
INFO:root:accumulate return : 2.4738
INFO:root:accumulate return : 2.396
INFO:root:accumulate return : 2.4372
INFO:root:accumulate return : 2.4944
INFO:root:accumulate return : 2.435
INFO:root:accumulate return : 2.3995
INFO:root:accumulate return : 2.4842
INFO:root:accumulate return : 2.3642
INFO:root:accumulate return : 2.592
INFO:root:accumulate return : 2.3969
INFO:root:accumulate return : 2.3662
INFO:root:accumulate return : 2.3922
INFO:root:accumulate return : 2.4095
INFO:root:accumulate return : 2.4668
INFO:root:accumulate return : 2.5334
INFO:root:accumulate return : 2.2888
INFO:root:accumulate return : 2.3908
INFO:root:accumulate return : 2.489
INFO:root:accumulate return : 2.3945
INFO:root:accumulate return : 2.4697
INFO:root:accumulate return : 2.5036
INFO:root:accumulate return : 2.3134
INFO:root:accumulate return : 2.4946
INFO:root:accumulate return : 2.313
INFO:root:accumulate return : 2.4792
INFO:root:accumulate return : 2.345
INFO:root:accumulate return : 2.5161
INFO:root:accumulate return : 2.6061
INFO:root:accumulate return : 2.4464
INFO:root:accumulate return : 2.4578
INFO:root:accumulate return : 2.5658
INFO:root:accumulate return : 2.524
INFO:root:accumulate return : 2.5778
INFO:root:accumulate return : 2.5919
INFO:root:accumulate return : 2.3936
INFO:root:accumulate return : 2.5844
INFO:root:accumulate return : 2.4766
INFO:root:accumulate return : 2.4095
INFO:root:accumulate return : 2.5698
INFO:root:accumulate return : 2.5021
INFO:root:accumulate return : 2.506
INFO:root:accumulate return : 2.5297
INFO:root:accumulate return : 2.6167
INFO:root:accumulate return : 2.5293
INFO:root:accumulate return : 2.4636
INFO:root:accumulate return : 2.4721
INFO:root:accumulate return : 2.4146
INFO:root:accumulate return : 2.4169
INFO:root:accumulate return : 2.4954
INFO:root:accumulate return : 2.4715
INFO:root:accumulate return : 2.3659
INFO:root:accumulate return : 2.3921
INFO:root:accumulate return : 2.4971
INFO:root:accumulate return : 2.5113
INFO:root:accumulate return : 2.4568
INFO:root:accumulate return : 2.43
INFO:root:accumulate return : 2.4111
INFO:root:accumulate return : 2.5182
INFO:root:accumulate return : 2.2226
INFO:root:accumulate return : 2.2707
INFO:root:accumulate return : 2.4417
INFO:root:accumulate return : 2.5447
INFO:root:accumulate return : 2.336
INFO:root:accumulate return : 2.4947
INFO:root:accumulate return : 2.4686
INFO:root:accumulate return : 2.3799
INFO:root:accumulate return : 2.3638
INFO:root:accumulate return : 2.4783
INFO:root:accumulate return : 2.5175
INFO:root:accumulate return : 2.363
INFO:root:accumulate return : 2.5463
INFO:root:accumulate return : 2.4813
INFO:root:accumulate return : 2.3607
INFO:root:accumulate return : 2.3761
INFO:root:accumulate return : 2.3913
INFO:root:accumulate return : 2.6318
INFO:root:accumulate return : 2.4981
INFO:root:accumulate return : 2.4021
INFO:root:accumulate return : 2.4791
INFO:root:accumulate return : 2.4773
INFO:root:accumulate return : 2.435
INFO:root:accumulate return : 2.4553
INFO:root:accumulate return : 2.5541
INFO:root:accumulate return : 2.3953
INFO:root:accumulate return : 2.3763
INFO:root:accumulate return : 2.4512
INFO:root:accumulate return : 2.2964
INFO:root:accumulate return : 2.5312
INFO:root:accumulate return : 2.4107
INFO:root:accumulate return : 2.46
INFO:root:accumulate return : 2.5318
INFO:root:accumulate return : 2.4741
INFO:root:accumulate return : 2.4991
INFO:root:accumulate return : 2.3986
INFO:root:accumulate return : 2.3478
INFO:root:accumulate return : 2.5692
INFO:root:accumulate return : 2.4104
INFO:root:accumulate return : 2.4239
INFO:root:accumulate return : 2.362
INFO:root:accumulate return : 2.5503
INFO:root:accumulate return : 2.4765
INFO:root:accumulate return : 2.3424
INFO:root:accumulate return : 2.4812
INFO:root:accumulate return : 2.5117
INFO:root:accumulate return : 2.4161
INFO:root:accumulate return : 2.5391
INFO:root:accumulate return : 2.5882
INFO:root:accumulate return : 2.3921
INFO:root:accumulate return : 2.4961
INFO:root:accumulate return : 2.5747
INFO:root:accumulate return : 2.408
INFO:root:accumulate return : 2.4075
INFO:root:accumulate return : 2.3502
INFO:root:accumulate return : 2.4985
INFO:root:accumulate return : 2.4496
INFO:root:accumulate return : 2.284
INFO:root:accumulate return : 2.2782
INFO:root:accumulate return : 2.4104
INFO:root:accumulate return : 2.4218
INFO:root:accumulate return : 2.4253
INFO:root:accumulate return : 2.373
INFO:root:accumulate return : 2.3768
INFO:root:accumulate return : 2.4091
INFO:root:accumulate return : 2.469
INFO:root:accumulate return : 2.4562
INFO:root:accumulate return : 2.4779
INFO:root:accumulate return : 2.3123
INFO:root:accumulate return : 2.4427
INFO:root:accumulate return : 2.5253
INFO:root:accumulate return : 2.4762
INFO:root:accumulate return : 2.528
INFO:root:accumulate return : 2.4442
INFO:root:accumulate return : 2.4272
INFO:root:accumulate return : 2.5498
INFO:root:accumulate return : 2.366
INFO:root:accumulate return : 2.4958
INFO:root:accumulate return : 2.4707
INFO:root:accumulate return : 2.3211
INFO:root:accumulate return : 2.6222
INFO:root:accumulate return : 2.388
INFO:root:accumulate return : 2.5037
INFO:root:accumulate return : 2.4628
INFO:root:accumulate return : 2.5485
INFO:root:accumulate return : 2.3014
INFO:root:accumulate return : 2.4329
INFO:root:accumulate return : 2.4891
INFO:root:accumulate return : 2.552
INFO:root:accumulate return : 2.4386
INFO:root:accumulate return : 2.5603
INFO:root:accumulate return : 2.4868
INFO:root:accumulate return : 2.2978
INFO:root:accumulate return : 2.5622
INFO:root:accumulate return : 2.3679
INFO:root:accumulate return : 2.4701
INFO:root:accumulate return : 2.4512
INFO:root:accumulate return : 2.4753
INFO:root:accumulate return : 2.4882
INFO:root:accumulate return : 2.5189
INFO:root:accumulate return : 2.4201
INFO:root:accumulate return : 2.5272
INFO:root:accumulate return : 2.507
INFO:root:accumulate return : 2.4748
INFO:root:accumulate return : 2.3672
INFO:root:accumulate return : 2.3749
INFO:root:accumulate return : 2.3799
INFO:root:accumulate return : 2.5637
INFO:root:accumulate return : 2.3997
INFO:root:accumulate return : 2.2981
INFO:root:accumulate return : 2.4662
INFO:root:accumulate return : 2.4856
INFO:root:accumulate return : 2.2949
INFO:root:accumulate return : 2.4942
INFO:root:accumulate return : 2.3791
INFO:root:accumulate return : 2.442
INFO:root:accumulate return : 2.4995
INFO:root:accumulate return : 2.3283
INFO:root:accumulate return : 2.4491
INFO:root:accumulate return : 2.4952
INFO:root:accumulate return : 2.485
INFO:root:accumulate return : 2.4012
INFO:root:accumulate return : 2.4144
INFO:root:accumulate return : 2.5558
INFO:root:accumulate return : 2.3863
INFO:root:accumulate return : 2.4634
INFO:root:accumulate return : 2.4931
INFO:root:accumulate return : 2.4362
INFO:root:accumulate return : 2.3951
INFO:root:accumulate return : 2.5637
INFO:root:accumulate return : 2.4435
INFO:root:accumulate return : 2.3235
INFO:root:accumulate return : 2.4958
INFO:root:accumulate return : 2.3074
INFO:root:accumulate return : 2.5061
INFO:root:accumulate return : 2.5945
INFO:root:accumulate return : 2.4189
INFO:root:accumulate return : 2.3056
INFO:root:accumulate return : 2.4232
INFO:root:accumulate return : 2.3095
INFO:root:accumulate return : 2.4273
INFO:root:accumulate return : 2.5297
INFO:root:accumulate return : 2.4426
INFO:root:accumulate return : 2.4434
INFO:root:accumulate return : 2.5591
INFO:root:accumulate return : 2.4616
INFO:root:accumulate return : 2.3716
INFO:root:accumulate return : 2.4406
INFO:root:accumulate return : 2.5066
INFO:root:accumulate return : 2.5725
INFO:root:accumulate return : 2.5428
INFO:root:accumulate return : 2.4503
INFO:root:accumulate return : 2.4488
INFO:root:accumulate return : 2.4627
INFO:root:accumulate return : 2.527
INFO:root:accumulate return : 2.4549
INFO:root:accumulate return : 2.4658
INFO:root:accumulate return : 2.4372
INFO:root:accumulate return : 2.5533
INFO:root:accumulate return : 2.4963
INFO:root:accumulate return : 2.4446
INFO:root:accumulate return : 2.1143
INFO:root:accumulate return : 2.3957
INFO:root:accumulate return : 2.4453
INFO:root:accumulate return : 2.5758
INFO:root:accumulate return : 2.3642
INFO:root:accumulate return : 2.4387
INFO:root:accumulate return : 2.4998
INFO:root:accumulate return : 2.408
INFO:root:accumulate return : 2.5418
INFO:root:accumulate return : 2.5618
INFO:root:accumulate return : 2.6304
INFO:root:accumulate return : 2.4754
INFO:root:accumulate return : 2.5852
INFO:root:accumulate return : 2.3585
INFO:root:accumulate return : 2.4365
INFO:root:accumulate return : 2.6242
INFO:root:accumulate return : 2.5064
INFO:root:accumulate return : 2.3995
INFO:root:accumulate return : 2.4173
INFO:root:accumulate return : 2.4777
INFO:root:accumulate return : 2.4664
INFO:root:accumulate return : 2.4381
INFO:root:accumulate return : 2.4209
INFO:root:accumulate return : 2.4407
INFO:root:accumulate return : 2.5848
INFO:root:accumulate return : 2.4075
INFO:root:accumulate return : 2.4554
INFO:root:accumulate return : 2.3952
INFO:root:accumulate return : 2.4597
INFO:root:accumulate return : 2.4859
INFO:root:accumulate return : 2.3988
INFO:root:accumulate return : 2.3486
INFO:root:accumulate return : 2.4783
INFO:root:accumulate return : 2.5391
INFO:root:accumulate return : 2.4257
INFO:root:accumulate return : 2.4655
INFO:root:accumulate return : 2.4584
INFO:root:accumulate return : 2.3648
INFO:root:accumulate return : 2.6306
INFO:root:accumulate return : 2.3526
INFO:root:accumulate return : 2.4673
INFO:root:accumulate return : 2.532
INFO:root:accumulate return : 2.5278
INFO:root:accumulate return : 2.5252
INFO:root:accumulate return : 2.3606
INFO:root:accumulate return : 2.5136
INFO:root:accumulate return : 2.2796
INFO:root:accumulate return : 2.3821
INFO:root:accumulate return : 2.5243
INFO:root:accumulate return : 2.5318
INFO:root:accumulate return : 2.5176
INFO:root:accumulate return : 2.5097
INFO:root:accumulate return : 2.5177
INFO:root:accumulate return : 2.5236
INFO:root:accumulate return : 2.3545
INFO:root:accumulate return : 2.5093
INFO:root:accumulate return : 2.331
INFO:root:accumulate return : 2.5573
INFO:root:accumulate return : 2.4582
INFO:root:accumulate return : 2.5084
INFO:root:accumulate return : 2.4924
INFO:root:accumulate return : 2.5244
INFO:root:accumulate return : 2.5605
INFO:root:accumulate return : 2.4119
INFO:root:accumulate return : 2.4856
INFO:root:accumulate return : 2.2365
INFO:root:accumulate return : 2.4828
INFO:root:accumulate return : 2.429
INFO:root:accumulate return : 2.3363
INFO:root:accumulate return : 2.4418
INFO:root:accumulate return : 2.5541
INFO:root:accumulate return : 2.2207
INFO:root:accumulate return : 2.4212
INFO:root:accumulate return : 2.481
INFO:root:accumulate return : 2.4836
INFO:root:accumulate return : 2.5111
INFO:root:accumulate return : 2.5597
INFO:root:accumulate return : 2.3959
INFO:root:accumulate return : 2.538
INFO:root:accumulate return : 2.5398
INFO:root:accumulate return : 2.3822
INFO:root:accumulate return : 2.3691
INFO:root:accumulate return : 2.356
INFO:root:accumulate return : 2.4475
INFO:root:accumulate return : 2.3423
INFO:root:accumulate return : 2.4781
INFO:root:accumulate return : 2.3912
INFO:root:accumulate return : 2.3957
INFO:root:accumulate return : 2.4541
INFO:root:accumulate return : 2.4665
INFO:root:accumulate return : 2.3637
INFO:root:accumulate return : 2.4231
INFO:root:accumulate return : 2.3555
INFO:root:accumulate return : 2.4463
INFO:root:accumulate return : 2.6191
INFO:root:accumulate return : 2.4931
INFO:root:accumulate return : 2.5569
INFO:root:accumulate return : 2.5334
INFO:root:accumulate return : 2.4506
INFO:root:accumulate return : 2.3651
INFO:root:accumulate return : 2.5327
INFO:root:accumulate return : 2.5371
INFO:root:accumulate return : 2.3873
INFO:root:accumulate return : 2.3908
INFO:root:accumulate return : 2.551
INFO:root:accumulate return : 2.5542
INFO:root:accumulate return : 2.2561
INFO:root:accumulate return : 2.5062
INFO:root:accumulate return : 2.3985
INFO:root:accumulate return : 2.5253
INFO:root:accumulate return : 2.5505
INFO:root:accumulate return : 2.4522
INFO:root:accumulate return : 2.4001
INFO:root:accumulate return : 2.447
INFO:root:accumulate return : 2.5305
INFO:root:accumulate return : 2.5444
INFO:root:accumulate return : 2.5673
INFO:root:accumulate return : 2.3841
INFO:root:accumulate return : 2.4507
INFO:root:accumulate return : 2.2803
INFO:root:accumulate return : 2.5267
INFO:root:accumulate return : 2.4003
INFO:root:accumulate return : 2.4555
INFO:root:accumulate return : 2.6422
INFO:root:accumulate return : 2.4092
INFO:root:accumulate return : 2.4604
INFO:root:accumulate return : 2.4866
INFO:root:accumulate return : 2.2803
INFO:root:accumulate return : 2.5284
INFO:root:accumulate return : 2.465
INFO:root:accumulate return : 2.3905
INFO:root:accumulate return : 2.5684
INFO:root:accumulate return : 2.452
INFO:root:accumulate return : 2.6114
INFO:root:accumulate return : 2.4724
INFO:root:accumulate return : 2.5731
INFO:root:accumulate return : 2.512
INFO:root:accumulate return : 2.5069
INFO:root:accumulate return : 2.5415
INFO:root:accumulate return : 2.637
INFO:root:accumulate return : 2.5028
INFO:root:accumulate return : 2.5345
INFO:root:accumulate return : 2.4864
INFO:root:accumulate return : 2.4952
INFO:root:accumulate return : 2.5428
INFO:root:accumulate return : 2.3975
INFO:root:accumulate return : 2.573
INFO:root:accumulate return : 2.4341
INFO:root:accumulate return : 2.5134
INFO:root:accumulate return : 2.5356
INFO:root:accumulate return : 2.5747
INFO:root:accumulate return : 2.501
INFO:root:accumulate return : 2.4263
INFO:root:accumulate return : 2.4489
INFO:root:accumulate return : 2.5312
INFO:root:accumulate return : 2.3196
INFO:root:accumulate return : 2.3928
INFO:root:accumulate return : 2.5127
INFO:root:accumulate return : 2.447
INFO:root:accumulate return : 2.5732
INFO:root:accumulate return : 2.5112
INFO:root:accumulate return : 2.5884
INFO:root:accumulate return : 2.3212
INFO:root:accumulate return : 2.4066
INFO:root:accumulate return : 2.4277
INFO:root:accumulate return : 2.3745
INFO:root:accumulate return : 2.3595
INFO:root:accumulate return : 2.5271
INFO:root:accumulate return : 2.5392
INFO:root:accumulate return : 2.5593
INFO:root:accumulate return : 2.4218
INFO:root:accumulate return : 2.4245
INFO:root:accumulate return : 2.5216
INFO:root:accumulate return : 2.4314
INFO:root:accumulate return : 2.4648
INFO:root:accumulate return : 2.5764
INFO:root:accumulate return : 2.4747
INFO:root:accumulate return : 2.6212
INFO:root:accumulate return : 2.4251
INFO:root:accumulate return : 2.5835
INFO:root:accumulate return : 2.3842
INFO:root:accumulate return : 2.4953
INFO:root:accumulate return : 2.4665
INFO:root:accumulate return : 2.5275
INFO:root:accumulate return : 2.5086
INFO:root:accumulate return : 2.4285
INFO:root:accumulate return : 2.4959
INFO:root:accumulate return : 2.5496
INFO:root:accumulate return : 2.495
INFO:root:accumulate return : 2.5125
INFO:root:accumulate return : 2.3194
INFO:root:accumulate return : 2.5437
INFO:root:accumulate return : 2.5495
INFO:root:accumulate return : 2.3776
INFO:root:accumulate return : 2.4101
INFO:root:accumulate return : 2.5264
INFO:root:accumulate return : 2.5333
INFO:root:accumulate return : 2.4385
INFO:root:accumulate return : 2.5732
INFO:root:accumulate return : 2.5349
INFO:root:accumulate return : 2.4654
INFO:root:accumulate return : 2.5422
INFO:root:accumulate return : 2.5841
INFO:root:accumulate return : 2.409
INFO:root:accumulate return : 2.4762
INFO:root:accumulate return : 2.4514
INFO:root:accumulate return : 2.454
INFO:root:accumulate return : 2.46
INFO:root:accumulate return : 2.5581
INFO:root:accumulate return : 2.4555
INFO:root:accumulate return : 2.5039
INFO:root:accumulate return : 2.4604
INFO:root:accumulate return : 2.3351
INFO:root:accumulate return : 2.5054
INFO:root:accumulate return : 2.4984
INFO:root:accumulate return : 2.4918
INFO:root:accumulate return : 2.5112
INFO:root:accumulate return : 2.3484
INFO:root:accumulate return : 2.3795
INFO:root:accumulate return : 2.4277
INFO:root:accumulate return : 2.5608
INFO:root:accumulate return : 2.5907
INFO:root:accumulate return : 2.4979
INFO:root:accumulate return : 2.3812
INFO:root:accumulate return : 2.5307
INFO:root:accumulate return : 2.5796
INFO:root:accumulate return : 2.3992
INFO:root:accumulate return : 2.4983
INFO:root:accumulate return : 2.603
INFO:root:accumulate return : 2.63
INFO:root:accumulate return : 2.5238
INFO:root:accumulate return : 2.3458
INFO:root:accumulate return : 2.5704
INFO:root:accumulate return : 2.3722
INFO:root:accumulate return : 2.5315
INFO:root:accumulate return : 2.5306
INFO:root:accumulate return : 2.4434
INFO:root:accumulate return : 2.5914
INFO:root:accumulate return : 2.4827
INFO:root:accumulate return : 2.4566
INFO:root:accumulate return : 2.5369
INFO:root:accumulate return : 2.4965
INFO:root:accumulate return : 2.5212
INFO:root:accumulate return : 2.4194
INFO:root:accumulate return : 2.4524
INFO:root:accumulate return : 2.4571
INFO:root:accumulate return : 2.5314
INFO:root:accumulate return : 2.5389
INFO:root:accumulate return : 2.4696
INFO:root:accumulate return : 2.4625
INFO:root:accumulate return : 2.5563
INFO:root:accumulate return : 2.4693
INFO:root:accumulate return : 2.5914
INFO:root:accumulate return : 2.3907
INFO:root:accumulate return : 2.4954
INFO:root:accumulate return : 2.4682
INFO:root:accumulate return : 2.4314
INFO:root:accumulate return : 2.6187
INFO:root:accumulate return : 2.4964
INFO:root:accumulate return : 2.4779
INFO:root:accumulate return : 2.4853
INFO:root:accumulate return : 2.3624
INFO:root:accumulate return : 2.3589
INFO:root:accumulate return : 2.4974
INFO:root:accumulate return : 2.3588
INFO:root:accumulate return : 2.6552
INFO:root:accumulate return : 2.5998
INFO:root:accumulate return : 2.484
INFO:root:accumulate return : 2.4533
INFO:root:accumulate return : 2.5017
INFO:root:accumulate return : 2.5236
INFO:root:accumulate return : 2.5263
INFO:root:accumulate return : 2.4443
INFO:root:accumulate return : 2.5002
INFO:root:accumulate return : 2.4549
INFO:root:accumulate return : 2.443
INFO:root:accumulate return : 2.6365
INFO:root:accumulate return : 2.6068
INFO:root:accumulate return : 2.4947
INFO:root:accumulate return : 2.6133
INFO:root:accumulate return : 2.4156
INFO:root:accumulate return : 2.5567
INFO:root:accumulate return : 2.3514
INFO:root:accumulate return : 2.571
INFO:root:accumulate return : 2.2533
INFO:root:accumulate return : 2.4425
INFO:root:accumulate return : 2.5422
INFO:root:accumulate return : 2.2682
INFO:root:accumulate return : 2.3715
INFO:root:accumulate return : 2.4134
INFO:root:accumulate return : 2.5866
INFO:root:accumulate return : 2.5399
INFO:root:accumulate return : 2.509
INFO:root:accumulate return : 2.5294
INFO:root:accumulate return : 2.5659
INFO:root:accumulate return : 2.4715
INFO:root:accumulate return : 2.4513
INFO:root:accumulate return : 2.5011
INFO:root:accumulate return : 2.4596
INFO:root:accumulate return : 2.4688
INFO:root:accumulate return : 2.4763
INFO:root:accumulate return : 2.6316
INFO:root:accumulate return : 2.3509
INFO:root:accumulate return : 2.5903
INFO:root:accumulate return : 2.493
INFO:root:accumulate return : 2.397
INFO:root:accumulate return : 2.4625
INFO:root:accumulate return : 2.3959
INFO:root:accumulate return : 2.478
INFO:root:accumulate return : 2.4655
INFO:root:accumulate return : 2.4093
INFO:root:accumulate return : 2.5245
INFO:root:accumulate return : 2.5299
INFO:root:accumulate return : 2.5585
INFO:root:accumulate return : 2.5026
INFO:root:accumulate return : 2.5087
INFO:root:accumulate return : 2.4508
INFO:root:accumulate return : 2.5533
INFO:root:accumulate return : 2.4795
INFO:root:accumulate return : 2.4616
INFO:root:accumulate return : 2.4776
INFO:root:accumulate return : 2.6013
INFO:root:accumulate return : 2.4432
INFO:root:accumulate return : 2.635
INFO:root:accumulate return : 2.5134
INFO:root:accumulate return : 2.5945
INFO:root:accumulate return : 2.5505
INFO:root:accumulate return : 2.5334
INFO:root:accumulate return : 2.4961
INFO:root:accumulate return : 2.591
INFO:root:accumulate return : 2.6019
INFO:root:accumulate return : 2.6601
INFO:root:accumulate return : 2.5062
INFO:root:accumulate return : 2.3554
INFO:root:accumulate return : 2.5827
INFO:root:accumulate return : 2.6036
INFO:root:accumulate return : 2.5769
INFO:root:accumulate return : 2.3933
INFO:root:accumulate return : 2.4027
INFO:root:accumulate return : 2.5151
INFO:root:accumulate return : 2.5396
INFO:root:accumulate return : 2.6033
INFO:root:accumulate return : 2.5299
INFO:root:accumulate return : 2.5666
INFO:root:accumulate return : 2.5588
INFO:root:accumulate return : 2.6095
INFO:root:accumulate return : 2.4501
INFO:root:accumulate return : 2.5291
INFO:root:accumulate return : 2.5887
INFO:root:accumulate return : 2.5222
INFO:root:accumulate return : 2.5162
INFO:root:Processing time : 1.78388888889 hours
