INFO:root:Version : 7
INFO:root:Time start : 2016-06-02-06-18-24
INFO:root:Input data :GBPUSD240.csv
INFO:root:Parameter setting :
INFO:root:epsilon = 0.1
INFO:root:transaction_cost = 0.0005
INFO:root:epoch =500
INFO:root:max_memory = 1000000
INFO:root:batch_size = 200
INFO:root:look back term = 300
INFO:root:hidden_size = 600
INFO:root:training period = 0 ~ 10000
INFO:root:learning rate = 0.1
INFO:root:discount rate = 9e-06
INFO:root:step_size = 10
INFO:root:activation function = relu
INFO:root:accumulate return : -4.0899
INFO:root:accumulate return : -3.952
INFO:root:accumulate return : -4.0489
INFO:root:accumulate return : -4.2409
INFO:root:accumulate return : -4.0834
INFO:root:accumulate return : -4.1056
INFO:root:accumulate return : -3.8893
INFO:root:accumulate return : -3.9536
INFO:root:accumulate return : -4.4309
INFO:root:accumulate return : -4.0236
INFO:root:accumulate return : -0.8519
INFO:root:accumulate return : -0.7676
INFO:root:accumulate return : -0.548
INFO:root:accumulate return : -0.7143
INFO:root:accumulate return : -0.6683
INFO:root:accumulate return : -0.8858
INFO:root:accumulate return : -0.5965
INFO:root:accumulate return : -0.7319
INFO:root:accumulate return : -0.9485
INFO:root:accumulate return : -0.8595
INFO:root:accumulate return : 0.2953
INFO:root:accumulate return : 0.3318
INFO:root:accumulate return : 0.2566
INFO:root:accumulate return : 0.1883
INFO:root:accumulate return : 0.2227
INFO:root:accumulate return : 0.1151
INFO:root:accumulate return : 0.0693
INFO:root:accumulate return : 0.2707
INFO:root:accumulate return : 0.4009
INFO:root:accumulate return : 0.2418
INFO:root:accumulate return : 0.7966
INFO:root:accumulate return : 0.8192
INFO:root:accumulate return : 0.664
INFO:root:accumulate return : 0.6952
INFO:root:accumulate return : 0.7953
INFO:root:accumulate return : 0.9198
INFO:root:accumulate return : 0.8875
INFO:root:accumulate return : 0.6966
INFO:root:accumulate return : 0.6466
INFO:root:accumulate return : 0.8698
INFO:root:accumulate return : 1.0061
INFO:root:accumulate return : 1.1088
INFO:root:accumulate return : 1.0046
INFO:root:accumulate return : 1.015
INFO:root:accumulate return : 0.9083
INFO:root:accumulate return : 0.9164
INFO:root:accumulate return : 1.0003
INFO:root:accumulate return : 1.0397
INFO:root:accumulate return : 1.2679
INFO:root:accumulate return : 1.0737
INFO:root:accumulate return : 1.3033
INFO:root:accumulate return : 1.2136
INFO:root:accumulate return : 1.2283
INFO:root:accumulate return : 0.8969
INFO:root:accumulate return : 1.1447
INFO:root:accumulate return : 1.0944
INFO:root:accumulate return : 1.0468
INFO:root:accumulate return : 1.0756
INFO:root:accumulate return : 1.2718
INFO:root:accumulate return : 1.2589
INFO:root:accumulate return : 1.0378
INFO:root:accumulate return : 1.3094
INFO:root:accumulate return : 1.1609
INFO:root:accumulate return : 1.2558
INFO:root:accumulate return : 1.2199
INFO:root:accumulate return : 1.0948
INFO:root:accumulate return : 1.1526
INFO:root:accumulate return : 1.3159
INFO:root:accumulate return : 0.9626
INFO:root:accumulate return : 1.2935
INFO:root:accumulate return : 1.3687
INFO:root:accumulate return : 1.2728
INFO:root:accumulate return : 1.1938
INFO:root:accumulate return : 1.2008
INFO:root:accumulate return : 1.2108
INFO:root:accumulate return : 1.3922
INFO:root:accumulate return : 1.2483
INFO:root:accumulate return : 1.3406
INFO:root:accumulate return : 1.498
INFO:root:accumulate return : 1.3567
INFO:root:accumulate return : 1.5637
INFO:root:accumulate return : 1.513
INFO:root:accumulate return : 1.5659
INFO:root:accumulate return : 1.5525
INFO:root:accumulate return : 1.5786
INFO:root:accumulate return : 1.5803
INFO:root:accumulate return : 1.4841
INFO:root:accumulate return : 1.2971
INFO:root:accumulate return : 1.4027
INFO:root:accumulate return : 1.1629
INFO:root:accumulate return : 1.6871
INFO:root:accumulate return : 1.8107
INFO:root:accumulate return : 1.8492
INFO:root:accumulate return : 1.7734
INFO:root:accumulate return : 1.699
INFO:root:accumulate return : 1.9893
INFO:root:accumulate return : 2.0443
INFO:root:accumulate return : 1.8507
INFO:root:accumulate return : 2.0166
INFO:root:accumulate return : 1.7077
INFO:root:accumulate return : 2.1212
INFO:root:accumulate return : 1.7907
INFO:root:accumulate return : 2.0782
INFO:root:accumulate return : 1.6315
INFO:root:accumulate return : 2.3885
INFO:root:accumulate return : 1.8153
INFO:root:accumulate return : 1.964
INFO:root:accumulate return : 1.861
INFO:root:accumulate return : 1.8184
INFO:root:accumulate return : 1.967
INFO:root:accumulate return : 1.9182
INFO:root:accumulate return : 1.7122
INFO:root:accumulate return : 2.0232
INFO:root:accumulate return : 2.1132
INFO:root:accumulate return : 1.8293
INFO:root:accumulate return : 1.7974
INFO:root:accumulate return : 1.9151
INFO:root:accumulate return : 1.9575
INFO:root:accumulate return : 2.0838
INFO:root:accumulate return : 1.9553
INFO:root:accumulate return : 1.55
INFO:root:accumulate return : 1.8087
INFO:root:accumulate return : 1.7142
INFO:root:accumulate return : 2.1218
INFO:root:accumulate return : 1.7491
INFO:root:accumulate return : 1.7217
INFO:root:accumulate return : 1.7114
INFO:root:accumulate return : 1.7499
INFO:root:accumulate return : 1.931
INFO:root:accumulate return : 1.8478
INFO:root:accumulate return : 1.9528
INFO:root:accumulate return : 2.1056
INFO:root:accumulate return : 1.8856
INFO:root:accumulate return : 1.9694
INFO:root:accumulate return : 2.0891
INFO:root:accumulate return : 1.9248
INFO:root:accumulate return : 1.8604
INFO:root:accumulate return : 1.9987
INFO:root:accumulate return : 1.7991
INFO:root:accumulate return : 1.8713
INFO:root:accumulate return : 2.1434
INFO:root:accumulate return : 2.071
INFO:root:accumulate return : 2.1153
INFO:root:accumulate return : 2.2981
INFO:root:accumulate return : 2.0234
INFO:root:accumulate return : 2.1169
INFO:root:accumulate return : 2.3739
INFO:root:accumulate return : 1.8396
INFO:root:accumulate return : 2.0177
INFO:root:accumulate return : 2.024
INFO:root:accumulate return : 2.3637
INFO:root:accumulate return : 2.2644
INFO:root:accumulate return : 2.3534
INFO:root:accumulate return : 2.2036
INFO:root:accumulate return : 2.2349
INFO:root:accumulate return : 2.1548
INFO:root:accumulate return : 2.3388
INFO:root:accumulate return : 2.3503
INFO:root:accumulate return : 2.3229
INFO:root:accumulate return : 2.1069
INFO:root:accumulate return : 2.7364
INFO:root:accumulate return : 2.5839
INFO:root:accumulate return : 2.6783
INFO:root:accumulate return : 2.7023
INFO:root:accumulate return : 2.3953
INFO:root:accumulate return : 2.7585
INFO:root:accumulate return : 2.6274
INFO:root:accumulate return : 2.6214
INFO:root:accumulate return : 2.5196
INFO:root:accumulate return : 2.481
INFO:root:accumulate return : 2.8375
INFO:root:accumulate return : 2.6797
INFO:root:accumulate return : 2.489
INFO:root:accumulate return : 2.3176
INFO:root:accumulate return : 2.3623
INFO:root:accumulate return : 2.6126
INFO:root:accumulate return : 2.4985
INFO:root:accumulate return : 2.212
INFO:root:accumulate return : 2.6099
INFO:root:accumulate return : 2.4357
INFO:root:accumulate return : 2.3175
INFO:root:accumulate return : 2.3934
INFO:root:accumulate return : 2.4614
INFO:root:accumulate return : 2.5473
INFO:root:accumulate return : 2.5082
INFO:root:accumulate return : 2.6939
INFO:root:accumulate return : 2.4571
INFO:root:accumulate return : 2.5061
INFO:root:accumulate return : 2.422
INFO:root:accumulate return : 2.4218
INFO:root:accumulate return : 2.4243
INFO:root:accumulate return : 2.5836
INFO:root:accumulate return : 2.6223
INFO:root:accumulate return : 2.5331
INFO:root:accumulate return : 2.5777
INFO:root:accumulate return : 2.6492
INFO:root:accumulate return : 2.619
INFO:root:accumulate return : 2.3094
INFO:root:accumulate return : 2.5344
INFO:root:accumulate return : 2.4183
INFO:root:accumulate return : 2.8168
INFO:root:accumulate return : 2.8584
INFO:root:accumulate return : 2.6569
INFO:root:accumulate return : 2.7626
INFO:root:accumulate return : 2.7271
INFO:root:accumulate return : 2.4109
INFO:root:accumulate return : 2.5393
INFO:root:accumulate return : 2.7244
INFO:root:accumulate return : 2.7532
INFO:root:accumulate return : 2.8266
INFO:root:accumulate return : 2.486
INFO:root:accumulate return : 2.4498
INFO:root:accumulate return : 2.6209
INFO:root:accumulate return : 2.6022
INFO:root:accumulate return : 2.654
INFO:root:accumulate return : 2.2722
INFO:root:accumulate return : 2.5139
INFO:root:accumulate return : 2.4208
INFO:root:accumulate return : 2.4401
INFO:root:accumulate return : 2.8441
INFO:root:accumulate return : 2.7388
INFO:root:accumulate return : 2.4998
INFO:root:accumulate return : 2.3598
INFO:root:accumulate return : 2.4647
INFO:root:accumulate return : 2.4776
INFO:root:accumulate return : 2.3556
INFO:root:accumulate return : 2.3961
INFO:root:accumulate return : 2.4419
INFO:root:accumulate return : 2.589
INFO:root:accumulate return : 2.601
INFO:root:accumulate return : 2.7529
INFO:root:accumulate return : 2.7406
INFO:root:accumulate return : 2.6624
INFO:root:accumulate return : 2.7491
INFO:root:accumulate return : 2.6612
INFO:root:accumulate return : 2.9912
INFO:root:accumulate return : 2.4569
INFO:root:accumulate return : 2.7386
INFO:root:accumulate return : 2.7817
INFO:root:accumulate return : 2.6141
INFO:root:accumulate return : 2.6971
INFO:root:accumulate return : 2.4646
INFO:root:accumulate return : 2.7175
INFO:root:accumulate return : 2.5837
INFO:root:accumulate return : 2.6545
INFO:root:accumulate return : 2.7212
INFO:root:accumulate return : 2.533
INFO:root:accumulate return : 2.8414
INFO:root:accumulate return : 2.7646
INFO:root:accumulate return : 2.4669
INFO:root:accumulate return : 2.7303
INFO:root:accumulate return : 2.8892
INFO:root:accumulate return : 2.7572
INFO:root:accumulate return : 2.9407
INFO:root:accumulate return : 3.1767
INFO:root:accumulate return : 2.9408
INFO:root:accumulate return : 2.8114
INFO:root:accumulate return : 2.6545
INFO:root:accumulate return : 2.7829
INFO:root:accumulate return : 2.8267
INFO:root:accumulate return : 2.7225
INFO:root:accumulate return : 2.7088
INFO:root:accumulate return : 2.8816
INFO:root:accumulate return : 2.7469
INFO:root:accumulate return : 2.7501
INFO:root:accumulate return : 2.6779
INFO:root:accumulate return : 2.8848
INFO:root:accumulate return : 2.6837
INFO:root:accumulate return : 2.6989
INFO:root:accumulate return : 2.6973
INFO:root:accumulate return : 2.6084
INFO:root:accumulate return : 2.5929
INFO:root:accumulate return : 2.6655
INFO:root:accumulate return : 2.9203
INFO:root:accumulate return : 2.7171
INFO:root:accumulate return : 2.965
INFO:root:accumulate return : 2.6762
INFO:root:accumulate return : 2.6253
INFO:root:accumulate return : 2.6459
INFO:root:accumulate return : 2.5634
INFO:root:accumulate return : 2.8674
INFO:root:accumulate return : 3.065
INFO:root:accumulate return : 3.1272
INFO:root:accumulate return : 2.7729
INFO:root:accumulate return : 2.682
INFO:root:accumulate return : 2.969
INFO:root:accumulate return : 2.9864
INFO:root:accumulate return : 2.7044
INFO:root:accumulate return : 2.6702
INFO:root:accumulate return : 2.8318
INFO:root:accumulate return : 3.0686
INFO:root:accumulate return : 2.8446
INFO:root:accumulate return : 2.8181
INFO:root:accumulate return : 2.9559
INFO:root:accumulate return : 2.7729
INFO:root:accumulate return : 2.6999
INFO:root:accumulate return : 2.8476
INFO:root:accumulate return : 2.8538
INFO:root:accumulate return : 3.0079
INFO:root:accumulate return : 2.8196
INFO:root:accumulate return : 2.7506
INFO:root:accumulate return : 3.0329
INFO:root:accumulate return : 2.6722
INFO:root:accumulate return : 2.9341
INFO:root:accumulate return : 2.9362
INFO:root:accumulate return : 3.0411
INFO:root:accumulate return : 3.2481
INFO:root:accumulate return : 2.8582
INFO:root:accumulate return : 2.8123
INFO:root:accumulate return : 2.8492
INFO:root:accumulate return : 2.8527
INFO:root:accumulate return : 3.0341
INFO:root:accumulate return : 2.8003
INFO:root:accumulate return : 2.9319
INFO:root:accumulate return : 2.9885
INFO:root:accumulate return : 2.6908
INFO:root:accumulate return : 2.9552
INFO:root:accumulate return : 2.9354
INFO:root:accumulate return : 3.0482
INFO:root:accumulate return : 3.0473
INFO:root:accumulate return : 3.1149
INFO:root:accumulate return : 3.0099
INFO:root:accumulate return : 3.1934
INFO:root:accumulate return : 3.0499
INFO:root:accumulate return : 2.8419
INFO:root:accumulate return : 3.1964
INFO:root:accumulate return : 2.9958
INFO:root:accumulate return : 3.2341
INFO:root:accumulate return : 3.2791
INFO:root:accumulate return : 3.2815
INFO:root:accumulate return : 3.1306
INFO:root:accumulate return : 3.2806
INFO:root:accumulate return : 3.0168
INFO:root:accumulate return : 3.2919
INFO:root:accumulate return : 2.9925
INFO:root:accumulate return : 2.9416
INFO:root:accumulate return : 3.272
INFO:root:accumulate return : 3.2063
INFO:root:accumulate return : 3.2337
INFO:root:accumulate return : 3.1637
INFO:root:accumulate return : 3.3365
INFO:root:accumulate return : 3.1145
INFO:root:accumulate return : 3.2084
INFO:root:accumulate return : 3.5222
INFO:root:accumulate return : 3.2674
INFO:root:accumulate return : 3.5783
INFO:root:accumulate return : 3.4125
INFO:root:accumulate return : 3.3575
INFO:root:accumulate return : 3.2791
INFO:root:accumulate return : 3.4446
INFO:root:accumulate return : 3.2916
INFO:root:accumulate return : 3.2273
INFO:root:accumulate return : 3.3826
INFO:root:accumulate return : 3.1162
INFO:root:accumulate return : 3.3823
INFO:root:accumulate return : 3.4079
INFO:root:accumulate return : 3.0149
INFO:root:accumulate return : 3.2188
INFO:root:accumulate return : 3.4456
INFO:root:accumulate return : 3.272
INFO:root:accumulate return : 3.58
INFO:root:accumulate return : 3.4388
INFO:root:accumulate return : 3.3832
INFO:root:accumulate return : 3.0935
INFO:root:accumulate return : 3.4184
INFO:root:accumulate return : 3.312
INFO:root:accumulate return : 3.2228
INFO:root:accumulate return : 3.3752
INFO:root:accumulate return : 3.4727
INFO:root:accumulate return : 3.5518
INFO:root:accumulate return : 3.518
INFO:root:accumulate return : 3.5884
INFO:root:accumulate return : 3.3414
INFO:root:accumulate return : 3.4118
INFO:root:accumulate return : 3.4807
INFO:root:accumulate return : 3.5539
INFO:root:accumulate return : 3.0832
INFO:root:accumulate return : 3.3432
INFO:root:accumulate return : 3.3822
INFO:root:accumulate return : 3.6392
INFO:root:accumulate return : 3.5336
INFO:root:accumulate return : 3.5719
INFO:root:accumulate return : 3.7496
INFO:root:accumulate return : 3.7636
INFO:root:accumulate return : 3.7239
INFO:root:accumulate return : 3.6802
INFO:root:accumulate return : 3.5587
INFO:root:accumulate return : 3.8815
INFO:root:accumulate return : 3.8281
INFO:root:accumulate return : 3.8725
INFO:root:accumulate return : 3.2168
INFO:root:accumulate return : 3.5759
INFO:root:accumulate return : 3.388
INFO:root:accumulate return : 3.0839
INFO:root:accumulate return : 3.4274
INFO:root:accumulate return : 3.4521
INFO:root:accumulate return : 3.5372
INFO:root:accumulate return : 3.4044
INFO:root:accumulate return : 3.2243
INFO:root:accumulate return : 3.4734
INFO:root:accumulate return : 3.6103
INFO:root:accumulate return : 3.2834
INFO:root:accumulate return : 3.6008
INFO:root:accumulate return : 3.3328
INFO:root:accumulate return : 3.4576
INFO:root:accumulate return : 3.5734
INFO:root:accumulate return : 3.6055
INFO:root:accumulate return : 3.6729
INFO:root:accumulate return : 3.6952
INFO:root:accumulate return : 3.5109
INFO:root:accumulate return : 3.644
INFO:root:accumulate return : 3.3509
INFO:root:accumulate return : 3.5523
INFO:root:accumulate return : 3.7071
INFO:root:accumulate return : 3.5945
INFO:root:accumulate return : 3.7347
INFO:root:accumulate return : 3.4981
INFO:root:accumulate return : 3.3397
INFO:root:accumulate return : 3.6552
INFO:root:accumulate return : 3.7005
INFO:root:accumulate return : 3.6066
INFO:root:accumulate return : 3.6538
INFO:root:accumulate return : 3.6974
INFO:root:accumulate return : 3.739
INFO:root:accumulate return : 3.6549
INFO:root:accumulate return : 3.723
