INFO:root:Version : 7
INFO:root:Time start : 2016-06-08-10-32-44
INFO:root:Input data :GBPUSD240.csv
INFO:root:Parameter setting :
INFO:root:epsilon = 0.1
INFO:root:transaction_cost = 0.0005
INFO:root:epoch =500
INFO:root:max_memory = 1000000
INFO:root:batch_size = 300
INFO:root:look back term = 300
INFO:root:hidden_size = 600
INFO:root:training period = -4000 ~ -1000
INFO:root:learning rate = 0.1
INFO:root:discount rate = 9e-06
INFO:root:step_size = 10
INFO:root:activation function = relu
INFO:root:comment :Learning rate test (Adadelta)
INFO:root:accumulate return : -0.74348
INFO:root:accumulate return : -0.77649
INFO:root:accumulate return : -0.82039
INFO:root:accumulate return : -0.89899
INFO:root:accumulate return : -0.76428
INFO:root:accumulate return : -0.86049
INFO:root:accumulate return : -0.82937
INFO:root:accumulate return : -0.8339
INFO:root:accumulate return : -0.80045
INFO:root:accumulate return : -0.88252
INFO:root:accumulate return : 1.06381
INFO:root:accumulate return : 0.78298
INFO:root:accumulate return : 1.11801
INFO:root:accumulate return : 0.9725
INFO:root:accumulate return : 0.75725
INFO:root:accumulate return : 0.95137
INFO:root:accumulate return : 0.88228
INFO:root:accumulate return : 0.84582
INFO:root:accumulate return : 0.98019
INFO:root:accumulate return : 1.03423
INFO:root:accumulate return : 1.26863
INFO:root:accumulate return : 1.38017
INFO:root:accumulate return : 1.2028
INFO:root:accumulate return : 1.35744
INFO:root:accumulate return : 1.34578
INFO:root:accumulate return : 1.31575
INFO:root:accumulate return : 1.29792
INFO:root:accumulate return : 1.33403
INFO:root:accumulate return : 1.34423
INFO:root:accumulate return : 1.40594
INFO:root:accumulate return : 1.58956
INFO:root:accumulate return : 1.50578
INFO:root:accumulate return : 1.47596
INFO:root:accumulate return : 1.45776
INFO:root:accumulate return : 1.69028
INFO:root:accumulate return : 1.44609
INFO:root:accumulate return : 1.60227
INFO:root:accumulate return : 1.68201
INFO:root:accumulate return : 1.56259
INFO:root:accumulate return : 1.62004
INFO:root:accumulate return : 1.69993
INFO:root:accumulate return : 1.73432
INFO:root:accumulate return : 1.70932
INFO:root:accumulate return : 1.6306
INFO:root:accumulate return : 1.77361
INFO:root:accumulate return : 1.67399
INFO:root:accumulate return : 1.58596
INFO:root:accumulate return : 1.81601
INFO:root:accumulate return : 1.66575
INFO:root:accumulate return : 1.58682
INFO:root:accumulate return : 1.7015
INFO:root:accumulate return : 1.95155
INFO:root:accumulate return : 1.69717
INFO:root:accumulate return : 1.78785
INFO:root:accumulate return : 1.75961
INFO:root:accumulate return : 1.9036
INFO:root:accumulate return : 1.84868
INFO:root:accumulate return : 1.76925
INFO:root:accumulate return : 1.90583
INFO:root:accumulate return : 1.85367
INFO:root:accumulate return : 1.82002
INFO:root:accumulate return : 1.71622
INFO:root:accumulate return : 1.70338
INFO:root:accumulate return : 1.74203
INFO:root:accumulate return : 1.85262
INFO:root:accumulate return : 1.93468
INFO:root:accumulate return : 1.85958
INFO:root:accumulate return : 1.86381
INFO:root:accumulate return : 1.79729
INFO:root:accumulate return : 1.85967
INFO:root:accumulate return : 1.96045
INFO:root:accumulate return : 1.93808
INFO:root:accumulate return : 1.93229
INFO:root:accumulate return : 1.93792
INFO:root:accumulate return : 1.95481
INFO:root:accumulate return : 2.09269
INFO:root:accumulate return : 1.79527
INFO:root:accumulate return : 1.97425
INFO:root:accumulate return : 1.93542
INFO:root:accumulate return : 1.93906
INFO:root:accumulate return : 2.19437
INFO:root:accumulate return : 2.07122
INFO:root:accumulate return : 2.08695
INFO:root:accumulate return : 2.19481
INFO:root:accumulate return : 1.98584
INFO:root:accumulate return : 2.14123
INFO:root:accumulate return : 1.95002
INFO:root:accumulate return : 2.03835
INFO:root:accumulate return : 2.08355
INFO:root:accumulate return : 2.12448
INFO:root:accumulate return : 2.25404
INFO:root:accumulate return : 2.0397
INFO:root:accumulate return : 2.11
INFO:root:accumulate return : 2.21941
INFO:root:accumulate return : 2.22145
INFO:root:accumulate return : 2.06917
INFO:root:accumulate return : 2.1184
INFO:root:accumulate return : 2.17705
INFO:root:accumulate return : 2.26147
INFO:root:accumulate return : 2.0499
INFO:root:accumulate return : 2.28921
INFO:root:accumulate return : 2.19388
INFO:root:accumulate return : 2.24593
INFO:root:accumulate return : 2.12857
INFO:root:accumulate return : 2.24464
INFO:root:accumulate return : 2.13336
INFO:root:accumulate return : 2.03765
INFO:root:accumulate return : 2.13262
INFO:root:accumulate return : 2.21096
INFO:root:accumulate return : 2.09075
INFO:root:accumulate return : 2.24172
INFO:root:accumulate return : 2.23877
INFO:root:accumulate return : 2.2528
INFO:root:accumulate return : 2.13961
INFO:root:accumulate return : 2.29189
INFO:root:accumulate return : 2.14654
INFO:root:accumulate return : 2.3013
INFO:root:accumulate return : 2.1553
INFO:root:accumulate return : 2.08337
INFO:root:accumulate return : 2.2548
INFO:root:accumulate return : 2.20187
INFO:root:accumulate return : 2.22547
INFO:root:accumulate return : 2.11983
INFO:root:accumulate return : 2.07859
INFO:root:accumulate return : 2.0183
INFO:root:accumulate return : 2.14386
INFO:root:accumulate return : 2.14039
INFO:root:accumulate return : 2.15779
INFO:root:accumulate return : 2.11179
INFO:root:accumulate return : 2.17428
INFO:root:accumulate return : 2.20182
INFO:root:accumulate return : 2.36854
INFO:root:accumulate return : 2.39518
INFO:root:accumulate return : 2.24202
INFO:root:accumulate return : 2.29591
INFO:root:accumulate return : 2.34672
INFO:root:accumulate return : 2.26444
INFO:root:accumulate return : 2.29322
INFO:root:accumulate return : 2.13914
INFO:root:accumulate return : 2.29709
INFO:root:accumulate return : 2.07753
INFO:root:accumulate return : 2.10985
INFO:root:accumulate return : 2.19374
INFO:root:accumulate return : 2.10762
INFO:root:accumulate return : 2.12831
INFO:root:accumulate return : 2.13866
INFO:root:accumulate return : 2.11913
INFO:root:accumulate return : 2.03602
INFO:root:accumulate return : 1.99159
INFO:root:accumulate return : 2.02532
INFO:root:accumulate return : 2.5798
INFO:root:accumulate return : 2.35473
INFO:root:accumulate return : 2.38657
INFO:root:accumulate return : 2.32331
INFO:root:accumulate return : 2.43609
INFO:root:accumulate return : 2.3131
INFO:root:accumulate return : 2.46528
INFO:root:accumulate return : 2.39926
INFO:root:accumulate return : 2.42668
INFO:root:accumulate return : 2.3078
INFO:root:accumulate return : 2.31017
INFO:root:accumulate return : 2.53323
INFO:root:accumulate return : 2.54994
INFO:root:accumulate return : 2.50041
INFO:root:accumulate return : 2.67123
INFO:root:accumulate return : 2.51241
INFO:root:accumulate return : 2.50387
INFO:root:accumulate return : 2.51813
INFO:root:accumulate return : 2.62104
INFO:root:accumulate return : 2.54699
INFO:root:accumulate return : 2.55923
INFO:root:accumulate return : 2.57454
INFO:root:accumulate return : 2.6232
INFO:root:accumulate return : 2.5694
INFO:root:accumulate return : 2.76135
INFO:root:accumulate return : 2.69668
INFO:root:accumulate return : 2.72183
INFO:root:accumulate return : 2.68105
INFO:root:accumulate return : 2.66754
INFO:root:accumulate return : 2.56985
INFO:root:accumulate return : 2.8362
INFO:root:accumulate return : 2.83721
INFO:root:accumulate return : 2.80035
INFO:root:accumulate return : 2.78139
INFO:root:accumulate return : 2.75784
INFO:root:accumulate return : 2.76387
INFO:root:accumulate return : 2.80423
INFO:root:accumulate return : 2.78276
INFO:root:accumulate return : 2.80511
INFO:root:accumulate return : 2.87747
INFO:root:accumulate return : 2.91175
INFO:root:accumulate return : 2.7484
INFO:root:accumulate return : 2.80773
INFO:root:accumulate return : 2.76805
INFO:root:accumulate return : 2.67639
INFO:root:accumulate return : 2.84243
INFO:root:accumulate return : 2.71037
INFO:root:accumulate return : 2.85012
INFO:root:accumulate return : 2.79426
INFO:root:accumulate return : 2.90143
INFO:root:accumulate return : 2.70073
INFO:root:accumulate return : 2.67265
INFO:root:accumulate return : 2.59527
INFO:root:accumulate return : 2.72491
INFO:root:accumulate return : 2.60771
INFO:root:accumulate return : 2.75247
INFO:root:accumulate return : 2.57533
INFO:root:accumulate return : 2.62336
INFO:root:accumulate return : 2.65769
INFO:root:accumulate return : 2.61425
INFO:root:accumulate return : 2.53785
INFO:root:accumulate return : 2.59807
INFO:root:accumulate return : 2.63836
INFO:root:accumulate return : 2.62323
INFO:root:accumulate return : 2.61171
INFO:root:accumulate return : 2.56226
INFO:root:accumulate return : 2.62891
INFO:root:accumulate return : 2.6211
INFO:root:accumulate return : 2.65868
INFO:root:accumulate return : 2.63609
INFO:root:accumulate return : 2.73159
INFO:root:accumulate return : 2.76286
INFO:root:accumulate return : 2.78694
INFO:root:accumulate return : 2.82899
INFO:root:accumulate return : 2.83756
INFO:root:accumulate return : 2.73073
INFO:root:accumulate return : 2.80293
INFO:root:accumulate return : 2.6796
INFO:root:accumulate return : 2.81147
INFO:root:accumulate return : 2.73226
INFO:root:accumulate return : 2.84608
INFO:root:accumulate return : 3.02642
INFO:root:accumulate return : 2.89419
INFO:root:accumulate return : 2.86291
INFO:root:accumulate return : 2.82888
INFO:root:accumulate return : 2.91881
INFO:root:accumulate return : 2.77131
INFO:root:accumulate return : 2.92016
INFO:root:accumulate return : 2.92399
INFO:root:accumulate return : 2.90851
INFO:root:accumulate return : 3.04867
INFO:root:accumulate return : 3.0314
INFO:root:accumulate return : 3.14218
INFO:root:accumulate return : 3.06978
INFO:root:accumulate return : 3.11434
INFO:root:accumulate return : 2.96277
INFO:root:accumulate return : 2.95698
INFO:root:accumulate return : 3.04318
INFO:root:accumulate return : 3.07861
INFO:root:accumulate return : 3.00504
INFO:root:accumulate return : 2.73283
INFO:root:accumulate return : 2.7227
INFO:root:accumulate return : 2.82895
INFO:root:accumulate return : 2.77179
INFO:root:accumulate return : 2.77167
INFO:root:accumulate return : 2.87196
INFO:root:accumulate return : 2.84863
INFO:root:accumulate return : 2.56877
INFO:root:accumulate return : 2.83922
INFO:root:accumulate return : 2.77135
INFO:root:accumulate return : 3.06926
INFO:root:accumulate return : 3.00708
INFO:root:accumulate return : 3.02037
INFO:root:accumulate return : 3.08099
INFO:root:accumulate return : 3.02769
INFO:root:accumulate return : 3.00541
INFO:root:accumulate return : 2.9849
INFO:root:accumulate return : 2.99175
INFO:root:accumulate return : 2.97995
INFO:root:accumulate return : 3.05831
INFO:root:accumulate return : 2.61533
INFO:root:accumulate return : 2.66324
INFO:root:accumulate return : 2.79597
INFO:root:accumulate return : 2.68211
INFO:root:accumulate return : 2.67532
INFO:root:accumulate return : 2.64192
INFO:root:accumulate return : 2.71162
INFO:root:accumulate return : 2.71976
INFO:root:accumulate return : 2.51485
INFO:root:accumulate return : 2.58822
INFO:root:accumulate return : 2.90661
INFO:root:accumulate return : 2.90126
INFO:root:accumulate return : 3.004
INFO:root:accumulate return : 2.84274
INFO:root:accumulate return : 2.83806
INFO:root:accumulate return : 2.94093
INFO:root:accumulate return : 2.8415
INFO:root:accumulate return : 2.87112
INFO:root:accumulate return : 2.90716
INFO:root:accumulate return : 2.94603
INFO:root:accumulate return : 2.92081
INFO:root:accumulate return : 2.88855
INFO:root:accumulate return : 2.95244
INFO:root:accumulate return : 2.98827
INFO:root:accumulate return : 2.80082
INFO:root:accumulate return : 2.74559
INFO:root:accumulate return : 2.98885
INFO:root:accumulate return : 2.87648
INFO:root:accumulate return : 3.0765
INFO:root:accumulate return : 3.02088
INFO:root:accumulate return : 3.23505
INFO:root:accumulate return : 3.09161
INFO:root:accumulate return : 3.15658
INFO:root:accumulate return : 3.11577
INFO:root:accumulate return : 3.11198
INFO:root:accumulate return : 3.25879
INFO:root:accumulate return : 3.18343
INFO:root:accumulate return : 3.25786
INFO:root:accumulate return : 3.23033
INFO:root:accumulate return : 3.06463
INFO:root:accumulate return : 2.6273
INFO:root:accumulate return : 2.76909
INFO:root:accumulate return : 2.78552
INFO:root:accumulate return : 2.79448
INFO:root:accumulate return : 2.68683
INFO:root:accumulate return : 2.82209
INFO:root:accumulate return : 2.83157
INFO:root:accumulate return : 2.79621
INFO:root:accumulate return : 2.69297
INFO:root:accumulate return : 2.75807
INFO:root:accumulate return : 3.1623
INFO:root:accumulate return : 3.04653
INFO:root:accumulate return : 2.99498
INFO:root:accumulate return : 3.23562
INFO:root:accumulate return : 3.26885
INFO:root:accumulate return : 3.31573
INFO:root:accumulate return : 3.05677
INFO:root:accumulate return : 3.24314
INFO:root:accumulate return : 3.19548
INFO:root:accumulate return : 3.1225
INFO:root:accumulate return : 2.89527
INFO:root:accumulate return : 3.0606
INFO:root:accumulate return : 2.85189
INFO:root:accumulate return : 2.95509
INFO:root:accumulate return : 2.79389
INFO:root:accumulate return : 2.88685
INFO:root:accumulate return : 3.02682
INFO:root:accumulate return : 2.99416
INFO:root:accumulate return : 3.0917
INFO:root:accumulate return : 2.93352
INFO:root:accumulate return : 2.97433
INFO:root:accumulate return : 2.9675
INFO:root:accumulate return : 3.08117
INFO:root:accumulate return : 3.03198
INFO:root:accumulate return : 3.1366
INFO:root:accumulate return : 2.99476
INFO:root:accumulate return : 3.12161
INFO:root:accumulate return : 2.97477
INFO:root:accumulate return : 3.08344
INFO:root:accumulate return : 3.15181
INFO:root:accumulate return : 2.925
INFO:root:accumulate return : 3.10167
INFO:root:accumulate return : 3.0317
INFO:root:accumulate return : 2.91845
INFO:root:accumulate return : 2.99608
INFO:root:accumulate return : 3.00195
INFO:root:accumulate return : 3.11866
INFO:root:accumulate return : 2.97638
INFO:root:accumulate return : 2.92895
INFO:root:accumulate return : 2.94124
INFO:root:accumulate return : 3.4108
INFO:root:accumulate return : 3.35181
INFO:root:accumulate return : 3.19142
INFO:root:accumulate return : 3.49282
INFO:root:accumulate return : 3.3988
INFO:root:accumulate return : 3.39
INFO:root:accumulate return : 3.32764
INFO:root:accumulate return : 3.36182
INFO:root:accumulate return : 3.2841
INFO:root:accumulate return : 3.40454
INFO:root:accumulate return : 3.32459
INFO:root:accumulate return : 3.20607
INFO:root:accumulate return : 3.41379
INFO:root:accumulate return : 3.37596
INFO:root:accumulate return : 3.43672
INFO:root:accumulate return : 3.37307
INFO:root:accumulate return : 3.39277
INFO:root:accumulate return : 3.38542
INFO:root:accumulate return : 3.3748
INFO:root:accumulate return : 3.37619
INFO:root:accumulate return : 3.19134
INFO:root:accumulate return : 3.18786
INFO:root:accumulate return : 3.15707
INFO:root:accumulate return : 3.29241
INFO:root:accumulate return : 3.08386
INFO:root:accumulate return : 3.1926
INFO:root:accumulate return : 3.27995
INFO:root:accumulate return : 3.25998
INFO:root:accumulate return : 3.18491
INFO:root:accumulate return : 3.26614
INFO:root:accumulate return : 3.03227
INFO:root:accumulate return : 3.27212
INFO:root:accumulate return : 3.08519
INFO:root:accumulate return : 3.02477
INFO:root:accumulate return : 3.10647
INFO:root:accumulate return : 3.24022
INFO:root:accumulate return : 3.10179
INFO:root:accumulate return : 3.30028
INFO:root:accumulate return : 3.26145
INFO:root:accumulate return : 3.2147
INFO:root:accumulate return : 3.04779
INFO:root:accumulate return : 2.98858
INFO:root:accumulate return : 2.98047
INFO:root:accumulate return : 2.89631
INFO:root:accumulate return : 2.99706
INFO:root:accumulate return : 2.94041
INFO:root:accumulate return : 2.94043
INFO:root:accumulate return : 2.9466
INFO:root:accumulate return : 2.97136
INFO:root:accumulate return : 2.85047
INFO:root:accumulate return : 3.44096
INFO:root:accumulate return : 3.49476
INFO:root:accumulate return : 3.50681
INFO:root:accumulate return : 3.49489
INFO:root:accumulate return : 3.60005
INFO:root:accumulate return : 3.47481
INFO:root:accumulate return : 3.60052
INFO:root:accumulate return : 3.53206
INFO:root:accumulate return : 3.59241
INFO:root:accumulate return : 3.47451
INFO:root:accumulate return : 3.35898
INFO:root:accumulate return : 3.3414
INFO:root:accumulate return : 3.36484
INFO:root:accumulate return : 3.34836
INFO:root:accumulate return : 3.33643
INFO:root:accumulate return : 3.25841
INFO:root:accumulate return : 3.314
INFO:root:accumulate return : 3.36099
INFO:root:accumulate return : 3.29888
INFO:root:accumulate return : 3.57857
INFO:root:accumulate return : 3.62189
INFO:root:accumulate return : 3.59931
INFO:root:accumulate return : 3.64009
INFO:root:accumulate return : 3.69942
INFO:root:accumulate return : 3.66759
INFO:root:accumulate return : 3.5093
INFO:root:accumulate return : 3.67081
INFO:root:accumulate return : 3.55752
INFO:root:accumulate return : 3.60872
INFO:root:accumulate return : 3.65125
INFO:root:accumulate return : 3.04872
INFO:root:accumulate return : 3.03054
INFO:root:accumulate return : 2.99518
INFO:root:accumulate return : 2.9689
INFO:root:accumulate return : 3.03488
INFO:root:accumulate return : 3.11218
INFO:root:accumulate return : 3.00402
INFO:root:accumulate return : 2.88805
INFO:root:accumulate return : 3.0279
INFO:root:accumulate return : 3.09555
INFO:root:accumulate return : 3.09904
INFO:root:accumulate return : 2.99652
INFO:root:accumulate return : 2.87051
INFO:root:accumulate return : 2.97189
INFO:root:accumulate return : 3.04451
INFO:root:accumulate return : 3.08052
INFO:root:accumulate return : 3.03493
INFO:root:accumulate return : 3.02447
INFO:root:accumulate return : 3.02271
INFO:root:accumulate return : 3.01506
INFO:root:accumulate return : 3.61561
INFO:root:accumulate return : 3.62524
INFO:root:accumulate return : 3.66522
INFO:root:accumulate return : 3.56142
INFO:root:accumulate return : 3.57123
INFO:root:accumulate return : 3.67856
INFO:root:accumulate return : 3.70226
INFO:root:accumulate return : 3.66364
INFO:root:accumulate return : 3.56674
INFO:root:accumulate return : 3.59867
INFO:root:accumulate return : 3.68469
INFO:root:accumulate return : 3.56552
INFO:root:accumulate return : 3.66612
INFO:root:accumulate return : 3.6313
INFO:root:accumulate return : 3.49635
INFO:root:accumulate return : 3.54589
INFO:root:accumulate return : 3.55026
INFO:root:accumulate return : 3.59346
INFO:root:accumulate return : 3.52498
INFO:root:accumulate return : 3.65639
INFO:root:accumulate return : 3.72028
INFO:root:accumulate return : 3.726
INFO:root:accumulate return : 3.62954
INFO:root:accumulate return : 3.71031
INFO:root:accumulate return : 3.55382
INFO:root:accumulate return : 3.65353
INFO:root:accumulate return : 3.68692
INFO:root:accumulate return : 3.60001
INFO:root:accumulate return : 3.73028
INFO:root:accumulate return : 3.76178
INFO:root:accumulate return : 3.59729
INFO:root:accumulate return : 3.64775
INFO:root:accumulate return : 3.70266
INFO:root:accumulate return : 3.60972
INFO:root:accumulate return : 3.75171
INFO:root:accumulate return : 3.72815
INFO:root:accumulate return : 3.59151
INFO:root:accumulate return : 3.68431
INFO:root:accumulate return : 3.69654
INFO:root:accumulate return : 3.70399
INFO:root:Processing time : 3.14194444444 hours
