INFO:root:Time start : 2016-05-24-07-32-36
INFO:root:Input data :GBPUSD240.csv
INFO:root:Parameter setting :
INFO:root:epsilon = 0.1
INFO:root:transaction_cost = 0.0005
INFO:root:epoch =150
INFO:root:max_memory = 1000000
INFO:root:batch_size = 50
INFO:root:look back term = 200
INFO:root:hidden_size = 300
INFO:root:training period = 0 ~ 10000
INFO:root:learning rate = 0.1
INFO:root:discount rate = 0.95
INFO:root:step_size = 10
INFO:root:accumulate return : -2.5417
INFO:root:accumulate return : -2.4055
INFO:root:accumulate return : -2.2081
INFO:root:accumulate return : -2.5274
INFO:root:accumulate return : -2.1333
INFO:root:accumulate return : -2.584
INFO:root:accumulate return : -2.3579
INFO:root:accumulate return : -2.6472
INFO:root:accumulate return : -2.4149
INFO:root:accumulate return : -2.4433
INFO:root:accumulate return : -0.9869
INFO:root:accumulate return : -0.752
INFO:root:accumulate return : -0.956
INFO:root:accumulate return : -0.7663
INFO:root:accumulate return : -0.5086
INFO:root:accumulate return : -0.6712
INFO:root:accumulate return : -0.6182
INFO:root:accumulate return : -0.7556
INFO:root:accumulate return : -1.0322
INFO:root:accumulate return : -0.7283
INFO:root:accumulate return : -0.3507
INFO:root:accumulate return : -0.4032
INFO:root:accumulate return : -0.3567
INFO:root:accumulate return : -0.2765
INFO:root:accumulate return : -0.1411
INFO:root:accumulate return : -0.1279
INFO:root:accumulate return : -0.3659
INFO:root:accumulate return : -0.4319
INFO:root:accumulate return : -0.2445
INFO:root:accumulate return : -0.3297
INFO:root:accumulate return : 0.0961
INFO:root:accumulate return : -0.0875
INFO:root:accumulate return : 0.0385
INFO:root:accumulate return : -0.1706
INFO:root:accumulate return : 0.00240000000001
INFO:root:accumulate return : 0.1484
INFO:root:accumulate return : 0.0341
INFO:root:accumulate return : 0.0482
INFO:root:accumulate return : -0.069
