INFO:root:Time start : 2016-05-16-08:56:37
INFO:root:Parameter setting :
INFO:root:epsilon = 0.1
INFO:root:transaction_cost = 0.0005
INFO:root:epoch =2000
INFO:root:max_memory = 100000
INFO:root:batch_size = 50
INFO:root:look back term = 100
INFO:root:hidden_size = 300
INFO:root:training period = 1000
INFO:root:learning rate = 0.2
INFO:root:accumulate return : -0.3209
INFO:root:accumulate return : -0.16602
INFO:root:accumulate return : -0.17211
INFO:root:accumulate return : -0.10997
INFO:root:accumulate return : -0.16507
INFO:root:accumulate return : -0.13264
INFO:root:accumulate return : -0.11037
INFO:root:accumulate return : -0.13249
INFO:root:accumulate return : -0.11894
INFO:root:accumulate return : -0.11968
INFO:root:accumulate return : -0.13016
INFO:root:accumulate return : -0.11115
INFO:root:accumulate return : -0.11704
INFO:root:accumulate return : -0.12471
INFO:root:accumulate return : -0.12412
INFO:root:accumulate return : -0.10112
INFO:root:accumulate return : -0.13668
INFO:root:accumulate return : -0.12916
INFO:root:accumulate return : -0.08016
INFO:root:accumulate return : -0.10385
INFO:root:accumulate return : -0.10288
INFO:root:accumulate return : -0.11704
INFO:root:accumulate return : -0.11125
INFO:root:accumulate return : -0.09988
INFO:root:accumulate return : -0.07336
INFO:root:accumulate return : -0.13585
INFO:root:accumulate return : -0.12109
INFO:root:accumulate return : -0.1309
INFO:root:accumulate return : -0.11357
INFO:root:accumulate return : -0.09887
INFO:root:accumulate return : -0.1052
INFO:root:accumulate return : -0.12991
INFO:root:accumulate return : -0.08759
INFO:root:accumulate return : -0.07764
INFO:root:accumulate return : -0.09561
INFO:root:accumulate return : -0.08273
INFO:root:accumulate return : -0.11304
INFO:root:accumulate return : -0.12135
INFO:root:accumulate return : -0.08668
INFO:root:accumulate return : -0.11351
INFO:root:accumulate return : -0.14452
INFO:root:accumulate return : -0.11799
INFO:root:accumulate return : -0.06575
INFO:root:accumulate return : -0.12074
INFO:root:accumulate return : -0.09787
INFO:root:accumulate return : -0.13927
INFO:root:accumulate return : -0.10558
INFO:root:accumulate return : -0.1337
INFO:root:accumulate return : -0.08823
INFO:root:accumulate return : -0.10789
INFO:root:accumulate return : -0.09209
INFO:root:accumulate return : -0.13357
INFO:root:accumulate return : -0.12383
INFO:root:accumulate return : -0.09859
INFO:root:accumulate return : -0.12247
INFO:root:accumulate return : -0.12767
INFO:root:accumulate return : -0.09653
INFO:root:accumulate return : -0.13886
INFO:root:accumulate return : -0.12123
INFO:root:accumulate return : -0.10195
INFO:root:accumulate return : -0.12782
INFO:root:accumulate return : -0.10935
INFO:root:accumulate return : -0.1158
INFO:root:accumulate return : -0.10701
INFO:root:accumulate return : -0.12781
INFO:root:accumulate return : -0.09105
INFO:root:accumulate return : -0.0911
INFO:root:accumulate return : -0.09121
INFO:root:accumulate return : -0.11546
INFO:root:accumulate return : -0.09176
INFO:root:accumulate return : -0.10755
INFO:root:accumulate return : -0.13143
INFO:root:accumulate return : -0.1238
INFO:root:accumulate return : -0.08812
INFO:root:accumulate return : -0.11022
INFO:root:accumulate return : -0.09584
INFO:root:accumulate return : -0.09585
INFO:root:accumulate return : -0.13278
INFO:root:accumulate return : -0.07972
INFO:root:accumulate return : -0.0948
INFO:root:accumulate return : -0.09308
INFO:root:accumulate return : -0.0876
INFO:root:accumulate return : -0.08575
INFO:root:accumulate return : -0.08081
INFO:root:accumulate return : -0.07611
INFO:root:accumulate return : -0.09631
INFO:root:accumulate return : -0.12072
INFO:root:accumulate return : -0.09531
INFO:root:accumulate return : -0.11679
INFO:root:accumulate return : -0.11959
INFO:root:accumulate return : -0.08789
INFO:root:accumulate return : -0.06405
INFO:root:accumulate return : -0.04814
INFO:root:accumulate return : -0.10756
INFO:root:accumulate return : -0.11581
INFO:root:accumulate return : -0.1029
INFO:root:accumulate return : -0.09021
INFO:root:accumulate return : -0.10063
INFO:root:accumulate return : -0.08904
INFO:root:accumulate return : -0.09959
INFO:root:accumulate return : -0.07461
INFO:root:accumulate return : -0.06706
INFO:root:accumulate return : -0.09653
INFO:root:accumulate return : -0.10224
INFO:root:accumulate return : -0.10632
INFO:root:accumulate return : -0.09258
INFO:root:accumulate return : -0.09866
INFO:root:accumulate return : -0.05465
INFO:root:accumulate return : -0.10845
INFO:root:accumulate return : -0.0802
INFO:root:accumulate return : -0.09351
INFO:root:accumulate return : -0.06815
INFO:root:accumulate return : -0.03939
INFO:root:accumulate return : -0.0731
INFO:root:accumulate return : -0.11153
INFO:root:accumulate return : -0.12906
INFO:root:accumulate return : -0.08363
INFO:root:accumulate return : -0.13083
INFO:root:accumulate return : -0.10796
INFO:root:accumulate return : -0.13522
INFO:root:accumulate return : -0.08707
INFO:root:accumulate return : -0.10231
INFO:root:accumulate return : -0.14964
INFO:root:accumulate return : -0.11852
INFO:root:accumulate return : -0.08795
INFO:root:accumulate return : -0.10017
INFO:root:accumulate return : -0.09466
INFO:root:accumulate return : -0.08395
INFO:root:accumulate return : -0.0787
INFO:root:accumulate return : -0.06749
INFO:root:accumulate return : -0.12333
INFO:root:accumulate return : -0.10437
INFO:root:accumulate return : -0.07345
INFO:root:accumulate return : -0.09465
INFO:root:accumulate return : -0.09143
INFO:root:accumulate return : -0.10522
INFO:root:accumulate return : -0.09224
INFO:root:accumulate return : -0.11258
INFO:root:accumulate return : -0.11119
INFO:root:accumulate return : -0.09887
INFO:root:accumulate return : -0.10921
INFO:root:accumulate return : -0.11555
INFO:root:accumulate return : -0.10336
INFO:root:accumulate return : -0.10863
INFO:root:accumulate return : -0.12753
INFO:root:accumulate return : -0.07752
INFO:root:accumulate return : -0.10784
INFO:root:accumulate return : -0.08568
INFO:root:accumulate return : -0.09775
INFO:root:accumulate return : -0.08381
INFO:root:accumulate return : -0.11313
INFO:root:accumulate return : -0.12645
INFO:root:accumulate return : -0.08491
INFO:root:accumulate return : -0.08401
INFO:root:accumulate return : -0.0747
INFO:root:accumulate return : -0.075
INFO:root:accumulate return : -0.11319
INFO:root:accumulate return : -0.1194
INFO:root:accumulate return : -0.12495
INFO:root:accumulate return : -0.1209
INFO:root:accumulate return : -0.12608
INFO:root:accumulate return : -0.10459
INFO:root:accumulate return : -0.10029
INFO:root:accumulate return : -0.08625
INFO:root:accumulate return : -0.11673
INFO:root:accumulate return : -0.10732
INFO:root:accumulate return : -0.10188
INFO:root:accumulate return : -0.08484
INFO:root:accumulate return : -0.10199
INFO:root:accumulate return : -0.11115
INFO:root:accumulate return : -0.08625
INFO:root:accumulate return : -0.11364
INFO:root:accumulate return : -0.1054
INFO:root:accumulate return : -0.09681
INFO:root:accumulate return : -0.09424
INFO:root:accumulate return : -0.0872
INFO:root:accumulate return : -0.09336
INFO:root:accumulate return : -0.1028
INFO:root:accumulate return : -0.11739
INFO:root:accumulate return : -0.11518
INFO:root:accumulate return : -0.06715
INFO:root:accumulate return : -0.09375
INFO:root:accumulate return : -0.07528
INFO:root:accumulate return : -0.09758
INFO:root:accumulate return : -0.07769
INFO:root:accumulate return : -0.07915
INFO:root:accumulate return : -0.06709
INFO:root:accumulate return : -0.09701
INFO:root:accumulate return : -0.08596
INFO:root:accumulate return : -0.10142
INFO:root:accumulate return : -0.09845
INFO:root:accumulate return : -0.10885
INFO:root:accumulate return : -0.0657
INFO:root:accumulate return : -0.08799
INFO:root:accumulate return : -0.04812
INFO:root:accumulate return : -0.11571
INFO:root:accumulate return : -0.04205
INFO:root:accumulate return : -0.0647
INFO:root:accumulate return : -0.05437
INFO:root:accumulate return : -0.07365
INFO:root:accumulate return : -0.08997
INFO:root:accumulate return : -0.03609
INFO:root:accumulate return : -0.08186
INFO:root:accumulate return : -0.08819
INFO:root:accumulate return : -0.09999
INFO:root:accumulate return : -0.08768
INFO:root:accumulate return : -0.06659
INFO:root:accumulate return : -0.04482
INFO:root:accumulate return : -0.05091
INFO:root:accumulate return : -0.07609
INFO:root:accumulate return : -0.08493
INFO:root:accumulate return : -0.03235
INFO:root:accumulate return : -0.11327
INFO:root:accumulate return : -0.10286
INFO:root:accumulate return : -0.06228
INFO:root:accumulate return : -0.07024
INFO:root:accumulate return : -0.09252
INFO:root:accumulate return : -0.04244
INFO:root:accumulate return : -0.0906
INFO:root:accumulate return : -0.08392
INFO:root:accumulate return : -0.08569
INFO:root:accumulate return : -0.07929
INFO:root:accumulate return : -0.04434
INFO:root:accumulate return : -0.05478
INFO:root:accumulate return : -0.07491
INFO:root:accumulate return : -0.04706
INFO:root:accumulate return : -0.08142
INFO:root:accumulate return : -0.05898
INFO:root:accumulate return : -0.03031
INFO:root:accumulate return : -0.07631
INFO:root:accumulate return : -0.03114
INFO:root:accumulate return : -0.08985
INFO:root:accumulate return : -0.05747
INFO:root:accumulate return : -0.07455
INFO:root:accumulate return : -0.04099
INFO:root:accumulate return : -0.08004
INFO:root:accumulate return : -0.07248
INFO:root:accumulate return : -0.0581
INFO:root:accumulate return : -0.04905
INFO:root:accumulate return : -0.07452
INFO:root:accumulate return : -0.0245
INFO:root:accumulate return : -0.08407
INFO:root:accumulate return : -0.10544
INFO:root:accumulate return : -0.07174
INFO:root:accumulate return : -0.06281
INFO:root:accumulate return : -0.05482
INFO:root:accumulate return : -0.06872
INFO:root:accumulate return : -0.05584
INFO:root:accumulate return : -0.07798
INFO:root:accumulate return : -0.05871
INFO:root:accumulate return : -0.06252
INFO:root:accumulate return : -0.0017
INFO:root:accumulate return : -0.06712
INFO:root:accumulate return : -0.0718
INFO:root:accumulate return : -0.04032
INFO:root:accumulate return : -0.05193
INFO:root:accumulate return : -0.0503
INFO:root:accumulate return : -0.03877
INFO:root:accumulate return : -0.05156
INFO:root:accumulate return : -0.04001
INFO:root:accumulate return : -0.07209
INFO:root:accumulate return : -0.03636
INFO:root:accumulate return : -0.05517
INFO:root:accumulate return : -0.01601
INFO:root:accumulate return : -0.04139
INFO:root:accumulate return : -0.02108
INFO:root:accumulate return : -0.05307
INFO:root:accumulate return : -0.05785
INFO:root:accumulate return : -0.04545
INFO:root:accumulate return : -0.02023
INFO:root:accumulate return : -0.02824
INFO:root:accumulate return : -0.03275
INFO:root:accumulate return : -0.01968
INFO:root:accumulate return : -0.0223
INFO:root:accumulate return : -0.04751
INFO:root:accumulate return : -0.08448
INFO:root:accumulate return : -0.07184
INFO:root:accumulate return : -0.06486
INFO:root:accumulate return : -0.03691
INFO:root:accumulate return : -0.03489
INFO:root:accumulate return : -0.00832
INFO:root:accumulate return : -0.02395
INFO:root:accumulate return : -0.00247
INFO:root:accumulate return : 0.01023
INFO:root:accumulate return : -0.06055
INFO:root:accumulate return : -0.0407
INFO:root:accumulate return : -0.03383
INFO:root:accumulate return : -0.0309
INFO:root:accumulate return : -0.02717
INFO:root:accumulate return : -0.04275
INFO:root:accumulate return : -0.03357
INFO:root:accumulate return : -0.04723
INFO:root:accumulate return : -0.01535
INFO:root:accumulate return : -0.02454
INFO:root:accumulate return : -0.03811
INFO:root:accumulate return : -0.05987
INFO:root:accumulate return : -0.03821
INFO:root:accumulate return : 0.00444
INFO:root:accumulate return : -0.09279
INFO:root:accumulate return : -0.06587
INFO:root:accumulate return : -0.0474
INFO:root:accumulate return : -0.06889
INFO:root:accumulate return : -0.06842
INFO:root:accumulate return : -0.01808
INFO:root:accumulate return : 0.01753
INFO:root:accumulate return : -0.03932
INFO:root:accumulate return : -0.04894
INFO:root:accumulate return : 0.01935
INFO:root:accumulate return : -0.06966
INFO:root:accumulate return : -0.07558
INFO:root:accumulate return : -0.04481
INFO:root:accumulate return : -0.02096
INFO:root:accumulate return : 0.00348
INFO:root:accumulate return : -0.0744
INFO:root:accumulate return : -0.02082
INFO:root:accumulate return : -0.03133
INFO:root:accumulate return : -0.05615
INFO:root:accumulate return : -0.06878
INFO:root:accumulate return : -0.0174
INFO:root:accumulate return : -0.0184
INFO:root:accumulate return : 0.00601
INFO:root:accumulate return : -0.02566
INFO:root:accumulate return : -0.06285
INFO:root:accumulate return : -0.03863
INFO:root:accumulate return : -0.0021
INFO:root:accumulate return : -0.01328
INFO:root:accumulate return : -0.01746
INFO:root:accumulate return : -0.05332
INFO:root:accumulate return : -0.02179
INFO:root:accumulate return : -0.0012
INFO:root:accumulate return : -0.01559
INFO:root:accumulate return : -0.04478
INFO:root:accumulate return : -0.02129
INFO:root:accumulate return : 0.00154
INFO:root:accumulate return : 0.0105
INFO:root:accumulate return : -0.06515
INFO:root:accumulate return : -0.03828
INFO:root:accumulate return : -0.01418
INFO:root:accumulate return : -0.02294
INFO:root:accumulate return : -0.00405
INFO:root:accumulate return : -0.03494
INFO:root:accumulate return : -0.05394
INFO:root:accumulate return : -0.03486
INFO:root:accumulate return : 0.03966
INFO:root:accumulate return : -0.02783
INFO:root:accumulate return : -0.00669
INFO:root:accumulate return : -0.04167
INFO:root:accumulate return : -0.02025
INFO:root:accumulate return : 0.00259
INFO:root:accumulate return : -0.02351
INFO:root:accumulate return : -0.00514000000001
INFO:root:accumulate return : -0.03089
INFO:root:accumulate return : -0.00845
INFO:root:accumulate return : 0.00756
INFO:root:accumulate return : 0.051
INFO:root:accumulate return : -0.000790000000005
INFO:root:accumulate return : -0.00731
INFO:root:accumulate return : -0.0405
INFO:root:accumulate return : -0.0046
INFO:root:accumulate return : -0.00142000000001
INFO:root:accumulate return : 0.02229
INFO:root:accumulate return : 0.00556
INFO:root:accumulate return : -0.00277
INFO:root:accumulate return : 0.00611
INFO:root:accumulate return : 0.01443
INFO:root:accumulate return : -0.01584
INFO:root:accumulate return : -0.0023
INFO:root:accumulate return : 0.00777
INFO:root:accumulate return : -0.01074
INFO:root:accumulate return : -0.00777000000001
INFO:root:accumulate return : -0.0035
INFO:root:accumulate return : 0.00459
INFO:root:accumulate return : -0.04461
INFO:root:accumulate return : -0.03653
INFO:root:accumulate return : -0.01332
INFO:root:accumulate return : 0.022
INFO:root:accumulate return : -0.01703
INFO:root:accumulate return : -0.00259
INFO:root:accumulate return : -0.02427
INFO:root:accumulate return : -0.00529
INFO:root:accumulate return : -0.01228
INFO:root:accumulate return : -0.02067
INFO:root:accumulate return : -0.02225
INFO:root:accumulate return : -0.00685
INFO:root:accumulate return : 0.0061
INFO:root:accumulate return : -0.04233
INFO:root:accumulate return : -0.02398
INFO:root:accumulate return : -0.0128
INFO:root:accumulate return : -0.00303
INFO:root:accumulate return : -0.03112
INFO:root:accumulate return : -0.02452
INFO:root:accumulate return : 0.02412
INFO:root:accumulate return : -0.01311
INFO:root:accumulate return : -0.0067
INFO:root:accumulate return : -0.01299
INFO:root:accumulate return : -0.01972
INFO:root:accumulate return : -0.0074
INFO:root:accumulate return : -0.01011
INFO:root:accumulate return : 0.00305
INFO:root:accumulate return : 0.03
INFO:root:accumulate return : -0.00307
INFO:root:accumulate return : -0.01326
INFO:root:accumulate return : 0.01557
INFO:root:accumulate return : 0.02148
INFO:root:accumulate return : 0.000529999999997
INFO:root:accumulate return : -0.0018
INFO:root:accumulate return : -0.03563
INFO:root:accumulate return : 0.02421
INFO:root:accumulate return : -0.02261
INFO:root:accumulate return : 0.0098
INFO:root:accumulate return : -0.00467
INFO:root:accumulate return : 0.00132
INFO:root:accumulate return : -0.00128
INFO:root:accumulate return : -0.0479
INFO:root:accumulate return : -0.00853000000001
INFO:root:accumulate return : 0.00316
INFO:root:accumulate return : -0.01168
INFO:root:accumulate return : -0.02074
INFO:root:accumulate return : -0.00431
INFO:root:accumulate return : -0.01193
INFO:root:accumulate return : -0.02208
INFO:root:accumulate return : -0.03086
INFO:root:accumulate return : 0.02763
INFO:root:accumulate return : -0.01001
INFO:root:accumulate return : -0.02003
INFO:root:accumulate return : 0.01921
INFO:root:accumulate return : -0.0149
INFO:root:accumulate return : 0.00759
INFO:root:accumulate return : 0.000309999999998
INFO:root:accumulate return : 0.00836
INFO:root:accumulate return : -0.00335
INFO:root:accumulate return : 0.0211
INFO:root:accumulate return : -0.02401
INFO:root:accumulate return : 0.02141
INFO:root:accumulate return : -0.01089
INFO:root:accumulate return : 0.00325
INFO:root:accumulate return : -0.04692
INFO:root:accumulate return : 0.03177
INFO:root:accumulate return : 0.01571
INFO:root:accumulate return : -4.00000000008e-05
INFO:root:accumulate return : -0.00237
INFO:root:accumulate return : 0.05357
INFO:root:accumulate return : -0.00607
INFO:root:accumulate return : 0.00502
INFO:root:accumulate return : -0.01119
INFO:root:accumulate return : -0.03107
INFO:root:accumulate return : -0.01101
INFO:root:accumulate return : 0.01473
INFO:root:accumulate return : -0.00879
INFO:root:accumulate return : 0.02023
INFO:root:accumulate return : -0.00945
INFO:root:accumulate return : 0.01712
INFO:root:accumulate return : -0.02565
INFO:root:accumulate return : 0.02848
INFO:root:accumulate return : -0.02395
INFO:root:accumulate return : -0.00543
INFO:root:accumulate return : 0.00948
INFO:root:accumulate return : 0.0123
INFO:root:accumulate return : 0.00255
INFO:root:accumulate return : 0.01364
INFO:root:accumulate return : 0.03455
INFO:root:accumulate return : -0.00096
INFO:root:accumulate return : 0.00688
INFO:root:accumulate return : -0.03644
INFO:root:accumulate return : 0.01498
INFO:root:accumulate return : 0.04499
INFO:root:accumulate return : 0.000869999999996
INFO:root:accumulate return : 0.01423
INFO:root:accumulate return : 0.01566
INFO:root:accumulate return : -0.1032
INFO:root:accumulate return : 0.01177
INFO:root:accumulate return : 0.01586
INFO:root:accumulate return : 0.01725
INFO:root:accumulate return : 0.02127
INFO:root:accumulate return : -0.00238
INFO:root:accumulate return : 0.04898
INFO:root:accumulate return : -0.00270000000001
INFO:root:accumulate return : 0.00447
INFO:root:accumulate return : 0.01492
INFO:root:accumulate return : 0.00476
INFO:root:accumulate return : 0.02168
INFO:root:accumulate return : -0.02102
INFO:root:accumulate return : -0.00384
INFO:root:accumulate return : 0.03747
INFO:root:accumulate return : 0.00137
INFO:root:accumulate return : 0.05009
INFO:root:accumulate return : -0.00789
INFO:root:accumulate return : 0.01394
INFO:root:accumulate return : -0.00352
INFO:root:accumulate return : 0.03661
INFO:root:accumulate return : -0.00191000000001
INFO:root:accumulate return : 0.0604
INFO:root:accumulate return : 0.01403
INFO:root:accumulate return : -0.03479
INFO:root:accumulate return : 0.02333
INFO:root:accumulate return : 0.04942
INFO:root:accumulate return : -0.01124
INFO:root:accumulate return : -0.01314
INFO:root:accumulate return : 0.0181
INFO:root:accumulate return : -0.00787
INFO:root:accumulate return : -0.01904
INFO:root:accumulate return : 0.0166
INFO:root:accumulate return : 0.04444
INFO:root:accumulate return : -0.00314000000001
INFO:root:accumulate return : 0.01079
INFO:root:accumulate return : 0.01013
INFO:root:accumulate return : -0.00364
INFO:root:accumulate return : -0.00293
INFO:root:accumulate return : -0.00645
INFO:root:accumulate return : -0.0161
INFO:root:accumulate return : 0.00798
INFO:root:accumulate return : 0.04718
INFO:root:accumulate return : 0.03399
INFO:root:accumulate return : 0.0615
INFO:root:accumulate return : 0.02332
INFO:root:accumulate return : 0.03883
INFO:root:accumulate return : -0.0138
INFO:root:accumulate return : 0.00705
INFO:root:accumulate return : 0.00908
INFO:root:accumulate return : -0.01028
INFO:root:accumulate return : 0.02695
INFO:root:accumulate return : 0.0356
INFO:root:accumulate return : 0.00899
INFO:root:accumulate return : 0.02503
INFO:root:accumulate return : 0.02056
INFO:root:accumulate return : 0.00608
INFO:root:accumulate return : 0.00467
INFO:root:accumulate return : 0.04403
INFO:root:accumulate return : 0.01492
INFO:root:accumulate return : -0.01048
INFO:root:accumulate return : 0.03125
INFO:root:accumulate return : 0.03083
INFO:root:accumulate return : 0.00205
INFO:root:accumulate return : 0.05094
INFO:root:accumulate return : 0.01817
INFO:root:accumulate return : -0.01595
INFO:root:accumulate return : 0.02093
INFO:root:accumulate return : 0.00585
INFO:root:accumulate return : 0.02114
INFO:root:accumulate return : 0.02469
INFO:root:accumulate return : 0.02649
INFO:root:accumulate return : -0.01485
INFO:root:accumulate return : -0.00597000000001
INFO:root:accumulate return : -0.03765
INFO:root:accumulate return : 0.03228
INFO:root:accumulate return : -0.01162
INFO:root:accumulate return : 0.04491
INFO:root:accumulate return : 0.04053
INFO:root:accumulate return : 0.00917
INFO:root:accumulate return : 0.07231
INFO:root:accumulate return : 0.04685
INFO:root:accumulate return : 0.0032
INFO:root:accumulate return : 0.05351
INFO:root:accumulate return : 0.02358
INFO:root:accumulate return : -0.000560000000003
INFO:root:accumulate return : 0.00774
INFO:root:accumulate return : 0.05109
INFO:root:accumulate return : 0.00087
INFO:root:accumulate return : 3.99999999981e-05
INFO:root:accumulate return : 0.0405
INFO:root:accumulate return : 0.05543
INFO:root:accumulate return : -0.01721
INFO:root:accumulate return : 0.0245
INFO:root:accumulate return : 0.05588
INFO:root:accumulate return : 0.01106
INFO:root:accumulate return : 0.04253
INFO:root:accumulate return : -0.000500000000004
INFO:root:accumulate return : 0.03964
INFO:root:accumulate return : 0.02191
INFO:root:accumulate return : 0.0199
INFO:root:accumulate return : 0.04237
INFO:root:accumulate return : -0.00957
INFO:root:accumulate return : -0.00341
INFO:root:accumulate return : 0.01294
INFO:root:accumulate return : -0.01731
INFO:root:accumulate return : 0.03606
INFO:root:accumulate return : 0.04013
INFO:root:accumulate return : 0.00690999999999
INFO:root:accumulate return : 0.03975
INFO:root:accumulate return : 0.01624
INFO:root:accumulate return : 0.05864
INFO:root:accumulate return : -0.0034
INFO:root:accumulate return : 0.04283
INFO:root:accumulate return : 0.0215
INFO:root:accumulate return : 0.01315
INFO:root:accumulate return : 0.06487
INFO:root:accumulate return : 0.04653
INFO:root:accumulate return : 0.02214
INFO:root:accumulate return : 0.05124
INFO:root:accumulate return : -0.0224
INFO:root:accumulate return : 0.03205
INFO:root:accumulate return : -0.00635
INFO:root:accumulate return : -0.00834000000001
INFO:root:accumulate return : 0.03657
INFO:root:accumulate return : 0.04523
INFO:root:accumulate return : 0.06064
INFO:root:accumulate return : -0.03286
INFO:root:accumulate return : 0.04405
INFO:root:accumulate return : 0.02974
INFO:root:accumulate return : -0.02648
INFO:root:accumulate return : 0.01718
INFO:root:accumulate return : 0.01966
INFO:root:accumulate return : 0.01065
INFO:root:accumulate return : -0.00413
INFO:root:accumulate return : 0.000849999999999
INFO:root:accumulate return : 0.04238
INFO:root:accumulate return : -0.00276000000001
INFO:root:accumulate return : 0.0218
INFO:root:accumulate return : 0.02196
INFO:root:accumulate return : 0.03287
INFO:root:accumulate return : -0.00613
INFO:root:accumulate return : 0.03644
INFO:root:accumulate return : 0.0025
INFO:root:accumulate return : 0.03255
INFO:root:accumulate return : 0.01664
INFO:root:accumulate return : 0.02233
INFO:root:accumulate return : 0.01178
INFO:root:accumulate return : 0.05884
INFO:root:accumulate return : 0.05352
INFO:root:accumulate return : 0.02533
INFO:root:accumulate return : 0.00407
INFO:root:accumulate return : 0.01273
INFO:root:accumulate return : 0.02671
INFO:root:accumulate return : 0.03874
INFO:root:accumulate return : 0.01831
INFO:root:accumulate return : 0.01926
INFO:root:accumulate return : 0.00686
INFO:root:accumulate return : 0.04118
INFO:root:accumulate return : 0.03471
INFO:root:accumulate return : -0.03989
INFO:root:accumulate return : -0.01542
INFO:root:accumulate return : 0.00215
INFO:root:accumulate return : 0.03555
INFO:root:accumulate return : 0.00551
INFO:root:accumulate return : 0.04274
INFO:root:accumulate return : 0.01208
INFO:root:accumulate return : -0.0159
INFO:root:accumulate return : -0.00334
INFO:root:accumulate return : 0.02274
INFO:root:accumulate return : 0.0244
INFO:root:accumulate return : 0.01473
INFO:root:accumulate return : 0.0146
INFO:root:accumulate return : -0.000349999999998
INFO:root:accumulate return : 0.01549
INFO:root:accumulate return : 0.06497
INFO:root:accumulate return : 0.03796
INFO:root:accumulate return : -0.02446
INFO:root:accumulate return : 0.06318
INFO:root:accumulate return : 0.01233
INFO:root:accumulate return : 0.01584
INFO:root:accumulate return : -0.00659000000001
INFO:root:accumulate return : -0.00198000000001
INFO:root:accumulate return : 0.000249999999997
INFO:root:accumulate return : 0.05146
INFO:root:accumulate return : -0.01121
INFO:root:accumulate return : 0.00792
INFO:root:accumulate return : 0.01655
INFO:root:accumulate return : 0.03034
INFO:root:accumulate return : 0.04065
INFO:root:accumulate return : 0.04313
INFO:root:accumulate return : 0.00481
INFO:root:accumulate return : -0.00522
INFO:root:accumulate return : 0.000359999999997
INFO:root:accumulate return : -0.03635
INFO:root:accumulate return : 0.03493
INFO:root:accumulate return : 0.02308
INFO:root:accumulate return : 0.000749999999995
INFO:root:accumulate return : 0.04514
INFO:root:accumulate return : 0.04175
INFO:root:accumulate return : 0.02498
INFO:root:accumulate return : 0.04622
INFO:root:accumulate return : 0.01842
INFO:root:accumulate return : 0.02332
INFO:root:accumulate return : 0.01193
INFO:root:accumulate return : 0.04143
INFO:root:accumulate return : 0.05452
INFO:root:accumulate return : 0.02972
INFO:root:accumulate return : 0.00703
INFO:root:accumulate return : 0.00107
INFO:root:accumulate return : 0.0388
INFO:root:accumulate return : 0.07766
INFO:root:accumulate return : -0.01004
INFO:root:accumulate return : 0.04849
INFO:root:accumulate return : 0.0435
INFO:root:accumulate return : 0.02683
INFO:root:accumulate return : 0.02642
INFO:root:accumulate return : 0.01544
INFO:root:accumulate return : -0.000289999999999
INFO:root:accumulate return : 0.03155
INFO:root:accumulate return : 0.02163
INFO:root:accumulate return : 0.00522
INFO:root:accumulate return : 0.02972
INFO:root:accumulate return : 0.02053
INFO:root:accumulate return : 0.06333
INFO:root:accumulate return : 0.00438
INFO:root:accumulate return : 0.04567
INFO:root:accumulate return : 0.03278
INFO:root:accumulate return : 0.02854
INFO:root:accumulate return : 0.0169
INFO:root:accumulate return : 0.0241
INFO:root:accumulate return : 0.01595
INFO:root:accumulate return : 0.04955
INFO:root:accumulate return : 0.01965
INFO:root:accumulate return : 0.01376
INFO:root:accumulate return : 0.03428
INFO:root:accumulate return : -0.02481
INFO:root:accumulate return : 0.04681
INFO:root:accumulate return : 0.05457
INFO:root:accumulate return : 0.02873
INFO:root:accumulate return : 0.03768
INFO:root:accumulate return : 0.01784
INFO:root:accumulate return : 0.02422
INFO:root:accumulate return : 0.04122
INFO:root:accumulate return : 0.02541
INFO:root:accumulate return : 0.03677
INFO:root:accumulate return : 0.01304
INFO:root:accumulate return : 0.01586
INFO:root:accumulate return : -0.00258000000001
INFO:root:accumulate return : 0.01263
INFO:root:accumulate return : 0.02739
INFO:root:accumulate return : -0.000860000000005
INFO:root:accumulate return : 0.01113
INFO:root:accumulate return : 0.01981
INFO:root:accumulate return : 0.01156
INFO:root:accumulate return : 0.04272
INFO:root:accumulate return : 0.01565
INFO:root:accumulate return : 0.02157
INFO:root:accumulate return : 0.00743
INFO:root:accumulate return : 0.01207
INFO:root:accumulate return : -0.00937000000001
INFO:root:accumulate return : 0.04216
INFO:root:accumulate return : -0.00686
INFO:root:accumulate return : 0.03193
INFO:root:accumulate return : 0.08999
INFO:root:accumulate return : 0.000679999999996
INFO:root:accumulate return : -0.01365
INFO:root:accumulate return : 0.01117
INFO:root:accumulate return : 0.02887
INFO:root:accumulate return : 0.02764
INFO:root:accumulate return : 0.02734
INFO:root:accumulate return : 0.01926
INFO:root:accumulate return : 0.05066
INFO:root:accumulate return : 0.02288
INFO:root:accumulate return : 0.01002
INFO:root:accumulate return : 0.02105
INFO:root:accumulate return : 0.00348999999999
INFO:root:accumulate return : 0.02111
INFO:root:accumulate return : 0.06235
INFO:root:accumulate return : 0.03886
INFO:root:accumulate return : 0.0428
INFO:root:accumulate return : 0.0391
INFO:root:accumulate return : 0.06009
INFO:root:accumulate return : 0.01783
INFO:root:accumulate return : 0.05286
INFO:root:accumulate return : 0.02481
INFO:root:accumulate return : 0.03286
INFO:root:accumulate return : 0.02669
INFO:root:accumulate return : 0.02709
INFO:root:accumulate return : 0.01865
INFO:root:accumulate return : 0.03368
INFO:root:accumulate return : 0.04249
INFO:root:accumulate return : 0.05997
INFO:root:accumulate return : 0.01138
INFO:root:accumulate return : 0.000679999999999
INFO:root:accumulate return : 0.01203
INFO:root:accumulate return : 0.03875
INFO:root:accumulate return : 0.0246
INFO:root:accumulate return : 0.02068
INFO:root:accumulate return : 0.02104
INFO:root:accumulate return : 0.04937
INFO:root:accumulate return : 0.03716
INFO:root:accumulate return : 0.04476
INFO:root:accumulate return : 0.01698
INFO:root:accumulate return : -0.01218
INFO:root:accumulate return : -0.00833
INFO:root:accumulate return : -0.01797
INFO:root:accumulate return : 0.00126
INFO:root:accumulate return : -0.01704
INFO:root:accumulate return : 0.04613
INFO:root:accumulate return : 0.02662
INFO:root:accumulate return : 0.00405999999999
INFO:root:accumulate return : 0.04991
INFO:root:accumulate return : 0.04824
INFO:root:accumulate return : 0.0626
INFO:root:accumulate return : 0.03074
INFO:root:accumulate return : 0.05147
INFO:root:accumulate return : -0.00755
INFO:root:accumulate return : 0.02195
INFO:root:accumulate return : 0.03934
INFO:root:accumulate return : 0.0063
INFO:root:accumulate return : -0.01346
INFO:root:accumulate return : 0.05145
INFO:root:accumulate return : 0.03225
INFO:root:accumulate return : 0.03093
INFO:root:accumulate return : 0.04415
INFO:root:accumulate return : 0.0208
INFO:root:accumulate return : 0.04089
INFO:root:accumulate return : 0.0233
INFO:root:accumulate return : 0.01141
INFO:root:accumulate return : 0.0329
INFO:root:accumulate return : -0.01472
INFO:root:accumulate return : -0.000890000000008
INFO:root:accumulate return : 0.01052
INFO:root:accumulate return : 0.02135
INFO:root:accumulate return : 0.03281
INFO:root:accumulate return : -0.01285
INFO:root:accumulate return : 0.00685
INFO:root:accumulate return : 0.03162
INFO:root:accumulate return : 0.00459
INFO:root:accumulate return : 0.02872
INFO:root:accumulate return : 0.05928
INFO:root:accumulate return : 0.04
INFO:root:accumulate return : 0.05839
INFO:root:accumulate return : 0.02678
INFO:root:accumulate return : 0.03391
INFO:root:accumulate return : -0.02309
INFO:root:accumulate return : 0.01965
INFO:root:accumulate return : 0.02979
INFO:root:accumulate return : 0.03943
INFO:root:accumulate return : 0.01639
INFO:root:accumulate return : 0.01257
INFO:root:accumulate return : 0.04588
INFO:root:accumulate return : 0.01662
INFO:root:accumulate return : -0.000890000000004
INFO:root:accumulate return : 0.0317
INFO:root:accumulate return : -0.003
INFO:root:accumulate return : -0.03517
INFO:root:accumulate return : 0.04157
INFO:root:accumulate return : 0.08091
INFO:root:accumulate return : 0.02609
INFO:root:accumulate return : 0.03469
INFO:root:accumulate return : 0.04537
INFO:root:accumulate return : 0.00354
INFO:root:accumulate return : 0.04857
INFO:root:accumulate return : 0.000559999999998
INFO:root:accumulate return : 0.03333
INFO:root:accumulate return : -0.0272
INFO:root:accumulate return : 0.00861
INFO:root:accumulate return : 0.02857
INFO:root:accumulate return : 0.02287
INFO:root:accumulate return : 0.05542
INFO:root:accumulate return : 0.03873
INFO:root:accumulate return : 0.01575
INFO:root:accumulate return : 0.03112
INFO:root:accumulate return : 0.00477
INFO:root:accumulate return : 0.04388
INFO:root:accumulate return : -0.01021
INFO:root:accumulate return : 0.00962
INFO:root:accumulate return : 0.01383
INFO:root:accumulate return : 0.05123
INFO:root:accumulate return : 0.05245
INFO:root:accumulate return : 0.00341999999999
INFO:root:accumulate return : 0.00617
INFO:root:accumulate return : 0.03702
INFO:root:accumulate return : 0.0451
INFO:root:accumulate return : 0.02505
INFO:root:accumulate return : 0.03729
INFO:root:accumulate return : 0.02226
INFO:root:accumulate return : 0.04446
INFO:root:accumulate return : 0.05681
INFO:root:accumulate return : 0.03278
INFO:root:accumulate return : 0.02074
INFO:root:accumulate return : 0.0847
INFO:root:accumulate return : 0.01087
INFO:root:accumulate return : 0.0276
INFO:root:accumulate return : 0.0089
INFO:root:accumulate return : 0.03275
INFO:root:accumulate return : 0.0216
INFO:root:accumulate return : 0.03936
INFO:root:accumulate return : -0.01234
INFO:root:accumulate return : 0.01992
INFO:root:accumulate return : 0.02255
INFO:root:accumulate return : 0.06819
INFO:root:accumulate return : 0.03285
INFO:root:accumulate return : 0.02439
INFO:root:accumulate return : 0.02195
INFO:root:accumulate return : 0.03683
INFO:root:accumulate return : 0.01827
INFO:root:accumulate return : 0.01515
INFO:root:accumulate return : 0.02605
INFO:root:accumulate return : 0.02883
INFO:root:accumulate return : 0.00564
INFO:root:accumulate return : 0.0417
INFO:root:accumulate return : 0.0466
INFO:root:accumulate return : 0.08005
INFO:root:accumulate return : 0.00491
INFO:root:accumulate return : 0.04635
INFO:root:accumulate return : 0.02402
INFO:root:accumulate return : 0.05822
INFO:root:accumulate return : 0.04633
INFO:root:accumulate return : 0.00751
INFO:root:accumulate return : 0.02785
INFO:root:accumulate return : -0.01335
INFO:root:accumulate return : 0.02705
INFO:root:accumulate return : 0.00641
INFO:root:accumulate return : 0.02087
INFO:root:accumulate return : 0.02334
INFO:root:accumulate return : 0.00715
INFO:root:accumulate return : 0.01746
INFO:root:accumulate return : 0.0157
INFO:root:accumulate return : 0.00878
INFO:root:accumulate return : 0.04241
INFO:root:accumulate return : 0.02337
INFO:root:accumulate return : 0.02456
INFO:root:accumulate return : 0.03787
INFO:root:accumulate return : 0.03785
INFO:root:accumulate return : 0.02682
INFO:root:accumulate return : 0.06024
INFO:root:accumulate return : 0.02438
INFO:root:accumulate return : 0.01265
INFO:root:accumulate return : 0.02885
INFO:root:accumulate return : 0.02838
INFO:root:accumulate return : 0.02281
INFO:root:accumulate return : 0.05056
INFO:root:accumulate return : 0.02175
INFO:root:accumulate return : 0.04939
INFO:root:accumulate return : 0.03163
INFO:root:accumulate return : 0.01816
INFO:root:accumulate return : 0.06612
INFO:root:accumulate return : 0.0525
INFO:root:accumulate return : 0.03708
INFO:root:accumulate return : 0.0464
INFO:root:accumulate return : 0.00845
INFO:root:accumulate return : 0.03774
INFO:root:accumulate return : 0.04281
INFO:root:accumulate return : 0.03423
INFO:root:accumulate return : 0.01442
INFO:root:accumulate return : 0.02703
INFO:root:accumulate return : 0.01848
INFO:root:accumulate return : 0.0065
INFO:root:accumulate return : 0.0315
INFO:root:accumulate return : 0.02222
INFO:root:accumulate return : 0.04213
INFO:root:accumulate return : 0.02465
INFO:root:accumulate return : -0.0313
INFO:root:accumulate return : 0.03618
INFO:root:accumulate return : 0.08079
INFO:root:accumulate return : -0.00491
INFO:root:accumulate return : -0.02468
INFO:root:accumulate return : 0.000500000000001
INFO:root:accumulate return : 0.04795
INFO:root:accumulate return : 0.04672
INFO:root:accumulate return : 0.02776
INFO:root:accumulate return : -0.00255
INFO:root:accumulate return : 0.000459999999996
INFO:root:accumulate return : 0.03802
INFO:root:accumulate return : -0.01767
INFO:root:accumulate return : -0.02814
INFO:root:accumulate return : 0.00697
INFO:root:accumulate return : 0.05399
INFO:root:accumulate return : 0.04762
INFO:root:accumulate return : 0.02703
INFO:root:accumulate return : 0.04095
INFO:root:accumulate return : 0.00186
INFO:root:accumulate return : 0.03797
INFO:root:accumulate return : 0.03053
INFO:root:accumulate return : 0.02674
INFO:root:accumulate return : 0.02306
INFO:root:accumulate return : 0.02789
INFO:root:accumulate return : 0.06308
INFO:root:accumulate return : 0.02833
INFO:root:accumulate return : 0.04053
INFO:root:accumulate return : 0.00494
INFO:root:accumulate return : 0.01113
INFO:root:accumulate return : 0.04673
INFO:root:accumulate return : 0.03024
INFO:root:accumulate return : 0.00267
INFO:root:accumulate return : 0.01545
INFO:root:accumulate return : 0.07376
INFO:root:accumulate return : 0.00110999999999
INFO:root:accumulate return : -0.00626
INFO:root:accumulate return : 0.02078
INFO:root:accumulate return : 0.04162
INFO:root:accumulate return : 0.0509
INFO:root:accumulate return : 0.01753
INFO:root:accumulate return : 0.05813
INFO:root:accumulate return : -0.00629
INFO:root:accumulate return : 0.0531
INFO:root:accumulate return : 0.03799
INFO:root:accumulate return : 0.04794
INFO:root:accumulate return : 0.01855
INFO:root:accumulate return : 0.01842
INFO:root:accumulate return : 0.03359
INFO:root:accumulate return : 0.01107
INFO:root:accumulate return : 0.06021
INFO:root:accumulate return : 0.03772
INFO:root:accumulate return : 0.09748
INFO:root:accumulate return : 0.03791
INFO:root:accumulate return : 0.04283
INFO:root:accumulate return : 0.03186
INFO:root:accumulate return : 0.03701
INFO:root:accumulate return : -0.01097
INFO:root:accumulate return : 0.00445
INFO:root:accumulate return : 0.05421
INFO:root:accumulate return : 0.02359
INFO:root:accumulate return : 0.04735
INFO:root:accumulate return : 0.05719
INFO:root:accumulate return : 0.07486
INFO:root:accumulate return : 0.03504
INFO:root:accumulate return : -0.00464
INFO:root:accumulate return : 0.02685
INFO:root:accumulate return : 0.03005
INFO:root:accumulate return : 0.04178
INFO:root:accumulate return : 0.0422
INFO:root:accumulate return : 0.05415
INFO:root:accumulate return : 0.02185
INFO:root:accumulate return : 0.01657
INFO:root:accumulate return : 0.00918
INFO:root:accumulate return : 0.02752
INFO:root:accumulate return : 0.02218
INFO:root:accumulate return : 0.05244
INFO:root:accumulate return : 0.03707
INFO:root:accumulate return : 0.00692
INFO:root:accumulate return : 0.05602
INFO:root:accumulate return : 0.03237
INFO:root:accumulate return : 0.02883
INFO:root:accumulate return : 0.05464
INFO:root:accumulate return : 0.01455
INFO:root:accumulate return : 0.02071
INFO:root:accumulate return : 0.04145
INFO:root:accumulate return : 0.07128
INFO:root:accumulate return : 0.03553
INFO:root:accumulate return : 0.05798
INFO:root:accumulate return : 0.05688
INFO:root:accumulate return : 0.0323
INFO:root:accumulate return : -0.03063
INFO:root:accumulate return : 0.00466
INFO:root:accumulate return : 0.02299
INFO:root:accumulate return : -0.01241
INFO:root:accumulate return : 0.03387
INFO:root:accumulate return : 0.03236
INFO:root:accumulate return : 0.02572
INFO:root:accumulate return : 0.02078
INFO:root:accumulate return : 0.03855
INFO:root:accumulate return : 0.08823
INFO:root:accumulate return : 0.03494
INFO:root:accumulate return : 0.03078
INFO:root:accumulate return : 0.00349
INFO:root:accumulate return : -0.00329
INFO:root:accumulate return : 0.03282
INFO:root:accumulate return : 0.04072
INFO:root:accumulate return : 0.03741
INFO:root:accumulate return : -0.000550000000002
INFO:root:accumulate return : 0.04775
INFO:root:accumulate return : 0.05134
INFO:root:accumulate return : 0.02547
INFO:root:accumulate return : 1.99999999985e-05
INFO:root:accumulate return : 0.01788
INFO:root:accumulate return : -5.00000000039e-05
INFO:root:accumulate return : 0.01309
INFO:root:accumulate return : 0.03805
INFO:root:accumulate return : 0.01153
INFO:root:accumulate return : 0.008
INFO:root:accumulate return : 0.04269
INFO:root:accumulate return : -0.01253
INFO:root:accumulate return : 0.0354
INFO:root:accumulate return : 0.0504
INFO:root:accumulate return : -0.00925
INFO:root:accumulate return : 0.04049
INFO:root:accumulate return : 0.02031
INFO:root:accumulate return : -0.00611
INFO:root:accumulate return : 0.04001
INFO:root:accumulate return : 0.04021
INFO:root:accumulate return : 0.03539
INFO:root:accumulate return : 0.03551
INFO:root:accumulate return : -0.00242
INFO:root:accumulate return : 0.00703
INFO:root:accumulate return : 0.01604
INFO:root:accumulate return : 0.01726
INFO:root:accumulate return : 0.06073
INFO:root:accumulate return : 0.06182
INFO:root:accumulate return : 0.04563
INFO:root:accumulate return : 0.03578
INFO:root:accumulate return : 0.05837
INFO:root:accumulate return : 0.02224
INFO:root:accumulate return : 0.01388
INFO:root:accumulate return : 0.02486
INFO:root:accumulate return : 0.02511
INFO:root:accumulate return : 0.04008
INFO:root:accumulate return : 0.00599
INFO:root:accumulate return : 0.04268
INFO:root:accumulate return : 0.08128
INFO:root:accumulate return : 0.05405
INFO:root:accumulate return : 0.02615
INFO:root:accumulate return : 0.014
INFO:root:accumulate return : 0.06326
INFO:root:accumulate return : 0.0719
INFO:root:accumulate return : 0.03628
INFO:root:accumulate return : 0.01132
INFO:root:accumulate return : -0.01353
INFO:root:accumulate return : 0.05452
INFO:root:accumulate return : -0.01928
INFO:root:accumulate return : 0.01792
INFO:root:accumulate return : 0.06138
INFO:root:accumulate return : 0.0409
INFO:root:accumulate return : 0.05795
INFO:root:accumulate return : 0.02687
INFO:root:accumulate return : 0.03306
INFO:root:accumulate return : 0.0047
INFO:root:accumulate return : 0.04884
INFO:root:accumulate return : 0.03257
INFO:root:accumulate return : 0.00788
INFO:root:accumulate return : 0.01591
INFO:root:accumulate return : 0.02999
INFO:root:accumulate return : 0.03202
INFO:root:accumulate return : 0.03525
INFO:root:accumulate return : 0.01381
INFO:root:accumulate return : 0.01375
INFO:root:accumulate return : 0.02981
INFO:root:accumulate return : 0.02887
INFO:root:accumulate return : 0.05376
INFO:root:accumulate return : 0.03746
INFO:root:accumulate return : 0.00674999999999
INFO:root:accumulate return : 0.04423
INFO:root:accumulate return : 0.07301
INFO:root:accumulate return : 0.04537
INFO:root:accumulate return : -0.04066
INFO:root:accumulate return : 0.03295
INFO:root:accumulate return : 0.01866
INFO:root:accumulate return : 0.02121
INFO:root:accumulate return : 0.05778
INFO:root:accumulate return : 0.0533
INFO:root:accumulate return : 0.03879
INFO:root:accumulate return : 0.03859
INFO:root:accumulate return : -0.022
INFO:root:accumulate return : 0.00626
INFO:root:accumulate return : 0.05182
INFO:root:accumulate return : 0.03819
INFO:root:accumulate return : 0.04838
INFO:root:accumulate return : 0.04679
INFO:root:accumulate return : 0.03961
INFO:root:accumulate return : 0.03232
INFO:root:accumulate return : 0.02132
INFO:root:accumulate return : 0.00965
INFO:root:accumulate return : 0.03312
INFO:root:accumulate return : 0.04731
INFO:root:accumulate return : -0.01047
INFO:root:accumulate return : -0.00485
INFO:root:accumulate return : 0.0415
INFO:root:accumulate return : 0.01558
INFO:root:accumulate return : 0.02817
INFO:root:accumulate return : 0.04133
INFO:root:accumulate return : 0.02682
INFO:root:accumulate return : 0.00304999999999
INFO:root:accumulate return : 0.03489
INFO:root:accumulate return : 0.03594
INFO:root:accumulate return : 0.06273
INFO:root:accumulate return : 0.02884
INFO:root:accumulate return : 0.04408
INFO:root:accumulate return : -0.01834
INFO:root:accumulate return : 0.00549
INFO:root:accumulate return : 0.03711
INFO:root:accumulate return : -0.00356
INFO:root:accumulate return : 0.02452
INFO:root:accumulate return : 0.04965
INFO:root:accumulate return : 0.02353
INFO:root:accumulate return : 0.03949
INFO:root:accumulate return : 0.03814
INFO:root:accumulate return : 0.03869
INFO:root:accumulate return : 0.05805
INFO:root:accumulate return : 0.0192
INFO:root:accumulate return : 0.03473
INFO:root:accumulate return : 0.04897
INFO:root:accumulate return : 0.02254
INFO:root:accumulate return : 0.03016
INFO:root:accumulate return : 0.05421
INFO:root:accumulate return : 0.0819
INFO:root:accumulate return : 0.06129
INFO:root:accumulate return : 0.00998
INFO:root:accumulate return : 0.00769
INFO:root:accumulate return : 0.05354
INFO:root:accumulate return : 0.04515
INFO:root:accumulate return : 0.044
INFO:root:accumulate return : 0.02494
INFO:root:accumulate return : 0.00494
INFO:root:accumulate return : 0.06288
INFO:root:accumulate return : 0.02247
INFO:root:accumulate return : 0.05995
INFO:root:accumulate return : 0.04159
INFO:root:accumulate return : 0.04855
INFO:root:accumulate return : 0.03422
INFO:root:accumulate return : 0.05298
INFO:root:accumulate return : 0.01423
INFO:root:accumulate return : -0.00529
INFO:root:accumulate return : 0.03107
INFO:root:accumulate return : 0.02269
INFO:root:accumulate return : 0.04964
INFO:root:accumulate return : 0.02611
INFO:root:accumulate return : 0.05476
INFO:root:accumulate return : 0.0469
INFO:root:accumulate return : 0.01219
INFO:root:accumulate return : -0.00186
INFO:root:accumulate return : 0.05069
INFO:root:accumulate return : 0.06768
INFO:root:accumulate return : 0.02965
INFO:root:accumulate return : 0.06278
INFO:root:accumulate return : 0.05029
INFO:root:accumulate return : -0.01227
INFO:root:accumulate return : -0.01736
INFO:root:accumulate return : 0.05084
INFO:root:accumulate return : -0.00689
INFO:root:accumulate return : 0.05276
INFO:root:accumulate return : 0.03761
INFO:root:accumulate return : 0.0652
INFO:root:accumulate return : -0.01767
INFO:root:accumulate return : 0.02776
INFO:root:accumulate return : 0.03763
INFO:root:accumulate return : -0.00232
INFO:root:accumulate return : 0.07845
INFO:root:accumulate return : 0.01052
INFO:root:accumulate return : 0.01496
INFO:root:accumulate return : 0.02085
INFO:root:accumulate return : 0.00432
INFO:root:accumulate return : 0.03608
INFO:root:accumulate return : 0.03285
INFO:root:accumulate return : 0.00692
INFO:root:accumulate return : 0.04581
INFO:root:accumulate return : 0.04437
INFO:root:accumulate return : 0.04744
INFO:root:accumulate return : -0.02142
INFO:root:accumulate return : 0.06575
INFO:root:accumulate return : 0.01357
INFO:root:accumulate return : 0.05214
INFO:root:accumulate return : 0.02895
INFO:root:accumulate return : -0.00952
INFO:root:accumulate return : 0.05163
INFO:root:accumulate return : 0.04853
INFO:root:accumulate return : 0.03964
INFO:root:accumulate return : 0.01577
INFO:root:accumulate return : 0.000969999999998
INFO:root:accumulate return : 0.02797
INFO:root:accumulate return : 0.00108
INFO:root:accumulate return : 0.00528
INFO:root:accumulate return : 0.03493
INFO:root:accumulate return : 0.06427
INFO:root:accumulate return : 0.04241
INFO:root:accumulate return : 0.06563
INFO:root:accumulate return : 0.02437
INFO:root:accumulate return : 0.03249
INFO:root:accumulate return : 0.03608
INFO:root:accumulate return : 0.08185
INFO:root:accumulate return : 0.03933
INFO:root:accumulate return : 0.03944
INFO:root:accumulate return : 0.05022
INFO:root:accumulate return : -0.01054
INFO:root:accumulate return : -0.00588
INFO:root:accumulate return : 0.07253
INFO:root:accumulate return : 0.05502
INFO:root:accumulate return : 0.05001
INFO:root:accumulate return : 0.02995
INFO:root:accumulate return : 0.05105
INFO:root:accumulate return : 0.03908
INFO:root:accumulate return : 0.03182
INFO:root:accumulate return : -0.02756
INFO:root:accumulate return : 0.04331
INFO:root:accumulate return : 0.02149
INFO:root:accumulate return : 0.05401
INFO:root:accumulate return : 0.01591
INFO:root:accumulate return : 0.02503
INFO:root:accumulate return : 0.05168
INFO:root:accumulate return : -0.01471
INFO:root:accumulate return : 0.01444
INFO:root:accumulate return : 0.04505
INFO:root:accumulate return : 0.0095
INFO:root:accumulate return : 0.02136
INFO:root:accumulate return : 0.02003
INFO:root:accumulate return : 0.01503
INFO:root:accumulate return : 0.02158
INFO:root:accumulate return : 0.06474
INFO:root:accumulate return : 0.0395
INFO:root:accumulate return : 0.03429
INFO:root:accumulate return : 0.03803
INFO:root:accumulate return : 0.06556
INFO:root:accumulate return : -0.000680000000001
INFO:root:accumulate return : 0.03709
INFO:root:accumulate return : 0.02939
INFO:root:accumulate return : 0.03018
INFO:root:accumulate return : 0.0278
INFO:root:accumulate return : 0.05285
INFO:root:accumulate return : 0.04969
INFO:root:accumulate return : 0.02509
INFO:root:accumulate return : -0.000130000000004
INFO:root:accumulate return : 0.02122
INFO:root:accumulate return : 0.02107
INFO:root:accumulate return : 0.01534
INFO:root:accumulate return : 0.03571
INFO:root:accumulate return : -0.00119
INFO:root:accumulate return : 0.02236
INFO:root:accumulate return : 0.05347
INFO:root:accumulate return : 0.00131
INFO:root:accumulate return : 0.05426
INFO:root:accumulate return : 0.01433
INFO:root:accumulate return : 0.07217
INFO:root:accumulate return : 0.05934
INFO:root:accumulate return : 0.01878
INFO:root:accumulate return : 0.03904
INFO:root:accumulate return : 0.03726
INFO:root:accumulate return : 0.01888
INFO:root:accumulate return : 0.01189
INFO:root:accumulate return : 0.02989
INFO:root:accumulate return : 0.05027
INFO:root:accumulate return : 0.07904
INFO:root:accumulate return : 0.02278
INFO:root:accumulate return : 0.03455
INFO:root:accumulate return : 0.0496
INFO:root:accumulate return : 0.02333
INFO:root:accumulate return : 0.02755
INFO:root:accumulate return : 0.03823
INFO:root:accumulate return : 0.0679
INFO:root:accumulate return : 0.05202
INFO:root:accumulate return : 0.07236
INFO:root:accumulate return : 0.03826
INFO:root:accumulate return : 0.04782
INFO:root:accumulate return : 0.02896
INFO:root:accumulate return : 0.03878
INFO:root:accumulate return : 0.02939
INFO:root:accumulate return : 0.04457
INFO:root:accumulate return : 0.09882
INFO:root:accumulate return : 0.03607
INFO:root:accumulate return : 0.01987
INFO:root:accumulate return : 0.07597
INFO:root:accumulate return : 0.03133
INFO:root:accumulate return : 0.04694
INFO:root:accumulate return : 0.02216
INFO:root:accumulate return : 0.01259
INFO:root:accumulate return : 0.02709
INFO:root:accumulate return : -0.00108
INFO:root:accumulate return : 0.06718
INFO:root:accumulate return : 0.02978
INFO:root:accumulate return : 0.04962
INFO:root:accumulate return : 0.06349
INFO:root:accumulate return : 0.03591
INFO:root:accumulate return : -0.01138
INFO:root:accumulate return : 0.04948
INFO:root:accumulate return : 0.03028
INFO:root:accumulate return : 0.01419
INFO:root:accumulate return : 0.00242
INFO:root:accumulate return : 0.04019
INFO:root:accumulate return : 0.0218
INFO:root:accumulate return : 0.02856
INFO:root:accumulate return : 0.03509
INFO:root:accumulate return : 0.03367
INFO:root:accumulate return : 0.03498
INFO:root:accumulate return : 0.07641
INFO:root:accumulate return : 0.00808
INFO:root:accumulate return : 0.04831
INFO:root:accumulate return : -0.01457
INFO:root:accumulate return : 0.06836
INFO:root:accumulate return : 0.02471
INFO:root:accumulate return : 0.02544
INFO:root:accumulate return : 0.02116
INFO:root:accumulate return : 0.01922
INFO:root:accumulate return : 0.09095
INFO:root:accumulate return : 0.03725
INFO:root:accumulate return : -0.02955
INFO:root:accumulate return : 0.02139
INFO:root:accumulate return : 0.02063
INFO:root:accumulate return : 0.0565
INFO:root:accumulate return : 0.03778
INFO:root:accumulate return : 0.0331
INFO:root:accumulate return : 0.04614
INFO:root:accumulate return : 0.04529
INFO:root:accumulate return : 0.09297
INFO:root:accumulate return : 0.08417
INFO:root:accumulate return : -0.00253
INFO:root:accumulate return : 0.03137
INFO:root:accumulate return : 0.0585
INFO:root:accumulate return : 0.03816
INFO:root:accumulate return : 0.07587
INFO:root:accumulate return : 0.07943
INFO:root:accumulate return : 0.04459
INFO:root:accumulate return : 0.0358
INFO:root:accumulate return : -0.02581
INFO:root:accumulate return : 0.04737
INFO:root:accumulate return : -0.01008
INFO:root:accumulate return : 0.04281
INFO:root:accumulate return : 0.012
INFO:root:accumulate return : 0.02797
INFO:root:accumulate return : 0.04733
INFO:root:accumulate return : 0.07384
INFO:root:accumulate return : 0.02093
INFO:root:accumulate return : 0.01741
INFO:root:accumulate return : 0.02618
INFO:root:accumulate return : 0.01369
INFO:root:accumulate return : 0.01101
INFO:root:accumulate return : 0.01736
INFO:root:accumulate return : 0.03111
INFO:root:accumulate return : 0.03007
INFO:root:accumulate return : 0.03712
INFO:root:accumulate return : 0.03449
INFO:root:accumulate return : 0.04654
INFO:root:accumulate return : 0.04546
INFO:root:accumulate return : 0.03414
INFO:root:accumulate return : 0.07757
INFO:root:accumulate return : 0.03221
INFO:root:accumulate return : 0.05473
INFO:root:accumulate return : 0.02657
INFO:root:accumulate return : 0.05259
INFO:root:accumulate return : 0.00284
INFO:root:accumulate return : 0.06657
INFO:root:accumulate return : -0.03713
INFO:root:accumulate return : 5.99999999979e-05
INFO:root:accumulate return : 0.067
INFO:root:accumulate return : 0.04154
INFO:root:accumulate return : 0.03872
INFO:root:accumulate return : 0.03652
INFO:root:accumulate return : 0.03174
INFO:root:accumulate return : 0.0691
INFO:root:accumulate return : 0.05534
INFO:root:accumulate return : 0.04669
INFO:root:accumulate return : 0.02197
INFO:root:accumulate return : 0.01941
INFO:root:accumulate return : 0.03001
INFO:root:accumulate return : -0.01699
INFO:root:accumulate return : 0.03401
INFO:root:accumulate return : 0.01589
INFO:root:accumulate return : 0.01611
INFO:root:accumulate return : -0.00627
INFO:root:accumulate return : -0.00746
INFO:root:accumulate return : 0.03978
INFO:root:accumulate return : 0.03775
INFO:root:accumulate return : 0.04745
INFO:root:accumulate return : 0.0452
INFO:root:accumulate return : 0.05106
INFO:root:accumulate return : 0.02033
INFO:root:accumulate return : -0.00517
INFO:root:accumulate return : 0.04441
INFO:root:accumulate return : 0.03782
INFO:root:accumulate return : 0.0482
INFO:root:accumulate return : 0.0204
INFO:root:accumulate return : 0.0274
INFO:root:accumulate return : 0.00807
INFO:root:accumulate return : 0.00159
INFO:root:accumulate return : 0.03928
INFO:root:accumulate return : 0.0321
INFO:root:accumulate return : 0.04583
INFO:root:accumulate return : 0.0203
INFO:root:accumulate return : 0.03789
INFO:root:accumulate return : -1.00000000042e-05
INFO:root:accumulate return : 0.03978
INFO:root:accumulate return : -0.0146
INFO:root:accumulate return : 0.01185
INFO:root:accumulate return : 0.00907
INFO:root:accumulate return : 0.03599
INFO:root:accumulate return : 0.09123
INFO:root:accumulate return : 0.02494
INFO:root:accumulate return : 0.02132
INFO:root:accumulate return : 0.03004
INFO:root:accumulate return : 0.05769
INFO:root:accumulate return : 0.00373
INFO:root:accumulate return : 0.02566
INFO:root:accumulate return : 0.03131
INFO:root:accumulate return : 0.06687
INFO:root:accumulate return : 0.00897
INFO:root:accumulate return : 0.03365
INFO:root:accumulate return : 0.06339
INFO:root:accumulate return : 0.01161
INFO:root:accumulate return : 0.01662
INFO:root:accumulate return : -0.00523
INFO:root:accumulate return : 0.04012
INFO:root:accumulate return : 0.00534
INFO:root:accumulate return : 0.08754
INFO:root:accumulate return : 0.01142
INFO:root:accumulate return : 0.0377
INFO:root:accumulate return : 0.00833
INFO:root:accumulate return : 0.00855
INFO:root:accumulate return : 0.05877
INFO:root:accumulate return : 0.00721999999999
INFO:root:accumulate return : 0.05983
INFO:root:accumulate return : 0.03276
INFO:root:accumulate return : 0.02288
INFO:root:accumulate return : 0.05044
INFO:root:accumulate return : 0.00398
INFO:root:accumulate return : 0.06005
INFO:root:accumulate return : 0.04068
INFO:root:accumulate return : 0.00228
INFO:root:accumulate return : 0.01534
INFO:root:accumulate return : 0.0274
INFO:root:accumulate return : 0.02539
INFO:root:accumulate return : 0.04893
INFO:root:accumulate return : -0.0082
INFO:root:accumulate return : 0.02384
INFO:root:accumulate return : 0.02717
INFO:root:accumulate return : 0.04078
INFO:root:accumulate return : 0.0314
INFO:root:accumulate return : 0.0236
INFO:root:accumulate return : 0.03121
INFO:root:accumulate return : 0.04552
INFO:root:accumulate return : 0.0326
INFO:root:accumulate return : -0.01079
INFO:root:accumulate return : 0.04629
INFO:root:accumulate return : 0.03498
INFO:root:accumulate return : 0.05341
INFO:root:accumulate return : 0.03725
INFO:root:accumulate return : 0.024
INFO:root:accumulate return : 0.03701
INFO:root:accumulate return : 0.07249
INFO:root:accumulate return : 0.03581
INFO:root:accumulate return : 0.02023
INFO:root:accumulate return : 0.06969
INFO:root:accumulate return : 0.05735
INFO:root:accumulate return : 0.02082
INFO:root:accumulate return : 0.0275
INFO:root:accumulate return : 0.03892
INFO:root:accumulate return : 0.05155
INFO:root:accumulate return : 0.07583
INFO:root:accumulate return : -0.01489
INFO:root:accumulate return : 0.05918
INFO:root:accumulate return : 0.02976
INFO:root:accumulate return : 0.04009
INFO:root:accumulate return : 0.03391
INFO:root:accumulate return : 0.0611
INFO:root:accumulate return : 0.06791
INFO:root:accumulate return : 0.04975
INFO:root:accumulate return : 0.05089
INFO:root:accumulate return : 0.04191
INFO:root:accumulate return : 0.06822
INFO:root:accumulate return : 0.06215
INFO:root:accumulate return : 0.05739
INFO:root:accumulate return : 0.05642
INFO:root:accumulate return : 0.04439
INFO:root:accumulate return : 0.03346
INFO:root:accumulate return : 0.03475
INFO:root:accumulate return : 0.03755
INFO:root:accumulate return : 0.00783
INFO:root:accumulate return : 0.06088
INFO:root:accumulate return : -0.03838
INFO:root:accumulate return : 0.0514
INFO:root:accumulate return : 0.01593
INFO:root:accumulate return : 0.05813
INFO:root:accumulate return : 0.03529
INFO:root:accumulate return : 0.03299
INFO:root:accumulate return : 0.05121
INFO:root:accumulate return : 0.05002
INFO:root:accumulate return : 0.00501
INFO:root:accumulate return : -0.00141
INFO:root:accumulate return : 0.03502
INFO:root:accumulate return : 0.00342
INFO:root:accumulate return : 0.00541
INFO:root:accumulate return : 0.01942
INFO:root:accumulate return : 0.04811
INFO:root:accumulate return : 0.10791
INFO:root:accumulate return : 0.0212
INFO:root:accumulate return : -0.01187
INFO:root:accumulate return : 0.05692
INFO:root:accumulate return : 0.04764
INFO:root:accumulate return : 0.08598
INFO:root:accumulate return : 0.07714
INFO:root:accumulate return : 0.05206
INFO:root:accumulate return : 0.02191
INFO:root:accumulate return : 0.05025
INFO:root:accumulate return : 0.00364
INFO:root:accumulate return : 0.03973
INFO:root:accumulate return : 0.04222
INFO:root:accumulate return : 0.03724
INFO:root:accumulate return : 0.01396
INFO:root:accumulate return : 0.06774
INFO:root:accumulate return : 0.04937
INFO:root:accumulate return : 0.07003
INFO:root:accumulate return : 0.056
INFO:root:accumulate return : 0.02611
INFO:root:accumulate return : 0.00816
INFO:root:accumulate return : 0.03551
INFO:root:accumulate return : 0.01944
INFO:root:accumulate return : 0.04662
INFO:root:accumulate return : 0.06451
INFO:root:accumulate return : 0.04201
INFO:root:accumulate return : 0.04574
INFO:root:accumulate return : -0.01856
INFO:root:accumulate return : -0.000170000000004
INFO:root:accumulate return : 0.03299
INFO:root:accumulate return : 0.00644
INFO:root:accumulate return : 0.05827
INFO:root:accumulate return : 0.02541
INFO:root:accumulate return : 0.02937
INFO:root:accumulate return : 0.03138
INFO:root:accumulate return : 0.02274
INFO:root:accumulate return : 0.07562
INFO:root:accumulate return : 0.06065
INFO:root:accumulate return : 0.05489
INFO:root:accumulate return : 0.07229
INFO:root:accumulate return : 0.05361
INFO:root:accumulate return : 0.01857
INFO:root:accumulate return : 0.02129
INFO:root:accumulate return : 0.08311
INFO:root:accumulate return : 0.02758
INFO:root:accumulate return : 0.04811
INFO:root:accumulate return : 0.04401
INFO:root:accumulate return : 0.02799
INFO:root:accumulate return : 0.05555
INFO:root:accumulate return : 0.02408
INFO:root:accumulate return : 0.07022
INFO:root:accumulate return : 0.01607
INFO:root:accumulate return : 0.06693
INFO:root:accumulate return : 0.02854
INFO:root:accumulate return : 0.0179
INFO:root:accumulate return : -0.01071
INFO:root:accumulate return : 0.04088
INFO:root:accumulate return : 0.06002
INFO:root:accumulate return : 0.06392
INFO:root:accumulate return : 0.01547
INFO:root:accumulate return : 0.06771
INFO:root:accumulate return : 0.01764
INFO:root:accumulate return : 0.06593
INFO:root:accumulate return : 0.03119
INFO:root:accumulate return : 0.04137
INFO:root:accumulate return : 0.02631
INFO:root:accumulate return : 0.04916
INFO:root:accumulate return : 0.06049
INFO:root:accumulate return : 0.05438
INFO:root:accumulate return : 0.05557
INFO:root:accumulate return : 0.05497
INFO:root:accumulate return : 0.03278
INFO:root:accumulate return : 0.07168
INFO:root:accumulate return : 0.01955
INFO:root:accumulate return : 0.05752
INFO:root:accumulate return : 0.08454
INFO:root:accumulate return : 0.03051
INFO:root:accumulate return : 0.02244
INFO:root:accumulate return : 0.07162
INFO:root:accumulate return : 0.06879
INFO:root:accumulate return : 0.06826
INFO:root:accumulate return : 0.06881
INFO:root:accumulate return : 0.05699
INFO:root:accumulate return : 0.04907
INFO:root:accumulate return : 0.01183
INFO:root:accumulate return : 0.04231
INFO:root:accumulate return : 0.05866
INFO:root:accumulate return : 0.04268
INFO:root:accumulate return : 0.03569
INFO:root:accumulate return : 0.01751
INFO:root:accumulate return : 0.05133
INFO:root:accumulate return : 0.01524
INFO:root:accumulate return : 0.03359
INFO:root:accumulate return : 0.05247
INFO:root:accumulate return : 0.06543
INFO:root:accumulate return : 0.04724
INFO:root:accumulate return : 0.00548
INFO:root:accumulate return : 0.01755
INFO:root:accumulate return : 0.06773
INFO:root:accumulate return : 0.01851
INFO:root:accumulate return : 0.01217
INFO:root:accumulate return : 0.06188
INFO:root:accumulate return : 0.07031
INFO:root:accumulate return : 0.06235
INFO:root:accumulate return : 0.03713
INFO:root:accumulate return : 0.05907
INFO:root:accumulate return : 0.05678
INFO:root:accumulate return : 0.0426
INFO:root:accumulate return : 0.03241
INFO:root:accumulate return : 0.03547
INFO:root:accumulate return : 0.03388
INFO:root:accumulate return : 0.06022
INFO:root:accumulate return : 0.02063
INFO:root:accumulate return : 0.06403
INFO:root:accumulate return : 0.03347
INFO:root:accumulate return : 0.02201
INFO:root:accumulate return : 0.04141
INFO:root:accumulate return : 0.01994
INFO:root:accumulate return : 0.01498
INFO:root:accumulate return : 0.0298
INFO:root:accumulate return : 0.03556
INFO:root:accumulate return : 0.03945
INFO:root:accumulate return : 0.03412
INFO:root:accumulate return : 0.06245
INFO:root:accumulate return : 0.06009
INFO:root:accumulate return : 0.02459
INFO:root:accumulate return : 0.03686
INFO:root:accumulate return : 0.0654
INFO:root:accumulate return : 0.02555
INFO:root:accumulate return : 0.02912
INFO:root:accumulate return : 0.05769
INFO:root:accumulate return : 0.04318
INFO:root:accumulate return : 0.0192
INFO:root:accumulate return : 0.03461
INFO:root:accumulate return : 0.03985
INFO:root:accumulate return : 0.02157
INFO:root:accumulate return : 0.05257
INFO:root:accumulate return : 0.0301
INFO:root:accumulate return : 0.02711
INFO:root:accumulate return : 0.07313
INFO:root:accumulate return : 0.06719
INFO:root:accumulate return : 0.06293
INFO:root:accumulate return : 0.03474
INFO:root:accumulate return : 0.04991
INFO:root:accumulate return : 0.04756
INFO:root:accumulate return : 0.09321
INFO:root:accumulate return : 0.03328
INFO:root:accumulate return : 0.05067
INFO:root:accumulate return : 0.02735
INFO:root:accumulate return : 0.00992
INFO:root:accumulate return : 0.08285
INFO:root:accumulate return : 0.05475
INFO:root:accumulate return : 0.04227
INFO:root:accumulate return : 0.0215
INFO:root:accumulate return : 0.05647
INFO:root:accumulate return : 0.01099
INFO:root:accumulate return : 0.07966
INFO:root:accumulate return : 0.04609
INFO:root:accumulate return : 0.01159
INFO:root:accumulate return : 0.05335
INFO:root:accumulate return : 0.05515
INFO:root:accumulate return : 0.05344
INFO:root:accumulate return : 0.01616
INFO:root:accumulate return : 0.038
INFO:root:accumulate return : 0.04752
INFO:root:accumulate return : 0.05157
INFO:root:accumulate return : 0.03466
INFO:root:accumulate return : 0.00869
INFO:root:accumulate return : 0.03615
INFO:root:accumulate return : 0.01563
INFO:root:accumulate return : 0.04927
INFO:root:accumulate return : 0.06605
INFO:root:accumulate return : 0.06079
INFO:root:accumulate return : 0.05453
INFO:root:accumulate return : 0.0773
INFO:root:accumulate return : 0.05656
INFO:root:accumulate return : 0.0382
INFO:root:accumulate return : 0.07304
INFO:root:accumulate return : 0.03555
INFO:root:accumulate return : 0.01744
INFO:root:accumulate return : 0.06482
INFO:root:accumulate return : 0.08428
INFO:root:accumulate return : -0.02382
INFO:root:accumulate return : 0.02878
INFO:root:accumulate return : 0.06237
INFO:root:accumulate return : 0.04156
INFO:root:accumulate return : 0.06705
INFO:root:accumulate return : 0.01683
INFO:root:accumulate return : 0.05054
INFO:root:accumulate return : 0.06
INFO:root:accumulate return : 0.03168
INFO:root:accumulate return : 0.01352
INFO:root:accumulate return : 0.0617
INFO:root:accumulate return : 0.0764
INFO:root:accumulate return : 0.05003
INFO:root:accumulate return : 0.08228
INFO:root:accumulate return : 0.04231
INFO:root:accumulate return : 0.01896
INFO:root:accumulate return : 0.01852
INFO:root:accumulate return : 0.04573
INFO:root:accumulate return : 0.03739
INFO:root:accumulate return : 0.012
INFO:root:accumulate return : 0.07754
INFO:root:accumulate return : 0.0529
INFO:root:accumulate return : 0.09571
INFO:root:accumulate return : 0.07356
INFO:root:accumulate return : 0.01618
INFO:root:accumulate return : 0.03306
INFO:root:accumulate return : 0.05762
INFO:root:accumulate return : 0.00688
INFO:root:accumulate return : 0.07003
INFO:root:accumulate return : 0.07947
INFO:root:accumulate return : 0.02987
INFO:root:accumulate return : 0.04035
INFO:root:accumulate return : 0.06995
INFO:root:accumulate return : 0.06168
INFO:root:accumulate return : 0.02389
INFO:root:accumulate return : 0.05807
INFO:root:accumulate return : 0.01826
INFO:root:accumulate return : 0.05959
INFO:root:accumulate return : 0.05642
INFO:root:accumulate return : 0.055
INFO:root:accumulate return : 0.0149
INFO:root:accumulate return : 0.0538
INFO:root:accumulate return : 0.04547
INFO:root:accumulate return : 0.02442
INFO:root:accumulate return : 0.02362
INFO:root:accumulate return : 0.05239
INFO:root:accumulate return : 0.0561
INFO:root:accumulate return : 0.04067
INFO:root:accumulate return : 0.09329
INFO:root:accumulate return : 0.07933
INFO:root:accumulate return : 0.06144
INFO:root:accumulate return : 0.07462
INFO:root:accumulate return : 0.0849
INFO:root:accumulate return : 0.04225
INFO:root:accumulate return : 0.06142
INFO:root:accumulate return : 0.04084
INFO:root:accumulate return : 0.06946
INFO:root:accumulate return : 0.04377
INFO:root:accumulate return : 0.05733
INFO:root:accumulate return : 0.06704
INFO:root:accumulate return : 0.03601
INFO:root:accumulate return : 0.04663
INFO:root:accumulate return : 0.05168
INFO:root:accumulate return : 0.07811
INFO:root:accumulate return : 0.05605
INFO:root:accumulate return : 0.000149999999998
INFO:root:accumulate return : 0.04639
INFO:root:accumulate return : 0.0605
INFO:root:accumulate return : 0.07305
INFO:root:accumulate return : 0.05057
INFO:root:accumulate return : 0.06376
INFO:root:accumulate return : 0.04785
INFO:root:accumulate return : 0.01956
INFO:root:accumulate return : 0.07263
INFO:root:accumulate return : 0.02298
INFO:root:accumulate return : 0.03612
INFO:root:accumulate return : 0.03704
INFO:root:accumulate return : 0.02347
INFO:root:accumulate return : 0.03634
INFO:root:accumulate return : 0.05955
INFO:root:accumulate return : 0.06495
INFO:root:accumulate return : 0.04857
INFO:root:accumulate return : 0.03417
INFO:root:accumulate return : 0.01873
INFO:root:accumulate return : 0.06694
INFO:root:accumulate return : 0.08212
INFO:root:accumulate return : 0.06581
INFO:root:accumulate return : 0.01839
INFO:root:accumulate return : 0.07359
INFO:root:accumulate return : 0.01515
INFO:root:accumulate return : 0.0784
INFO:root:accumulate return : 0.08161
INFO:root:accumulate return : 0.07845
INFO:root:accumulate return : 0.0192
INFO:root:accumulate return : 0.0565
INFO:root:accumulate return : 0.04236
INFO:root:accumulate return : 0.05251
INFO:root:accumulate return : 0.01043
INFO:root:accumulate return : 0.04148
INFO:root:accumulate return : 0.06899
INFO:root:accumulate return : 0.0258
INFO:root:accumulate return : 0.03982
INFO:root:accumulate return : 0.05033
INFO:root:accumulate return : 0.05425
INFO:root:accumulate return : 0.06497
INFO:root:accumulate return : 0.0783
INFO:root:accumulate return : 0.04991
INFO:root:accumulate return : 0.02102
INFO:root:accumulate return : 0.03248
INFO:root:accumulate return : 0.07089
INFO:root:accumulate return : 0.06462
INFO:root:accumulate return : 0.07878
INFO:root:accumulate return : 0.03078
INFO:root:accumulate return : 0.02836
INFO:root:accumulate return : 0.06887
INFO:root:accumulate return : 0.06753
INFO:root:accumulate return : 0.07876
INFO:root:accumulate return : 0.05697
INFO:root:accumulate return : 0.05097
INFO:root:accumulate return : 0.04021
INFO:root:accumulate return : 0.07284
INFO:root:accumulate return : 0.0476
INFO:root:accumulate return : 0.05968
INFO:root:accumulate return : 0.06648
INFO:root:accumulate return : 0.04602
INFO:root:accumulate return : 0.01268
INFO:root:accumulate return : 0.03877
INFO:root:accumulate return : 0.05113
INFO:root:accumulate return : 0.02126
INFO:root:accumulate return : 0.0627
INFO:root:accumulate return : 0.06072
INFO:root:accumulate return : 0.06129
INFO:root:accumulate return : 0.03206
INFO:root:accumulate return : -0.00326
INFO:root:accumulate return : 0.06379
INFO:root:accumulate return : 0.05761
INFO:root:accumulate return : 0.03611
INFO:root:accumulate return : 0.06163
INFO:root:accumulate return : 0.05138
INFO:root:accumulate return : 0.06475
INFO:root:accumulate return : 0.07841
INFO:root:accumulate return : 0.05822
INFO:root:accumulate return : 0.04749
INFO:root:accumulate return : 0.03574
INFO:root:accumulate return : 0.00534
INFO:root:accumulate return : 0.07607
INFO:root:accumulate return : 0.04533
INFO:root:accumulate return : 0.05609
INFO:root:accumulate return : 0.06898
INFO:root:accumulate return : 0.05412
INFO:root:accumulate return : 0.03746
INFO:root:accumulate return : 0.08329
INFO:root:accumulate return : 0.03419
INFO:root:accumulate return : 0.01922
INFO:root:accumulate return : 0.06935
INFO:root:accumulate return : 0.05926
INFO:root:accumulate return : 0.02253
INFO:root:accumulate return : 0.01671
INFO:root:accumulate return : 0.01049
INFO:root:accumulate return : 0.01102
INFO:root:accumulate return : -0.00678
INFO:root:accumulate return : 0.04645
INFO:root:accumulate return : 0.06931
INFO:root:accumulate return : 0.01217
INFO:root:accumulate return : 0.01966
INFO:root:accumulate return : 0.04268
INFO:root:accumulate return : 0.07921
INFO:root:accumulate return : 0.05597
INFO:root:accumulate return : 0.03036
INFO:root:accumulate return : 0.06891
INFO:root:accumulate return : 0.03613
INFO:root:accumulate return : 0.052
INFO:root:accumulate return : 0.05402
INFO:root:accumulate return : 0.04829
INFO:root:accumulate return : 0.05701
INFO:root:accumulate return : 0.05516
INFO:root:accumulate return : 0.10084
INFO:root:accumulate return : 0.01567
INFO:root:accumulate return : 0.07761
INFO:root:accumulate return : 0.0595
INFO:root:accumulate return : -0.00042
INFO:root:accumulate return : 0.05403
INFO:root:accumulate return : 0.02009
INFO:root:accumulate return : 0.03148
INFO:root:accumulate return : 0.06555
INFO:root:accumulate return : 0.0743
INFO:root:accumulate return : 0.05648
INFO:root:accumulate return : 0.06357
INFO:root:accumulate return : 0.06138
INFO:root:accumulate return : 0.07595
INFO:root:accumulate return : 0.05664
INFO:root:accumulate return : 0.06102
INFO:root:accumulate return : 0.04169
INFO:root:accumulate return : 0.06429
INFO:root:accumulate return : 0.03554
INFO:root:accumulate return : 0.03069
INFO:root:accumulate return : 0.05542
INFO:root:accumulate return : 0.05165
INFO:root:accumulate return : 0.07154
INFO:root:accumulate return : 0.05849
INFO:root:accumulate return : 0.05276
INFO:root:accumulate return : 0.07505
INFO:root:accumulate return : 0.05742
INFO:root:accumulate return : 0.06971
INFO:root:accumulate return : 0.05181
INFO:root:accumulate return : -0.01163
INFO:root:accumulate return : 0.04284
INFO:root:accumulate return : 0.0095
INFO:root:accumulate return : 0.04955
INFO:root:accumulate return : 0.0354
INFO:root:accumulate return : 0.02515
INFO:root:accumulate return : 0.04818
INFO:root:accumulate return : 0.01965
INFO:root:accumulate return : 0.0359
INFO:root:accumulate return : 0.02431
INFO:root:accumulate return : 0.04616
INFO:root:accumulate return : 0.04531
INFO:root:accumulate return : 0.0064
INFO:root:accumulate return : 0.05293
INFO:root:accumulate return : 0.04805
INFO:root:accumulate return : 0.05597
INFO:root:accumulate return : 0.04976
INFO:root:accumulate return : 0.0169
INFO:root:accumulate return : 0.03282
INFO:root:accumulate return : 0.06445
INFO:root:accumulate return : 0.00531999999999
INFO:root:accumulate return : 0.04765
INFO:root:accumulate return : 0.04552
INFO:root:accumulate return : 0.04669
INFO:root:accumulate return : 0.06953
INFO:root:accumulate return : 0.06257
INFO:root:accumulate return : 0.02806
INFO:root:accumulate return : 0.06039
INFO:root:accumulate return : 0.0374
INFO:root:accumulate return : 0.03905
INFO:root:accumulate return : 0.01445
INFO:root:accumulate return : 0.05832
INFO:root:accumulate return : 0.02549
INFO:root:accumulate return : 0.04441
INFO:root:accumulate return : 0.04817
INFO:root:accumulate return : 0.07127
INFO:root:accumulate return : 0.05277
INFO:root:accumulate return : 0.08362
INFO:root:accumulate return : 0.08204
INFO:root:accumulate return : 0.05212
INFO:root:accumulate return : 0.06401
INFO:root:accumulate return : 0.01156
INFO:root:accumulate return : 0.05139
INFO:root:accumulate return : 0.05845
INFO:root:accumulate return : 0.06225
INFO:root:accumulate return : 0.00879
INFO:root:accumulate return : 0.05267
INFO:root:accumulate return : 0.05224
INFO:root:accumulate return : 0.04027
INFO:root:accumulate return : 0.04321
INFO:root:accumulate return : 0.05633
INFO:root:accumulate return : 0.07518
INFO:root:accumulate return : 0.06451
INFO:root:accumulate return : 0.08078
INFO:root:accumulate return : 0.02635
INFO:root:accumulate return : 0.03519
INFO:root:accumulate return : 0.02348
INFO:root:accumulate return : 0.07476
INFO:root:accumulate return : 0.07672
INFO:root:accumulate return : 0.03157
INFO:root:accumulate return : 0.1173
INFO:root:accumulate return : 0.04557
INFO:root:accumulate return : 0.05473
INFO:root:accumulate return : 0.04985
INFO:root:accumulate return : 0.03892
INFO:root:accumulate return : 0.06474
INFO:root:accumulate return : 0.00987
INFO:root:accumulate return : 0.04884
INFO:root:accumulate return : 0.06755
INFO:root:accumulate return : 0.06102
INFO:root:accumulate return : 0.02538
INFO:root:accumulate return : 0.06226
INFO:root:Processing time : 7.73444444444 hours
