INFO:root:comment :Continue training for DRL_Model_v7_17 oanda trading data training.
INFO:root:Version : 7
INFO:root:Time start : 2016-06-11-22-18-59
INFO:root:Input data :GBP_USD240_oanda.csv
INFO:root:Parameter setting :
INFO:root:epsilon = 0.1
INFO:root:transaction_cost = 0.0005
INFO:root:epoch =500
INFO:root:max_memory = 1000000
INFO:root:batch_size = 300
INFO:root:look back term = 300
INFO:root:hidden_size = 600
INFO:root:training period = -10000 ~ -1
INFO:root:learning rate = 0.1
INFO:root:discount rate = 9e-06
INFO:root:step_size = 10
INFO:root:activation function = relu
INFO:root:accumulate return : 5.93522
INFO:root:accumulate return : 5.74905
INFO:root:accumulate return : 5.86229
INFO:root:accumulate return : 5.83901
INFO:root:accumulate return : 5.99979
INFO:root:accumulate return : 5.82911
INFO:root:accumulate return : 5.95606
INFO:root:accumulate return : 5.91895
INFO:root:accumulate return : 5.89118
INFO:root:accumulate return : 5.74601
INFO:root:accumulate return : 5.82307
INFO:root:accumulate return : 5.74561
INFO:root:accumulate return : 5.85495
INFO:root:accumulate return : 5.75552
INFO:root:accumulate return : 5.79132
INFO:root:accumulate return : 5.83306
INFO:root:accumulate return : 5.6269
INFO:root:accumulate return : 5.92889
INFO:root:accumulate return : 5.68868
INFO:root:accumulate return : 5.90399
INFO:root:accumulate return : 5.9396
INFO:root:accumulate return : 5.80031
INFO:root:accumulate return : 5.84706
INFO:root:accumulate return : 5.88141
INFO:root:accumulate return : 6.03579
INFO:root:accumulate return : 5.83721
INFO:root:accumulate return : 6.19445
INFO:root:accumulate return : 5.95379
INFO:root:accumulate return : 5.93343
INFO:root:accumulate return : 5.98751
INFO:root:accumulate return : 6.00976
INFO:root:accumulate return : 6.19494
INFO:root:accumulate return : 5.88309
INFO:root:accumulate return : 6.04884
INFO:root:accumulate return : 6.1945
INFO:root:accumulate return : 6.01503
INFO:root:accumulate return : 6.15696
INFO:root:accumulate return : 6.00986
INFO:root:accumulate return : 5.93472
INFO:root:accumulate return : 6.08187
INFO:root:accumulate return : 6.12436
INFO:root:accumulate return : 6.17666
INFO:root:accumulate return : 6.23984
INFO:root:accumulate return : 6.02017
INFO:root:accumulate return : 6.06862
INFO:root:accumulate return : 6.26847
INFO:root:accumulate return : 6.22645
INFO:root:accumulate return : 6.14076
INFO:root:accumulate return : 6.06609
INFO:root:accumulate return : 6.28256
INFO:root:accumulate return : 5.72354
INFO:root:accumulate return : 6.08215
INFO:root:accumulate return : 5.85195
INFO:root:accumulate return : 6.02512
INFO:root:accumulate return : 6.0551
INFO:root:accumulate return : 6.0141
INFO:root:accumulate return : 5.86757
INFO:root:accumulate return : 5.92986
INFO:root:accumulate return : 5.96329
INFO:root:accumulate return : 5.8544
INFO:root:accumulate return : 5.53035
INFO:root:accumulate return : 5.65869
INFO:root:accumulate return : 5.572
INFO:root:accumulate return : 5.48958
INFO:root:accumulate return : 5.60454
INFO:root:accumulate return : 5.51349
INFO:root:accumulate return : 5.52499
INFO:root:accumulate return : 5.78833
INFO:root:accumulate return : 5.80977
INFO:root:accumulate return : 5.77522
INFO:root:accumulate return : 5.71136
INFO:root:accumulate return : 5.55696
INFO:root:accumulate return : 5.54507
INFO:root:accumulate return : 5.62527
INFO:root:accumulate return : 5.67619
INFO:root:accumulate return : 5.66437
INFO:root:accumulate return : 5.67753
INFO:root:accumulate return : 5.73061
INFO:root:accumulate return : 5.77793
INFO:root:accumulate return : 5.60821
INFO:root:accumulate return : 5.45665
INFO:root:accumulate return : 5.64273
INFO:root:accumulate return : 5.58469
INFO:root:accumulate return : 5.48747
INFO:root:accumulate return : 5.55037
INFO:root:accumulate return : 5.53852
INFO:root:accumulate return : 5.69585
INFO:root:accumulate return : 5.66978
INFO:root:accumulate return : 5.68163
INFO:root:accumulate return : 5.89816
INFO:root:accumulate return : 5.80608
INFO:root:accumulate return : 5.82446
INFO:root:accumulate return : 5.89327
INFO:root:accumulate return : 5.69681
INFO:root:accumulate return : 5.7343
INFO:root:accumulate return : 5.68576
INFO:root:accumulate return : 5.79457
INFO:root:accumulate return : 5.79098
INFO:root:accumulate return : 5.6979
INFO:root:accumulate return : 5.71467
INFO:root:accumulate return : 6.01467
INFO:root:accumulate return : 6.04513
INFO:root:accumulate return : 6.10465
INFO:root:accumulate return : 6.02321
INFO:root:accumulate return : 5.8678
INFO:root:accumulate return : 6.02205
INFO:root:accumulate return : 6.06521
INFO:root:accumulate return : 6.07162
INFO:root:accumulate return : 5.98411
INFO:root:accumulate return : 5.87356
INFO:root:accumulate return : 6.02186
INFO:root:accumulate return : 5.91329
INFO:root:accumulate return : 5.83246
INFO:root:accumulate return : 6.07006
INFO:root:accumulate return : 5.92397
INFO:root:accumulate return : 6.12202
INFO:root:accumulate return : 6.05909
INFO:root:accumulate return : 6.01971
INFO:root:accumulate return : 6.0117
INFO:root:accumulate return : 5.90898
INFO:root:accumulate return : 6.24428
INFO:root:accumulate return : 6.16805
INFO:root:accumulate return : 6.13547
INFO:root:accumulate return : 6.12134
INFO:root:accumulate return : 5.95624
INFO:root:accumulate return : 5.94323
INFO:root:accumulate return : 6.12073
INFO:root:accumulate return : 5.9754
INFO:root:accumulate return : 6.23995
INFO:root:accumulate return : 6.25065
INFO:root:accumulate return : 6.10317
INFO:root:accumulate return : 6.09955
INFO:root:accumulate return : 5.97147
INFO:root:accumulate return : 5.99447
INFO:root:accumulate return : 6.11235
INFO:root:accumulate return : 5.95668
INFO:root:accumulate return : 5.98933
INFO:root:accumulate return : 6.06448
INFO:root:accumulate return : 6.06392
INFO:root:accumulate return : 5.75925
INFO:root:accumulate return : 5.92183
INFO:root:accumulate return : 6.10933
INFO:root:accumulate return : 6.15556
INFO:root:accumulate return : 6.17319
INFO:root:accumulate return : 5.8336
INFO:root:accumulate return : 6.17513
INFO:root:accumulate return : 6.15729
INFO:root:accumulate return : 6.09836
INFO:root:accumulate return : 6.13783
INFO:root:accumulate return : 6.20964
INFO:root:accumulate return : 5.84944
INFO:root:accumulate return : 5.87608
INFO:root:accumulate return : 5.98656
INFO:root:accumulate return : 5.83411
INFO:root:accumulate return : 5.80281
INFO:root:accumulate return : 5.79268
INFO:root:accumulate return : 5.89404
INFO:root:accumulate return : 5.97166
INFO:root:accumulate return : 6.03088
INFO:root:accumulate return : 5.73591
INFO:root:accumulate return : 5.99346
INFO:root:accumulate return : 5.99856
INFO:root:accumulate return : 6.21086
INFO:root:accumulate return : 6.21841
INFO:root:accumulate return : 6.14653
INFO:root:accumulate return : 6.13796
INFO:root:accumulate return : 6.09481
INFO:root:accumulate return : 5.93767
INFO:root:accumulate return : 6.23333
INFO:root:accumulate return : 6.21687
INFO:root:accumulate return : 6.01096
INFO:root:accumulate return : 6.11657
INFO:root:accumulate return : 5.99872
INFO:root:accumulate return : 6.05266
INFO:root:accumulate return : 6.09312
INFO:root:accumulate return : 6.15309
INFO:root:accumulate return : 6.21322
INFO:root:accumulate return : 6.25159
INFO:root:accumulate return : 6.10817
INFO:root:accumulate return : 6.18892
INFO:root:accumulate return : 6.06197
INFO:root:accumulate return : 5.84112
INFO:root:accumulate return : 5.98249
INFO:root:accumulate return : 6.01647
INFO:root:accumulate return : 6.12783
INFO:root:accumulate return : 6.13896
INFO:root:accumulate return : 6.08525
INFO:root:accumulate return : 6.00319
INFO:root:accumulate return : 6.27864
INFO:root:accumulate return : 6.13783
INFO:root:accumulate return : 6.07609
INFO:root:accumulate return : 6.13609
INFO:root:accumulate return : 6.16881
INFO:root:accumulate return : 6.21259
INFO:root:accumulate return : 6.00239
INFO:root:accumulate return : 6.14889
INFO:root:accumulate return : 5.96864
INFO:root:accumulate return : 6.12111
INFO:root:accumulate return : 6.09961
INFO:root:accumulate return : 6.08471
INFO:root:accumulate return : 5.89481
INFO:root:accumulate return : 6.24587
INFO:root:accumulate return : 6.10735
INFO:root:accumulate return : 5.98863
INFO:root:accumulate return : 5.83404
INFO:root:accumulate return : 5.98914
INFO:root:accumulate return : 6.20454
INFO:root:accumulate return : 6.5739
INFO:root:accumulate return : 6.28531
INFO:root:accumulate return : 6.06079
INFO:root:accumulate return : 5.7716
INFO:root:accumulate return : 5.4863
INFO:root:accumulate return : 5.66677
INFO:root:accumulate return : 5.60917
INFO:root:accumulate return : 5.71038
INFO:root:accumulate return : 5.71872
INFO:root:accumulate return : 5.61233
INFO:root:accumulate return : 5.7406
INFO:root:accumulate return : 5.4406
INFO:root:accumulate return : 5.68236
INFO:root:accumulate return : 5.60213
INFO:root:accumulate return : 5.62275
INFO:root:accumulate return : 5.62917
INFO:root:accumulate return : 5.95938
INFO:root:accumulate return : 5.65975
INFO:root:accumulate return : 5.77641
INFO:root:accumulate return : 5.81168
INFO:root:accumulate return : 5.84206
INFO:root:accumulate return : 5.72862
INFO:root:accumulate return : 5.71235
INFO:root:accumulate return : 6.06777
INFO:root:accumulate return : 6.06564
INFO:root:accumulate return : 5.95532
INFO:root:accumulate return : 6.06954
INFO:root:accumulate return : 5.9694
INFO:root:accumulate return : 6.15225
INFO:root:accumulate return : 6.05109
INFO:root:accumulate return : 6.17785
INFO:root:accumulate return : 6.24414
INFO:root:accumulate return : 5.98572
INFO:root:accumulate return : 6.29804
INFO:root:accumulate return : 5.91308
INFO:root:accumulate return : 6.23721
INFO:root:accumulate return : 6.18796
INFO:root:accumulate return : 6.43649
INFO:root:accumulate return : 6.05161
INFO:root:accumulate return : 6.25886
INFO:root:accumulate return : 6.1135
INFO:root:accumulate return : 6.28388
INFO:root:accumulate return : 6.04778
INFO:root:accumulate return : 6.18132
INFO:root:accumulate return : 6.40947
INFO:root:accumulate return : 6.13019
INFO:root:accumulate return : 6.50287
INFO:root:accumulate return : 6.05973
INFO:root:accumulate return : 6.4206
INFO:root:accumulate return : 6.38195
INFO:root:accumulate return : 6.63994
INFO:root:accumulate return : 6.29972
INFO:root:accumulate return : 6.2043
INFO:root:accumulate return : 6.34757
INFO:root:accumulate return : 6.16955
INFO:root:accumulate return : 5.96458
INFO:root:accumulate return : 6.13431
INFO:root:accumulate return : 6.07915
INFO:root:accumulate return : 6.36768
INFO:root:accumulate return : 5.99026
INFO:root:accumulate return : 6.22131
INFO:root:accumulate return : 6.35668
INFO:root:accumulate return : 6.19085
INFO:root:accumulate return : 5.98854
INFO:root:accumulate return : 5.87455
INFO:root:accumulate return : 6.04289
INFO:root:accumulate return : 6.17481
INFO:root:accumulate return : 6.06262
INFO:root:accumulate return : 5.68552
INFO:root:accumulate return : 5.98435
INFO:root:accumulate return : 5.98865
INFO:root:accumulate return : 6.11639
INFO:root:accumulate return : 5.98538
INFO:root:accumulate return : 5.86165
INFO:root:accumulate return : 5.86711
INFO:root:accumulate return : 5.63876
INFO:root:accumulate return : 5.83296
INFO:root:accumulate return : 5.61575
INFO:root:accumulate return : 5.91158
INFO:root:accumulate return : 5.91569
INFO:root:accumulate return : 5.94864
INFO:root:accumulate return : 5.94304
INFO:root:accumulate return : 5.94471
INFO:root:accumulate return : 6.3171
INFO:root:accumulate return : 6.41648
INFO:root:accumulate return : 6.33007
INFO:root:accumulate return : 6.17695
INFO:root:accumulate return : 6.23415
INFO:root:accumulate return : 6.10598
INFO:root:accumulate return : 6.0376
INFO:root:accumulate return : 6.18134
INFO:root:accumulate return : 6.39345
INFO:root:accumulate return : 6.27008
INFO:root:accumulate return : 6.24064
INFO:root:accumulate return : 6.24493
INFO:root:accumulate return : 6.14815
INFO:root:accumulate return : 6.1112
INFO:root:accumulate return : 6.20295
INFO:root:accumulate return : 6.28356
INFO:root:accumulate return : 6.23652
INFO:root:accumulate return : 6.27413
INFO:root:accumulate return : 6.41288
INFO:root:accumulate return : 6.39144
INFO:root:accumulate return : 6.32721
INFO:root:accumulate return : 6.2239
INFO:root:accumulate return : 6.25
INFO:root:accumulate return : 6.36409
INFO:root:accumulate return : 6.28808
INFO:root:accumulate return : 6.25968
INFO:root:accumulate return : 6.15663
INFO:root:accumulate return : 6.19395
INFO:root:accumulate return : 6.1285
INFO:root:accumulate return : 6.28898
INFO:root:accumulate return : 6.18727
INFO:root:accumulate return : 6.11416
INFO:root:accumulate return : 6.23847
INFO:root:accumulate return : 6.27958
INFO:root:accumulate return : 6.33624
INFO:root:accumulate return : 6.28726
INFO:root:accumulate return : 6.26976
INFO:root:accumulate return : 6.22315
INFO:root:accumulate return : 6.19967
INFO:root:accumulate return : 6.24471
INFO:root:accumulate return : 6.22412
INFO:root:accumulate return : 6.36517
INFO:root:accumulate return : 6.51095
INFO:root:accumulate return : 6.26225
INFO:root:accumulate return : 6.30614
INFO:root:accumulate return : 6.24769
INFO:root:accumulate return : 6.42174
INFO:root:accumulate return : 6.37392
INFO:root:accumulate return : 5.97395
INFO:root:accumulate return : 6.38236
INFO:root:accumulate return : 6.18452
INFO:root:accumulate return : 6.21496
INFO:root:accumulate return : 6.25048
INFO:root:accumulate return : 6.18276
INFO:root:accumulate return : 6.27904
INFO:root:accumulate return : 6.30103
INFO:root:accumulate return : 6.07024
INFO:root:accumulate return : 6.44013
INFO:root:accumulate return : 6.23082
INFO:root:accumulate return : 6.16299
INFO:root:accumulate return : 6.26612
INFO:root:accumulate return : 6.2884
INFO:root:accumulate return : 6.24084
INFO:root:accumulate return : 6.36214
INFO:root:accumulate return : 6.30494
INFO:root:accumulate return : 6.35069
INFO:root:accumulate return : 5.95639
INFO:root:accumulate return : 6.4068
INFO:root:accumulate return : 6.28135
INFO:root:accumulate return : 6.21521
INFO:root:accumulate return : 6.58914
INFO:root:accumulate return : 6.42993
INFO:root:accumulate return : 6.21044
INFO:root:accumulate return : 6.44365
INFO:root:accumulate return : 6.53165
INFO:root:accumulate return : 6.44568
INFO:root:accumulate return : 6.47211
INFO:root:accumulate return : 6.38181
INFO:root:accumulate return : 6.39943
INFO:root:accumulate return : 6.56299
INFO:root:accumulate return : 6.01702
INFO:root:accumulate return : 5.86421
INFO:root:accumulate return : 5.89751
INFO:root:accumulate return : 5.83606
INFO:root:accumulate return : 5.999
INFO:root:accumulate return : 6.20483
INFO:root:accumulate return : 6.13374
INFO:root:accumulate return : 6.38458
INFO:root:accumulate return : 5.85458
INFO:root:accumulate return : 5.94774
INFO:root:accumulate return : 5.82877
INFO:root:accumulate return : 5.86979
INFO:root:accumulate return : 6.01015
INFO:root:accumulate return : 6.0316
INFO:root:accumulate return : 5.8043
INFO:root:accumulate return : 5.8523
INFO:root:accumulate return : 6.03959
INFO:root:accumulate return : 6.328
INFO:root:accumulate return : 6.23078
INFO:root:accumulate return : 6.14504
INFO:root:accumulate return : 5.87957
INFO:root:accumulate return : 6.16908
INFO:root:accumulate return : 6.08872
INFO:root:accumulate return : 6.08991
INFO:root:accumulate return : 6.03866
INFO:root:accumulate return : 6.18086
INFO:root:accumulate return : 6.17513
INFO:root:accumulate return : 6.18725
INFO:root:accumulate return : 6.05446
INFO:root:accumulate return : 5.99305
INFO:root:accumulate return : 5.75077
INFO:root:accumulate return : 5.84822
INFO:root:accumulate return : 5.82216
INFO:root:accumulate return : 5.92694
INFO:root:accumulate return : 5.94599
INFO:root:accumulate return : 5.9417
INFO:root:accumulate return : 5.99266
INFO:root:accumulate return : 6.11043
INFO:root:accumulate return : 6.01703
INFO:root:accumulate return : 5.95412
INFO:root:accumulate return : 6.38864
INFO:root:accumulate return : 6.36714
INFO:root:accumulate return : 6.51412
INFO:root:accumulate return : 6.53319
INFO:root:accumulate return : 6.46914
INFO:root:accumulate return : 6.39246
INFO:root:accumulate return : 6.41447
INFO:root:accumulate return : 6.3816
INFO:root:accumulate return : 6.52476
INFO:root:accumulate return : 6.43636
INFO:root:accumulate return : 6.41054
INFO:root:accumulate return : 6.34565
INFO:root:accumulate return : 6.32158
INFO:root:accumulate return : 6.41457
INFO:root:accumulate return : 6.36332
INFO:root:accumulate return : 6.46153
INFO:root:accumulate return : 6.29522
INFO:root:accumulate return : 6.39956
INFO:root:accumulate return : 6.49587
INFO:root:accumulate return : 6.32378
INFO:root:accumulate return : 6.28519
INFO:root:accumulate return : 6.20697
INFO:root:accumulate return : 6.37361
INFO:root:accumulate return : 6.3705
INFO:root:accumulate return : 6.34989
INFO:root:accumulate return : 6.18084
INFO:root:accumulate return : 6.28805
INFO:root:accumulate return : 6.24352
INFO:root:accumulate return : 6.11162
INFO:root:accumulate return : 6.40083
INFO:root:accumulate return : 5.94729
INFO:root:accumulate return : 5.99846
INFO:root:accumulate return : 6.19372
INFO:root:accumulate return : 6.25255
INFO:root:accumulate return : 6.17247
INFO:root:accumulate return : 6.16935
INFO:root:accumulate return : 6.25602
INFO:root:accumulate return : 6.46783
INFO:root:accumulate return : 6.12093
INFO:root:accumulate return : 6.3323
INFO:root:accumulate return : 6.28746
INFO:root:accumulate return : 6.55874
INFO:root:accumulate return : 6.14135
INFO:root:accumulate return : 6.29782
INFO:root:accumulate return : 6.29658
INFO:root:accumulate return : 6.39274
INFO:root:accumulate return : 6.22924
INFO:root:accumulate return : 6.18393
INFO:root:accumulate return : 6.39939
INFO:root:accumulate return : 6.33579
INFO:root:accumulate return : 6.43019
INFO:root:accumulate return : 6.20218
INFO:root:accumulate return : 6.24238
INFO:root:accumulate return : 6.20515
INFO:root:accumulate return : 6.33256
INFO:root:accumulate return : 6.33967
INFO:root:accumulate return : 6.21706
INFO:root:accumulate return : 6.34674
INFO:root:accumulate return : 6.26559
INFO:root:accumulate return : 6.37547
INFO:root:accumulate return : 6.44051
INFO:root:accumulate return : 6.67258
INFO:root:accumulate return : 6.3769
INFO:root:accumulate return : 6.53956
INFO:root:accumulate return : 6.58573
INFO:root:accumulate return : 6.4961
INFO:root:accumulate return : 6.59529
INFO:root:accumulate return : 6.58604
INFO:root:accumulate return : 6.42235
INFO:root:accumulate return : 6.22223
INFO:root:accumulate return : 6.16552
INFO:root:accumulate return : 6.27235
INFO:root:accumulate return : 6.09744
INFO:root:accumulate return : 6.35419
INFO:root:accumulate return : 6.41654
INFO:root:accumulate return : 6.05216
INFO:root:accumulate return : 6.14668
INFO:root:accumulate return : 6.23825
INFO:root:accumulate return : 6.26162
INFO:root:accumulate return : 6.20867
INFO:root:accumulate return : 6.2573
INFO:root:accumulate return : 6.30641
INFO:root:accumulate return : 6.25718
INFO:root:accumulate return : 6.41805
INFO:root:accumulate return : 6.215
INFO:root:accumulate return : 6.33724
INFO:root:accumulate return : 6.097
INFO:root:accumulate return : 6.4936
INFO:root:accumulate return : 6.14184
INFO:root:accumulate return : 6.11385
INFO:root:Processing time : 10.4108333333 hours
