INFO:root:comment :Continue training for DRL_Model_v7_2016-06-06-05--39-06.
INFO:root:Version : 7
INFO:root:Time start : 2016-06-07-14-34-06
INFO:root:Input data :GBP_USD240_oanda.csv
INFO:root:Parameter setting :
INFO:root:epsilon = 0.1
INFO:root:transaction_cost = 0.0005
INFO:root:epoch =500
INFO:root:max_memory = 1000000
INFO:root:batch_size = 300
INFO:root:look back term = 300
INFO:root:hidden_size = 600
INFO:root:training period = -10000 ~ -1
INFO:root:learning rate = 0.1
INFO:root:discount rate = 9e-06
INFO:root:step_size = 10
INFO:root:activation function = relu
INFO:root:accumulate return : 4.70011
INFO:root:accumulate return : 4.79097
INFO:root:accumulate return : 4.68537
INFO:root:accumulate return : 4.86577
INFO:root:accumulate return : 4.93257
INFO:root:accumulate return : 4.77874
INFO:root:accumulate return : 4.96341
INFO:root:accumulate return : 5.03801
INFO:root:accumulate return : 4.91142
INFO:root:accumulate return : 4.84421
INFO:root:accumulate return : 4.7741
INFO:root:accumulate return : 4.5812
INFO:root:accumulate return : 4.78133
INFO:root:accumulate return : 4.68017
INFO:root:accumulate return : 4.57195
INFO:root:accumulate return : 4.59995
INFO:root:accumulate return : 4.59752
INFO:root:accumulate return : 4.58811
INFO:root:accumulate return : 4.42422
INFO:root:accumulate return : 4.69168
INFO:root:accumulate return : 4.50729
INFO:root:accumulate return : 4.3861
INFO:root:accumulate return : 4.48317
INFO:root:accumulate return : 4.48026
INFO:root:accumulate return : 4.312
INFO:root:accumulate return : 4.30168
INFO:root:accumulate return : 4.37158
INFO:root:accumulate return : 4.57274
INFO:root:accumulate return : 4.42623
INFO:root:accumulate return : 4.18518
INFO:root:accumulate return : 4.688
INFO:root:accumulate return : 4.65066
INFO:root:accumulate return : 4.42643
INFO:root:accumulate return : 4.47086
INFO:root:accumulate return : 4.67922
INFO:root:accumulate return : 4.65415
INFO:root:accumulate return : 4.58304
INFO:root:accumulate return : 4.66993
INFO:root:accumulate return : 4.35532
INFO:root:accumulate return : 4.45974
INFO:root:accumulate return : 4.75215
INFO:root:accumulate return : 4.73272
INFO:root:accumulate return : 4.76651
INFO:root:accumulate return : 4.66143
INFO:root:accumulate return : 4.6007
INFO:root:accumulate return : 4.69417
INFO:root:accumulate return : 4.54782
INFO:root:accumulate return : 4.6337
INFO:root:accumulate return : 4.72309
INFO:root:accumulate return : 4.79411
INFO:root:accumulate return : 4.83797
INFO:root:accumulate return : 4.92729
INFO:root:accumulate return : 4.54211
INFO:root:accumulate return : 5.08176
INFO:root:accumulate return : 4.94208
INFO:root:accumulate return : 4.85276
INFO:root:accumulate return : 4.86954
INFO:root:accumulate return : 4.80947
INFO:root:accumulate return : 4.90367
INFO:root:accumulate return : 4.85076
INFO:root:accumulate return : 4.90469
INFO:root:accumulate return : 5.14289
INFO:root:accumulate return : 5.09728
INFO:root:accumulate return : 5.11863
INFO:root:accumulate return : 4.97546
INFO:root:accumulate return : 4.83841
INFO:root:accumulate return : 5.09567
INFO:root:accumulate return : 4.87258
INFO:root:accumulate return : 4.93187
INFO:root:accumulate return : 5.12413
INFO:root:accumulate return : 4.94783
INFO:root:accumulate return : 4.60379
INFO:root:accumulate return : 4.84485
INFO:root:accumulate return : 4.87128
INFO:root:accumulate return : 4.92074
INFO:root:accumulate return : 4.98042
INFO:root:accumulate return : 4.89108
INFO:root:accumulate return : 5.03269
INFO:root:accumulate return : 4.7318
INFO:root:accumulate return : 4.9833
INFO:root:accumulate return : 4.6406
INFO:root:accumulate return : 4.68163
INFO:root:accumulate return : 5.01571
INFO:root:accumulate return : 4.79337
INFO:root:accumulate return : 4.76436
INFO:root:accumulate return : 4.85633
INFO:root:accumulate return : 4.97024
INFO:root:accumulate return : 4.81564
INFO:root:accumulate return : 4.72051
INFO:root:accumulate return : 4.57429
INFO:root:accumulate return : 4.83355
INFO:root:accumulate return : 4.85637
INFO:root:accumulate return : 4.5895
INFO:root:accumulate return : 4.75678
INFO:root:accumulate return : 4.6953
INFO:root:accumulate return : 4.88919
INFO:root:accumulate return : 4.96589
INFO:root:accumulate return : 4.77164
INFO:root:accumulate return : 4.98827
INFO:root:accumulate return : 4.81107
INFO:root:accumulate return : 4.87456
INFO:root:accumulate return : 4.97373
INFO:root:accumulate return : 4.86745
INFO:root:accumulate return : 4.90651
INFO:root:accumulate return : 4.99588
INFO:root:accumulate return : 4.77141
INFO:root:accumulate return : 5.07823
INFO:root:accumulate return : 4.8293
INFO:root:accumulate return : 4.80244
INFO:root:accumulate return : 4.93633
INFO:root:accumulate return : 5.12922
INFO:root:accumulate return : 5.10126
INFO:root:accumulate return : 4.94652
INFO:root:accumulate return : 5.06394
INFO:root:accumulate return : 5.00383
INFO:root:accumulate return : 5.1188
INFO:root:accumulate return : 5.17295
INFO:root:accumulate return : 5.03994
INFO:root:accumulate return : 5.09165
INFO:root:accumulate return : 5.24007
INFO:root:accumulate return : 5.1474
INFO:root:accumulate return : 5.34356
INFO:root:accumulate return : 5.04719
INFO:root:accumulate return : 5.12705
INFO:root:accumulate return : 5.23645
INFO:root:accumulate return : 4.97361
INFO:root:accumulate return : 4.9775
INFO:root:accumulate return : 5.29847
INFO:root:accumulate return : 5.09793
INFO:root:accumulate return : 4.91414
INFO:root:accumulate return : 4.88083
INFO:root:accumulate return : 5.00213
INFO:root:accumulate return : 4.77601
INFO:root:accumulate return : 4.591
INFO:root:accumulate return : 4.91998
INFO:root:accumulate return : 4.9642
INFO:root:accumulate return : 4.82651
INFO:root:accumulate return : 5.21129
INFO:root:accumulate return : 4.94704
INFO:root:accumulate return : 4.94349
INFO:root:accumulate return : 4.85713
INFO:root:accumulate return : 5.06336
INFO:root:accumulate return : 4.90352
INFO:root:accumulate return : 4.93393
INFO:root:accumulate return : 4.98293
INFO:root:accumulate return : 4.74333
INFO:root:accumulate return : 5.17562
INFO:root:accumulate return : 5.04195
INFO:root:accumulate return : 5.11215
INFO:root:accumulate return : 4.97459
INFO:root:accumulate return : 5.12012
INFO:root:accumulate return : 5.30005
INFO:root:accumulate return : 5.15826
INFO:root:accumulate return : 5.16508
INFO:root:accumulate return : 5.29458
INFO:root:accumulate return : 5.29639
INFO:root:accumulate return : 5.09947
INFO:root:accumulate return : 5.1475
INFO:root:accumulate return : 5.21883
INFO:root:accumulate return : 5.04477
INFO:root:accumulate return : 5.24079
INFO:root:accumulate return : 5.01221
INFO:root:accumulate return : 5.15814
INFO:root:accumulate return : 5.19731
INFO:root:accumulate return : 5.09161
INFO:root:accumulate return : 5.19437
INFO:root:accumulate return : 5.331
INFO:root:accumulate return : 4.91982
INFO:root:accumulate return : 5.14207
INFO:root:accumulate return : 5.17574
INFO:root:accumulate return : 5.15435
INFO:root:accumulate return : 5.25977
INFO:root:accumulate return : 5.28477
INFO:root:accumulate return : 5.18748
INFO:root:accumulate return : 5.16389
INFO:root:accumulate return : 5.18989
INFO:root:accumulate return : 5.10547
INFO:root:accumulate return : 5.26515
INFO:root:accumulate return : 5.1986
INFO:root:accumulate return : 5.29461
INFO:root:accumulate return : 4.894
INFO:root:accumulate return : 5.13697
INFO:root:accumulate return : 5.02158
INFO:root:accumulate return : 4.74941
INFO:root:accumulate return : 5.14342
INFO:root:accumulate return : 4.97141
INFO:root:accumulate return : 4.89169
INFO:root:accumulate return : 4.97262
INFO:root:accumulate return : 4.79009
INFO:root:accumulate return : 4.85918
INFO:root:accumulate return : 4.77877
INFO:root:accumulate return : 4.70045
INFO:root:accumulate return : 4.90738
INFO:root:accumulate return : 4.71501
INFO:root:accumulate return : 4.89852
INFO:root:accumulate return : 4.87678
INFO:root:accumulate return : 4.97734
INFO:root:accumulate return : 4.73524
INFO:root:accumulate return : 4.72126
INFO:root:accumulate return : 4.61798
INFO:root:accumulate return : 4.97173
INFO:root:accumulate return : 4.89345
INFO:root:accumulate return : 4.67836
INFO:root:accumulate return : 4.89074
INFO:root:accumulate return : 4.74827
INFO:root:accumulate return : 5.01101
INFO:root:accumulate return : 4.81726
INFO:root:accumulate return : 4.67408
INFO:root:accumulate return : 4.96407
INFO:root:accumulate return : 4.48052
INFO:root:accumulate return : 4.60338
INFO:root:accumulate return : 4.79131
INFO:root:accumulate return : 4.93487
INFO:root:accumulate return : 4.87635
INFO:root:accumulate return : 4.9385
INFO:root:accumulate return : 4.75807
INFO:root:accumulate return : 4.90961
INFO:root:accumulate return : 4.80972
INFO:root:accumulate return : 4.84133
INFO:root:accumulate return : 4.87972
INFO:root:accumulate return : 4.78343
INFO:root:accumulate return : 4.83433
INFO:root:accumulate return : 5.0002
INFO:root:accumulate return : 4.77817
INFO:root:accumulate return : 4.83688
INFO:root:accumulate return : 4.70675
INFO:root:accumulate return : 4.78034
INFO:root:accumulate return : 5.12338
INFO:root:accumulate return : 4.89693
INFO:root:accumulate return : 4.57183
INFO:root:accumulate return : 5.15296
INFO:root:accumulate return : 5.10585
INFO:root:accumulate return : 5.29226
INFO:root:accumulate return : 5.1918
INFO:root:accumulate return : 5.28329
INFO:root:accumulate return : 5.25789
INFO:root:accumulate return : 5.2966
INFO:root:accumulate return : 4.89955
INFO:root:accumulate return : 5.09274
INFO:root:accumulate return : 5.14482
INFO:root:accumulate return : 5.29769
INFO:root:accumulate return : 5.38288
INFO:root:accumulate return : 5.26661
INFO:root:accumulate return : 5.37775
INFO:root:accumulate return : 5.18582
INFO:root:accumulate return : 5.28218
INFO:root:accumulate return : 5.2009
INFO:root:accumulate return : 5.19442
INFO:root:accumulate return : 5.16784
INFO:root:accumulate return : 5.13702
INFO:root:accumulate return : 5.27749
INFO:root:accumulate return : 5.11373
INFO:root:accumulate return : 5.27269
INFO:root:accumulate return : 5.19583
INFO:root:accumulate return : 5.16033
INFO:root:accumulate return : 5.06309
INFO:root:accumulate return : 5.30152
INFO:root:accumulate return : 5.12139
INFO:root:accumulate return : 5.34285
INFO:root:accumulate return : 5.17044
INFO:root:accumulate return : 4.94188
INFO:root:accumulate return : 4.958
INFO:root:accumulate return : 5.15574
INFO:root:accumulate return : 4.92558
INFO:root:accumulate return : 5.09349
INFO:root:accumulate return : 5.04084
INFO:root:accumulate return : 5.05515
INFO:root:accumulate return : 5.34397
INFO:root:accumulate return : 5.08964
INFO:root:accumulate return : 5.20786
INFO:root:accumulate return : 5.10207
INFO:root:accumulate return : 5.39538
INFO:root:accumulate return : 5.07782
INFO:root:accumulate return : 5.09372
INFO:root:accumulate return : 5.20637
INFO:root:accumulate return : 5.28329
INFO:root:accumulate return : 5.19637
INFO:root:accumulate return : 5.17181
INFO:root:accumulate return : 5.19377
INFO:root:accumulate return : 5.2166
INFO:root:accumulate return : 5.11883
INFO:root:accumulate return : 5.35687
INFO:root:accumulate return : 5.29463
INFO:root:accumulate return : 5.23213
INFO:root:accumulate return : 5.23249
INFO:root:accumulate return : 5.1406
INFO:root:accumulate return : 5.16454
INFO:root:accumulate return : 5.39696
INFO:root:accumulate return : 5.26077
INFO:root:accumulate return : 5.17732
INFO:root:accumulate return : 5.54022
INFO:root:accumulate return : 5.51453
INFO:root:accumulate return : 5.1482
INFO:root:accumulate return : 5.21007
INFO:root:accumulate return : 5.37649
INFO:root:accumulate return : 5.41973
INFO:root:accumulate return : 5.21211
INFO:root:accumulate return : 5.35298
INFO:root:accumulate return : 5.40387
INFO:root:accumulate return : 5.32411
INFO:root:accumulate return : 5.47872
INFO:root:accumulate return : 5.53044
INFO:root:accumulate return : 5.36757
INFO:root:accumulate return : 5.42809
INFO:root:accumulate return : 5.34919
INFO:root:accumulate return : 5.45778
INFO:root:accumulate return : 5.25555
INFO:root:accumulate return : 5.44212
INFO:root:accumulate return : 5.45293
INFO:root:accumulate return : 5.41428
INFO:root:accumulate return : 5.43687
INFO:root:accumulate return : 5.55048
INFO:root:accumulate return : 5.68664
INFO:root:accumulate return : 5.52509
INFO:root:accumulate return : 5.30663
INFO:root:accumulate return : 5.36537
INFO:root:accumulate return : 5.48688
INFO:root:accumulate return : 5.4442
INFO:root:accumulate return : 5.32222
INFO:root:accumulate return : 5.40478
INFO:root:accumulate return : 5.15006
INFO:root:accumulate return : 5.00912
INFO:root:accumulate return : 5.0319
INFO:root:accumulate return : 5.01695
INFO:root:accumulate return : 4.99348
INFO:root:accumulate return : 4.90028
INFO:root:accumulate return : 5.54382
INFO:root:accumulate return : 5.29205
INFO:root:accumulate return : 4.989
INFO:root:accumulate return : 5.18505
INFO:root:accumulate return : 5.20254
INFO:root:accumulate return : 4.95279
INFO:root:accumulate return : 5.09914
INFO:root:accumulate return : 5.10051
INFO:root:accumulate return : 4.91533
INFO:root:accumulate return : 5.08077
INFO:root:accumulate return : 5.0544
INFO:root:accumulate return : 4.91085
INFO:root:accumulate return : 5.03018
INFO:root:accumulate return : 5.05031
INFO:root:accumulate return : 5.29272
INFO:root:accumulate return : 5.27232
INFO:root:accumulate return : 5.46316
INFO:root:accumulate return : 5.5928
INFO:root:accumulate return : 5.15617
INFO:root:accumulate return : 5.31529
INFO:root:accumulate return : 5.35722
INFO:root:accumulate return : 5.35908
INFO:root:accumulate return : 4.96736
INFO:root:accumulate return : 5.22521
INFO:root:accumulate return : 5.30376
INFO:root:accumulate return : 5.43785
INFO:root:accumulate return : 5.27895
INFO:root:accumulate return : 5.35945
INFO:root:accumulate return : 5.28319
INFO:root:accumulate return : 5.43888
INFO:root:accumulate return : 5.4173
INFO:root:accumulate return : 5.09814
INFO:root:accumulate return : 5.51371
INFO:root:accumulate return : 5.3756
INFO:root:accumulate return : 5.44447
INFO:root:accumulate return : 5.06956
INFO:root:accumulate return : 5.27334
INFO:root:accumulate return : 5.34338
INFO:root:accumulate return : 5.23256
INFO:root:accumulate return : 5.24116
INFO:root:accumulate return : 5.30271
INFO:root:accumulate return : 5.40557
INFO:root:accumulate return : 5.20841
INFO:root:accumulate return : 5.53376
INFO:root:accumulate return : 5.37667
INFO:root:accumulate return : 5.34707
INFO:root:accumulate return : 5.39504
INFO:root:accumulate return : 5.38153
INFO:root:accumulate return : 5.39958
INFO:root:accumulate return : 5.38607
INFO:root:accumulate return : 5.55115
INFO:root:accumulate return : 5.48609
INFO:root:accumulate return : 5.44151
INFO:root:accumulate return : 5.5883
INFO:root:accumulate return : 5.12919
INFO:root:accumulate return : 5.42932
INFO:root:accumulate return : 5.06937
INFO:root:accumulate return : 5.39021
INFO:root:accumulate return : 5.52423
INFO:root:accumulate return : 5.26668
INFO:root:accumulate return : 5.07199
INFO:root:accumulate return : 5.08245
INFO:root:accumulate return : 5.07289
INFO:root:accumulate return : 5.25762
INFO:root:accumulate return : 5.30767
INFO:root:accumulate return : 5.21235
INFO:root:accumulate return : 5.18975
INFO:root:accumulate return : 5.02405
INFO:root:accumulate return : 5.01715
INFO:root:accumulate return : 5.1656
INFO:root:accumulate return : 5.1958
INFO:root:accumulate return : 5.04544
INFO:root:accumulate return : 4.97548
INFO:root:accumulate return : 4.99159
INFO:root:accumulate return : 5.1672
INFO:root:accumulate return : 5.28363
INFO:root:accumulate return : 5.25499
INFO:root:accumulate return : 5.35005
INFO:root:accumulate return : 5.17448
INFO:root:accumulate return : 5.34177
INFO:root:accumulate return : 5.28835
INFO:root:accumulate return : 5.20747
INFO:root:accumulate return : 5.09608
INFO:root:accumulate return : 5.12156
INFO:root:accumulate return : 5.04663
INFO:root:accumulate return : 4.9445
INFO:root:accumulate return : 5.28902
INFO:root:accumulate return : 5.00384
INFO:root:accumulate return : 5.18771
INFO:root:accumulate return : 5.249
INFO:root:accumulate return : 5.1806
INFO:root:accumulate return : 5.12214
INFO:root:accumulate return : 5.18569
INFO:root:accumulate return : 5.31727
INFO:root:accumulate return : 5.30837
INFO:root:accumulate return : 5.27199
INFO:root:accumulate return : 5.17932
INFO:root:accumulate return : 5.21224
INFO:root:accumulate return : 5.37167
INFO:root:accumulate return : 5.18287
INFO:root:accumulate return : 5.23945
INFO:root:accumulate return : 5.28719
INFO:root:accumulate return : 5.44598
INFO:root:accumulate return : 5.50441
INFO:root:accumulate return : 5.38191
INFO:root:accumulate return : 5.57914
INFO:root:accumulate return : 5.493
INFO:root:accumulate return : 5.5362
INFO:root:accumulate return : 5.27916
INFO:root:accumulate return : 5.43495
INFO:root:accumulate return : 5.54927
INFO:root:accumulate return : 5.0803
INFO:root:accumulate return : 5.48057
INFO:root:accumulate return : 5.55409
INFO:root:accumulate return : 5.55321
INFO:root:accumulate return : 5.3666
INFO:root:accumulate return : 5.22898
INFO:root:accumulate return : 5.04794
INFO:root:accumulate return : 5.14887
INFO:root:accumulate return : 5.13151
INFO:root:accumulate return : 5.21871
INFO:root:accumulate return : 5.06795
INFO:root:accumulate return : 5.3485
INFO:root:accumulate return : 5.16372
INFO:root:accumulate return : 5.3431
INFO:root:accumulate return : 5.45724
INFO:root:accumulate return : 5.25832
INFO:root:accumulate return : 5.42944
INFO:root:accumulate return : 5.33517
INFO:root:accumulate return : 5.37896
INFO:root:accumulate return : 5.19955
INFO:root:accumulate return : 5.15309
INFO:root:accumulate return : 5.56048
INFO:root:accumulate return : 5.20692
INFO:root:accumulate return : 5.40962
INFO:root:accumulate return : 5.46426
INFO:root:accumulate return : 5.50444
INFO:root:accumulate return : 5.42123
INFO:root:accumulate return : 5.46473
INFO:root:accumulate return : 5.21311
INFO:root:accumulate return : 5.35052
INFO:root:accumulate return : 5.20627
INFO:root:accumulate return : 5.51753
INFO:root:accumulate return : 5.44372
INFO:root:accumulate return : 5.30619
INFO:root:accumulate return : 5.22113
INFO:root:accumulate return : 5.31723
INFO:root:accumulate return : 5.38942
INFO:root:accumulate return : 5.37599
INFO:root:accumulate return : 5.2971
INFO:root:accumulate return : 5.48274
INFO:root:accumulate return : 5.54437
INFO:root:accumulate return : 5.40855
INFO:root:accumulate return : 5.36205
INFO:root:accumulate return : 5.507
INFO:root:accumulate return : 5.39149
INFO:root:accumulate return : 5.23741
INFO:root:accumulate return : 5.25141
INFO:root:accumulate return : 5.19498
INFO:root:accumulate return : 5.20911
INFO:root:accumulate return : 5.20218
INFO:root:accumulate return : 5.23942
INFO:root:accumulate return : 5.20003
INFO:root:accumulate return : 5.42926
INFO:root:accumulate return : 5.68314
INFO:root:accumulate return : 5.29837
INFO:root:accumulate return : 5.69731
INFO:root:accumulate return : 5.44523
INFO:root:accumulate return : 5.7329
INFO:root:accumulate return : 5.64982
INFO:root:accumulate return : 5.65441
INFO:root:accumulate return : 5.74828
INFO:root:accumulate return : 5.40493
INFO:root:accumulate return : 5.66593
INFO:root:Processing time : 7.99611111111 hours
