INFO:root:Version : 7
INFO:root:Time start : 2016-06-03-23-20-28
INFO:root:Input data :GBPUSD240.csv
INFO:root:Parameter setting :
INFO:root:epsilon = 0.1
INFO:root:transaction_cost = 0.0005
INFO:root:epoch =500
INFO:root:max_memory = 1000000
INFO:root:batch_size = 200
INFO:root:look back term = 300
INFO:root:hidden_size = 600
INFO:root:training period = 50 ~ 10050
INFO:root:learning rate = 0.1
INFO:root:discount rate = 0.9
INFO:root:step_size = 10
INFO:root:activation function = relu
INFO:root:accumulate return : -2.3272
INFO:root:accumulate return : -2.2764
INFO:root:accumulate return : -2.7022
INFO:root:accumulate return : -2.3236
INFO:root:accumulate return : -2.2149
INFO:root:accumulate return : -2.2137
INFO:root:accumulate return : -2.3559
INFO:root:accumulate return : -2.4623
INFO:root:accumulate return : -2.3039
INFO:root:accumulate return : -2.3466
INFO:root:accumulate return : -1.201
INFO:root:accumulate return : -1.2445
INFO:root:accumulate return : -1.1486
INFO:root:accumulate return : -1.1349
INFO:root:accumulate return : -1.3896
INFO:root:accumulate return : -1.2232
INFO:root:accumulate return : -1.3244
INFO:root:accumulate return : -1.5336
INFO:root:accumulate return : -1.3313
INFO:root:accumulate return : -1.1475
INFO:root:accumulate return : -0.9391
INFO:root:accumulate return : -0.6661
INFO:root:accumulate return : -0.5863
INFO:root:accumulate return : -0.7803
INFO:root:accumulate return : -0.7536
INFO:root:accumulate return : -0.8824
INFO:root:accumulate return : -0.7459
INFO:root:accumulate return : -0.6343
INFO:root:accumulate return : -0.6648
INFO:root:accumulate return : -0.7006
INFO:root:accumulate return : -0.2338
INFO:root:accumulate return : -0.4815
INFO:root:accumulate return : -0.3079
INFO:root:accumulate return : -0.2197
INFO:root:accumulate return : -0.3446
INFO:root:accumulate return : -0.3971
INFO:root:accumulate return : -0.3659
INFO:root:accumulate return : -0.4944
INFO:root:accumulate return : -0.4015
INFO:root:accumulate return : -0.4092
INFO:root:accumulate return : -0.152
INFO:root:accumulate return : -0.205
INFO:root:accumulate return : -0.361
INFO:root:accumulate return : -0.2206
INFO:root:accumulate return : -0.3331
INFO:root:accumulate return : -0.2655
INFO:root:accumulate return : -0.3183
INFO:root:accumulate return : -0.168
INFO:root:accumulate return : -0.0745
INFO:root:accumulate return : -0.3756
INFO:root:accumulate return : -0.1489
INFO:root:accumulate return : -0.167
INFO:root:accumulate return : -0.0357
INFO:root:accumulate return : -0.2099
INFO:root:accumulate return : 0.0944
INFO:root:accumulate return : -0.1787
INFO:root:accumulate return : -0.1386
INFO:root:accumulate return : 0.069
INFO:root:accumulate return : 0.1199
INFO:root:accumulate return : -0.2637
INFO:root:accumulate return : 0.1673
INFO:root:accumulate return : 0.2029
INFO:root:accumulate return : 0.1237
INFO:root:accumulate return : 0.182
INFO:root:accumulate return : 0.2717
INFO:root:accumulate return : 0.2329
INFO:root:accumulate return : 0.0983
INFO:root:accumulate return : 0.1282
INFO:root:accumulate return : 0.1576
INFO:root:accumulate return : 0.156
INFO:root:accumulate return : -0.0516
INFO:root:accumulate return : 0.0926
INFO:root:accumulate return : 0.2327
INFO:root:accumulate return : 0.0677
INFO:root:accumulate return : 0.148
INFO:root:accumulate return : 0.1736
INFO:root:accumulate return : 0.1318
INFO:root:accumulate return : 0.013
INFO:root:accumulate return : -0.0052
INFO:root:accumulate return : 0.1802
INFO:root:accumulate return : 0.4394
INFO:root:accumulate return : 0.4187
INFO:root:accumulate return : 0.4009
INFO:root:accumulate return : 0.3211
INFO:root:accumulate return : 0.387
INFO:root:accumulate return : 0.1252
INFO:root:accumulate return : 0.2997
INFO:root:accumulate return : 0.4942
INFO:root:accumulate return : 0.3331
INFO:root:accumulate return : 0.2489
INFO:root:accumulate return : 0.6512
INFO:root:accumulate return : 0.5026
INFO:root:accumulate return : 0.7863
INFO:root:accumulate return : 0.363
INFO:root:accumulate return : 0.5746
INFO:root:accumulate return : 0.5593
INFO:root:accumulate return : 0.403
INFO:root:accumulate return : 0.7359
INFO:root:accumulate return : 0.4235
INFO:root:accumulate return : 0.5947
INFO:root:accumulate return : 0.6737
INFO:root:accumulate return : 0.6313
INFO:root:accumulate return : 0.8111
INFO:root:accumulate return : 0.8553
INFO:root:accumulate return : 0.7147
INFO:root:accumulate return : 0.8377
INFO:root:accumulate return : 0.888
INFO:root:accumulate return : 0.5699
INFO:root:accumulate return : 0.729
INFO:root:accumulate return : 0.8931
INFO:root:accumulate return : 0.6815
INFO:root:accumulate return : 0.7866
INFO:root:accumulate return : 0.7836
INFO:root:accumulate return : 0.6506
INFO:root:accumulate return : 0.747
INFO:root:accumulate return : 0.8101
INFO:root:accumulate return : 0.7689
INFO:root:accumulate return : 0.3044
INFO:root:accumulate return : 0.7792
INFO:root:accumulate return : 0.7711
INFO:root:accumulate return : 1.0135
INFO:root:accumulate return : 0.8287
INFO:root:accumulate return : 1.001
INFO:root:accumulate return : 0.7878
INFO:root:accumulate return : 0.9061
INFO:root:accumulate return : 0.7631
INFO:root:accumulate return : 0.7871
INFO:root:accumulate return : 0.8181
INFO:root:accumulate return : 1.0963
INFO:root:accumulate return : 0.7849
INFO:root:accumulate return : 0.8622
INFO:root:accumulate return : 0.8962
INFO:root:accumulate return : 0.5804
INFO:root:accumulate return : 0.8146
INFO:root:accumulate return : 0.9156
INFO:root:accumulate return : 0.7408
INFO:root:accumulate return : 0.9119
INFO:root:accumulate return : 0.7129
INFO:root:accumulate return : 0.9576
INFO:root:accumulate return : 0.7767
INFO:root:accumulate return : 0.4651
INFO:root:accumulate return : 0.8311
INFO:root:accumulate return : 0.4442
INFO:root:accumulate return : 0.8534
INFO:root:accumulate return : 0.793
INFO:root:accumulate return : 0.9667
INFO:root:accumulate return : 0.8554
INFO:root:accumulate return : 0.7601
INFO:root:accumulate return : 0.8443
INFO:root:accumulate return : 0.8555
INFO:root:accumulate return : 0.7874
INFO:root:accumulate return : 0.5686
INFO:root:accumulate return : 0.7313
INFO:root:accumulate return : 0.6936
INFO:root:accumulate return : 1.0262
INFO:root:accumulate return : 0.9706
INFO:root:accumulate return : 0.8869
INFO:root:accumulate return : 0.8241
INFO:root:accumulate return : 0.9315
INFO:root:accumulate return : 1.102
INFO:root:accumulate return : 0.7069
INFO:root:accumulate return : 1.0702
INFO:root:accumulate return : 0.9838
INFO:root:accumulate return : 0.8035
INFO:root:accumulate return : 0.7874
INFO:root:accumulate return : 0.753
INFO:root:accumulate return : 0.8062
INFO:root:accumulate return : 0.8634
INFO:root:accumulate return : 0.9999
INFO:root:accumulate return : 0.7778
INFO:root:accumulate return : 1.1314
INFO:root:accumulate return : 0.7856
INFO:root:accumulate return : 0.7745
INFO:root:accumulate return : 0.8568
INFO:root:accumulate return : 0.5689
INFO:root:accumulate return : 0.8378
INFO:root:accumulate return : 0.7569
INFO:root:accumulate return : 0.7263
INFO:root:accumulate return : 0.6924
INFO:root:accumulate return : 0.7098
INFO:root:accumulate return : 1.2137
INFO:root:accumulate return : 1.0828
INFO:root:accumulate return : 0.9843
INFO:root:accumulate return : 1.0808
INFO:root:accumulate return : 0.7937
INFO:root:accumulate return : 1.055
INFO:root:accumulate return : 0.8103
INFO:root:accumulate return : 1.0261
INFO:root:accumulate return : 0.9652
INFO:root:accumulate return : 0.8443
INFO:root:accumulate return : 1.1495
INFO:root:accumulate return : 1.0179
INFO:root:accumulate return : 1.2905
INFO:root:accumulate return : 1.2537
INFO:root:accumulate return : 1.1753
INFO:root:accumulate return : 1.147
INFO:root:accumulate return : 1.1894
INFO:root:accumulate return : 1.1659
INFO:root:accumulate return : 1.0124
INFO:root:accumulate return : 0.9963
INFO:root:accumulate return : 1.355
INFO:root:accumulate return : 1.4631
INFO:root:accumulate return : 1.1396
INFO:root:accumulate return : 1.3539
INFO:root:accumulate return : 1.5564
INFO:root:accumulate return : 1.2255
INFO:root:accumulate return : 1.5262
INFO:root:accumulate return : 1.384
INFO:root:accumulate return : 1.3912
INFO:root:accumulate return : 1.1848
INFO:root:accumulate return : 1.2955
INFO:root:accumulate return : 1.3217
INFO:root:accumulate return : 1.3668
INFO:root:accumulate return : 1.5026
INFO:root:accumulate return : 1.2517
INFO:root:accumulate return : 1.5982
INFO:root:accumulate return : 1.173
INFO:root:accumulate return : 1.2043
INFO:root:accumulate return : 1.3585
INFO:root:accumulate return : 1.5437
INFO:root:accumulate return : 1.5314
INFO:root:accumulate return : 1.1571
INFO:root:accumulate return : 1.551
INFO:root:accumulate return : 1.5273
INFO:root:accumulate return : 1.1039
INFO:root:accumulate return : 1.5072
INFO:root:accumulate return : 1.4102
INFO:root:accumulate return : 1.2806
INFO:root:accumulate return : 1.4624
INFO:root:accumulate return : 1.506
INFO:root:accumulate return : 1.5096
INFO:root:accumulate return : 1.4492
INFO:root:accumulate return : 1.5014
INFO:root:accumulate return : 1.4736
INFO:root:accumulate return : 1.6481
INFO:root:accumulate return : 1.4978
INFO:root:accumulate return : 1.417
INFO:root:accumulate return : 1.5531
INFO:root:accumulate return : 1.4382
INFO:root:accumulate return : 1.5525
INFO:root:accumulate return : 1.3672
INFO:root:accumulate return : 1.5027
INFO:root:accumulate return : 1.4673
INFO:root:accumulate return : 1.7112
INFO:root:accumulate return : 1.4058
INFO:root:accumulate return : 1.5417
INFO:root:accumulate return : 1.4928
INFO:root:accumulate return : 1.6037
INFO:root:accumulate return : 1.3346
INFO:root:accumulate return : 1.5226
INFO:root:accumulate return : 1.6673
INFO:root:accumulate return : 1.7746
INFO:root:accumulate return : 1.8142
INFO:root:accumulate return : 1.9365
INFO:root:accumulate return : 1.7741
INFO:root:accumulate return : 1.6548
INFO:root:accumulate return : 1.7804
INFO:root:accumulate return : 1.6906
INFO:root:accumulate return : 1.7574
INFO:root:accumulate return : 1.9006
INFO:root:accumulate return : 1.738
INFO:root:accumulate return : 2.0075
INFO:root:accumulate return : 1.7828
INFO:root:accumulate return : 1.7254
INFO:root:accumulate return : 1.6485
INFO:root:accumulate return : 1.744
INFO:root:accumulate return : 1.9435
INFO:root:accumulate return : 1.6177
INFO:root:accumulate return : 1.7895
INFO:root:accumulate return : 1.6464
INFO:root:accumulate return : 1.8464
INFO:root:accumulate return : 1.8949
INFO:root:accumulate return : 1.884
INFO:root:accumulate return : 1.9331
INFO:root:accumulate return : 1.75
INFO:root:accumulate return : 1.8309
INFO:root:accumulate return : 2.0363
INFO:root:accumulate return : 1.9068
INFO:root:accumulate return : 1.9477
INFO:root:accumulate return : 1.7556
INFO:root:accumulate return : 1.8101
INFO:root:accumulate return : 1.8627
INFO:root:accumulate return : 1.7949
INFO:root:accumulate return : 1.7396
INFO:root:accumulate return : 1.8549
INFO:root:accumulate return : 1.5834
INFO:root:accumulate return : 1.6488
INFO:root:accumulate return : 1.8583
INFO:root:accumulate return : 1.7108
INFO:root:accumulate return : 1.915
INFO:root:accumulate return : 1.5608
INFO:root:accumulate return : 1.7784
INFO:root:accumulate return : 1.8815
INFO:root:accumulate return : 1.7211
INFO:root:accumulate return : 1.7005
INFO:root:accumulate return : 1.9825
INFO:root:accumulate return : 1.9048
INFO:root:accumulate return : 1.6192
INFO:root:accumulate return : 1.5227
INFO:root:accumulate return : 1.8858
INFO:root:accumulate return : 1.9994
INFO:root:accumulate return : 1.5392
INFO:root:accumulate return : 1.8459
INFO:root:accumulate return : 1.7623
INFO:root:accumulate return : 1.8722
INFO:root:accumulate return : 1.7711
INFO:root:accumulate return : 1.7778
INFO:root:accumulate return : 1.6383
INFO:root:accumulate return : 1.9063
INFO:root:accumulate return : 1.8657
INFO:root:accumulate return : 2.1045
INFO:root:accumulate return : 1.972
INFO:root:accumulate return : 2.1953
INFO:root:accumulate return : 1.985
INFO:root:accumulate return : 2.0368
INFO:root:accumulate return : 2.0693
INFO:root:accumulate return : 1.8522
INFO:root:accumulate return : 2.0473
INFO:root:accumulate return : 1.958
INFO:root:accumulate return : 1.9675
INFO:root:accumulate return : 1.899
INFO:root:accumulate return : 1.9203
INFO:root:accumulate return : 1.9523
INFO:root:accumulate return : 2.0847
INFO:root:accumulate return : 1.9636
INFO:root:accumulate return : 1.7497
INFO:root:accumulate return : 2.0121
INFO:root:accumulate return : 1.8032
INFO:root:accumulate return : 1.8748
INFO:root:accumulate return : 2.079
INFO:root:accumulate return : 2.0284
INFO:root:accumulate return : 1.994
INFO:root:accumulate return : 1.9308
INFO:root:accumulate return : 2.0904
INFO:root:accumulate return : 2.1694
INFO:root:accumulate return : 1.9174
INFO:root:accumulate return : 1.8007
INFO:root:accumulate return : 2.1139
INFO:root:accumulate return : 2.0445
INFO:root:accumulate return : 1.9996
INFO:root:accumulate return : 2.0927
INFO:root:accumulate return : 2.0331
INFO:root:accumulate return : 2.2841
INFO:root:accumulate return : 2.3276
INFO:root:accumulate return : 2.0839
INFO:root:accumulate return : 2.3408
INFO:root:accumulate return : 2.1958
INFO:root:accumulate return : 2.1678
INFO:root:accumulate return : 2.1928
INFO:root:accumulate return : 2.0573
INFO:root:accumulate return : 2.5104
INFO:root:accumulate return : 2.305
INFO:root:accumulate return : 2.1811
INFO:root:accumulate return : 2.5038
INFO:root:accumulate return : 2.2989
INFO:root:accumulate return : 2.4234
INFO:root:accumulate return : 2.2836
INFO:root:accumulate return : 2.3298
INFO:root:accumulate return : 2.674
INFO:root:accumulate return : 2.4086
INFO:root:accumulate return : 2.4532
INFO:root:accumulate return : 2.3385
INFO:root:accumulate return : 2.2622
INFO:root:accumulate return : 2.5334
INFO:root:accumulate return : 2.421
INFO:root:accumulate return : 2.2045
INFO:root:accumulate return : 2.5069
INFO:root:accumulate return : 2.3682
INFO:root:accumulate return : 2.4737
INFO:root:accumulate return : 2.5114
INFO:root:accumulate return : 2.66
INFO:root:accumulate return : 2.4743
INFO:root:accumulate return : 2.7493
INFO:root:accumulate return : 2.6145
INFO:root:accumulate return : 2.8215
INFO:root:accumulate return : 2.4041
INFO:root:accumulate return : 2.5329
INFO:root:accumulate return : 2.5169
INFO:root:accumulate return : 2.7751
INFO:root:accumulate return : 2.5343
INFO:root:accumulate return : 2.8349
INFO:root:accumulate return : 2.8281
INFO:root:accumulate return : 2.7214
INFO:root:accumulate return : 2.5627
INFO:root:accumulate return : 2.6993
INFO:root:accumulate return : 2.749
INFO:root:accumulate return : 2.693
INFO:root:accumulate return : 2.9126
INFO:root:accumulate return : 2.5957
INFO:root:accumulate return : 2.6449
INFO:root:accumulate return : 2.8514
INFO:root:accumulate return : 2.7037
INFO:root:accumulate return : 2.8016
INFO:root:accumulate return : 2.5064
INFO:root:accumulate return : 2.6815
INFO:root:accumulate return : 2.7358
INFO:root:accumulate return : 2.6592
INFO:root:accumulate return : 2.6333
INFO:root:accumulate return : 2.7747
INFO:root:accumulate return : 2.6548
INFO:root:accumulate return : 2.9493
INFO:root:accumulate return : 2.8118
INFO:root:accumulate return : 2.8009
INFO:root:accumulate return : 2.7789
INFO:root:accumulate return : 2.6721
INFO:root:accumulate return : 2.8083
INFO:root:accumulate return : 2.8544
INFO:root:accumulate return : 2.8709
INFO:root:accumulate return : 2.8269
INFO:root:accumulate return : 2.7036
INFO:root:accumulate return : 2.7306
INFO:root:accumulate return : 2.9543
INFO:root:accumulate return : 2.6388
INFO:root:accumulate return : 2.6321
INFO:root:accumulate return : 2.535
INFO:root:accumulate return : 2.9157
INFO:root:accumulate return : 2.7296
INFO:root:accumulate return : 2.8578
INFO:root:accumulate return : 2.6887
INFO:root:accumulate return : 2.616
INFO:root:accumulate return : 2.8727
INFO:root:accumulate return : 3.0359
INFO:root:accumulate return : 2.9001
INFO:root:accumulate return : 2.8466
INFO:root:accumulate return : 2.8814
INFO:root:accumulate return : 2.8929
INFO:root:accumulate return : 2.9415
INFO:root:accumulate return : 2.811
INFO:root:accumulate return : 2.5868
INFO:root:accumulate return : 2.855
INFO:root:accumulate return : 2.7831
INFO:root:accumulate return : 2.769
INFO:root:accumulate return : 2.7602
INFO:root:accumulate return : 2.6115
INFO:root:accumulate return : 2.8527
INFO:root:accumulate return : 2.6823
INFO:root:accumulate return : 2.6768
INFO:root:accumulate return : 2.7116
INFO:root:accumulate return : 2.6752
INFO:root:accumulate return : 2.9946
INFO:root:accumulate return : 2.9273
INFO:root:accumulate return : 2.8601
INFO:root:accumulate return : 2.9483
INFO:root:accumulate return : 2.6909
INFO:root:accumulate return : 2.7756
INFO:root:accumulate return : 2.8243
INFO:root:accumulate return : 2.7386
INFO:root:accumulate return : 2.9372
INFO:root:accumulate return : 2.9889
INFO:root:accumulate return : 2.7894
INFO:root:accumulate return : 3.0263
INFO:root:accumulate return : 2.9801
INFO:root:accumulate return : 2.7805
INFO:root:accumulate return : 2.7967
INFO:root:accumulate return : 3.0617
INFO:root:accumulate return : 3.066
INFO:root:accumulate return : 2.8988
INFO:root:accumulate return : 2.9945
INFO:root:accumulate return : 2.9524
INFO:root:accumulate return : 2.844
INFO:root:accumulate return : 2.8727
INFO:root:accumulate return : 3.0481
INFO:root:accumulate return : 3.0144
INFO:root:accumulate return : 2.8798
INFO:root:accumulate return : 3.0568
INFO:root:accumulate return : 2.6636
INFO:root:accumulate return : 2.7657
INFO:root:accumulate return : 2.9645
INFO:root:accumulate return : 2.9592
INFO:root:accumulate return : 2.9473
INFO:root:accumulate return : 3.0087
INFO:root:accumulate return : 3.3383
INFO:root:accumulate return : 3.0638
INFO:root:accumulate return : 3.1725
INFO:root:accumulate return : 2.9581
INFO:root:accumulate return : 3.1942
INFO:root:accumulate return : 2.8314
INFO:root:accumulate return : 2.906
INFO:root:accumulate return : 2.9409
INFO:root:accumulate return : 2.825
INFO:root:accumulate return : 3.4338
INFO:root:accumulate return : 2.978
INFO:root:accumulate return : 3.0466
INFO:root:accumulate return : 2.7801
INFO:root:accumulate return : 2.869
INFO:root:accumulate return : 3.0784
INFO:root:accumulate return : 3.0387
INFO:root:accumulate return : 2.8868
INFO:root:accumulate return : 3.1722
INFO:root:accumulate return : 3.1422
INFO:root:accumulate return : 3.0962
INFO:root:accumulate return : 3.1012
INFO:root:accumulate return : 3.3376
INFO:root:accumulate return : 3.2708
INFO:root:accumulate return : 3.2827
INFO:root:accumulate return : 3.0179
INFO:root:accumulate return : 2.9622
INFO:root:accumulate return : 3.277
INFO:root:accumulate return : 3.2586
INFO:root:accumulate return : 3.3885
INFO:root:Processing time : 5.98361111111 hours
