INFO:root:Version : 7
INFO:root:Time start : 2016-06-05-02-35-57
INFO:root:Input data :GBPUSD240.csv
INFO:root:Parameter setting :
INFO:root:epsilon = 0.1
INFO:root:transaction_cost = 0.001
INFO:root:epoch =1000
INFO:root:max_memory = 1000000
INFO:root:batch_size = 200
INFO:root:look back term = 300
INFO:root:hidden_size = 600
INFO:root:training period = 9050 ~ 10050
INFO:root:learning rate = 0.1
INFO:root:discount rate = 0.9
INFO:root:step_size = 10
INFO:root:activation function = relu
INFO:root:accumulate return : -0.4901
INFO:root:accumulate return : -0.5011
INFO:root:accumulate return : -0.4288
INFO:root:accumulate return : -0.4826
INFO:root:accumulate return : -0.438
INFO:root:accumulate return : -0.4024
INFO:root:accumulate return : -0.4477
INFO:root:accumulate return : -0.4756
INFO:root:accumulate return : -0.4664
INFO:root:accumulate return : -0.3953
INFO:root:accumulate return : 0.1931
INFO:root:accumulate return : 0.133
INFO:root:accumulate return : 0.0585
INFO:root:accumulate return : 0.1694
INFO:root:accumulate return : 0.0896
INFO:root:accumulate return : 0.1944
INFO:root:accumulate return : 0.0903
INFO:root:accumulate return : 0.1904
INFO:root:accumulate return : 0.2045
INFO:root:accumulate return : 0.1568
INFO:root:accumulate return : 0.3309
INFO:root:accumulate return : 0.3709
INFO:root:accumulate return : 0.3625
INFO:root:accumulate return : 0.4266
INFO:root:accumulate return : 0.3268
INFO:root:accumulate return : 0.4098
INFO:root:accumulate return : 0.3435
INFO:root:accumulate return : 0.358
INFO:root:accumulate return : 0.2759
INFO:root:accumulate return : 0.413
INFO:root:accumulate return : 0.4016
INFO:root:accumulate return : 0.3904
INFO:root:accumulate return : 0.3604
INFO:root:accumulate return : 0.4602
INFO:root:accumulate return : 0.3625
INFO:root:accumulate return : 0.4159
INFO:root:accumulate return : 0.4539
INFO:root:accumulate return : 0.43
INFO:root:accumulate return : 0.392
INFO:root:accumulate return : 0.3486
INFO:root:accumulate return : 0.2521
INFO:root:accumulate return : 0.3726
INFO:root:accumulate return : 0.4119
INFO:root:accumulate return : 0.4666
INFO:root:accumulate return : 0.359
INFO:root:accumulate return : 0.4035
INFO:root:accumulate return : 0.3388
INFO:root:accumulate return : 0.2558
INFO:root:accumulate return : 0.3654
INFO:root:accumulate return : 0.3165
INFO:root:accumulate return : 0.4128
INFO:root:accumulate return : 0.3959
INFO:root:accumulate return : 0.4292
INFO:root:accumulate return : 0.3676
INFO:root:accumulate return : 0.3218
INFO:root:accumulate return : 0.4335
INFO:root:accumulate return : 0.4457
INFO:root:accumulate return : 0.2925
INFO:root:accumulate return : 0.4516
INFO:root:accumulate return : 0.3897
INFO:root:accumulate return : 0.5182
INFO:root:accumulate return : 0.4594
INFO:root:accumulate return : 0.4608
INFO:root:accumulate return : 0.4014
INFO:root:accumulate return : 0.4206
INFO:root:accumulate return : 0.3191
INFO:root:accumulate return : 0.4442
INFO:root:accumulate return : 0.4658
INFO:root:accumulate return : 0.3739
INFO:root:accumulate return : 0.4858
INFO:root:accumulate return : 0.4059
INFO:root:accumulate return : 0.4121
INFO:root:accumulate return : 0.4616
INFO:root:accumulate return : 0.4526
INFO:root:accumulate return : 0.4429
INFO:root:accumulate return : 0.5588
INFO:root:accumulate return : 0.4387
INFO:root:accumulate return : 0.4615
INFO:root:accumulate return : 0.4398
INFO:root:accumulate return : 0.4641
INFO:root:accumulate return : 0.3946
INFO:root:accumulate return : 0.3795
INFO:root:accumulate return : 0.3841
INFO:root:accumulate return : 0.4297
INFO:root:accumulate return : 0.3511
INFO:root:accumulate return : 0.3989
INFO:root:accumulate return : 0.3407
INFO:root:accumulate return : 0.3855
INFO:root:accumulate return : 0.4267
INFO:root:accumulate return : 0.3842
INFO:root:accumulate return : 0.4804
INFO:root:accumulate return : 0.389
INFO:root:accumulate return : 0.4148
INFO:root:accumulate return : 0.4789
INFO:root:accumulate return : 0.3869
INFO:root:accumulate return : 0.4172
INFO:root:accumulate return : 0.4339
INFO:root:accumulate return : 0.4072
INFO:root:accumulate return : 0.4794
INFO:root:accumulate return : 0.4449
INFO:root:accumulate return : 0.39
INFO:root:accumulate return : 0.408
INFO:root:accumulate return : 0.4275
INFO:root:accumulate return : 0.3833
INFO:root:accumulate return : 0.4313
INFO:root:accumulate return : 0.4182
INFO:root:accumulate return : 0.4883
INFO:root:accumulate return : 0.4426
INFO:root:accumulate return : 0.3604
INFO:root:accumulate return : 0.4441
INFO:root:accumulate return : 0.5222
INFO:root:accumulate return : 0.512
INFO:root:accumulate return : 0.4028
INFO:root:accumulate return : 0.4906
INFO:root:accumulate return : 0.4112
INFO:root:accumulate return : 0.3506
INFO:root:accumulate return : 0.5053
INFO:root:accumulate return : 0.4697
INFO:root:accumulate return : 0.4834
INFO:root:accumulate return : 0.4467
INFO:root:accumulate return : 0.3495
INFO:root:accumulate return : 0.4164
INFO:root:accumulate return : 0.3895
INFO:root:accumulate return : 0.4412
INFO:root:accumulate return : 0.4491
INFO:root:accumulate return : 0.4094
INFO:root:accumulate return : 0.459
INFO:root:accumulate return : 0.3787
INFO:root:accumulate return : 0.4016
INFO:root:accumulate return : 0.451
INFO:root:accumulate return : 0.4625
INFO:root:accumulate return : 0.562
INFO:root:accumulate return : 0.4469
INFO:root:accumulate return : 0.5004
INFO:root:accumulate return : 0.4862
INFO:root:accumulate return : 0.3749
INFO:root:accumulate return : 0.4716
INFO:root:accumulate return : 0.486
INFO:root:accumulate return : 0.5379
INFO:root:accumulate return : 0.4648
INFO:root:accumulate return : 0.4351
INFO:root:accumulate return : 0.3767
INFO:root:accumulate return : 0.4836
INFO:root:accumulate return : 0.4463
INFO:root:accumulate return : 0.4374
INFO:root:accumulate return : 0.4853
INFO:root:accumulate return : 0.4472
INFO:root:accumulate return : 0.5357
INFO:root:accumulate return : 0.4547
INFO:root:accumulate return : 0.3307
INFO:root:accumulate return : 0.4764
INFO:root:accumulate return : 0.2974
INFO:root:accumulate return : 0.4481
INFO:root:accumulate return : 0.4825
INFO:root:accumulate return : 0.4746
INFO:root:accumulate return : 0.4109
INFO:root:accumulate return : 0.4972
INFO:root:accumulate return : 0.4155
INFO:root:accumulate return : 0.4087
INFO:root:accumulate return : 0.508
INFO:root:accumulate return : 0.517
INFO:root:accumulate return : 0.4905
INFO:root:accumulate return : 0.3727
INFO:root:accumulate return : 0.4868
INFO:root:accumulate return : 0.4348
INFO:root:accumulate return : 0.4261
INFO:root:accumulate return : 0.4791
INFO:root:accumulate return : 0.3986
INFO:root:accumulate return : 0.48
INFO:root:accumulate return : 0.4448
INFO:root:accumulate return : 0.4386
INFO:root:accumulate return : 0.4153
INFO:root:accumulate return : 0.5238
INFO:root:accumulate return : 0.5028
INFO:root:accumulate return : 0.4789
INFO:root:accumulate return : 0.5049
INFO:root:accumulate return : 0.4124
INFO:root:accumulate return : 0.3253
INFO:root:accumulate return : 0.448
INFO:root:accumulate return : 0.4438
INFO:root:accumulate return : 0.4517
INFO:root:accumulate return : 0.5089
INFO:root:accumulate return : 0.5237
INFO:root:accumulate return : 0.4294
INFO:root:accumulate return : 0.499
INFO:root:accumulate return : 0.4736
INFO:root:accumulate return : 0.4242
INFO:root:accumulate return : 0.4763
INFO:root:accumulate return : 0.4434
INFO:root:accumulate return : 0.4113
INFO:root:accumulate return : 0.5439
INFO:root:accumulate return : 0.4472
INFO:root:accumulate return : 0.399
INFO:root:accumulate return : 0.4604
INFO:root:accumulate return : 0.4217
INFO:root:accumulate return : 0.4941
INFO:root:accumulate return : 0.4443
INFO:root:accumulate return : 0.4092
INFO:root:accumulate return : 0.4932
INFO:root:accumulate return : 0.4528
INFO:root:accumulate return : 0.3902
INFO:root:accumulate return : 0.4291
INFO:root:accumulate return : 0.4244
INFO:root:accumulate return : 0.3944
INFO:root:accumulate return : 0.3884
INFO:root:accumulate return : 0.3882
INFO:root:accumulate return : 0.444
INFO:root:accumulate return : 0.4164
INFO:root:accumulate return : 0.439
INFO:root:accumulate return : 0.4726
INFO:root:accumulate return : 0.434
INFO:root:accumulate return : 0.4531
INFO:root:accumulate return : 0.5178
INFO:root:accumulate return : 0.4565
INFO:root:accumulate return : 0.3941
INFO:root:accumulate return : 0.4468
INFO:root:accumulate return : 0.466
INFO:root:accumulate return : 0.3921
INFO:root:accumulate return : 0.4672
INFO:root:accumulate return : 0.4313
INFO:root:accumulate return : 0.4522
INFO:root:accumulate return : 0.4554
INFO:root:accumulate return : 0.4039
INFO:root:accumulate return : 0.3607
INFO:root:accumulate return : 0.4159
INFO:root:accumulate return : 0.4802
INFO:root:accumulate return : 0.4319
INFO:root:accumulate return : 0.3981
INFO:root:accumulate return : 0.4849
INFO:root:accumulate return : 0.4149
INFO:root:accumulate return : 0.4593
INFO:root:accumulate return : 0.4615
INFO:root:accumulate return : 0.3987
INFO:root:accumulate return : 0.471
INFO:root:accumulate return : 0.4756
INFO:root:accumulate return : 0.4429
INFO:root:accumulate return : 0.4746
INFO:root:accumulate return : 0.3755
INFO:root:accumulate return : 0.5235
INFO:root:accumulate return : 0.4058
INFO:root:accumulate return : 0.4452
INFO:root:accumulate return : 0.3967
INFO:root:accumulate return : 0.4126
INFO:root:accumulate return : 0.4622
INFO:root:accumulate return : 0.4232
INFO:root:accumulate return : 0.412
INFO:root:accumulate return : 0.4695
INFO:root:accumulate return : 0.4747
INFO:root:accumulate return : 0.4326
INFO:root:accumulate return : 0.5043
INFO:root:accumulate return : 0.4692
INFO:root:accumulate return : 0.405
INFO:root:accumulate return : 0.4893
INFO:root:accumulate return : 0.3953
INFO:root:accumulate return : 0.4968
INFO:root:accumulate return : 0.4912
INFO:root:accumulate return : 0.4778
INFO:root:accumulate return : 0.5194
INFO:root:accumulate return : 0.5336
INFO:root:accumulate return : 0.4311
INFO:root:accumulate return : 0.4667
INFO:root:accumulate return : 0.4372
INFO:root:accumulate return : 0.4807
INFO:root:accumulate return : 0.5167
INFO:root:accumulate return : 0.4607
INFO:root:accumulate return : 0.4727
INFO:root:accumulate return : 0.3469
INFO:root:accumulate return : 0.4468
INFO:root:accumulate return : 0.3916
INFO:root:accumulate return : 0.5356
INFO:root:accumulate return : 0.5002
INFO:root:accumulate return : 0.4603
INFO:root:accumulate return : 0.4239
INFO:root:accumulate return : 0.4686
INFO:root:accumulate return : 0.4873
INFO:root:accumulate return : 0.433
INFO:root:accumulate return : 0.5007
INFO:root:accumulate return : 0.3937
INFO:root:accumulate return : 0.4664
INFO:root:accumulate return : 0.4515
INFO:root:accumulate return : 0.536
INFO:root:accumulate return : 0.4131
INFO:root:accumulate return : 0.479
INFO:root:accumulate return : 0.4772
INFO:root:accumulate return : 0.4751
INFO:root:accumulate return : 0.4714
INFO:root:accumulate return : 0.4604
INFO:root:accumulate return : 0.4682
INFO:root:accumulate return : 0.5137
INFO:root:accumulate return : 0.4685
INFO:root:accumulate return : 0.5216
INFO:root:accumulate return : 0.5332
INFO:root:accumulate return : 0.4293
INFO:root:accumulate return : 0.4498
INFO:root:accumulate return : 0.5094
INFO:root:accumulate return : 0.4835
INFO:root:accumulate return : 0.3991
INFO:root:accumulate return : 0.4916
INFO:root:accumulate return : 0.5012
INFO:root:accumulate return : 0.4397
INFO:root:accumulate return : 0.5147
INFO:root:accumulate return : 0.4681
INFO:root:accumulate return : 0.5007
INFO:root:accumulate return : 0.4377
INFO:root:accumulate return : 0.4999
INFO:root:accumulate return : 0.4969
INFO:root:accumulate return : 0.5226
INFO:root:accumulate return : 0.4878
INFO:root:accumulate return : 0.4271
INFO:root:accumulate return : 0.4978
INFO:root:accumulate return : 0.4654
INFO:root:accumulate return : 0.509
INFO:root:accumulate return : 0.4574
INFO:root:accumulate return : 0.4682
INFO:root:accumulate return : 0.4903
INFO:root:accumulate return : 0.4496
INFO:root:accumulate return : 0.5034
INFO:root:accumulate return : 0.4763
INFO:root:accumulate return : 0.3942
INFO:root:accumulate return : 0.5124
INFO:root:accumulate return : 0.5422
INFO:root:accumulate return : 0.4771
INFO:root:accumulate return : 0.4142
INFO:root:accumulate return : 0.3978
INFO:root:accumulate return : 0.5075
INFO:root:accumulate return : 0.4752
INFO:root:accumulate return : 0.5167
INFO:root:accumulate return : 0.5035
INFO:root:accumulate return : 0.4893
INFO:root:accumulate return : 0.5358
INFO:root:accumulate return : 0.4844
INFO:root:accumulate return : 0.4877
INFO:root:accumulate return : 0.5047
INFO:root:accumulate return : 0.4614
INFO:root:accumulate return : 0.5294
INFO:root:accumulate return : 0.4176
INFO:root:accumulate return : 0.5008
INFO:root:accumulate return : 0.4252
INFO:root:accumulate return : 0.4516
INFO:root:accumulate return : 0.4321
INFO:root:accumulate return : 0.5168
INFO:root:accumulate return : 0.4995
INFO:root:accumulate return : 0.5242
INFO:root:accumulate return : 0.398
INFO:root:accumulate return : 0.5242
INFO:root:accumulate return : 0.4536
INFO:root:accumulate return : 0.4984
INFO:root:accumulate return : 0.4656
INFO:root:accumulate return : 0.3596
INFO:root:accumulate return : 0.5254
INFO:root:accumulate return : 0.4841
INFO:root:accumulate return : 0.4421
INFO:root:accumulate return : 0.4743
INFO:root:accumulate return : 0.5392
INFO:root:accumulate return : 0.4639
INFO:root:accumulate return : 0.5063
INFO:root:accumulate return : 0.4761
INFO:root:accumulate return : 0.4848
INFO:root:accumulate return : 0.4201
INFO:root:accumulate return : 0.4711
INFO:root:accumulate return : 0.5019
INFO:root:accumulate return : 0.4448
INFO:root:accumulate return : 0.4774
INFO:root:accumulate return : 0.4887
INFO:root:accumulate return : 0.5775
INFO:root:accumulate return : 0.5385
INFO:root:accumulate return : 0.431
INFO:root:accumulate return : 0.434
INFO:root:accumulate return : 0.5076
INFO:root:accumulate return : 0.5254
INFO:root:accumulate return : 0.5342
INFO:root:accumulate return : 0.5843
INFO:root:accumulate return : 0.5352
INFO:root:accumulate return : 0.5179
INFO:root:accumulate return : 0.5516
INFO:root:accumulate return : 0.4625
INFO:root:accumulate return : 0.5724
INFO:root:accumulate return : 0.5704
INFO:root:accumulate return : 0.4664
INFO:root:accumulate return : 0.5049
INFO:root:accumulate return : 0.5392
INFO:root:accumulate return : 0.4717
INFO:root:accumulate return : 0.5056
INFO:root:accumulate return : 0.4954
INFO:root:accumulate return : 0.5483
INFO:root:accumulate return : 0.4519
INFO:root:accumulate return : 0.5483
INFO:root:accumulate return : 0.5861
INFO:root:accumulate return : 0.5994
INFO:root:accumulate return : 0.5925
INFO:root:accumulate return : 0.5151
INFO:root:accumulate return : 0.4755
INFO:root:accumulate return : 0.4991
INFO:root:accumulate return : 0.5081
INFO:root:accumulate return : 0.5437
INFO:root:accumulate return : 0.5274
INFO:root:accumulate return : 0.4799
INFO:root:accumulate return : 0.4419
INFO:root:accumulate return : 0.4099
INFO:root:accumulate return : 0.539
INFO:root:accumulate return : 0.5773
INFO:root:accumulate return : 0.5513
INFO:root:accumulate return : 0.5162
INFO:root:accumulate return : 0.507
INFO:root:accumulate return : 0.5068
INFO:root:accumulate return : 0.4912
INFO:root:accumulate return : 0.6254
INFO:root:accumulate return : 0.496
INFO:root:accumulate return : 0.5552
INFO:root:accumulate return : 0.505
INFO:root:accumulate return : 0.5469
INFO:root:accumulate return : 0.5265
INFO:root:accumulate return : 0.5518
INFO:root:accumulate return : 0.5237
INFO:root:accumulate return : 0.4696
INFO:root:accumulate return : 0.5394
INFO:root:accumulate return : 0.5573
INFO:root:accumulate return : 0.5354
INFO:root:accumulate return : 0.5476
INFO:root:accumulate return : 0.5529
INFO:root:accumulate return : 0.5379
INFO:root:accumulate return : 0.5074
INFO:root:accumulate return : 0.4853
INFO:root:accumulate return : 0.4259
INFO:root:accumulate return : 0.5572
INFO:root:accumulate return : 0.5367
INFO:root:accumulate return : 0.5187
INFO:root:accumulate return : 0.5269
INFO:root:accumulate return : 0.4723
INFO:root:accumulate return : 0.5114
INFO:root:accumulate return : 0.5835
INFO:root:accumulate return : 0.5216
INFO:root:accumulate return : 0.576
INFO:root:accumulate return : 0.556
INFO:root:accumulate return : 0.4632
INFO:root:accumulate return : 0.5721
INFO:root:accumulate return : 0.5016
INFO:root:accumulate return : 0.4917
INFO:root:accumulate return : 0.5339
INFO:root:accumulate return : 0.5664
INFO:root:accumulate return : 0.4959
INFO:root:accumulate return : 0.5073
INFO:root:accumulate return : 0.5356
INFO:root:accumulate return : 0.5606
INFO:root:accumulate return : 0.4842
INFO:root:accumulate return : 0.5582
INFO:root:accumulate return : 0.5338
INFO:root:accumulate return : 0.4955
INFO:root:accumulate return : 0.4811
INFO:root:accumulate return : 0.6067
INFO:root:accumulate return : 0.527
INFO:root:accumulate return : 0.4985
INFO:root:accumulate return : 0.5593
INFO:root:accumulate return : 0.5873
INFO:root:accumulate return : 0.4519
INFO:root:accumulate return : 0.5501
INFO:root:accumulate return : 0.5486
INFO:root:accumulate return : 0.5158
INFO:root:accumulate return : 0.5644
INFO:root:accumulate return : 0.5281
INFO:root:accumulate return : 0.5118
INFO:root:accumulate return : 0.5734
INFO:root:accumulate return : 0.4866
INFO:root:accumulate return : 0.5394
INFO:root:accumulate return : 0.486
INFO:root:accumulate return : 0.6055
INFO:root:accumulate return : 0.5717
INFO:root:accumulate return : 0.5856
INFO:root:accumulate return : 0.5682
INFO:root:accumulate return : 0.5254
INFO:root:accumulate return : 0.5273
INFO:root:accumulate return : 0.5523
INFO:root:accumulate return : 0.4756
INFO:root:accumulate return : 0.5306
INFO:root:accumulate return : 0.4995
INFO:root:accumulate return : 0.4205
INFO:root:accumulate return : 0.4792
INFO:root:accumulate return : 0.5477
INFO:root:accumulate return : 0.5456
INFO:root:accumulate return : 0.507
INFO:root:accumulate return : 0.5844
INFO:root:accumulate return : 0.5395
INFO:root:accumulate return : 0.5109
INFO:root:accumulate return : 0.5571
INFO:root:accumulate return : 0.4974
INFO:root:accumulate return : 0.5313
INFO:root:accumulate return : 0.5114
INFO:root:accumulate return : 0.5415
INFO:root:accumulate return : 0.4937
INFO:root:accumulate return : 0.5687
INFO:root:accumulate return : 0.5794
INFO:root:accumulate return : 0.5525
INFO:root:accumulate return : 0.4813
INFO:root:accumulate return : 0.5896
INFO:root:accumulate return : 0.6477
INFO:root:accumulate return : 0.4887
INFO:root:accumulate return : 0.6037
INFO:root:accumulate return : 0.5638
INFO:root:accumulate return : 0.636
INFO:root:accumulate return : 0.5347
INFO:root:accumulate return : 0.5491
INFO:root:accumulate return : 0.4968
INFO:root:accumulate return : 0.5727
INFO:root:accumulate return : 0.4983
INFO:root:accumulate return : 0.6127
INFO:root:accumulate return : 0.4
INFO:root:accumulate return : 0.4781
INFO:root:accumulate return : 0.48
INFO:root:accumulate return : 0.4885
INFO:root:accumulate return : 0.4915
INFO:root:accumulate return : 0.5315
INFO:root:accumulate return : 0.5466
INFO:root:accumulate return : 0.5436
INFO:root:accumulate return : 0.5853
INFO:root:accumulate return : 0.5096
INFO:root:accumulate return : 0.5539
INFO:root:accumulate return : 0.5681
INFO:root:accumulate return : 0.5695
INFO:root:accumulate return : 0.5936
INFO:root:accumulate return : 0.5883
INFO:root:accumulate return : 0.5655
INFO:root:accumulate return : 0.5876
INFO:root:accumulate return : 0.5099
INFO:root:accumulate return : 0.3878
INFO:root:accumulate return : 0.5728
INFO:root:accumulate return : 0.6022
INFO:root:accumulate return : 0.5717
INFO:root:accumulate return : 0.5891
INFO:root:accumulate return : 0.5638
INFO:root:accumulate return : 0.5513
INFO:root:accumulate return : 0.5503
INFO:root:accumulate return : 0.5141
INFO:root:accumulate return : 0.553
INFO:root:accumulate return : 0.6109
INFO:root:accumulate return : 0.6347
INFO:root:accumulate return : 0.5521
INFO:root:accumulate return : 0.5906
INFO:root:accumulate return : 0.4773
INFO:root:accumulate return : 0.5707
INFO:root:accumulate return : 0.5656
INFO:root:accumulate return : 0.5246
INFO:root:accumulate return : 0.5904
INFO:root:accumulate return : 0.6228
INFO:root:accumulate return : 0.5645
INFO:root:accumulate return : 0.5761
INFO:root:accumulate return : 0.5552
INFO:root:accumulate return : 0.4477
INFO:root:accumulate return : 0.5629
INFO:root:accumulate return : 0.5725
INFO:root:accumulate return : 0.5712
INFO:root:accumulate return : 0.5982
INFO:root:accumulate return : 0.5904
INFO:root:accumulate return : 0.5061
INFO:root:accumulate return : 0.5534
INFO:root:accumulate return : 0.547
INFO:root:accumulate return : 0.5137
INFO:root:accumulate return : 0.5348
INFO:root:accumulate return : 0.6227
INFO:root:accumulate return : 0.5485
INFO:root:accumulate return : 0.6085
INFO:root:accumulate return : 0.5517
INFO:root:accumulate return : 0.5487
INFO:root:accumulate return : 0.528
INFO:root:accumulate return : 0.5488
INFO:root:accumulate return : 0.6143
INFO:root:accumulate return : 0.5629
INFO:root:accumulate return : 0.5055
INFO:root:accumulate return : 0.4916
INFO:root:accumulate return : 0.575
INFO:root:accumulate return : 0.5303
INFO:root:accumulate return : 0.5419
INFO:root:accumulate return : 0.5991
INFO:root:accumulate return : 0.5568
INFO:root:accumulate return : 0.4778
INFO:root:accumulate return : 0.564
INFO:root:accumulate return : 0.5054
INFO:root:accumulate return : 0.4998
INFO:root:accumulate return : 0.5925
INFO:root:accumulate return : 0.6035
INFO:root:accumulate return : 0.6026
INFO:root:accumulate return : 0.5768
INFO:root:accumulate return : 0.5945
INFO:root:accumulate return : 0.5514
INFO:root:accumulate return : 0.5959
INFO:root:accumulate return : 0.587
INFO:root:accumulate return : 0.5449
INFO:root:accumulate return : 0.61
INFO:root:accumulate return : 0.5818
INFO:root:accumulate return : 0.5724
INFO:root:accumulate return : 0.4963
INFO:root:accumulate return : 0.5857
INFO:root:accumulate return : 0.6401
INFO:root:accumulate return : 0.5312
INFO:root:accumulate return : 0.4656
INFO:root:accumulate return : 0.5535
INFO:root:accumulate return : 0.5505
INFO:root:accumulate return : 0.5881
INFO:root:accumulate return : 0.5442
INFO:root:accumulate return : 0.5975
INFO:root:accumulate return : 0.5172
INFO:root:accumulate return : 0.5781
INFO:root:accumulate return : 0.5098
INFO:root:accumulate return : 0.5027
INFO:root:accumulate return : 0.58
INFO:root:accumulate return : 0.5668
INFO:root:accumulate return : 0.5787
INFO:root:accumulate return : 0.5897
INFO:root:accumulate return : 0.4684
INFO:root:accumulate return : 0.5502
INFO:root:accumulate return : 0.5393
INFO:root:accumulate return : 0.6046
INFO:root:accumulate return : 0.3932
INFO:root:accumulate return : 0.501
INFO:root:accumulate return : 0.6746
INFO:root:accumulate return : 0.5652
INFO:root:accumulate return : 0.5071
INFO:root:accumulate return : 0.5552
INFO:root:accumulate return : 0.5993
INFO:root:accumulate return : 0.6038
INFO:root:accumulate return : 0.5887
INFO:root:accumulate return : 0.5711
INFO:root:accumulate return : 0.5485
INFO:root:accumulate return : 0.5564
INFO:root:accumulate return : 0.6572
INFO:root:accumulate return : 0.5458
INFO:root:accumulate return : 0.5192
INFO:root:accumulate return : 0.5501
INFO:root:accumulate return : 0.5992
INFO:root:accumulate return : 0.5318
INFO:root:accumulate return : 0.5839
INFO:root:accumulate return : 0.5451
INFO:root:accumulate return : 0.4306
INFO:root:accumulate return : 0.5534
INFO:root:accumulate return : 0.6104
INFO:root:accumulate return : 0.5923
INFO:root:accumulate return : 0.5567
INFO:root:accumulate return : 0.5876
INFO:root:accumulate return : 0.513
INFO:root:accumulate return : 0.617
INFO:root:accumulate return : 0.5427
INFO:root:accumulate return : 0.6003
INFO:root:accumulate return : 0.5052
INFO:root:accumulate return : 0.5739
INFO:root:accumulate return : 0.6066
INFO:root:accumulate return : 0.5597
INFO:root:accumulate return : 0.5858
INFO:root:accumulate return : 0.5888
INFO:root:accumulate return : 0.553
INFO:root:accumulate return : 0.5442
INFO:root:accumulate return : 0.5383
INFO:root:accumulate return : 0.5124
INFO:root:accumulate return : 0.5383
INFO:root:accumulate return : 0.5076
INFO:root:accumulate return : 0.5335
INFO:root:accumulate return : 0.5179
INFO:root:accumulate return : 0.6906
INFO:root:accumulate return : 0.5688
INFO:root:accumulate return : 0.5078
INFO:root:accumulate return : 0.6258
INFO:root:accumulate return : 0.589
INFO:root:accumulate return : 0.6288
INFO:root:accumulate return : 0.5893
INFO:root:accumulate return : 0.6082
INFO:root:accumulate return : 0.5288
INFO:root:accumulate return : 0.6861
INFO:root:accumulate return : 0.5488
INFO:root:accumulate return : 0.5125
INFO:root:accumulate return : 0.6422
INFO:root:accumulate return : 0.5021
INFO:root:accumulate return : 0.639
INFO:root:accumulate return : 0.449
INFO:root:accumulate return : 0.5873
INFO:root:accumulate return : 0.6103
INFO:root:accumulate return : 0.6812
INFO:root:accumulate return : 0.5019
INFO:root:accumulate return : 0.5293
INFO:root:accumulate return : 0.5737
INFO:root:accumulate return : 0.6416
INFO:root:accumulate return : 0.5837
INFO:root:accumulate return : 0.6354
INFO:root:accumulate return : 0.5669
INFO:root:accumulate return : 0.6175
INFO:root:accumulate return : 0.5895
INFO:root:accumulate return : 0.6435
INFO:root:accumulate return : 0.5944
INFO:root:accumulate return : 0.6341
INFO:root:accumulate return : 0.5311
INFO:root:accumulate return : 0.5019
INFO:root:accumulate return : 0.5572
INFO:root:accumulate return : 0.5805
INFO:root:accumulate return : 0.6564
INFO:root:accumulate return : 0.5965
INFO:root:accumulate return : 0.5623
INFO:root:accumulate return : 0.5625
INFO:root:accumulate return : 0.6046
INFO:root:accumulate return : 0.6243
INFO:root:accumulate return : 0.5776
INFO:root:accumulate return : 0.5932
INFO:root:accumulate return : 0.5799
INFO:root:accumulate return : 0.6741
INFO:root:accumulate return : 0.5932
INFO:root:accumulate return : 0.6697
INFO:root:accumulate return : 0.6519
INFO:root:accumulate return : 0.618
INFO:root:accumulate return : 0.5812
INFO:root:accumulate return : 0.6459
INFO:root:accumulate return : 0.6517
INFO:root:accumulate return : 0.5665
INFO:root:accumulate return : 0.5654
INFO:root:accumulate return : 0.5912
INFO:root:accumulate return : 0.5754
INFO:root:accumulate return : 0.557
INFO:root:accumulate return : 0.5842
INFO:root:accumulate return : 0.5831
INFO:root:accumulate return : 0.6278
INFO:root:accumulate return : 0.5928
INFO:root:accumulate return : 0.6624
INFO:root:accumulate return : 0.5782
INFO:root:accumulate return : 0.6256
INFO:root:accumulate return : 0.6349
INFO:root:accumulate return : 0.599
INFO:root:accumulate return : 0.5252
INFO:root:accumulate return : 0.6371
INFO:root:accumulate return : 0.6669
INFO:root:accumulate return : 0.573
INFO:root:accumulate return : 0.5715
INFO:root:accumulate return : 0.6153
INFO:root:accumulate return : 0.6285
INFO:root:accumulate return : 0.552
INFO:root:accumulate return : 0.6084
INFO:root:accumulate return : 0.5557
INFO:root:accumulate return : 0.6332
INFO:root:accumulate return : 0.6039
INFO:root:accumulate return : 0.6301
INFO:root:accumulate return : 0.6567
INFO:root:accumulate return : 0.5278
INFO:root:accumulate return : 0.6171
INFO:root:accumulate return : 0.6491
INFO:root:accumulate return : 0.6349
INFO:root:accumulate return : 0.5662
INFO:root:accumulate return : 0.6444
INFO:root:accumulate return : 0.5455
INFO:root:accumulate return : 0.5863
INFO:root:accumulate return : 0.6205
INFO:root:accumulate return : 0.5243
INFO:root:accumulate return : 0.5203
INFO:root:accumulate return : 0.6105
INFO:root:accumulate return : 0.6643
INFO:root:accumulate return : 0.5565
INFO:root:accumulate return : 0.5853
INFO:root:accumulate return : 0.6012
INFO:root:accumulate return : 0.5956
INFO:root:accumulate return : 0.6428
INFO:root:accumulate return : 0.6793
INFO:root:accumulate return : 0.5758
INFO:root:accumulate return : 0.5742
INFO:root:accumulate return : 0.6318
INFO:root:accumulate return : 0.6603
INFO:root:accumulate return : 0.576
INFO:root:accumulate return : 0.6168
INFO:root:accumulate return : 0.6026
INFO:root:accumulate return : 0.4957
INFO:root:accumulate return : 0.595
INFO:root:accumulate return : 0.5932
INFO:root:accumulate return : 0.594
INFO:root:accumulate return : 0.6377
INFO:root:accumulate return : 0.6761
INFO:root:accumulate return : 0.6268
INFO:root:accumulate return : 0.6385
INFO:root:accumulate return : 0.619
INFO:root:accumulate return : 0.607
INFO:root:accumulate return : 0.6069
INFO:root:accumulate return : 0.6115
INFO:root:accumulate return : 0.6172
INFO:root:accumulate return : 0.6467
INFO:root:accumulate return : 0.5454
INFO:root:accumulate return : 0.5635
INFO:root:accumulate return : 0.5805
INFO:root:accumulate return : 0.6098
INFO:root:accumulate return : 0.574
INFO:root:accumulate return : 0.6389
INFO:root:accumulate return : 0.6266
INFO:root:accumulate return : 0.6552
INFO:root:accumulate return : 0.5615
INFO:root:accumulate return : 0.6837
INFO:root:accumulate return : 0.5864
INFO:root:accumulate return : 0.5528
INFO:root:accumulate return : 0.6403
INFO:root:accumulate return : 0.5824
INFO:root:accumulate return : 0.6877
INFO:root:accumulate return : 0.6311
INFO:root:accumulate return : 0.636
INFO:root:accumulate return : 0.5991
INFO:root:accumulate return : 0.5298
INFO:root:accumulate return : 0.6666
INFO:root:accumulate return : 0.6724
INFO:root:accumulate return : 0.6164
INFO:root:accumulate return : 0.6446
INFO:root:accumulate return : 0.6965
INFO:root:accumulate return : 0.5775
INFO:root:accumulate return : 0.6334
INFO:root:accumulate return : 0.6206
INFO:root:accumulate return : 0.5805
INFO:root:accumulate return : 0.6088
INFO:root:accumulate return : 0.6619
INFO:root:accumulate return : 0.663
INFO:root:accumulate return : 0.6215
INFO:root:accumulate return : 0.6904
INFO:root:accumulate return : 0.658
INFO:root:accumulate return : 0.5641
INFO:root:accumulate return : 0.5249
INFO:root:accumulate return : 0.5422
INFO:root:accumulate return : 0.69
INFO:root:accumulate return : 0.5449
INFO:root:accumulate return : 0.6425
INFO:root:accumulate return : 0.5808
INFO:root:accumulate return : 0.5645
INFO:root:accumulate return : 0.6519
INFO:root:accumulate return : 0.6923
INFO:root:accumulate return : 0.638
INFO:root:accumulate return : 0.5079
INFO:root:accumulate return : 0.622
INFO:root:accumulate return : 0.607
INFO:root:accumulate return : 0.6899
INFO:root:accumulate return : 0.5829
INFO:root:accumulate return : 0.6454
INFO:root:accumulate return : 0.6198
INFO:root:accumulate return : 0.6634
INFO:root:accumulate return : 0.6068
INFO:root:accumulate return : 0.6425
INFO:root:accumulate return : 0.6155
INFO:root:accumulate return : 0.6035
INFO:root:accumulate return : 0.6308
INFO:root:accumulate return : 0.6741
INFO:root:accumulate return : 0.613
INFO:root:accumulate return : 0.6078
INFO:root:accumulate return : 0.6139
INFO:root:accumulate return : 0.6434
INFO:root:accumulate return : 0.482
INFO:root:accumulate return : 0.5755
INFO:root:accumulate return : 0.6592
INFO:root:accumulate return : 0.5123
INFO:root:accumulate return : 0.6807
INFO:root:accumulate return : 0.6124
INFO:root:accumulate return : 0.5897
INFO:root:accumulate return : 0.6567
INFO:root:accumulate return : 0.6087
INFO:root:accumulate return : 0.643
INFO:root:accumulate return : 0.5976
INFO:root:accumulate return : 0.5648
INFO:root:accumulate return : 0.5912
INFO:root:accumulate return : 0.6909
INFO:root:accumulate return : 0.6133
INFO:root:accumulate return : 0.5855
INFO:root:accumulate return : 0.6968
INFO:root:accumulate return : 0.6307
INFO:root:accumulate return : 0.5935
INFO:root:accumulate return : 0.6509
INFO:root:accumulate return : 0.6261
INFO:root:accumulate return : 0.6924
INFO:root:accumulate return : 0.5938
INFO:root:accumulate return : 0.6392
INFO:root:accumulate return : 0.5508
INFO:root:accumulate return : 0.5662
INFO:root:accumulate return : 0.5767
INFO:root:accumulate return : 0.5366
INFO:root:accumulate return : 0.658
INFO:root:accumulate return : 0.6252
INFO:root:accumulate return : 0.6597
INFO:root:accumulate return : 0.5939
INFO:root:accumulate return : 0.6304
INFO:root:accumulate return : 0.5991
INFO:root:accumulate return : 0.5537
INFO:root:accumulate return : 0.6309
INFO:root:accumulate return : 0.6024
INFO:root:accumulate return : 0.6144
INFO:root:accumulate return : 0.6131
INFO:root:accumulate return : 0.6562
INFO:root:accumulate return : 0.6636
INFO:root:accumulate return : 0.6328
INFO:root:accumulate return : 0.5895
INFO:root:accumulate return : 0.5665
INFO:root:accumulate return : 0.6502
INFO:root:accumulate return : 0.6288
INFO:root:accumulate return : 0.6132
INFO:root:accumulate return : 0.5566
INFO:root:accumulate return : 0.5788
INFO:root:accumulate return : 0.5628
INFO:root:accumulate return : 0.6234
INFO:root:accumulate return : 0.6521
INFO:root:accumulate return : 0.6841
INFO:root:accumulate return : 0.5828
INFO:root:accumulate return : 0.6214
INFO:root:accumulate return : 0.6012
INFO:root:accumulate return : 0.6127
INFO:root:accumulate return : 0.6891
INFO:root:accumulate return : 0.6449
INFO:root:accumulate return : 0.6316
INFO:root:accumulate return : 0.6355
INFO:root:accumulate return : 0.6547
INFO:root:accumulate return : 0.6722
INFO:root:accumulate return : 0.5482
INFO:root:accumulate return : 0.6194
INFO:root:accumulate return : 0.5916
INFO:root:accumulate return : 0.6751
INFO:root:accumulate return : 0.5615
INFO:root:accumulate return : 0.5481
INFO:root:accumulate return : 0.6392
INFO:root:accumulate return : 0.6582
INFO:root:accumulate return : 0.6228
INFO:root:accumulate return : 0.5787
INFO:root:accumulate return : 0.6595
INFO:root:accumulate return : 0.6463
INFO:root:accumulate return : 0.5813
INFO:root:accumulate return : 0.5633
INFO:root:accumulate return : 0.6256
INFO:root:accumulate return : 0.5758
INFO:root:accumulate return : 0.6179
INFO:root:accumulate return : 0.6641
INFO:root:accumulate return : 0.627
INFO:root:accumulate return : 0.6249
INFO:root:accumulate return : 0.5717
INFO:root:accumulate return : 0.5853
INFO:root:accumulate return : 0.6046
INFO:root:accumulate return : 0.5951
INFO:root:accumulate return : 0.655
INFO:root:accumulate return : 0.5488
INFO:root:accumulate return : 0.596
INFO:root:accumulate return : 0.6687
INFO:root:accumulate return : 0.6455
INFO:root:accumulate return : 0.5989
INFO:root:accumulate return : 0.6512
INFO:root:accumulate return : 0.6403
INFO:root:accumulate return : 0.6236
INFO:root:accumulate return : 0.6018
INFO:root:accumulate return : 0.6125
INFO:root:accumulate return : 0.6138
INFO:root:accumulate return : 0.5808
INFO:root:accumulate return : 0.6354
INFO:root:accumulate return : 0.625
INFO:root:accumulate return : 0.5883
INFO:root:accumulate return : 0.7077
INFO:root:accumulate return : 0.6527
INFO:root:accumulate return : 0.6357
INFO:root:accumulate return : 0.6661
INFO:root:accumulate return : 0.6072
INFO:root:accumulate return : 0.6523
INFO:root:accumulate return : 0.5871
INFO:root:accumulate return : 0.6021
INFO:root:accumulate return : 0.6309
INFO:root:accumulate return : 0.6215
INFO:root:accumulate return : 0.6891
INFO:root:accumulate return : 0.5732
INFO:root:accumulate return : 0.6758
INFO:root:accumulate return : 0.5784
INFO:root:accumulate return : 0.6993
INFO:root:accumulate return : 0.6582
INFO:root:accumulate return : 0.6398
INFO:root:accumulate return : 0.6579
INFO:root:accumulate return : 0.6337
INFO:root:accumulate return : 0.566
INFO:root:accumulate return : 0.5957
INFO:root:accumulate return : 0.6297
INFO:root:accumulate return : 0.6241
INFO:root:accumulate return : 0.4914
INFO:root:accumulate return : 0.5258
INFO:root:accumulate return : 0.6396
INFO:root:accumulate return : 0.5712
INFO:root:accumulate return : 0.5485
INFO:root:accumulate return : 0.544
INFO:root:accumulate return : 0.6675
INFO:root:accumulate return : 0.5557
INFO:root:accumulate return : 0.6581
INFO:root:accumulate return : 0.6356
INFO:root:accumulate return : 0.642
INFO:root:accumulate return : 0.5824
INFO:root:accumulate return : 0.6593
INFO:root:accumulate return : 0.6362
INFO:root:accumulate return : 0.6142
INFO:root:accumulate return : 0.6906
INFO:root:accumulate return : 0.6716
INFO:root:accumulate return : 0.6464
INFO:root:accumulate return : 0.6833
INFO:root:accumulate return : 0.6634
INFO:root:accumulate return : 0.6319
INFO:root:accumulate return : 0.6724
INFO:root:accumulate return : 0.5823
INFO:root:accumulate return : 0.5015
INFO:root:accumulate return : 0.5802
INFO:root:accumulate return : 0.6216
INFO:root:accumulate return : 0.6481
INFO:root:accumulate return : 0.5619
INFO:root:accumulate return : 0.6007
INFO:root:accumulate return : 0.6727
INFO:root:accumulate return : 0.652
INFO:root:accumulate return : 0.6233
INFO:root:accumulate return : 0.6166
INFO:root:accumulate return : 0.6704
INFO:root:accumulate return : 0.7129
INFO:root:accumulate return : 0.7218
INFO:root:Processing time : 0.793333333333 hours
