INFO:root:Version : 7
INFO:root:Time start : 2016-06-06-05-39-06
INFO:root:Input data :GBP_USD240_oanda.csv
INFO:root:Parameter setting :
INFO:root:epsilon = 0.1
INFO:root:transaction_cost = 0.0005
INFO:root:epoch =2000
INFO:root:max_memory = 1000000
INFO:root:batch_size = 300
INFO:root:look back term = 300
INFO:root:hidden_size = 600
INFO:root:training period = -10000 ~ -1
INFO:root:learning rate = 0.1
INFO:root:discount rate = 9e-06
INFO:root:step_size = 10
INFO:root:activation function = relu
INFO:root:accumulate return : -3.09416
INFO:root:accumulate return : -2.91864
INFO:root:accumulate return : -3.1586
INFO:root:accumulate return : -2.96286
INFO:root:accumulate return : -3.21365
INFO:root:accumulate return : -3.0628
INFO:root:accumulate return : -3.17551
INFO:root:accumulate return : -3.10779
INFO:root:accumulate return : -3.13411
INFO:root:accumulate return : -3.10985
INFO:root:accumulate return : -1.44664
INFO:root:accumulate return : -1.42243
INFO:root:accumulate return : -1.30948
INFO:root:accumulate return : -1.49179
INFO:root:accumulate return : -1.30867
INFO:root:accumulate return : -1.31473
INFO:root:accumulate return : -1.12543
INFO:root:accumulate return : -1.53649
INFO:root:accumulate return : -1.32658
INFO:root:accumulate return : -1.25365
INFO:root:accumulate return : -0.56372
INFO:root:accumulate return : -0.8501
INFO:root:accumulate return : -0.8775
INFO:root:accumulate return : -0.60074
INFO:root:accumulate return : -0.54975
INFO:root:accumulate return : -0.76203
INFO:root:accumulate return : -0.76628
INFO:root:accumulate return : -0.77388
INFO:root:accumulate return : -0.75561
INFO:root:accumulate return : -0.76784
INFO:root:accumulate return : -0.47257
INFO:root:accumulate return : -0.47596
INFO:root:accumulate return : -0.28022
INFO:root:accumulate return : -0.49341
INFO:root:accumulate return : -0.25908
INFO:root:accumulate return : -0.42879
INFO:root:accumulate return : -0.49278
INFO:root:accumulate return : -0.41916
INFO:root:accumulate return : -0.14186
INFO:root:accumulate return : -0.24963
INFO:root:accumulate return : -0.34711
INFO:root:accumulate return : -0.30675
INFO:root:accumulate return : -0.41127
INFO:root:accumulate return : -0.41983
INFO:root:accumulate return : -0.61977
INFO:root:accumulate return : -0.27667
INFO:root:accumulate return : -0.43628
INFO:root:accumulate return : -0.59609
INFO:root:accumulate return : -0.62024
INFO:root:accumulate return : -0.51481
INFO:root:accumulate return : -0.34385
INFO:root:accumulate return : -0.21748
INFO:root:accumulate return : -0.33249
INFO:root:accumulate return : -0.27373
INFO:root:accumulate return : -0.39887
INFO:root:accumulate return : -0.45684
INFO:root:accumulate return : -0.25642
INFO:root:accumulate return : -0.18119
INFO:root:accumulate return : -0.53059
INFO:root:accumulate return : -0.34576
INFO:root:accumulate return : -0.15872
INFO:root:accumulate return : -0.11752
INFO:root:accumulate return : -0.20972
INFO:root:accumulate return : -0.17958
INFO:root:accumulate return : -0.10398
INFO:root:accumulate return : -0.28551
INFO:root:accumulate return : -0.11633
INFO:root:accumulate return : -0.26819
INFO:root:accumulate return : -0.13669
INFO:root:accumulate return : -0.08334
INFO:root:accumulate return : -0.19976
INFO:root:accumulate return : -0.23313
INFO:root:accumulate return : -0.14395
INFO:root:accumulate return : -0.20667
INFO:root:accumulate return : -0.1565
INFO:root:accumulate return : -0.22619
INFO:root:accumulate return : -0.30155
INFO:root:accumulate return : -0.15793
INFO:root:accumulate return : -0.20739
INFO:root:accumulate return : -0.32182
INFO:root:accumulate return : -0.24462
INFO:root:accumulate return : -0.09285
INFO:root:accumulate return : -0.31541
INFO:root:accumulate return : -0.3767
INFO:root:accumulate return : -0.48672
INFO:root:accumulate return : -0.61345
INFO:root:accumulate return : -0.43466
INFO:root:accumulate return : -0.21658
INFO:root:accumulate return : -0.22366
INFO:root:accumulate return : 0.095
INFO:root:accumulate return : -0.22408
INFO:root:accumulate return : 0.03116
INFO:root:accumulate return : -0.17833
INFO:root:accumulate return : 0.0067
INFO:root:accumulate return : 0.08035
INFO:root:accumulate return : 0.01921
INFO:root:accumulate return : -0.01155
INFO:root:accumulate return : -0.0227
INFO:root:accumulate return : 0.01373
INFO:root:accumulate return : 0.03693
INFO:root:accumulate return : 0.23124
INFO:root:accumulate return : -0.13815
INFO:root:accumulate return : -0.08055
INFO:root:accumulate return : -0.06776
INFO:root:accumulate return : -0.10907
INFO:root:accumulate return : -0.07956
INFO:root:accumulate return : -0.09275
INFO:root:accumulate return : -0.10525
INFO:root:accumulate return : 0.0322
INFO:root:accumulate return : 0.24827
INFO:root:accumulate return : -0.02849
INFO:root:accumulate return : -0.2169
INFO:root:accumulate return : -0.09538
INFO:root:accumulate return : 0.16037
INFO:root:accumulate return : -0.07483
INFO:root:accumulate return : 0.02722
INFO:root:accumulate return : -0.21175
INFO:root:accumulate return : -0.17988
INFO:root:accumulate return : 0.02422
INFO:root:accumulate return : 0.14037
INFO:root:accumulate return : 0.15231
INFO:root:accumulate return : 0.0302
INFO:root:accumulate return : 0.06936
INFO:root:accumulate return : 0.09943
INFO:root:accumulate return : 0.25129
INFO:root:accumulate return : -0.0202
INFO:root:accumulate return : -0.08118
INFO:root:accumulate return : 0.04428
INFO:root:accumulate return : -0.05534
INFO:root:accumulate return : -0.09044
INFO:root:accumulate return : -0.01175
INFO:root:accumulate return : 0.19495
INFO:root:accumulate return : 0.25213
INFO:root:accumulate return : 0.26564
INFO:root:accumulate return : 0.01066
INFO:root:accumulate return : 0.00340000000004
INFO:root:accumulate return : 0.1365
INFO:root:accumulate return : 0.18296
INFO:root:accumulate return : 0.0981
INFO:root:accumulate return : -0.08858
INFO:root:accumulate return : -0.12526
INFO:root:accumulate return : -0.02015
INFO:root:accumulate return : 0.16528
INFO:root:accumulate return : 0.0235
INFO:root:accumulate return : -0.03266
INFO:root:accumulate return : 0.13583
INFO:root:accumulate return : 0.02723
INFO:root:accumulate return : 0.06331
INFO:root:accumulate return : -0.01256
INFO:root:accumulate return : -0.23914
INFO:root:accumulate return : 0.10345
INFO:root:accumulate return : 0.27334
INFO:root:accumulate return : 0.2005
INFO:root:accumulate return : 0.19718
INFO:root:accumulate return : 0.14181
INFO:root:accumulate return : 0.16817
INFO:root:accumulate return : 0.32136
INFO:root:accumulate return : 0.10647
INFO:root:accumulate return : 0.25748
INFO:root:accumulate return : 0.23266
INFO:root:accumulate return : 0.41525
INFO:root:accumulate return : 0.4443
INFO:root:accumulate return : 0.37508
INFO:root:accumulate return : 0.4382
INFO:root:accumulate return : 0.44321
INFO:root:accumulate return : 0.37602
INFO:root:accumulate return : 0.44251
INFO:root:accumulate return : 0.36843
INFO:root:accumulate return : 0.30436
INFO:root:accumulate return : 0.13467
INFO:root:accumulate return : 0.41043
INFO:root:accumulate return : 0.25662
INFO:root:accumulate return : 0.24973
INFO:root:accumulate return : 0.44605
INFO:root:accumulate return : 0.31932
INFO:root:accumulate return : 0.3035
INFO:root:accumulate return : 0.3623
INFO:root:accumulate return : 0.39251
INFO:root:accumulate return : 0.26045
INFO:root:accumulate return : 0.347
INFO:root:accumulate return : 0.47126
INFO:root:accumulate return : 0.52356
INFO:root:accumulate return : 0.48212
INFO:root:accumulate return : 0.25551
INFO:root:accumulate return : 0.71992
INFO:root:accumulate return : 0.41455
INFO:root:accumulate return : 0.56163
INFO:root:accumulate return : 0.46324
INFO:root:accumulate return : 0.39191
INFO:root:accumulate return : 0.53212
INFO:root:accumulate return : 0.3999
INFO:root:accumulate return : 0.31025
INFO:root:accumulate return : 0.43617
INFO:root:accumulate return : 0.2086
INFO:root:accumulate return : 0.38413
INFO:root:accumulate return : 0.42321
INFO:root:accumulate return : 0.27252
INFO:root:accumulate return : 0.28895
INFO:root:accumulate return : 0.21153
INFO:root:accumulate return : 0.4241
INFO:root:accumulate return : 0.52589
INFO:root:accumulate return : 0.62296
INFO:root:accumulate return : 0.54445
INFO:root:accumulate return : 0.42173
INFO:root:accumulate return : 0.58565
INFO:root:accumulate return : 0.70239
INFO:root:accumulate return : 0.70148
INFO:root:accumulate return : 0.49998
INFO:root:accumulate return : 0.25137
INFO:root:accumulate return : 0.5432
INFO:root:accumulate return : 0.8465
INFO:root:accumulate return : 0.7492
INFO:root:accumulate return : 0.91225
INFO:root:accumulate return : 0.96101
INFO:root:accumulate return : 0.76255
INFO:root:accumulate return : 0.73208
INFO:root:accumulate return : 0.90516
INFO:root:accumulate return : 0.9234
INFO:root:accumulate return : 0.59867
INFO:root:accumulate return : 0.91751
INFO:root:accumulate return : 0.66101
INFO:root:accumulate return : 0.55968
INFO:root:accumulate return : 0.61926
INFO:root:accumulate return : 0.65207
INFO:root:accumulate return : 0.50057
INFO:root:accumulate return : 0.42621
INFO:root:accumulate return : 0.69917
INFO:root:accumulate return : 0.78123
INFO:root:accumulate return : 0.55122
INFO:root:accumulate return : 0.67846
INFO:root:accumulate return : 0.91278
INFO:root:accumulate return : 0.9287
INFO:root:accumulate return : 0.6892
INFO:root:accumulate return : 0.78719
INFO:root:accumulate return : 0.77636
INFO:root:accumulate return : 0.81639
INFO:root:accumulate return : 0.95602
INFO:root:accumulate return : 0.74472
INFO:root:accumulate return : 0.71109
INFO:root:accumulate return : 0.78308
INFO:root:accumulate return : 0.90321
INFO:root:accumulate return : 0.90732
INFO:root:accumulate return : 0.90955
INFO:root:accumulate return : 0.79085
INFO:root:accumulate return : 0.76341
INFO:root:accumulate return : 0.81396
INFO:root:accumulate return : 0.74116
INFO:root:accumulate return : 0.90561
INFO:root:accumulate return : 0.719
INFO:root:accumulate return : 0.88766
INFO:root:accumulate return : 0.72843
INFO:root:accumulate return : 0.73281
INFO:root:accumulate return : 0.7132
INFO:root:accumulate return : 0.58547
INFO:root:accumulate return : 0.78984
INFO:root:accumulate return : 0.72075
INFO:root:accumulate return : 0.69716
INFO:root:accumulate return : 0.87263
INFO:root:accumulate return : 0.70579
INFO:root:accumulate return : 0.76252
INFO:root:accumulate return : 0.7292
INFO:root:accumulate return : 1.18851
INFO:root:accumulate return : 0.8562
INFO:root:accumulate return : 0.85635
INFO:root:accumulate return : 1.03988
INFO:root:accumulate return : 1.24409
INFO:root:accumulate return : 1.0303
INFO:root:accumulate return : 1.03588
INFO:root:accumulate return : 1.03342
INFO:root:accumulate return : 1.04569
INFO:root:accumulate return : 1.06764
INFO:root:accumulate return : 1.09312
INFO:root:accumulate return : 1.06032
INFO:root:accumulate return : 1.12174
INFO:root:accumulate return : 1.04743
INFO:root:accumulate return : 1.27685
INFO:root:accumulate return : 1.08888
INFO:root:accumulate return : 0.86792
INFO:root:accumulate return : 0.95649
INFO:root:accumulate return : 0.90205
INFO:root:accumulate return : 1.20982
INFO:root:accumulate return : 1.25434
INFO:root:accumulate return : 1.07736
INFO:root:accumulate return : 1.21209
INFO:root:accumulate return : 0.99718
INFO:root:accumulate return : 1.30556
INFO:root:accumulate return : 1.32398
INFO:root:accumulate return : 1.04118
INFO:root:accumulate return : 1.3583
INFO:root:accumulate return : 1.3361
INFO:root:accumulate return : 1.29199
INFO:root:accumulate return : 1.14658
INFO:root:accumulate return : 1.27757
INFO:root:accumulate return : 1.17779
INFO:root:accumulate return : 1.40259
INFO:root:accumulate return : 1.46849
INFO:root:accumulate return : 1.4795
INFO:root:accumulate return : 1.27878
INFO:root:accumulate return : 1.22854
INFO:root:accumulate return : 1.27169
INFO:root:accumulate return : 1.15022
INFO:root:accumulate return : 1.41307
INFO:root:accumulate return : 1.13225
INFO:root:accumulate return : 1.32741
INFO:root:accumulate return : 1.58225
INFO:root:accumulate return : 1.33659
INFO:root:accumulate return : 1.23921
INFO:root:accumulate return : 1.36534
INFO:root:accumulate return : 1.40351
INFO:root:accumulate return : 1.27625
INFO:root:accumulate return : 1.20426
INFO:root:accumulate return : 1.02228
INFO:root:accumulate return : 1.29536
INFO:root:accumulate return : 1.23172
INFO:root:accumulate return : 1.23309
INFO:root:accumulate return : 1.2851
INFO:root:accumulate return : 1.25943
INFO:root:accumulate return : 1.51846
INFO:root:accumulate return : 1.29037
INFO:root:accumulate return : 1.39109
INFO:root:accumulate return : 1.26401
INFO:root:accumulate return : 1.39844
INFO:root:accumulate return : 1.3335
INFO:root:accumulate return : 1.29063
INFO:root:accumulate return : 1.32653
INFO:root:accumulate return : 1.37783
INFO:root:accumulate return : 1.32999
INFO:root:accumulate return : 1.15956
INFO:root:accumulate return : 1.25553
INFO:root:accumulate return : 1.44944
INFO:root:accumulate return : 1.78455
INFO:root:accumulate return : 1.69617
INFO:root:accumulate return : 1.4962
INFO:root:accumulate return : 1.51469
INFO:root:accumulate return : 1.55492
INFO:root:accumulate return : 1.60472
INFO:root:accumulate return : 1.58412
INFO:root:accumulate return : 1.39544
INFO:root:accumulate return : 1.67544
INFO:root:accumulate return : 1.66128
INFO:root:accumulate return : 1.67593
INFO:root:accumulate return : 1.54383
INFO:root:accumulate return : 1.64961
INFO:root:accumulate return : 1.26422
INFO:root:accumulate return : 1.58293
INFO:root:accumulate return : 1.34172
INFO:root:accumulate return : 1.45354
INFO:root:accumulate return : 1.41549
INFO:root:accumulate return : 1.67809
INFO:root:accumulate return : 1.53602
INFO:root:accumulate return : 1.57292
INFO:root:accumulate return : 1.56325
INFO:root:accumulate return : 1.28783
INFO:root:accumulate return : 1.19004
INFO:root:accumulate return : 1.53888
INFO:root:accumulate return : 1.47648
INFO:root:accumulate return : 1.37408
INFO:root:accumulate return : 1.31409
INFO:root:accumulate return : 1.45168
INFO:root:accumulate return : 1.42863
INFO:root:accumulate return : 1.29718
INFO:root:accumulate return : 1.32658
INFO:root:accumulate return : 1.18345
INFO:root:accumulate return : 1.33665
INFO:root:accumulate return : 1.50126
INFO:root:accumulate return : 1.3962
INFO:root:accumulate return : 1.25981
INFO:root:accumulate return : 1.61596
INFO:root:accumulate return : 1.33438
INFO:root:accumulate return : 1.26059
INFO:root:accumulate return : 1.14342
INFO:root:accumulate return : 1.14587
INFO:root:accumulate return : 1.30188
INFO:root:accumulate return : 1.14757
INFO:root:accumulate return : 1.19546
INFO:root:accumulate return : 1.0071
INFO:root:accumulate return : 0.98218
INFO:root:accumulate return : 1.08296
INFO:root:accumulate return : 1.0865
INFO:root:accumulate return : 1.32734
INFO:root:accumulate return : 1.34505
INFO:root:accumulate return : 1.51279
INFO:root:accumulate return : 1.18961
INFO:root:accumulate return : 1.38312
INFO:root:accumulate return : 1.54775
INFO:root:accumulate return : 1.32816
INFO:root:accumulate return : 1.34179
INFO:root:accumulate return : 1.55202
INFO:root:accumulate return : 1.50481
INFO:root:accumulate return : 1.47468
INFO:root:accumulate return : 1.63245
INFO:root:accumulate return : 1.45016
INFO:root:accumulate return : 1.48554
INFO:root:accumulate return : 1.59554
INFO:root:accumulate return : 1.52623
INFO:root:accumulate return : 1.66899
INFO:root:accumulate return : 1.46209
INFO:root:accumulate return : 1.48452
INFO:root:accumulate return : 1.54204
INFO:root:accumulate return : 1.43477
INFO:root:accumulate return : 1.82472
INFO:root:accumulate return : 1.86901
INFO:root:accumulate return : 1.69563
INFO:root:accumulate return : 1.73545
INFO:root:accumulate return : 1.75779
INFO:root:accumulate return : 1.69358
INFO:root:accumulate return : 1.83884
INFO:root:accumulate return : 1.6602
INFO:root:accumulate return : 1.91205
INFO:root:accumulate return : 1.78601
INFO:root:accumulate return : 1.83034
INFO:root:accumulate return : 1.94362
INFO:root:accumulate return : 1.79074
INFO:root:accumulate return : 1.63612
INFO:root:accumulate return : 1.79592
INFO:root:accumulate return : 2.01787
INFO:root:accumulate return : 1.78512
INFO:root:accumulate return : 1.66179
INFO:root:accumulate return : 1.79963
INFO:root:accumulate return : 1.90044
INFO:root:accumulate return : 1.90745
INFO:root:accumulate return : 2.04461
INFO:root:accumulate return : 1.83787
INFO:root:accumulate return : 1.94585
INFO:root:accumulate return : 1.76811
INFO:root:accumulate return : 1.87032
INFO:root:accumulate return : 2.17849
INFO:root:accumulate return : 2.02428
INFO:root:accumulate return : 2.02485
INFO:root:accumulate return : 1.77496
INFO:root:accumulate return : 2.00229
INFO:root:accumulate return : 1.81714
INFO:root:accumulate return : 1.99904
INFO:root:accumulate return : 1.83684
INFO:root:accumulate return : 1.91836
INFO:root:accumulate return : 1.61582
INFO:root:accumulate return : 1.73228
INFO:root:accumulate return : 1.81085
INFO:root:accumulate return : 1.62571
INFO:root:accumulate return : 2.08225
INFO:root:accumulate return : 2.03088
INFO:root:accumulate return : 1.78109
INFO:root:accumulate return : 1.96389
INFO:root:accumulate return : 1.7554
INFO:root:accumulate return : 1.84034
INFO:root:accumulate return : 1.99408
INFO:root:accumulate return : 1.72796
INFO:root:accumulate return : 1.90564
INFO:root:accumulate return : 1.85793
INFO:root:accumulate return : 2.07168
INFO:root:accumulate return : 1.97242
INFO:root:accumulate return : 1.91041
INFO:root:accumulate return : 1.87061
INFO:root:accumulate return : 2.26356
INFO:root:accumulate return : 2.11992
INFO:root:accumulate return : 2.10099
INFO:root:accumulate return : 2.20616
INFO:root:accumulate return : 1.95961
INFO:root:accumulate return : 1.9711
INFO:root:accumulate return : 2.09879
INFO:root:accumulate return : 1.98542
INFO:root:accumulate return : 1.95136
INFO:root:accumulate return : 2.12962
INFO:root:accumulate return : 2.07717
INFO:root:accumulate return : 2.03179
INFO:root:accumulate return : 1.88134
INFO:root:accumulate return : 1.92892
INFO:root:accumulate return : 1.87697
INFO:root:accumulate return : 1.9342
INFO:root:accumulate return : 1.94862
INFO:root:accumulate return : 2.311
INFO:root:accumulate return : 2.01631
INFO:root:accumulate return : 2.04273
INFO:root:accumulate return : 2.20508
INFO:root:accumulate return : 2.08067
INFO:root:accumulate return : 2.16253
INFO:root:accumulate return : 2.15921
INFO:root:accumulate return : 2.04583
INFO:root:accumulate return : 2.21027
INFO:root:accumulate return : 2.17155
INFO:root:accumulate return : 2.12234
INFO:root:accumulate return : 1.92858
INFO:root:accumulate return : 1.75059
INFO:root:accumulate return : 2.28359
INFO:root:accumulate return : 2.09053
INFO:root:accumulate return : 2.05257
INFO:root:accumulate return : 2.01131
INFO:root:accumulate return : 1.99393
INFO:root:accumulate return : 1.98044
INFO:root:accumulate return : 1.96229
INFO:root:accumulate return : 1.99043
INFO:root:accumulate return : 2.1131
INFO:root:accumulate return : 2.17623
INFO:root:accumulate return : 2.23225
INFO:root:accumulate return : 2.04857
INFO:root:accumulate return : 1.77682
INFO:root:accumulate return : 1.90927
INFO:root:accumulate return : 2.06371
INFO:root:accumulate return : 2.17163
INFO:root:accumulate return : 2.06415
INFO:root:accumulate return : 2.10805
INFO:root:accumulate return : 2.09565
INFO:root:accumulate return : 2.35594
INFO:root:accumulate return : 1.86785
INFO:root:accumulate return : 2.02884
INFO:root:accumulate return : 2.20356
INFO:root:accumulate return : 1.79945
INFO:root:accumulate return : 1.98804
INFO:root:accumulate return : 2.05719
INFO:root:accumulate return : 2.01423
INFO:root:accumulate return : 2.15937
INFO:root:accumulate return : 2.30972
INFO:root:accumulate return : 2.20625
INFO:root:accumulate return : 2.16286
INFO:root:accumulate return : 2.19959
INFO:root:accumulate return : 2.3182
INFO:root:accumulate return : 1.99885
INFO:root:accumulate return : 2.2333
INFO:root:accumulate return : 2.0533
INFO:root:accumulate return : 2.01037
INFO:root:accumulate return : 2.09487
INFO:root:accumulate return : 2.15385
INFO:root:accumulate return : 2.17426
INFO:root:accumulate return : 2.08291
INFO:root:accumulate return : 2.04064
INFO:root:accumulate return : 1.97439
INFO:root:accumulate return : 2.19695
INFO:root:accumulate return : 1.83
INFO:root:accumulate return : 2.15412
INFO:root:accumulate return : 2.20859
INFO:root:accumulate return : 2.2601
INFO:root:accumulate return : 2.08026
INFO:root:accumulate return : 2.20662
INFO:root:accumulate return : 2.34658
INFO:root:accumulate return : 2.16308
INFO:root:accumulate return : 2.12465
INFO:root:accumulate return : 1.97478
INFO:root:accumulate return : 2.04109
INFO:root:accumulate return : 2.03053
INFO:root:accumulate return : 2.00921
INFO:root:accumulate return : 2.12252
INFO:root:accumulate return : 2.29774
INFO:root:accumulate return : 2.16704
INFO:root:accumulate return : 2.37416
INFO:root:accumulate return : 1.98581
INFO:root:accumulate return : 2.08181
INFO:root:accumulate return : 1.9639
INFO:root:accumulate return : 1.98586
INFO:root:accumulate return : 1.99936
INFO:root:accumulate return : 2.14891
INFO:root:accumulate return : 2.33424
INFO:root:accumulate return : 1.88467
INFO:root:accumulate return : 2.09239
INFO:root:accumulate return : 2.36371
INFO:root:accumulate return : 2.3386
INFO:root:accumulate return : 2.02143
INFO:root:accumulate return : 2.09196
INFO:root:accumulate return : 2.14463
INFO:root:accumulate return : 2.06077
INFO:root:accumulate return : 2.21469
INFO:root:accumulate return : 2.41196
INFO:root:accumulate return : 2.29135
INFO:root:accumulate return : 2.38408
INFO:root:accumulate return : 2.0554
INFO:root:accumulate return : 2.23742
INFO:root:accumulate return : 2.47599
INFO:root:accumulate return : 2.28257
INFO:root:accumulate return : 2.44634
INFO:root:accumulate return : 2.20538
INFO:root:accumulate return : 2.14075
INFO:root:accumulate return : 2.47747
INFO:root:accumulate return : 2.50663
INFO:root:accumulate return : 2.33574
INFO:root:accumulate return : 2.36018
INFO:root:accumulate return : 2.29897
INFO:root:accumulate return : 2.3127
INFO:root:accumulate return : 2.29409
INFO:root:accumulate return : 2.20891
INFO:root:accumulate return : 2.336
INFO:root:accumulate return : 2.52375
INFO:root:accumulate return : 2.39385
INFO:root:accumulate return : 2.32188
INFO:root:accumulate return : 2.52609
INFO:root:accumulate return : 2.45476
INFO:root:accumulate return : 2.40014
INFO:root:accumulate return : 2.43915
INFO:root:accumulate return : 2.47548
INFO:root:accumulate return : 2.28346
INFO:root:accumulate return : 2.35186
INFO:root:accumulate return : 2.24265
INFO:root:accumulate return : 2.40458
INFO:root:accumulate return : 2.54209
INFO:root:accumulate return : 2.59166
INFO:root:accumulate return : 2.3647
INFO:root:accumulate return : 2.49437
INFO:root:accumulate return : 2.48019
INFO:root:accumulate return : 2.49192
INFO:root:accumulate return : 2.17477
INFO:root:accumulate return : 2.33718
INFO:root:accumulate return : 2.38988
INFO:root:accumulate return : 2.52227
INFO:root:accumulate return : 2.28282
INFO:root:accumulate return : 2.44874
INFO:root:accumulate return : 2.31121
INFO:root:accumulate return : 2.19408
INFO:root:accumulate return : 2.33221
INFO:root:accumulate return : 2.68721
INFO:root:accumulate return : 2.295
INFO:root:accumulate return : 2.39245
INFO:root:accumulate return : 2.38517
INFO:root:accumulate return : 2.45031
INFO:root:accumulate return : 2.17497
INFO:root:accumulate return : 2.47445
INFO:root:accumulate return : 2.32923
INFO:root:accumulate return : 2.29305
INFO:root:accumulate return : 2.27767
INFO:root:accumulate return : 2.29468
INFO:root:accumulate return : 2.44651
INFO:root:accumulate return : 2.33854
INFO:root:accumulate return : 2.4078
INFO:root:accumulate return : 2.56119
INFO:root:accumulate return : 2.41354
INFO:root:accumulate return : 2.61772
INFO:root:accumulate return : 2.50307
INFO:root:accumulate return : 2.55607
INFO:root:accumulate return : 2.58167
INFO:root:accumulate return : 2.56242
INFO:root:accumulate return : 2.49093
INFO:root:accumulate return : 2.49077
INFO:root:accumulate return : 2.53547
INFO:root:accumulate return : 2.48766
INFO:root:accumulate return : 2.46133
INFO:root:accumulate return : 2.50586
INFO:root:accumulate return : 2.52932
INFO:root:accumulate return : 2.33404
INFO:root:accumulate return : 2.57505
INFO:root:accumulate return : 2.3882
INFO:root:accumulate return : 2.51089
INFO:root:accumulate return : 2.45856
INFO:root:accumulate return : 2.43439
INFO:root:accumulate return : 2.57629
INFO:root:accumulate return : 2.40314
INFO:root:accumulate return : 2.18337
INFO:root:accumulate return : 2.37851
INFO:root:accumulate return : 2.29442
INFO:root:accumulate return : 2.37135
INFO:root:accumulate return : 2.1881
INFO:root:accumulate return : 2.31958
INFO:root:accumulate return : 2.40688
INFO:root:accumulate return : 2.20442
INFO:root:accumulate return : 2.2652
INFO:root:accumulate return : 2.50809
INFO:root:accumulate return : 2.52949
INFO:root:accumulate return : 2.34333
INFO:root:accumulate return : 2.2419
INFO:root:accumulate return : 2.4225
INFO:root:accumulate return : 2.25121
INFO:root:accumulate return : 2.27141
INFO:root:accumulate return : 2.40425
INFO:root:accumulate return : 2.39838
INFO:root:accumulate return : 2.6672
INFO:root:accumulate return : 2.52518
INFO:root:accumulate return : 2.27934
INFO:root:accumulate return : 2.33119
INFO:root:accumulate return : 2.58511
INFO:root:accumulate return : 2.19262
INFO:root:accumulate return : 2.56164
INFO:root:accumulate return : 2.60141
INFO:root:accumulate return : 2.34915
INFO:root:accumulate return : 2.65306
INFO:root:accumulate return : 2.35111
INFO:root:accumulate return : 2.45126
INFO:root:accumulate return : 2.45361
INFO:root:accumulate return : 2.43898
INFO:root:accumulate return : 2.38207
INFO:root:accumulate return : 2.44111
INFO:root:accumulate return : 2.38418
INFO:root:accumulate return : 2.42574
INFO:root:accumulate return : 2.385
INFO:root:accumulate return : 2.40329
INFO:root:accumulate return : 2.60079
INFO:root:accumulate return : 2.34792
INFO:root:accumulate return : 2.32605
INFO:root:accumulate return : 2.70259
INFO:root:accumulate return : 2.53208
INFO:root:accumulate return : 2.441
INFO:root:accumulate return : 2.26449
INFO:root:accumulate return : 2.38082
INFO:root:accumulate return : 2.64942
INFO:root:accumulate return : 2.5866
INFO:root:accumulate return : 2.48043
INFO:root:accumulate return : 2.20293
INFO:root:accumulate return : 2.2094
INFO:root:accumulate return : 2.3078
INFO:root:accumulate return : 2.40635
INFO:root:accumulate return : 2.53419
INFO:root:accumulate return : 2.58749
INFO:root:accumulate return : 2.48187
INFO:root:accumulate return : 2.41468
INFO:root:accumulate return : 2.3833
INFO:root:accumulate return : 2.34416
INFO:root:accumulate return : 2.42878
INFO:root:accumulate return : 2.27197
INFO:root:accumulate return : 2.36639
INFO:root:accumulate return : 2.43094
INFO:root:accumulate return : 2.43983
INFO:root:accumulate return : 2.23766
INFO:root:accumulate return : 2.65973
INFO:root:accumulate return : 2.14191
INFO:root:accumulate return : 2.77028
INFO:root:accumulate return : 2.54393
INFO:root:accumulate return : 2.74055
INFO:root:accumulate return : 2.56994
INFO:root:accumulate return : 2.51743
INFO:root:accumulate return : 2.38703
INFO:root:accumulate return : 2.54531
INFO:root:accumulate return : 2.58668
INFO:root:accumulate return : 2.31618
INFO:root:accumulate return : 2.4233
INFO:root:accumulate return : 2.59247
INFO:root:accumulate return : 2.5256
INFO:root:accumulate return : 2.70865
INFO:root:accumulate return : 2.62732
INFO:root:accumulate return : 2.53923
INFO:root:accumulate return : 2.5372
INFO:root:accumulate return : 2.70154
INFO:root:accumulate return : 2.73191
INFO:root:accumulate return : 2.49199
INFO:root:accumulate return : 2.6736
INFO:root:accumulate return : 2.58915
INFO:root:accumulate return : 2.66205
INFO:root:accumulate return : 2.62093
INFO:root:accumulate return : 2.78259
INFO:root:accumulate return : 2.49743
INFO:root:accumulate return : 2.63696
INFO:root:accumulate return : 2.47556
INFO:root:accumulate return : 2.71863
INFO:root:accumulate return : 2.76973
INFO:root:accumulate return : 2.72313
INFO:root:accumulate return : 2.69387
INFO:root:accumulate return : 2.86396
INFO:root:accumulate return : 2.62608
INFO:root:accumulate return : 2.53855
INFO:root:accumulate return : 2.7367
INFO:root:accumulate return : 2.54941
INFO:root:accumulate return : 2.56424
INFO:root:accumulate return : 2.46955
INFO:root:accumulate return : 2.67089
INFO:root:accumulate return : 2.60236
INFO:root:accumulate return : 2.4273
INFO:root:accumulate return : 2.73206
INFO:root:accumulate return : 2.69012
INFO:root:accumulate return : 2.58879
INFO:root:accumulate return : 2.72376
INFO:root:accumulate return : 2.40839
INFO:root:accumulate return : 2.60244
INFO:root:accumulate return : 2.66273
INFO:root:accumulate return : 2.68912
INFO:root:accumulate return : 2.59813
INFO:root:accumulate return : 2.78439
INFO:root:accumulate return : 2.57073
INFO:root:accumulate return : 2.44155
INFO:root:accumulate return : 2.41367
INFO:root:accumulate return : 2.42764
INFO:root:accumulate return : 2.69413
INFO:root:accumulate return : 2.67992
INFO:root:accumulate return : 2.41094
INFO:root:accumulate return : 2.51653
INFO:root:accumulate return : 2.40423
INFO:root:accumulate return : 2.65467
INFO:root:accumulate return : 2.63622
INFO:root:accumulate return : 2.72088
INFO:root:accumulate return : 2.71292
INFO:root:accumulate return : 2.38357
INFO:root:accumulate return : 2.38595
INFO:root:accumulate return : 2.31815
INFO:root:accumulate return : 2.59964
INFO:root:accumulate return : 2.69453
INFO:root:accumulate return : 2.69948
INFO:root:accumulate return : 2.4855
INFO:root:accumulate return : 2.88677
INFO:root:accumulate return : 2.82594
INFO:root:accumulate return : 2.90144
INFO:root:accumulate return : 2.78837
INFO:root:accumulate return : 2.61399
INFO:root:accumulate return : 2.97051
INFO:root:accumulate return : 3.12181
INFO:root:accumulate return : 2.7602
INFO:root:accumulate return : 2.5462
INFO:root:accumulate return : 2.84599
INFO:root:accumulate return : 2.61391
INFO:root:accumulate return : 2.4993
INFO:root:accumulate return : 2.61343
INFO:root:accumulate return : 2.65707
INFO:root:accumulate return : 2.58032
INFO:root:accumulate return : 2.64358
INFO:root:accumulate return : 2.77565
INFO:root:accumulate return : 2.57799
INFO:root:accumulate return : 2.74754
INFO:root:accumulate return : 2.63586
INFO:root:accumulate return : 2.66673
INFO:root:accumulate return : 2.80912
INFO:root:accumulate return : 2.70128
INFO:root:accumulate return : 2.59864
INFO:root:accumulate return : 2.43526
INFO:root:accumulate return : 2.49704
INFO:root:accumulate return : 2.71349
INFO:root:accumulate return : 2.62463
INFO:root:accumulate return : 2.58806
INFO:root:accumulate return : 2.35398
INFO:root:accumulate return : 2.86502
INFO:root:accumulate return : 2.78473
INFO:root:accumulate return : 2.80128
INFO:root:accumulate return : 2.98084
INFO:root:accumulate return : 2.835
INFO:root:accumulate return : 2.85742
INFO:root:accumulate return : 2.99885
INFO:root:accumulate return : 3.00008
INFO:root:accumulate return : 2.78519
INFO:root:accumulate return : 2.79283
INFO:root:accumulate return : 2.68171
INFO:root:accumulate return : 2.96185
INFO:root:accumulate return : 2.75428
INFO:root:accumulate return : 2.89667
INFO:root:accumulate return : 2.80746
INFO:root:accumulate return : 2.69115
INFO:root:accumulate return : 2.6497
INFO:root:accumulate return : 2.72454
INFO:root:accumulate return : 2.84546
INFO:root:accumulate return : 2.86225
INFO:root:accumulate return : 2.73619
INFO:root:accumulate return : 2.67258
INFO:root:accumulate return : 2.93029
INFO:root:accumulate return : 2.52607
INFO:root:accumulate return : 2.49405
INFO:root:accumulate return : 2.85321
INFO:root:accumulate return : 2.57351
INFO:root:accumulate return : 2.72069
INFO:root:accumulate return : 2.86564
INFO:root:accumulate return : 2.77565
INFO:root:accumulate return : 2.7432
INFO:root:accumulate return : 2.65826
INFO:root:accumulate return : 2.81656
INFO:root:accumulate return : 2.82181
INFO:root:accumulate return : 2.93509
INFO:root:accumulate return : 2.73575
INFO:root:accumulate return : 2.7071
INFO:root:accumulate return : 2.73964
INFO:root:accumulate return : 2.73736
INFO:root:accumulate return : 2.92291
INFO:root:accumulate return : 2.90445
INFO:root:accumulate return : 2.81159
INFO:root:accumulate return : 2.92207
INFO:root:accumulate return : 2.83605
INFO:root:accumulate return : 2.75095
INFO:root:accumulate return : 2.87696
INFO:root:accumulate return : 2.99082
INFO:root:accumulate return : 2.91975
INFO:root:accumulate return : 2.75387
INFO:root:accumulate return : 2.9362
INFO:root:accumulate return : 2.88538
INFO:root:accumulate return : 2.79989
INFO:root:accumulate return : 2.69754
INFO:root:accumulate return : 2.91898
INFO:root:accumulate return : 2.63022
INFO:root:accumulate return : 2.79789
INFO:root:accumulate return : 2.91142
INFO:root:accumulate return : 2.94313
INFO:root:accumulate return : 3.1372
INFO:root:accumulate return : 2.96636
INFO:root:accumulate return : 3.02084
INFO:root:accumulate return : 2.93935
INFO:root:accumulate return : 3.1513
INFO:root:accumulate return : 2.92098
INFO:root:accumulate return : 3.16749
INFO:root:accumulate return : 3.21673
INFO:root:accumulate return : 3.12602
INFO:root:accumulate return : 3.00819
INFO:root:accumulate return : 2.95786
INFO:root:accumulate return : 2.80416
INFO:root:accumulate return : 3.17597
INFO:root:accumulate return : 2.94782
INFO:root:accumulate return : 2.85672
INFO:root:accumulate return : 3.16094
INFO:root:accumulate return : 3.07778
INFO:root:accumulate return : 3.09496
INFO:root:accumulate return : 3.10542
INFO:root:accumulate return : 3.09951
INFO:root:accumulate return : 3.14904
INFO:root:accumulate return : 3.03064
INFO:root:accumulate return : 3.18605
INFO:root:accumulate return : 2.9659
INFO:root:accumulate return : 3.14562
INFO:root:accumulate return : 2.93593
INFO:root:accumulate return : 3.14295
INFO:root:accumulate return : 3.07291
INFO:root:accumulate return : 3.16345
INFO:root:accumulate return : 3.31315
INFO:root:accumulate return : 3.28634
INFO:root:accumulate return : 3.16398
INFO:root:accumulate return : 3.31938
INFO:root:accumulate return : 3.12962
INFO:root:accumulate return : 3.21553
INFO:root:accumulate return : 2.9908
INFO:root:accumulate return : 3.18572
INFO:root:accumulate return : 2.98891
INFO:root:accumulate return : 2.96774
INFO:root:accumulate return : 3.10165
INFO:root:accumulate return : 3.28846
INFO:root:accumulate return : 3.05177
INFO:root:accumulate return : 2.93004
INFO:root:accumulate return : 2.91362
INFO:root:accumulate return : 3.10025
INFO:root:accumulate return : 3.21514
INFO:root:accumulate return : 3.10719
INFO:root:accumulate return : 3.1001
INFO:root:accumulate return : 2.89876
INFO:root:accumulate return : 3.19829
INFO:root:accumulate return : 3.04381
INFO:root:accumulate return : 2.96141
INFO:root:accumulate return : 3.05021
INFO:root:accumulate return : 3.03771
INFO:root:accumulate return : 2.94415
INFO:root:accumulate return : 2.99247
INFO:root:accumulate return : 3.08417
INFO:root:accumulate return : 3.12161
INFO:root:accumulate return : 3.19519
INFO:root:accumulate return : 3.14414
INFO:root:accumulate return : 3.11338
INFO:root:accumulate return : 2.99585
INFO:root:accumulate return : 3.4253
INFO:root:accumulate return : 3.16741
INFO:root:accumulate return : 3.18541
INFO:root:accumulate return : 2.9094
INFO:root:accumulate return : 3.0487
INFO:root:accumulate return : 3.03785
INFO:root:accumulate return : 3.24197
INFO:root:accumulate return : 3.23929
INFO:root:accumulate return : 3.26355
INFO:root:accumulate return : 3.24126
INFO:root:accumulate return : 3.32938
INFO:root:accumulate return : 3.22679
INFO:root:accumulate return : 3.42894
INFO:root:accumulate return : 3.26947
INFO:root:accumulate return : 3.03288
INFO:root:accumulate return : 3.34969
INFO:root:accumulate return : 3.26758
INFO:root:accumulate return : 3.28122
INFO:root:accumulate return : 3.09402
INFO:root:accumulate return : 3.03185
INFO:root:accumulate return : 3.17838
INFO:root:accumulate return : 3.05265
INFO:root:accumulate return : 2.99352
INFO:root:accumulate return : 3.01136
INFO:root:accumulate return : 2.99722
INFO:root:accumulate return : 3.21551
INFO:root:accumulate return : 3.21976
INFO:root:accumulate return : 3.20431
INFO:root:accumulate return : 2.99215
INFO:root:accumulate return : 3.24043
INFO:root:accumulate return : 3.15446
INFO:root:accumulate return : 2.91818
INFO:root:accumulate return : 2.91872
INFO:root:accumulate return : 2.95295
INFO:root:accumulate return : 2.85767
INFO:root:accumulate return : 2.96084
INFO:root:accumulate return : 3.04255
INFO:root:accumulate return : 3.27298
INFO:root:accumulate return : 2.92939
INFO:root:accumulate return : 2.8753
INFO:root:accumulate return : 3.05149
INFO:root:accumulate return : 3.026
INFO:root:accumulate return : 2.8356
INFO:root:accumulate return : 2.79397
INFO:root:accumulate return : 3.11349
INFO:root:accumulate return : 3.07612
INFO:root:accumulate return : 2.62937
INFO:root:accumulate return : 2.89864
INFO:root:accumulate return : 2.87949
INFO:root:accumulate return : 2.90286
INFO:root:accumulate return : 2.78688
INFO:root:accumulate return : 2.83225
INFO:root:accumulate return : 3.01843
INFO:root:accumulate return : 2.80918
INFO:root:accumulate return : 2.98044
INFO:root:accumulate return : 2.70755
INFO:root:accumulate return : 2.82925
INFO:root:accumulate return : 2.63488
INFO:root:accumulate return : 2.87203
INFO:root:accumulate return : 2.80926
INFO:root:accumulate return : 2.89483
INFO:root:accumulate return : 3.06454
INFO:root:accumulate return : 3.03376
INFO:root:accumulate return : 2.94892
INFO:root:accumulate return : 3.11152
INFO:root:accumulate return : 2.86675
INFO:root:accumulate return : 2.99751
INFO:root:accumulate return : 3.01105
INFO:root:accumulate return : 2.77387
INFO:root:accumulate return : 3.05703
INFO:root:accumulate return : 3.09531
INFO:root:accumulate return : 2.99644
INFO:root:accumulate return : 3.08349
INFO:root:accumulate return : 3.0311
INFO:root:accumulate return : 3.14857
INFO:root:accumulate return : 3.25222
INFO:root:accumulate return : 3.1935
INFO:root:accumulate return : 3.2592
INFO:root:accumulate return : 3.14769
INFO:root:accumulate return : 3.0029
INFO:root:accumulate return : 3.34153
INFO:root:accumulate return : 3.42588
INFO:root:accumulate return : 3.38306
INFO:root:accumulate return : 3.36466
INFO:root:accumulate return : 3.11374
INFO:root:accumulate return : 3.38182
INFO:root:accumulate return : 3.38039
INFO:root:accumulate return : 3.35157
INFO:root:accumulate return : 3.32206
INFO:root:accumulate return : 3.3954
INFO:root:accumulate return : 3.26855
INFO:root:accumulate return : 3.37279
INFO:root:accumulate return : 3.29186
INFO:root:accumulate return : 3.23446
INFO:root:accumulate return : 3.26361
INFO:root:accumulate return : 3.41988
INFO:root:accumulate return : 3.21318
INFO:root:accumulate return : 3.47722
INFO:root:accumulate return : 3.53103
INFO:root:accumulate return : 3.24344
INFO:root:accumulate return : 3.18303
INFO:root:accumulate return : 3.26043
INFO:root:accumulate return : 3.10114
INFO:root:accumulate return : 3.31032
INFO:root:accumulate return : 3.41747
INFO:root:accumulate return : 3.23875
INFO:root:accumulate return : 3.13591
INFO:root:accumulate return : 3.36448
INFO:root:accumulate return : 3.23803
INFO:root:accumulate return : 3.27638
INFO:root:accumulate return : 3.231
INFO:root:accumulate return : 3.57476
INFO:root:accumulate return : 3.21383
INFO:root:accumulate return : 3.39492
INFO:root:accumulate return : 3.34197
INFO:root:accumulate return : 3.46178
INFO:root:accumulate return : 3.33217
INFO:root:accumulate return : 3.17082
INFO:root:accumulate return : 3.31327
INFO:root:accumulate return : 3.2703
INFO:root:accumulate return : 3.36409
INFO:root:accumulate return : 3.2296
INFO:root:accumulate return : 3.39787
INFO:root:accumulate return : 3.28289
INFO:root:accumulate return : 3.4382
INFO:root:accumulate return : 3.06341
INFO:root:accumulate return : 3.19128
INFO:root:accumulate return : 3.29502
INFO:root:accumulate return : 3.2929
INFO:root:accumulate return : 3.10421
INFO:root:accumulate return : 3.39248
INFO:root:accumulate return : 3.28941
INFO:root:accumulate return : 3.10901
INFO:root:accumulate return : 3.33055
INFO:root:accumulate return : 3.30421
INFO:root:accumulate return : 3.54513
INFO:root:accumulate return : 3.32978
INFO:root:accumulate return : 3.30219
INFO:root:accumulate return : 3.33267
INFO:root:accumulate return : 3.44568
INFO:root:accumulate return : 3.54341
INFO:root:accumulate return : 3.32086
INFO:root:accumulate return : 3.52431
INFO:root:accumulate return : 3.21334
INFO:root:accumulate return : 3.37559
INFO:root:accumulate return : 3.50877
INFO:root:accumulate return : 3.34499
INFO:root:accumulate return : 3.49367
INFO:root:accumulate return : 3.26518
INFO:root:accumulate return : 3.394
INFO:root:accumulate return : 3.57964
INFO:root:accumulate return : 3.42721
INFO:root:accumulate return : 3.48456
INFO:root:accumulate return : 3.46363
INFO:root:accumulate return : 3.45187
INFO:root:accumulate return : 3.57029
INFO:root:accumulate return : 3.34974
INFO:root:accumulate return : 3.38412
INFO:root:accumulate return : 3.31573
INFO:root:accumulate return : 3.75993
INFO:root:accumulate return : 3.17451
INFO:root:accumulate return : 3.28596
INFO:root:accumulate return : 3.24143
INFO:root:accumulate return : 3.44036
INFO:root:accumulate return : 3.45225
INFO:root:accumulate return : 3.62011
INFO:root:accumulate return : 3.45412
INFO:root:accumulate return : 3.30465
INFO:root:accumulate return : 3.3051
INFO:root:accumulate return : 3.33097
INFO:root:accumulate return : 3.38061
INFO:root:accumulate return : 3.48273
INFO:root:accumulate return : 3.40047
INFO:root:accumulate return : 3.56609
INFO:root:accumulate return : 3.37236
INFO:root:accumulate return : 3.57059
INFO:root:accumulate return : 3.51636
INFO:root:accumulate return : 3.3493
INFO:root:accumulate return : 3.46088
INFO:root:accumulate return : 3.4858
INFO:root:accumulate return : 3.39357
INFO:root:accumulate return : 3.25468
INFO:root:accumulate return : 3.46197
INFO:root:accumulate return : 3.41882
INFO:root:accumulate return : 3.34888
INFO:root:accumulate return : 3.56989
INFO:root:accumulate return : 3.22686
INFO:root:accumulate return : 3.2438
INFO:root:accumulate return : 3.38032
INFO:root:accumulate return : 3.36365
INFO:root:accumulate return : 3.01944
INFO:root:accumulate return : 3.29303
INFO:root:accumulate return : 3.30766
INFO:root:accumulate return : 3.21939
INFO:root:accumulate return : 3.27901
INFO:root:accumulate return : 3.32304
INFO:root:accumulate return : 3.51831
INFO:root:accumulate return : 3.30828
INFO:root:accumulate return : 3.50404
INFO:root:accumulate return : 3.44879
INFO:root:accumulate return : 3.42972
INFO:root:accumulate return : 3.38962
INFO:root:accumulate return : 3.23979
INFO:root:accumulate return : 3.23605
INFO:root:accumulate return : 3.37031
INFO:root:accumulate return : 3.22465
INFO:root:accumulate return : 3.45086
INFO:root:accumulate return : 3.26866
INFO:root:accumulate return : 3.48795
INFO:root:accumulate return : 3.38823
INFO:root:accumulate return : 2.92487
INFO:root:accumulate return : 3.03711
INFO:root:accumulate return : 3.17562
INFO:root:accumulate return : 2.84471
INFO:root:accumulate return : 2.94292
INFO:root:accumulate return : 2.99451
INFO:root:accumulate return : 2.92242
INFO:root:accumulate return : 2.81918
INFO:root:accumulate return : 3.20888
INFO:root:accumulate return : 2.96962
INFO:root:accumulate return : 3.21808
INFO:root:accumulate return : 3.09323
INFO:root:accumulate return : 2.98191
INFO:root:accumulate return : 3.25143
INFO:root:accumulate return : 3.11746
INFO:root:accumulate return : 3.2518
INFO:root:accumulate return : 3.15324
INFO:root:accumulate return : 3.12019
INFO:root:accumulate return : 3.3161
INFO:root:accumulate return : 3.15052
INFO:root:accumulate return : 3.16352
INFO:root:accumulate return : 3.01133
INFO:root:accumulate return : 3.24584
INFO:root:accumulate return : 2.91451
INFO:root:accumulate return : 3.13388
INFO:root:accumulate return : 3.27217
INFO:root:accumulate return : 3.12021
INFO:root:accumulate return : 3.23209
INFO:root:accumulate return : 3.20218
INFO:root:accumulate return : 3.13343
INFO:root:accumulate return : 3.44772
INFO:root:accumulate return : 3.39998
INFO:root:accumulate return : 3.49557
INFO:root:accumulate return : 3.41983
INFO:root:accumulate return : 3.52634
INFO:root:accumulate return : 3.53444
INFO:root:accumulate return : 3.23094
INFO:root:accumulate return : 3.29653
INFO:root:accumulate return : 3.27522
INFO:root:accumulate return : 3.39734
INFO:root:accumulate return : 3.35083
INFO:root:accumulate return : 3.38339
INFO:root:accumulate return : 3.41392
INFO:root:accumulate return : 3.36266
INFO:root:accumulate return : 3.46167
INFO:root:accumulate return : 3.22627
INFO:root:accumulate return : 3.48275
INFO:root:accumulate return : 3.37381
INFO:root:accumulate return : 3.42017
INFO:root:accumulate return : 3.61383
INFO:root:accumulate return : 3.47941
INFO:root:accumulate return : 3.51904
INFO:root:accumulate return : 3.29587
INFO:root:accumulate return : 3.42884
INFO:root:accumulate return : 3.06543
INFO:root:accumulate return : 3.36319
INFO:root:accumulate return : 3.22021
INFO:root:accumulate return : 3.41066
INFO:root:accumulate return : 3.13871
INFO:root:accumulate return : 3.44485
INFO:root:accumulate return : 3.46729
INFO:root:accumulate return : 3.47002
INFO:root:accumulate return : 3.42876
INFO:root:accumulate return : 3.47671
INFO:root:accumulate return : 3.61113
INFO:root:accumulate return : 3.34112
INFO:root:accumulate return : 3.41326
INFO:root:accumulate return : 3.40578
INFO:root:accumulate return : 3.58038
INFO:root:accumulate return : 3.43862
INFO:root:accumulate return : 3.44077
INFO:root:accumulate return : 3.42221
INFO:root:accumulate return : 3.34251
INFO:root:accumulate return : 3.14646
INFO:root:accumulate return : 3.10757
INFO:root:accumulate return : 3.45081
INFO:root:accumulate return : 3.4095
INFO:root:accumulate return : 3.44345
INFO:root:accumulate return : 3.55311
INFO:root:accumulate return : 3.37577
INFO:root:accumulate return : 3.62101
INFO:root:accumulate return : 3.70219
INFO:root:accumulate return : 3.47861
INFO:root:accumulate return : 3.31644
INFO:root:accumulate return : 3.43353
INFO:root:accumulate return : 3.58608
INFO:root:accumulate return : 3.60161
INFO:root:accumulate return : 3.52899
INFO:root:accumulate return : 3.54251
INFO:root:accumulate return : 3.54681
INFO:root:accumulate return : 3.50434
INFO:root:accumulate return : 3.59869
INFO:root:accumulate return : 3.502
INFO:root:accumulate return : 3.6423
INFO:root:accumulate return : 3.51039
INFO:root:accumulate return : 3.49871
INFO:root:accumulate return : 3.50201
INFO:root:accumulate return : 3.54708
INFO:root:accumulate return : 3.71138
INFO:root:accumulate return : 3.58227
INFO:root:accumulate return : 3.43476
INFO:root:accumulate return : 3.55549
INFO:root:accumulate return : 3.70128
INFO:root:accumulate return : 3.50091
INFO:root:accumulate return : 3.68308
INFO:root:accumulate return : 3.55264
INFO:root:accumulate return : 3.75527
INFO:root:accumulate return : 3.56608
INFO:root:accumulate return : 3.69518
INFO:root:accumulate return : 3.42646
INFO:root:accumulate return : 3.68375
INFO:root:accumulate return : 3.63052
INFO:root:accumulate return : 3.56295
INFO:root:accumulate return : 3.40058
INFO:root:accumulate return : 3.62751
INFO:root:accumulate return : 3.62659
INFO:root:accumulate return : 3.64738
INFO:root:accumulate return : 3.72605
INFO:root:accumulate return : 3.90332
INFO:root:accumulate return : 3.74734
INFO:root:accumulate return : 3.46727
INFO:root:accumulate return : 3.72141
INFO:root:accumulate return : 3.83941
INFO:root:accumulate return : 3.51541
INFO:root:accumulate return : 3.52591
INFO:root:accumulate return : 3.74178
INFO:root:accumulate return : 3.49549
INFO:root:accumulate return : 3.57647
INFO:root:accumulate return : 3.73529
INFO:root:accumulate return : 3.75967
INFO:root:accumulate return : 3.59135
INFO:root:accumulate return : 3.55616
INFO:root:accumulate return : 3.55942
INFO:root:accumulate return : 3.43546
INFO:root:accumulate return : 3.72979
INFO:root:accumulate return : 3.73314
INFO:root:accumulate return : 3.67787
INFO:root:accumulate return : 3.69726
INFO:root:accumulate return : 3.68854
INFO:root:accumulate return : 3.8287
INFO:root:accumulate return : 3.389
INFO:root:accumulate return : 3.22318
INFO:root:accumulate return : 3.72018
INFO:root:accumulate return : 3.57438
INFO:root:accumulate return : 3.41549
INFO:root:accumulate return : 3.4724
INFO:root:accumulate return : 3.40631
INFO:root:accumulate return : 3.56889
INFO:root:accumulate return : 3.29569
INFO:root:accumulate return : 3.57611
INFO:root:accumulate return : 3.64732
INFO:root:accumulate return : 3.62078
INFO:root:accumulate return : 3.68239
INFO:root:accumulate return : 3.54706
INFO:root:accumulate return : 3.68665
INFO:root:accumulate return : 3.6742
INFO:root:accumulate return : 3.75608
INFO:root:accumulate return : 3.6642
INFO:root:accumulate return : 3.47061
INFO:root:accumulate return : 3.65344
INFO:root:accumulate return : 3.52628
INFO:root:accumulate return : 3.69924
INFO:root:accumulate return : 3.59274
INFO:root:accumulate return : 3.4976
INFO:root:accumulate return : 3.59528
INFO:root:accumulate return : 3.51842
INFO:root:accumulate return : 3.52691
INFO:root:accumulate return : 3.36211
INFO:root:accumulate return : 3.47953
INFO:root:accumulate return : 3.6627
INFO:root:accumulate return : 3.53338
INFO:root:accumulate return : 3.59795
INFO:root:accumulate return : 3.61891
INFO:root:accumulate return : 3.83033
INFO:root:accumulate return : 3.60747
INFO:root:accumulate return : 3.63944
INFO:root:accumulate return : 3.57915
INFO:root:accumulate return : 3.64803
INFO:root:accumulate return : 3.57729
INFO:root:accumulate return : 3.43693
INFO:root:accumulate return : 3.81686
INFO:root:accumulate return : 3.43248
INFO:root:accumulate return : 3.49355
INFO:root:accumulate return : 3.69883
INFO:root:accumulate return : 3.54183
INFO:root:accumulate return : 3.5869
INFO:root:accumulate return : 3.39181
INFO:root:accumulate return : 3.65959
INFO:root:accumulate return : 3.60396
INFO:root:accumulate return : 3.5006
INFO:root:accumulate return : 3.81877
INFO:root:accumulate return : 3.68221
INFO:root:accumulate return : 3.73263
INFO:root:accumulate return : 3.61112
INFO:root:accumulate return : 3.4464
INFO:root:accumulate return : 3.76177
INFO:root:accumulate return : 3.78425
INFO:root:accumulate return : 3.48039
INFO:root:accumulate return : 3.54481
INFO:root:accumulate return : 3.59054
INFO:root:accumulate return : 3.62619
INFO:root:accumulate return : 3.67131
INFO:root:accumulate return : 3.7472
INFO:root:accumulate return : 3.67843
INFO:root:accumulate return : 3.55265
INFO:root:accumulate return : 3.64032
INFO:root:accumulate return : 3.67906
INFO:root:accumulate return : 3.49497
INFO:root:accumulate return : 3.59419
INFO:root:accumulate return : 3.51546
INFO:root:accumulate return : 3.67496
INFO:root:accumulate return : 3.65369
INFO:root:accumulate return : 3.69063
INFO:root:accumulate return : 3.69243
INFO:root:accumulate return : 3.77608
INFO:root:accumulate return : 3.73234
INFO:root:accumulate return : 3.8298
INFO:root:accumulate return : 3.71026
INFO:root:accumulate return : 3.79238
INFO:root:accumulate return : 3.64922
INFO:root:accumulate return : 3.75295
INFO:root:accumulate return : 3.81218
INFO:root:accumulate return : 3.81544
INFO:root:accumulate return : 3.7675
INFO:root:accumulate return : 3.80259
INFO:root:accumulate return : 3.52478
INFO:root:accumulate return : 3.62795
INFO:root:accumulate return : 3.50557
INFO:root:accumulate return : 3.76958
INFO:root:accumulate return : 3.70181
INFO:root:accumulate return : 3.57687
INFO:root:accumulate return : 3.75067
INFO:root:accumulate return : 3.72455
INFO:root:accumulate return : 3.77287
INFO:root:accumulate return : 3.65471
INFO:root:accumulate return : 3.79491
INFO:root:accumulate return : 3.88413
INFO:root:accumulate return : 3.91871
INFO:root:accumulate return : 3.77746
INFO:root:accumulate return : 3.79005
INFO:root:accumulate return : 3.73744
INFO:root:accumulate return : 3.91475
INFO:root:accumulate return : 3.74331
INFO:root:accumulate return : 3.61954
INFO:root:accumulate return : 3.73737
INFO:root:accumulate return : 3.68413
INFO:root:accumulate return : 3.85995
INFO:root:accumulate return : 3.67846
INFO:root:accumulate return : 3.84791
INFO:root:accumulate return : 3.73305
INFO:root:accumulate return : 3.70897
INFO:root:accumulate return : 4.0594
INFO:root:accumulate return : 3.75022
INFO:root:accumulate return : 3.97649
INFO:root:accumulate return : 3.92926
INFO:root:accumulate return : 3.87769
INFO:root:accumulate return : 4.00737
INFO:root:accumulate return : 3.99825
INFO:root:accumulate return : 3.78028
INFO:root:accumulate return : 3.76966
INFO:root:accumulate return : 4.16292
INFO:root:accumulate return : 3.80263
INFO:root:accumulate return : 3.96741
INFO:root:accumulate return : 3.98372
INFO:root:accumulate return : 3.86536
INFO:root:accumulate return : 4.06275
INFO:root:accumulate return : 3.88011
INFO:root:accumulate return : 4.18322
INFO:root:accumulate return : 3.85607
INFO:root:accumulate return : 3.87068
INFO:root:accumulate return : 4.12657
INFO:root:accumulate return : 3.91608
INFO:root:accumulate return : 4.14933
INFO:root:accumulate return : 3.8402
INFO:root:accumulate return : 3.87996
INFO:root:accumulate return : 3.94545
INFO:root:accumulate return : 3.96954
INFO:root:accumulate return : 3.72094
INFO:root:accumulate return : 3.99292
INFO:root:accumulate return : 3.92989
INFO:root:accumulate return : 3.82294
INFO:root:accumulate return : 3.7644
INFO:root:accumulate return : 3.97667
INFO:root:accumulate return : 3.78005
INFO:root:accumulate return : 3.97061
INFO:root:accumulate return : 3.84707
INFO:root:accumulate return : 3.98502
INFO:root:accumulate return : 3.94683
INFO:root:accumulate return : 3.79999
INFO:root:accumulate return : 3.96562
INFO:root:accumulate return : 4.11801
INFO:root:accumulate return : 4.07411
INFO:root:accumulate return : 3.9112
INFO:root:accumulate return : 4.01542
INFO:root:accumulate return : 3.94439
INFO:root:accumulate return : 3.85009
INFO:root:accumulate return : 3.94817
INFO:root:accumulate return : 3.9769
INFO:root:accumulate return : 3.86453
INFO:root:accumulate return : 3.83893
INFO:root:accumulate return : 3.86282
INFO:root:accumulate return : 3.78131
INFO:root:accumulate return : 3.6943
INFO:root:accumulate return : 3.7738
INFO:root:accumulate return : 3.75191
INFO:root:accumulate return : 3.80103
INFO:root:accumulate return : 3.86876
INFO:root:accumulate return : 3.95941
INFO:root:accumulate return : 3.88047
INFO:root:accumulate return : 3.83518
INFO:root:accumulate return : 4.00666
INFO:root:accumulate return : 3.76938
INFO:root:accumulate return : 3.81088
INFO:root:accumulate return : 3.84306
INFO:root:accumulate return : 3.7913
INFO:root:accumulate return : 3.91937
INFO:root:accumulate return : 3.79852
INFO:root:accumulate return : 3.8081
INFO:root:accumulate return : 3.74995
INFO:root:accumulate return : 3.71332
INFO:root:accumulate return : 3.84657
INFO:root:accumulate return : 3.97307
INFO:root:accumulate return : 3.89225
INFO:root:accumulate return : 3.56279
INFO:root:accumulate return : 3.66467
INFO:root:accumulate return : 3.71978
INFO:root:accumulate return : 3.80688
INFO:root:accumulate return : 3.69609
INFO:root:accumulate return : 3.64366
INFO:root:accumulate return : 3.71452
INFO:root:accumulate return : 3.96758
INFO:root:accumulate return : 3.72404
INFO:root:accumulate return : 3.83424
INFO:root:accumulate return : 3.89915
INFO:root:accumulate return : 4.04202
INFO:root:accumulate return : 3.93246
INFO:root:accumulate return : 3.81321
INFO:root:accumulate return : 3.91667
INFO:root:accumulate return : 3.73213
INFO:root:accumulate return : 3.9166
INFO:root:accumulate return : 3.93395
INFO:root:accumulate return : 3.86652
INFO:root:accumulate return : 4.05491
INFO:root:accumulate return : 3.77731
INFO:root:accumulate return : 4.00067
INFO:root:accumulate return : 3.77408
INFO:root:accumulate return : 3.89378
INFO:root:accumulate return : 3.74232
INFO:root:accumulate return : 3.94931
INFO:root:accumulate return : 4.12698
INFO:root:accumulate return : 3.9098
INFO:root:accumulate return : 3.93286
INFO:root:accumulate return : 4.087
INFO:root:accumulate return : 3.9791
INFO:root:accumulate return : 4.18104
INFO:root:accumulate return : 3.9942
INFO:root:accumulate return : 3.87587
INFO:root:accumulate return : 4.10811
INFO:root:accumulate return : 4.08395
INFO:root:accumulate return : 3.84004
INFO:root:accumulate return : 4.19742
INFO:root:accumulate return : 3.89107
INFO:root:accumulate return : 4.10488
INFO:root:accumulate return : 3.8029
INFO:root:accumulate return : 3.83631
INFO:root:accumulate return : 3.865
INFO:root:accumulate return : 3.93872
INFO:root:accumulate return : 4.04161
INFO:root:accumulate return : 4.00782
INFO:root:accumulate return : 3.81888
INFO:root:accumulate return : 3.8047
INFO:root:accumulate return : 3.77546
INFO:root:accumulate return : 3.84559
INFO:root:accumulate return : 4.00726
INFO:root:accumulate return : 3.94817
INFO:root:accumulate return : 4.16298
INFO:root:accumulate return : 3.99078
INFO:root:accumulate return : 4.11085
INFO:root:accumulate return : 3.95964
INFO:root:accumulate return : 3.91221
INFO:root:accumulate return : 3.73733
INFO:root:accumulate return : 3.85149
INFO:root:accumulate return : 4.07181
INFO:root:accumulate return : 3.75224
INFO:root:accumulate return : 3.92143
INFO:root:accumulate return : 3.88316
INFO:root:accumulate return : 4.07411
INFO:root:accumulate return : 3.96594
INFO:root:accumulate return : 3.87261
INFO:root:accumulate return : 3.82234
INFO:root:accumulate return : 4.12103
INFO:root:accumulate return : 4.14776
INFO:root:accumulate return : 4.14955
INFO:root:accumulate return : 4.05515
INFO:root:accumulate return : 4.19642
INFO:root:accumulate return : 3.8873
INFO:root:accumulate return : 4.22669
INFO:root:accumulate return : 4.16744
INFO:root:accumulate return : 4.00156
INFO:root:accumulate return : 4.05504
INFO:root:accumulate return : 4.36571
INFO:root:accumulate return : 4.19013
INFO:root:accumulate return : 4.2092
INFO:root:accumulate return : 4.43875
INFO:root:accumulate return : 4.25411
INFO:root:accumulate return : 4.256
INFO:root:accumulate return : 4.12303
INFO:root:accumulate return : 4.10464
INFO:root:accumulate return : 4.38722
INFO:root:accumulate return : 4.29858
INFO:root:accumulate return : 4.2287
INFO:root:accumulate return : 4.00523
INFO:root:accumulate return : 4.05005
INFO:root:accumulate return : 4.09532
INFO:root:accumulate return : 4.01245
INFO:root:accumulate return : 4.09601
INFO:root:accumulate return : 4.07462
INFO:root:accumulate return : 4.17647
INFO:root:accumulate return : 4.08584
INFO:root:accumulate return : 3.97097
INFO:root:accumulate return : 3.99503
INFO:root:accumulate return : 4.04176
INFO:root:accumulate return : 4.17888
INFO:root:accumulate return : 4.12274
INFO:root:accumulate return : 4.00682
INFO:root:accumulate return : 4.10898
INFO:root:accumulate return : 3.88713
INFO:root:accumulate return : 4.13889
INFO:root:accumulate return : 4.12244
INFO:root:accumulate return : 4.07349
INFO:root:accumulate return : 3.73958
INFO:root:accumulate return : 3.90064
INFO:root:accumulate return : 3.75064
INFO:root:accumulate return : 3.70678
INFO:root:accumulate return : 3.62472
INFO:root:accumulate return : 3.98513
INFO:root:accumulate return : 3.75409
INFO:root:accumulate return : 3.81289
INFO:root:accumulate return : 4.01674
INFO:root:accumulate return : 3.68431
INFO:root:accumulate return : 4.17735
INFO:root:accumulate return : 3.81684
INFO:root:accumulate return : 4.27292
INFO:root:accumulate return : 4.07926
INFO:root:accumulate return : 4.25116
INFO:root:accumulate return : 3.92581
INFO:root:accumulate return : 3.73932
INFO:root:accumulate return : 4.20843
INFO:root:accumulate return : 4.12638
INFO:root:accumulate return : 4.0391
INFO:root:accumulate return : 3.72932
INFO:root:accumulate return : 4.01411
INFO:root:accumulate return : 3.84291
INFO:root:accumulate return : 4.0305
INFO:root:accumulate return : 4.01401
INFO:root:accumulate return : 4.0299
INFO:root:accumulate return : 3.82937
INFO:root:accumulate return : 3.81858
INFO:root:accumulate return : 3.97023
INFO:root:accumulate return : 3.91468
INFO:root:accumulate return : 4.02349
INFO:root:accumulate return : 4.14765
INFO:root:accumulate return : 3.80167
INFO:root:accumulate return : 4.37614
INFO:root:accumulate return : 4.18996
INFO:root:accumulate return : 3.89285
INFO:root:accumulate return : 3.8306
INFO:root:accumulate return : 3.79144
INFO:root:accumulate return : 3.93663
INFO:root:accumulate return : 3.89994
INFO:root:accumulate return : 4.23838
INFO:root:accumulate return : 4.07432
INFO:root:accumulate return : 3.91484
INFO:root:accumulate return : 3.69577
INFO:root:accumulate return : 4.15996
INFO:root:accumulate return : 3.89274
INFO:root:accumulate return : 4.0362
INFO:root:accumulate return : 3.80669
INFO:root:accumulate return : 4.0146
INFO:root:accumulate return : 3.88799
INFO:root:accumulate return : 4.15418
INFO:root:accumulate return : 4.25991
INFO:root:accumulate return : 4.34292
INFO:root:accumulate return : 4.10339
INFO:root:accumulate return : 3.96241
INFO:root:accumulate return : 4.28246
INFO:root:accumulate return : 4.09485
INFO:root:accumulate return : 4.11581
INFO:root:accumulate return : 4.09443
INFO:root:accumulate return : 4.2373
INFO:root:accumulate return : 4.0914
INFO:root:accumulate return : 3.99354
INFO:root:accumulate return : 3.9852
INFO:root:accumulate return : 4.32875
INFO:root:accumulate return : 4.20565
INFO:root:accumulate return : 4.2086
INFO:root:accumulate return : 4.29968
INFO:root:accumulate return : 4.04653
INFO:root:accumulate return : 4.23744
INFO:root:accumulate return : 4.05258
INFO:root:accumulate return : 4.24962
INFO:root:accumulate return : 4.30503
INFO:root:accumulate return : 4.47471
INFO:root:accumulate return : 4.15224
INFO:root:accumulate return : 4.40355
INFO:root:accumulate return : 4.24119
INFO:root:accumulate return : 4.42219
INFO:root:accumulate return : 4.21715
INFO:root:accumulate return : 4.24057
INFO:root:accumulate return : 4.33536
INFO:root:accumulate return : 4.13908
INFO:root:accumulate return : 4.40985
INFO:root:accumulate return : 4.30624
INFO:root:accumulate return : 4.0141
INFO:root:accumulate return : 4.04659
INFO:root:accumulate return : 4.08122
INFO:root:accumulate return : 4.17175
INFO:root:accumulate return : 3.97581
INFO:root:accumulate return : 4.4119
INFO:root:accumulate return : 4.39729
INFO:root:accumulate return : 4.50648
INFO:root:accumulate return : 4.19163
INFO:root:accumulate return : 4.37124
INFO:root:accumulate return : 4.31432
INFO:root:accumulate return : 4.32257
INFO:root:accumulate return : 4.39805
INFO:root:accumulate return : 4.40462
INFO:root:accumulate return : 4.40717
INFO:root:accumulate return : 4.18941
INFO:root:accumulate return : 4.35971
INFO:root:accumulate return : 4.30632
INFO:root:accumulate return : 4.18756
INFO:root:accumulate return : 4.26999
INFO:root:accumulate return : 4.23183
INFO:root:accumulate return : 4.17769
INFO:root:accumulate return : 4.3926
INFO:root:accumulate return : 4.25488
INFO:root:accumulate return : 4.10288
INFO:root:accumulate return : 4.2128
INFO:root:accumulate return : 4.15509
INFO:root:accumulate return : 4.10267
INFO:root:accumulate return : 4.24692
INFO:root:accumulate return : 4.1253
INFO:root:accumulate return : 4.32442
INFO:root:accumulate return : 4.17347
INFO:root:accumulate return : 4.1057
INFO:root:accumulate return : 4.04357
INFO:root:accumulate return : 4.15104
INFO:root:accumulate return : 4.16632
INFO:root:accumulate return : 4.14764
INFO:root:accumulate return : 4.03988
INFO:root:accumulate return : 4.18411
INFO:root:accumulate return : 4.1029
INFO:root:accumulate return : 4.2102
INFO:root:accumulate return : 3.98558
INFO:root:accumulate return : 4.1106
INFO:root:accumulate return : 4.08385
INFO:root:accumulate return : 3.86692
INFO:root:accumulate return : 4.10541
INFO:root:accumulate return : 3.9568
INFO:root:accumulate return : 4.19939
INFO:root:accumulate return : 3.97056
INFO:root:accumulate return : 4.20937
INFO:root:accumulate return : 4.21069
INFO:root:accumulate return : 4.3
INFO:root:accumulate return : 4.17221
INFO:root:accumulate return : 4.07287
INFO:root:accumulate return : 3.99624
INFO:root:accumulate return : 3.95104
INFO:root:accumulate return : 4.43758
INFO:root:accumulate return : 4.01143
INFO:root:accumulate return : 4.30126
INFO:root:accumulate return : 4.31391
INFO:root:accumulate return : 4.26918
INFO:root:accumulate return : 4.24464
INFO:root:accumulate return : 4.16758
INFO:root:accumulate return : 4.38419
INFO:root:accumulate return : 4.48524
INFO:root:accumulate return : 4.30307
INFO:root:accumulate return : 4.3923
INFO:root:accumulate return : 4.55858
INFO:root:accumulate return : 4.46043
INFO:root:accumulate return : 4.48866
INFO:root:accumulate return : 4.18132
INFO:root:accumulate return : 4.35993
INFO:root:accumulate return : 4.36692
INFO:root:accumulate return : 4.36981
INFO:root:accumulate return : 4.40134
INFO:root:accumulate return : 4.4932
INFO:root:accumulate return : 4.2488
INFO:root:accumulate return : 4.43347
INFO:root:accumulate return : 4.61523
INFO:root:accumulate return : 4.48559
INFO:root:accumulate return : 4.44356
INFO:root:accumulate return : 4.62046
INFO:root:accumulate return : 4.63081
INFO:root:accumulate return : 4.53952
INFO:root:accumulate return : 4.47688
INFO:root:accumulate return : 4.42918
INFO:root:accumulate return : 4.44588
INFO:root:accumulate return : 4.28541
INFO:root:accumulate return : 4.39126
INFO:root:accumulate return : 4.39892
INFO:root:accumulate return : 4.27531
INFO:root:accumulate return : 4.44783
INFO:root:accumulate return : 4.59798
INFO:root:accumulate return : 4.63269
INFO:root:accumulate return : 4.25167
INFO:root:accumulate return : 4.3724
INFO:root:accumulate return : 4.39489
INFO:root:accumulate return : 4.18589
INFO:root:accumulate return : 4.18145
INFO:root:accumulate return : 4.27592
INFO:root:accumulate return : 4.38531
INFO:root:accumulate return : 4.29386
INFO:root:accumulate return : 4.44122
INFO:root:accumulate return : 4.18953
INFO:root:accumulate return : 4.34503
INFO:root:accumulate return : 4.14764
INFO:root:accumulate return : 4.28518
INFO:root:accumulate return : 4.22326
INFO:root:accumulate return : 4.32144
INFO:root:accumulate return : 4.21987
INFO:root:accumulate return : 4.36495
INFO:root:accumulate return : 4.15432
INFO:root:accumulate return : 4.39805
INFO:root:accumulate return : 4.14492
INFO:root:accumulate return : 4.2298
INFO:root:accumulate return : 4.43442
INFO:root:accumulate return : 4.14243
INFO:root:accumulate return : 4.33434
INFO:root:accumulate return : 4.45829
INFO:root:accumulate return : 4.389
INFO:root:accumulate return : 4.28665
INFO:root:accumulate return : 4.32034
INFO:root:accumulate return : 4.35695
INFO:root:accumulate return : 4.3094
INFO:root:accumulate return : 4.55371
INFO:root:accumulate return : 4.47136
INFO:root:accumulate return : 4.44068
INFO:root:accumulate return : 4.31958
INFO:root:accumulate return : 4.38849
INFO:root:accumulate return : 4.2622
INFO:root:accumulate return : 4.38413
INFO:root:accumulate return : 4.09213
INFO:root:accumulate return : 4.29541
INFO:root:accumulate return : 4.1925
INFO:root:accumulate return : 4.44907
INFO:root:accumulate return : 4.30786
INFO:root:accumulate return : 4.30218
INFO:root:accumulate return : 4.40368
INFO:root:accumulate return : 4.55308
INFO:root:accumulate return : 4.31205
INFO:root:accumulate return : 4.33083
INFO:root:accumulate return : 4.3798
INFO:root:accumulate return : 4.36542
INFO:root:accumulate return : 4.32554
INFO:root:accumulate return : 4.38804
INFO:root:accumulate return : 4.50858
INFO:root:accumulate return : 4.44711
INFO:root:accumulate return : 4.55601
INFO:root:accumulate return : 4.50745
INFO:root:accumulate return : 4.69709
INFO:root:accumulate return : 4.59042
INFO:root:accumulate return : 4.6251
INFO:root:accumulate return : 4.56009
INFO:root:accumulate return : 4.41145
INFO:root:accumulate return : 4.60976
INFO:root:accumulate return : 4.52447
INFO:root:accumulate return : 4.56268
INFO:root:accumulate return : 4.50817
INFO:root:accumulate return : 4.39862
INFO:root:accumulate return : 4.67179
INFO:root:accumulate return : 4.45888
INFO:root:accumulate return : 4.63225
INFO:root:accumulate return : 4.62392
INFO:root:accumulate return : 4.69584
INFO:root:accumulate return : 4.38437
INFO:root:accumulate return : 4.69963
INFO:root:accumulate return : 4.32311
INFO:root:accumulate return : 4.57666
INFO:root:accumulate return : 4.58646
INFO:root:accumulate return : 4.49453
INFO:root:accumulate return : 4.48968
INFO:root:accumulate return : 4.65515
INFO:root:accumulate return : 4.49642
INFO:root:accumulate return : 4.80112
INFO:root:accumulate return : 4.52554
INFO:root:accumulate return : 4.47898
INFO:root:accumulate return : 4.57184
INFO:root:accumulate return : 4.51564
INFO:root:accumulate return : 4.46156
INFO:root:accumulate return : 4.25361
INFO:root:accumulate return : 4.51235
INFO:root:accumulate return : 4.44533
INFO:root:accumulate return : 4.41328
INFO:root:accumulate return : 4.28905
INFO:root:accumulate return : 4.31567
INFO:root:accumulate return : 4.60754
INFO:root:accumulate return : 4.34279
INFO:root:accumulate return : 4.39496
INFO:root:accumulate return : 4.56218
INFO:root:accumulate return : 4.27571
INFO:root:accumulate return : 4.48918
INFO:root:accumulate return : 4.45502
INFO:root:accumulate return : 4.40986
INFO:root:accumulate return : 4.57458
INFO:root:accumulate return : 4.44164
INFO:root:accumulate return : 4.52781
INFO:root:accumulate return : 4.39083
INFO:root:accumulate return : 4.39821
INFO:root:accumulate return : 4.41617
INFO:root:accumulate return : 4.37438
INFO:root:accumulate return : 4.76934
INFO:root:accumulate return : 4.50561
INFO:root:accumulate return : 4.44302
INFO:root:accumulate return : 4.64437
INFO:root:accumulate return : 4.62208
INFO:root:accumulate return : 4.4771
INFO:root:accumulate return : 4.52566
INFO:root:accumulate return : 4.73802
INFO:root:accumulate return : 4.66173
INFO:root:accumulate return : 4.98138
INFO:root:accumulate return : 4.74971
INFO:root:accumulate return : 4.68898
INFO:root:accumulate return : 4.84741
INFO:root:accumulate return : 4.67104
INFO:root:accumulate return : 4.6877
INFO:root:accumulate return : 4.78248
INFO:root:accumulate return : 4.6415
INFO:root:accumulate return : 4.56709
INFO:root:accumulate return : 4.47194
INFO:root:accumulate return : 4.61551
INFO:root:accumulate return : 4.49882
INFO:root:accumulate return : 4.58241
INFO:root:accumulate return : 4.80306
INFO:root:accumulate return : 4.59644
INFO:root:accumulate return : 4.41087
INFO:root:accumulate return : 4.6688
INFO:root:accumulate return : 4.65843
INFO:root:accumulate return : 4.28001
INFO:root:accumulate return : 4.53722
INFO:root:accumulate return : 4.34673
INFO:root:accumulate return : 4.30394
INFO:root:accumulate return : 4.31189
INFO:root:accumulate return : 4.44824
INFO:root:accumulate return : 4.27852
INFO:root:accumulate return : 4.41077
INFO:root:accumulate return : 4.26629
INFO:root:accumulate return : 4.45404
INFO:root:accumulate return : 4.24093
INFO:root:accumulate return : 4.44106
INFO:root:accumulate return : 4.7071
INFO:root:accumulate return : 4.44334
INFO:root:accumulate return : 4.47821
INFO:root:accumulate return : 4.29224
INFO:root:accumulate return : 4.54465
INFO:root:accumulate return : 4.79369
INFO:root:accumulate return : 4.66211
INFO:root:accumulate return : 4.44176
INFO:root:accumulate return : 4.52676
INFO:root:accumulate return : 4.56803
INFO:root:accumulate return : 4.74953
INFO:root:accumulate return : 4.52267
INFO:root:accumulate return : 4.58833
INFO:root:accumulate return : 4.73862
INFO:root:accumulate return : 4.46874
INFO:root:accumulate return : 4.3208
INFO:root:accumulate return : 4.54884
INFO:root:accumulate return : 4.61451
INFO:root:accumulate return : 4.47016
INFO:root:accumulate return : 4.79748
INFO:root:accumulate return : 4.47498
INFO:root:accumulate return : 4.73837
INFO:root:accumulate return : 4.78371
INFO:root:accumulate return : 4.78275
INFO:root:accumulate return : 4.54298
INFO:root:accumulate return : 4.67476
INFO:root:accumulate return : 4.73967
INFO:root:accumulate return : 4.66653
INFO:root:accumulate return : 4.40012
INFO:root:accumulate return : 4.73951
INFO:root:accumulate return : 4.49956
INFO:root:accumulate return : 4.62359
INFO:root:accumulate return : 4.50008
INFO:root:accumulate return : 4.79362
INFO:root:accumulate return : 4.69007
INFO:root:accumulate return : 4.33028
INFO:root:accumulate return : 4.64089
INFO:root:accumulate return : 4.62449
INFO:root:accumulate return : 4.48401
INFO:root:accumulate return : 4.37764
INFO:root:accumulate return : 4.66374
INFO:root:accumulate return : 4.56153
INFO:root:accumulate return : 4.48774
INFO:root:accumulate return : 4.41442
INFO:root:accumulate return : 4.59528
INFO:root:accumulate return : 4.62067
INFO:root:accumulate return : 4.40919
INFO:root:accumulate return : 4.5124
INFO:root:accumulate return : 4.68369
INFO:root:accumulate return : 4.70978
INFO:root:accumulate return : 4.50563
INFO:root:accumulate return : 4.438
INFO:root:accumulate return : 4.64356
INFO:root:accumulate return : 4.7433
INFO:root:accumulate return : 4.42303
INFO:root:accumulate return : 4.6941
INFO:root:accumulate return : 4.52823
INFO:root:accumulate return : 4.46999
INFO:root:accumulate return : 4.44121
INFO:root:accumulate return : 4.75253
INFO:root:accumulate return : 4.61605
INFO:root:accumulate return : 4.64473
INFO:root:accumulate return : 4.69519
INFO:root:accumulate return : 4.66327
INFO:root:accumulate return : 4.27335
INFO:root:accumulate return : 4.46821
INFO:root:accumulate return : 4.75209
INFO:root:accumulate return : 4.58054
INFO:root:accumulate return : 4.82809
INFO:root:accumulate return : 4.75869
INFO:root:accumulate return : 4.65744
INFO:root:accumulate return : 4.66245
INFO:root:accumulate return : 4.73084
INFO:root:accumulate return : 4.67866
INFO:root:accumulate return : 4.90622
INFO:root:accumulate return : 4.69956
INFO:root:accumulate return : 4.65114
INFO:root:accumulate return : 4.73822
INFO:root:accumulate return : 4.9132
INFO:root:accumulate return : 4.84417
INFO:root:accumulate return : 4.83329
INFO:root:accumulate return : 4.98046
INFO:root:accumulate return : 4.92174
INFO:root:accumulate return : 4.87904
INFO:root:accumulate return : 4.73715
INFO:root:accumulate return : 4.80016
INFO:root:accumulate return : 4.94425
INFO:root:accumulate return : 4.98709
INFO:root:accumulate return : 4.91217
INFO:root:accumulate return : 4.66258
INFO:root:accumulate return : 5.0241
INFO:root:accumulate return : 4.85298
INFO:root:accumulate return : 4.92322
INFO:root:accumulate return : 4.88179
INFO:root:accumulate return : 4.82485
INFO:root:accumulate return : 4.91662
INFO:root:accumulate return : 4.9181
INFO:root:accumulate return : 4.78787
INFO:root:accumulate return : 4.8864
INFO:root:accumulate return : 5.09424
INFO:root:accumulate return : 4.85351
INFO:root:accumulate return : 4.89365
INFO:root:accumulate return : 4.89564
INFO:root:accumulate return : 4.79857
INFO:root:accumulate return : 4.92231
INFO:root:accumulate return : 4.94138
INFO:root:accumulate return : 4.81368
INFO:root:accumulate return : 4.78363
INFO:root:Processing time : 8.77472222222 hours
