INFO:root:Version : 6
INFO:root:Time start : 2016-05-30-15-15-12
INFO:root:Input data :GBPUSD240.csv
INFO:root:Parameter setting :
INFO:root:epsilon = 0.1
INFO:root:transaction_cost = 0.0005
INFO:root:epoch =2000
INFO:root:max_memory = 1000000
INFO:root:batch_size = 200
INFO:root:look back term = 300
INFO:root:hidden_size = 600
INFO:root:training period = 0 ~ 10000
INFO:root:learning rate = 0.1
INFO:root:discount rate = 9e-06
INFO:root:step_size = 10
INFO:root:activation function = relu
INFO:root:accumulate return : -3.8121
INFO:root:accumulate return : -3.6866
INFO:root:accumulate return : -4.0303
INFO:root:accumulate return : -3.7327
INFO:root:accumulate return : -3.8661
INFO:root:accumulate return : -3.7699
INFO:root:accumulate return : -3.6065
INFO:root:accumulate return : -3.7789
INFO:root:accumulate return : -3.8602
INFO:root:accumulate return : -4.0015
INFO:root:accumulate return : -0.3006
INFO:root:accumulate return : -0.0120999999999
INFO:root:accumulate return : -0.2049
INFO:root:accumulate return : -0.0872999999999
INFO:root:accumulate return : 0.0851000000001
INFO:root:accumulate return : -0.3341
INFO:root:accumulate return : -0.1548
INFO:root:accumulate return : -0.1318
INFO:root:accumulate return : 0.0240000000002
INFO:root:accumulate return : -0.0592999999999
INFO:root:accumulate return : 0.5294
INFO:root:accumulate return : 0.5138
INFO:root:accumulate return : 0.753
INFO:root:accumulate return : 0.4951
INFO:root:accumulate return : 0.5894
INFO:root:accumulate return : 0.7561
INFO:root:accumulate return : 0.6867
INFO:root:accumulate return : 0.8769
INFO:root:accumulate return : 0.7962
INFO:root:accumulate return : 1.0503
INFO:root:accumulate return : 1.2044
INFO:root:accumulate return : 1.2142
INFO:root:accumulate return : 0.9253
INFO:root:accumulate return : 0.7307
INFO:root:accumulate return : 1.0216
INFO:root:accumulate return : 1.1356
INFO:root:accumulate return : 1.0087
INFO:root:accumulate return : 1.2764
INFO:root:accumulate return : 1.1992
INFO:root:accumulate return : 1.2311
INFO:root:accumulate return : 1.1439
INFO:root:accumulate return : 1.2992
INFO:root:accumulate return : 1.2804
INFO:root:accumulate return : 1.0735
INFO:root:accumulate return : 1.5157
INFO:root:accumulate return : 1.239
INFO:root:accumulate return : 1.3661
INFO:root:accumulate return : 1.0493
INFO:root:accumulate return : 1.1674
INFO:root:accumulate return : 1.2861
INFO:root:accumulate return : 1.5043
INFO:root:accumulate return : 1.5487
INFO:root:accumulate return : 1.6479
INFO:root:accumulate return : 1.4547
INFO:root:accumulate return : 1.1992
INFO:root:accumulate return : 1.3588
INFO:root:accumulate return : 1.7276
INFO:root:accumulate return : 1.5168
INFO:root:accumulate return : 1.3767
INFO:root:accumulate return : 1.4414
INFO:root:accumulate return : 1.7631
INFO:root:accumulate return : 1.983
INFO:root:accumulate return : 1.9559
INFO:root:accumulate return : 1.6679
INFO:root:accumulate return : 1.8863
INFO:root:accumulate return : 1.8265
INFO:root:accumulate return : 1.7923
INFO:root:accumulate return : 1.7829
INFO:root:accumulate return : 1.592
INFO:root:accumulate return : 1.8791
INFO:root:accumulate return : 1.8403
INFO:root:accumulate return : 1.8375
INFO:root:accumulate return : 1.7376
INFO:root:accumulate return : 1.8744
INFO:root:accumulate return : 1.7891
INFO:root:accumulate return : 1.7354
INFO:root:accumulate return : 1.7618
INFO:root:accumulate return : 1.8458
INFO:root:accumulate return : 1.7296
INFO:root:accumulate return : 1.7707
INFO:root:accumulate return : 1.9565
INFO:root:accumulate return : 2.1985
INFO:root:accumulate return : 2.0637
INFO:root:accumulate return : 2.1943
INFO:root:accumulate return : 2.1598
INFO:root:accumulate return : 2.0755
INFO:root:accumulate return : 2.1418
INFO:root:accumulate return : 2.3228
INFO:root:accumulate return : 2.1268
INFO:root:accumulate return : 2.0626
INFO:root:accumulate return : 2.3138
INFO:root:accumulate return : 2.4045
INFO:root:accumulate return : 2.6913
INFO:root:accumulate return : 2.1996
INFO:root:accumulate return : 2.1209
INFO:root:accumulate return : 2.2189
INFO:root:accumulate return : 2.3473
INFO:root:accumulate return : 1.9925
INFO:root:accumulate return : 2.1891
INFO:root:accumulate return : 2.3197
INFO:root:accumulate return : 2.5645
INFO:root:accumulate return : 2.5462
INFO:root:accumulate return : 2.5707
INFO:root:accumulate return : 2.7107
INFO:root:accumulate return : 2.72
INFO:root:accumulate return : 2.7427
INFO:root:accumulate return : 2.8258
INFO:root:accumulate return : 2.2869
INFO:root:accumulate return : 2.6184
INFO:root:accumulate return : 2.6088
INFO:root:accumulate return : 2.6926
INFO:root:accumulate return : 2.7355
INFO:root:accumulate return : 2.8783
INFO:root:accumulate return : 2.6558
INFO:root:accumulate return : 2.674
INFO:root:accumulate return : 2.8861
INFO:root:accumulate return : 2.6287
INFO:root:accumulate return : 2.4572
INFO:root:accumulate return : 2.6805
INFO:root:accumulate return : 2.9373
INFO:root:accumulate return : 2.6108
INFO:root:accumulate return : 2.4551
INFO:root:accumulate return : 2.6472
INFO:root:accumulate return : 2.6043
INFO:root:accumulate return : 2.7578
INFO:root:accumulate return : 2.5502
INFO:root:accumulate return : 2.7514
INFO:root:accumulate return : 2.5483
INFO:root:accumulate return : 2.2593
INFO:root:accumulate return : 2.4851
INFO:root:accumulate return : 3.1304
INFO:root:accumulate return : 2.7549
INFO:root:accumulate return : 2.8214
INFO:root:accumulate return : 2.9938
INFO:root:accumulate return : 2.8713
INFO:root:accumulate return : 2.8873
INFO:root:accumulate return : 2.7145
INFO:root:accumulate return : 2.9703
INFO:root:accumulate return : 2.8544
INFO:root:accumulate return : 2.8897
INFO:root:accumulate return : 3.0493
INFO:root:accumulate return : 2.8903
INFO:root:accumulate return : 2.7356
INFO:root:accumulate return : 2.8781
INFO:root:accumulate return : 2.779
INFO:root:accumulate return : 2.9973
INFO:root:accumulate return : 2.7712
INFO:root:accumulate return : 2.6036
INFO:root:accumulate return : 2.9626
INFO:root:accumulate return : 2.8645
INFO:root:accumulate return : 3.2326
INFO:root:accumulate return : 2.9545
INFO:root:accumulate return : 2.8864
INFO:root:accumulate return : 2.8599
INFO:root:accumulate return : 2.9059
INFO:root:accumulate return : 2.7214
INFO:root:accumulate return : 3.054
INFO:root:accumulate return : 3.0099
INFO:root:accumulate return : 3.197
INFO:root:accumulate return : 3.2369
INFO:root:accumulate return : 3.1826
INFO:root:accumulate return : 3.3235
INFO:root:accumulate return : 3.2319
INFO:root:accumulate return : 3.053
INFO:root:accumulate return : 3.2243
INFO:root:accumulate return : 3.1551
INFO:root:accumulate return : 3.1267
INFO:root:accumulate return : 3.2882
INFO:root:accumulate return : 3.1832
INFO:root:accumulate return : 3.4216
INFO:root:accumulate return : 3.3592
INFO:root:accumulate return : 3.4457
INFO:root:accumulate return : 3.2601
INFO:root:accumulate return : 3.4487
INFO:root:accumulate return : 3.3561
INFO:root:accumulate return : 3.6074
INFO:root:accumulate return : 3.7176
INFO:root:accumulate return : 3.2355
INFO:root:accumulate return : 3.3428
INFO:root:accumulate return : 3.1938
INFO:root:accumulate return : 3.5778
INFO:root:accumulate return : 3.4657
INFO:root:accumulate return : 3.4242
INFO:root:accumulate return : 3.5916
INFO:root:accumulate return : 3.5495
INFO:root:accumulate return : 3.4362
INFO:root:accumulate return : 3.489
INFO:root:accumulate return : 3.0577
INFO:root:accumulate return : 3.2386
INFO:root:accumulate return : 3.6103
INFO:root:accumulate return : 3.4688
INFO:root:accumulate return : 3.4591
INFO:root:accumulate return : 3.6529
INFO:root:accumulate return : 3.475
INFO:root:accumulate return : 3.2174
INFO:root:accumulate return : 3.6637
INFO:root:accumulate return : 3.5481
INFO:root:accumulate return : 3.601
INFO:root:accumulate return : 3.8555
INFO:root:accumulate return : 3.7307
INFO:root:accumulate return : 3.8703
INFO:root:accumulate return : 3.8381
INFO:root:accumulate return : 3.8017
INFO:root:accumulate return : 3.3907
INFO:root:accumulate return : 3.74
INFO:root:accumulate return : 3.9221
INFO:root:accumulate return : 3.8518
INFO:root:accumulate return : 4.1002
INFO:root:accumulate return : 3.8376
INFO:root:accumulate return : 4.1692
INFO:root:accumulate return : 3.5105
INFO:root:accumulate return : 3.6142
INFO:root:accumulate return : 3.528
INFO:root:accumulate return : 3.8745
INFO:root:accumulate return : 3.5729
INFO:root:accumulate return : 3.8519
INFO:root:accumulate return : 3.3727
INFO:root:accumulate return : 3.5368
INFO:root:accumulate return : 3.5913
INFO:root:accumulate return : 3.4913
INFO:root:accumulate return : 3.5836
INFO:root:accumulate return : 3.6554
INFO:root:accumulate return : 3.7016
INFO:root:accumulate return : 3.8446
INFO:root:accumulate return : 3.7064
INFO:root:accumulate return : 3.8278
INFO:root:accumulate return : 3.6959
INFO:root:accumulate return : 3.7782
INFO:root:accumulate return : 4.0462
INFO:root:accumulate return : 3.7587
INFO:root:accumulate return : 3.7022
INFO:root:accumulate return : 3.9725
INFO:root:accumulate return : 3.9273
INFO:root:accumulate return : 3.7549
INFO:root:accumulate return : 3.8582
INFO:root:accumulate return : 4.1685
INFO:root:accumulate return : 3.8105
INFO:root:accumulate return : 4.1268
INFO:root:accumulate return : 3.9771
INFO:root:accumulate return : 4.1294
INFO:root:accumulate return : 4.2023
INFO:root:accumulate return : 4.2808
INFO:root:accumulate return : 4.3154
INFO:root:accumulate return : 3.9186
INFO:root:accumulate return : 4.0988
INFO:root:accumulate return : 4.2834
INFO:root:accumulate return : 4.1323
INFO:root:accumulate return : 4.0504
INFO:root:accumulate return : 4.1966
INFO:root:accumulate return : 4.1426
INFO:root:accumulate return : 4.117
INFO:root:accumulate return : 4.1131
INFO:root:accumulate return : 4.4212
INFO:root:accumulate return : 4.6346
INFO:root:accumulate return : 4.3701
INFO:root:accumulate return : 4.58
INFO:root:accumulate return : 4.3765
INFO:root:accumulate return : 4.4212
INFO:root:accumulate return : 4.2177
INFO:root:accumulate return : 4.4992
INFO:root:accumulate return : 4.6665
INFO:root:accumulate return : 4.6006
INFO:root:accumulate return : 4.4404
INFO:root:accumulate return : 4.4757
INFO:root:accumulate return : 4.4572
INFO:root:accumulate return : 4.4763
INFO:root:accumulate return : 4.2795
INFO:root:accumulate return : 4.5503
INFO:root:accumulate return : 4.8653
INFO:root:accumulate return : 4.525
INFO:root:accumulate return : 4.7893
INFO:root:accumulate return : 4.7091
INFO:root:accumulate return : 4.4418
INFO:root:accumulate return : 4.5123
INFO:root:accumulate return : 4.5878
INFO:root:accumulate return : 4.6279
INFO:root:accumulate return : 4.4067
INFO:root:accumulate return : 4.6163
INFO:root:accumulate return : 4.5177
INFO:root:accumulate return : 4.4848
INFO:root:accumulate return : 4.6313
INFO:root:accumulate return : 4.742
INFO:root:accumulate return : 4.6582
INFO:root:accumulate return : 4.4024
INFO:root:accumulate return : 4.3432
INFO:root:accumulate return : 4.6077
INFO:root:accumulate return : 4.6732
INFO:root:accumulate return : 4.1771
INFO:root:accumulate return : 4.314
INFO:root:accumulate return : 4.3499
INFO:root:accumulate return : 4.4498
INFO:root:accumulate return : 4.8723
INFO:root:accumulate return : 4.8131
INFO:root:accumulate return : 4.3912
INFO:root:accumulate return : 4.9092
INFO:root:accumulate return : 4.412
INFO:root:accumulate return : 4.3179
INFO:root:accumulate return : 4.453
INFO:root:accumulate return : 4.8101
INFO:root:accumulate return : 4.5538
INFO:root:accumulate return : 4.4838
INFO:root:accumulate return : 4.5294
INFO:root:accumulate return : 4.6507
INFO:root:accumulate return : 4.5034
INFO:root:accumulate return : 4.8154
INFO:root:accumulate return : 4.4025
INFO:root:accumulate return : 4.8442
INFO:root:accumulate return : 4.8506
INFO:root:accumulate return : 4.7829
INFO:root:accumulate return : 4.4214
INFO:root:accumulate return : 4.92
INFO:root:accumulate return : 4.7929
INFO:root:accumulate return : 4.7364
INFO:root:accumulate return : 4.6928
INFO:root:accumulate return : 4.7604
INFO:root:accumulate return : 4.7833
INFO:root:accumulate return : 4.9379
INFO:root:accumulate return : 4.6273
INFO:root:accumulate return : 4.8474
INFO:root:accumulate return : 5.0219
INFO:root:accumulate return : 5.0614
INFO:root:accumulate return : 4.7304
INFO:root:accumulate return : 4.8421
INFO:root:accumulate return : 4.7371
INFO:root:accumulate return : 4.5021
INFO:root:accumulate return : 5.1845
INFO:root:accumulate return : 4.7834
INFO:root:accumulate return : 4.5216
INFO:root:accumulate return : 4.8559
INFO:root:accumulate return : 4.816
INFO:root:accumulate return : 5.1179
INFO:root:accumulate return : 5.0764
INFO:root:accumulate return : 4.8847
INFO:root:accumulate return : 5.0745
INFO:root:accumulate return : 4.7957
INFO:root:accumulate return : 4.9067
INFO:root:accumulate return : 5.126
INFO:root:accumulate return : 5.0821
INFO:root:accumulate return : 4.8867
INFO:root:accumulate return : 5.0368
INFO:root:accumulate return : 5.2128
INFO:root:accumulate return : 4.8741
INFO:root:accumulate return : 4.9404
INFO:root:accumulate return : 5.0509
INFO:root:accumulate return : 5.1807
INFO:root:accumulate return : 5.0091
INFO:root:accumulate return : 5.3014
INFO:root:accumulate return : 4.8059
INFO:root:accumulate return : 5.0926
INFO:root:accumulate return : 4.7955
INFO:root:accumulate return : 5.3323
INFO:root:accumulate return : 5.4183
INFO:root:accumulate return : 4.8907
INFO:root:accumulate return : 4.9418
INFO:root:accumulate return : 5.34
INFO:root:accumulate return : 5.2359
INFO:root:accumulate return : 5.1502
INFO:root:accumulate return : 5.1944
INFO:root:accumulate return : 5.1069
INFO:root:accumulate return : 5.0337
INFO:root:accumulate return : 5.335
INFO:root:accumulate return : 5.295
INFO:root:accumulate return : 5.2748
INFO:root:accumulate return : 5.486
INFO:root:accumulate return : 5.1514
INFO:root:accumulate return : 4.9461
INFO:root:accumulate return : 4.8474
INFO:root:accumulate return : 5.1089
INFO:root:accumulate return : 5.2316
INFO:root:accumulate return : 5.4102
INFO:root:accumulate return : 5.144
INFO:root:accumulate return : 5.3895
INFO:root:accumulate return : 5.1782
INFO:root:accumulate return : 5.5599
INFO:root:accumulate return : 5.2437
INFO:root:accumulate return : 5.308
INFO:root:accumulate return : 5.2945
INFO:root:accumulate return : 5.4344
INFO:root:accumulate return : 5.3229
INFO:root:accumulate return : 5.4445
INFO:root:accumulate return : 5.5504
INFO:root:accumulate return : 5.7025
INFO:root:accumulate return : 5.5072
INFO:root:accumulate return : 5.5979
INFO:root:accumulate return : 5.7276
INFO:root:accumulate return : 5.7011
INFO:root:accumulate return : 5.6625
INFO:root:accumulate return : 5.6081
INFO:root:accumulate return : 5.386
INFO:root:accumulate return : 5.4056
INFO:root:accumulate return : 5.5426
INFO:root:accumulate return : 5.3803
INFO:root:accumulate return : 5.52
INFO:root:accumulate return : 5.5484
INFO:root:accumulate return : 5.7265
INFO:root:accumulate return : 5.3702
INFO:root:accumulate return : 5.6687
INFO:root:accumulate return : 5.695
INFO:root:accumulate return : 5.5838
INFO:root:accumulate return : 5.7555
INFO:root:accumulate return : 5.3215
INFO:root:accumulate return : 5.6456
INFO:root:accumulate return : 5.3679
INFO:root:accumulate return : 5.3339
INFO:root:accumulate return : 5.5406
INFO:root:accumulate return : 5.2355
INFO:root:accumulate return : 5.3181
INFO:root:accumulate return : 5.4087
INFO:root:accumulate return : 5.4411
INFO:root:accumulate return : 5.5474
INFO:root:accumulate return : 5.4108
INFO:root:accumulate return : 5.5367
INFO:root:accumulate return : 5.7947
INFO:root:accumulate return : 5.5803
INFO:root:accumulate return : 5.577
INFO:root:accumulate return : 5.3108
INFO:root:accumulate return : 5.4843
INFO:root:accumulate return : 5.3793
INFO:root:accumulate return : 5.6961
INFO:root:accumulate return : 5.6059
INFO:root:accumulate return : 5.3271
INFO:root:accumulate return : 5.6963
INFO:root:accumulate return : 5.6665
INFO:root:accumulate return : 5.678
INFO:root:accumulate return : 5.6542
INFO:root:accumulate return : 5.6207
INFO:root:accumulate return : 5.3811
INFO:root:accumulate return : 5.8608
INFO:root:accumulate return : 5.697
INFO:root:accumulate return : 5.7126
INFO:root:accumulate return : 6.0264
INFO:root:accumulate return : 5.7613
INFO:root:accumulate return : 6.0182
INFO:root:accumulate return : 6.1024
INFO:root:accumulate return : 6.0083
INFO:root:accumulate return : 5.5022
INFO:root:accumulate return : 5.7273
INFO:root:accumulate return : 5.6658
INFO:root:accumulate return : 5.9884
INFO:root:accumulate return : 5.7416
INFO:root:accumulate return : 5.9756
INFO:root:accumulate return : 5.9988
INFO:root:accumulate return : 5.7753
INFO:root:accumulate return : 5.635
INFO:root:accumulate return : 5.7033
INFO:root:accumulate return : 5.9796
INFO:root:accumulate return : 5.7542
INFO:root:accumulate return : 5.7933
INFO:root:accumulate return : 5.5151
INFO:root:accumulate return : 6.065
INFO:root:accumulate return : 5.787
INFO:root:accumulate return : 5.7225
INFO:root:accumulate return : 6.1935
INFO:root:accumulate return : 5.828
INFO:root:accumulate return : 5.9192
INFO:root:accumulate return : 5.6795
INFO:root:accumulate return : 5.7947
INFO:root:accumulate return : 5.3415
INFO:root:accumulate return : 5.7773
INFO:root:accumulate return : 5.418
INFO:root:accumulate return : 6.0401
INFO:root:accumulate return : 5.8187
INFO:root:accumulate return : 5.8658
INFO:root:accumulate return : 5.8881
INFO:root:accumulate return : 5.985
INFO:root:accumulate return : 5.9259
INFO:root:accumulate return : 6.0093
INFO:root:accumulate return : 6.0023
INFO:root:accumulate return : 5.9926
INFO:root:accumulate return : 6.1838
INFO:root:accumulate return : 6.1257
INFO:root:accumulate return : 5.9152
INFO:root:accumulate return : 6.0448
INFO:root:accumulate return : 5.7543
INFO:root:accumulate return : 6.386
INFO:root:accumulate return : 6.3444
INFO:root:accumulate return : 6.0541
INFO:root:accumulate return : 6.2122
INFO:root:accumulate return : 6.021
INFO:root:accumulate return : 6.0008
INFO:root:accumulate return : 5.874
INFO:root:accumulate return : 6.1438
INFO:root:accumulate return : 6.0116
INFO:root:accumulate return : 6.3969
INFO:root:accumulate return : 5.9526
INFO:root:accumulate return : 6.0093
INFO:root:accumulate return : 5.9328
INFO:root:accumulate return : 6.1331
INFO:root:accumulate return : 5.7976
INFO:root:accumulate return : 6.2365
INFO:root:accumulate return : 6.0679
INFO:root:accumulate return : 6.4554
INFO:root:accumulate return : 5.9835
INFO:root:accumulate return : 5.8931
INFO:root:accumulate return : 6.01
INFO:root:accumulate return : 5.8859
INFO:root:accumulate return : 6.143
INFO:root:accumulate return : 6.1024
INFO:root:accumulate return : 6.0376
INFO:root:accumulate return : 6.0991
INFO:root:accumulate return : 6.1203
INFO:root:accumulate return : 5.9008
INFO:root:accumulate return : 5.8997
INFO:root:accumulate return : 6.3845
INFO:root:accumulate return : 6.1782
INFO:root:accumulate return : 6.0414
INFO:root:accumulate return : 6.2988
INFO:root:accumulate return : 6.1947
INFO:root:accumulate return : 5.9741
INFO:root:accumulate return : 6.2702
INFO:root:accumulate return : 6.3929
INFO:root:accumulate return : 6.2314
INFO:root:accumulate return : 6.2729
INFO:root:accumulate return : 6.1394
INFO:root:accumulate return : 6.177
INFO:root:accumulate return : 6.1908
INFO:root:accumulate return : 6.0958
INFO:root:accumulate return : 6.3678
INFO:root:accumulate return : 5.8235
INFO:root:accumulate return : 6.1999
INFO:root:accumulate return : 6.3615
INFO:root:accumulate return : 6.2784
INFO:root:accumulate return : 6.4744
INFO:root:accumulate return : 6.2236
INFO:root:accumulate return : 6.3029
INFO:root:accumulate return : 6.1481
INFO:root:accumulate return : 5.9266
INFO:root:accumulate return : 6.3525
INFO:root:accumulate return : 6.5119
INFO:root:accumulate return : 6.2737
INFO:root:accumulate return : 6.2791
INFO:root:accumulate return : 6.2874
INFO:root:accumulate return : 6.0989
INFO:root:accumulate return : 6.0836
INFO:root:accumulate return : 5.8413
INFO:root:accumulate return : 6.4607
INFO:root:accumulate return : 6.2535
INFO:root:accumulate return : 6.258
INFO:root:accumulate return : 6.179
INFO:root:accumulate return : 6.144
INFO:root:accumulate return : 6.1512
INFO:root:accumulate return : 6.4659
INFO:root:accumulate return : 6.1302
INFO:root:accumulate return : 6.4107
INFO:root:accumulate return : 6.3751
INFO:root:accumulate return : 6.3306
INFO:root:accumulate return : 6.309
INFO:root:accumulate return : 6.2975
INFO:root:accumulate return : 6.5708
INFO:root:accumulate return : 6.084
INFO:root:accumulate return : 6.3859
INFO:root:accumulate return : 6.5894
INFO:root:accumulate return : 6.3843
INFO:root:accumulate return : 6.7268
INFO:root:accumulate return : 6.2481
INFO:root:accumulate return : 6.2813
INFO:root:accumulate return : 6.438
INFO:root:accumulate return : 6.5354
INFO:root:accumulate return : 6.4468
INFO:root:accumulate return : 6.6431
INFO:root:accumulate return : 7.0423
INFO:root:accumulate return : 6.8169
INFO:root:accumulate return : 6.5054
INFO:root:accumulate return : 6.7892
INFO:root:accumulate return : 6.831
INFO:root:accumulate return : 6.7012
INFO:root:accumulate return : 6.8549
INFO:root:accumulate return : 6.8003
INFO:root:accumulate return : 6.7432
INFO:root:accumulate return : 6.7907
INFO:root:accumulate return : 6.8657
INFO:root:accumulate return : 7.1483
INFO:root:accumulate return : 7.0302
INFO:root:accumulate return : 6.8817
INFO:root:accumulate return : 6.6917
INFO:root:accumulate return : 6.9276
INFO:root:accumulate return : 6.9033
INFO:root:accumulate return : 6.9316
INFO:root:accumulate return : 6.6976
INFO:root:accumulate return : 6.8193
INFO:root:accumulate return : 6.9843
INFO:root:accumulate return : 6.9653
INFO:root:accumulate return : 6.4518
INFO:root:accumulate return : 6.6757
INFO:root:accumulate return : 7.0363
INFO:root:accumulate return : 6.6585
INFO:root:accumulate return : 6.7687
INFO:root:accumulate return : 6.926
INFO:root:accumulate return : 6.7602
INFO:root:accumulate return : 6.8428
INFO:root:accumulate return : 6.678
INFO:root:accumulate return : 6.6171
INFO:root:accumulate return : 6.6421
INFO:root:accumulate return : 6.8781
INFO:root:accumulate return : 6.6797
INFO:root:accumulate return : 6.8172
INFO:root:accumulate return : 6.3137
INFO:root:accumulate return : 6.6019
INFO:root:accumulate return : 6.6012
INFO:root:accumulate return : 6.892
INFO:root:accumulate return : 6.9931
INFO:root:accumulate return : 6.9852
INFO:root:accumulate return : 6.8345
INFO:root:accumulate return : 6.8369
INFO:root:accumulate return : 6.928
INFO:root:accumulate return : 6.3994
INFO:root:accumulate return : 6.7535
INFO:root:accumulate return : 6.9138
INFO:root:accumulate return : 6.9851
INFO:root:accumulate return : 7.0641
INFO:root:accumulate return : 7.0328
INFO:root:accumulate return : 6.7014
INFO:root:accumulate return : 7.0626
INFO:root:accumulate return : 7.0064
INFO:root:accumulate return : 6.9944
INFO:root:accumulate return : 6.5848
INFO:root:accumulate return : 6.772
INFO:root:accumulate return : 6.547
INFO:root:accumulate return : 6.8358
INFO:root:accumulate return : 7.0231
INFO:root:accumulate return : 7.1992
INFO:root:accumulate return : 7.0332
INFO:root:accumulate return : 6.7014
INFO:root:accumulate return : 6.8534
INFO:root:accumulate return : 6.9087
INFO:root:accumulate return : 6.8164
INFO:root:accumulate return : 6.6942
INFO:root:accumulate return : 6.6974
INFO:root:accumulate return : 6.4541
INFO:root:accumulate return : 6.7336
INFO:root:accumulate return : 6.849
INFO:root:accumulate return : 7.1236
INFO:root:accumulate return : 6.7723
INFO:root:accumulate return : 6.9647
INFO:root:accumulate return : 6.8059
INFO:root:accumulate return : 7.0175
INFO:root:accumulate return : 6.71
INFO:root:accumulate return : 7.026
INFO:root:accumulate return : 6.9732
INFO:root:accumulate return : 6.6557
INFO:root:accumulate return : 6.8033
INFO:root:accumulate return : 6.9234
INFO:root:accumulate return : 6.7468
INFO:root:accumulate return : 7.0801
INFO:root:accumulate return : 7.0426
INFO:root:accumulate return : 6.8255
INFO:root:accumulate return : 6.584
INFO:root:accumulate return : 6.9445
INFO:root:accumulate return : 6.7219
INFO:root:accumulate return : 6.9866
INFO:root:accumulate return : 6.8241
INFO:root:accumulate return : 6.8193
INFO:root:accumulate return : 7.0881
INFO:root:accumulate return : 6.7866
INFO:root:accumulate return : 6.9068
INFO:root:accumulate return : 7.0098
INFO:root:accumulate return : 7.2062
INFO:root:accumulate return : 6.7005
INFO:root:accumulate return : 6.6924
INFO:root:accumulate return : 6.9125
INFO:root:accumulate return : 6.9202
INFO:root:accumulate return : 6.8984
INFO:root:accumulate return : 6.7332
INFO:root:accumulate return : 6.8008
INFO:root:accumulate return : 6.5483
INFO:root:accumulate return : 6.9369
INFO:root:accumulate return : 6.9082
INFO:root:accumulate return : 7.1632
INFO:root:accumulate return : 6.5179
INFO:root:accumulate return : 6.8355
INFO:root:accumulate return : 7.068
INFO:root:accumulate return : 7.0157
INFO:root:accumulate return : 6.8736
INFO:root:accumulate return : 7.2476
INFO:root:accumulate return : 7.0765
INFO:root:accumulate return : 7.16
INFO:root:accumulate return : 6.8799
INFO:root:accumulate return : 6.9488
INFO:root:accumulate return : 6.9372
INFO:root:accumulate return : 6.9328
INFO:root:accumulate return : 7.1334
INFO:root:accumulate return : 7.1716
INFO:root:accumulate return : 6.8743
INFO:root:accumulate return : 6.9878
INFO:root:accumulate return : 6.9013
INFO:root:accumulate return : 7.0774
INFO:root:accumulate return : 6.8527
INFO:root:accumulate return : 7.2791
INFO:root:accumulate return : 7.1303
INFO:root:accumulate return : 6.7787
INFO:root:accumulate return : 7.0361
INFO:root:accumulate return : 7.0244
INFO:root:accumulate return : 6.7892
INFO:root:accumulate return : 7.0616
INFO:root:accumulate return : 6.9775
INFO:root:accumulate return : 7.0825
INFO:root:accumulate return : 6.9579
INFO:root:accumulate return : 6.945
INFO:root:accumulate return : 7.1311
INFO:root:accumulate return : 7.1127
INFO:root:accumulate return : 7.3361
INFO:root:accumulate return : 6.9762
INFO:root:accumulate return : 6.9832
INFO:root:accumulate return : 6.9828
INFO:root:accumulate return : 7.1841
INFO:root:accumulate return : 7.1214
INFO:root:accumulate return : 7.2885
INFO:root:accumulate return : 7.0966
INFO:root:accumulate return : 7.1535
INFO:root:accumulate return : 7.2923
INFO:root:accumulate return : 7.1495
INFO:root:accumulate return : 7.4043
INFO:root:accumulate return : 7.3322
INFO:root:accumulate return : 7.4697
INFO:root:accumulate return : 7.6192
INFO:root:accumulate return : 7.4348
INFO:root:accumulate return : 6.9892
INFO:root:accumulate return : 7.292
INFO:root:accumulate return : 7.3027
INFO:root:accumulate return : 7.1695
INFO:root:accumulate return : 7.3304
INFO:root:accumulate return : 6.971
INFO:root:accumulate return : 7.1417
INFO:root:accumulate return : 7.4817
INFO:root:accumulate return : 7.3137
INFO:root:accumulate return : 7.4084
INFO:root:accumulate return : 7.0764
INFO:root:accumulate return : 7.2359
INFO:root:accumulate return : 7.3653
INFO:root:accumulate return : 7.0479
INFO:root:accumulate return : 6.8647
INFO:root:accumulate return : 6.9982
INFO:root:accumulate return : 6.6439
INFO:root:accumulate return : 6.9085
INFO:root:accumulate return : 6.8979
INFO:root:accumulate return : 6.7824
INFO:root:accumulate return : 6.7345
INFO:root:accumulate return : 6.735
INFO:root:accumulate return : 7.0193
INFO:root:accumulate return : 6.9969
INFO:root:accumulate return : 6.7691
INFO:root:accumulate return : 6.627
INFO:root:accumulate return : 6.6407
INFO:root:accumulate return : 6.5827
INFO:root:accumulate return : 6.7493
INFO:root:accumulate return : 6.9368
INFO:root:accumulate return : 6.674
INFO:root:accumulate return : 6.533
INFO:root:accumulate return : 6.3629
INFO:root:accumulate return : 6.6529
INFO:root:accumulate return : 6.862
INFO:root:accumulate return : 6.8193
INFO:root:accumulate return : 7.0979
INFO:root:accumulate return : 7.1803
INFO:root:accumulate return : 7.08
INFO:root:accumulate return : 6.9234
INFO:root:accumulate return : 6.8677
INFO:root:accumulate return : 6.6176
INFO:root:accumulate return : 6.9863
INFO:root:accumulate return : 7.0612
INFO:root:accumulate return : 6.9674
INFO:root:accumulate return : 7.4836
INFO:root:accumulate return : 7.3548
INFO:root:accumulate return : 7.209
INFO:root:accumulate return : 7.1795
INFO:root:accumulate return : 7.1554
INFO:root:accumulate return : 7.1332
INFO:root:accumulate return : 6.9582
INFO:root:accumulate return : 7.3563
INFO:root:accumulate return : 7.1579
INFO:root:accumulate return : 7.1879
INFO:root:accumulate return : 6.9967
INFO:root:accumulate return : 7.4563
INFO:root:accumulate return : 7.0456
INFO:root:accumulate return : 7.2199
INFO:root:accumulate return : 7.3618
INFO:root:accumulate return : 7.2135
INFO:root:accumulate return : 7.0601
INFO:root:accumulate return : 7.4151
INFO:root:accumulate return : 7.0598
INFO:root:accumulate return : 7.1387
INFO:root:accumulate return : 7.4471
INFO:root:accumulate return : 7.232
INFO:root:accumulate return : 7.0295
INFO:root:accumulate return : 7.3006
INFO:root:accumulate return : 7.2757
INFO:root:accumulate return : 7.0188
INFO:root:accumulate return : 7.3673
INFO:root:accumulate return : 7.2517
INFO:root:accumulate return : 7.3337
INFO:root:accumulate return : 7.352
INFO:root:accumulate return : 7.2637
INFO:root:accumulate return : 7.7069
INFO:root:accumulate return : 7.6739
INFO:root:accumulate return : 7.2506
INFO:root:accumulate return : 7.5927
INFO:root:accumulate return : 7.3673
INFO:root:accumulate return : 7.2612
INFO:root:accumulate return : 7.1689
INFO:root:accumulate return : 7.3254
INFO:root:accumulate return : 7.4044
INFO:root:accumulate return : 7.4041
INFO:root:accumulate return : 7.5175
INFO:root:accumulate return : 7.5668
INFO:root:accumulate return : 7.1798
INFO:root:accumulate return : 7.4295
INFO:root:accumulate return : 7.2899
INFO:root:accumulate return : 7.4319
INFO:root:accumulate return : 7.6464
INFO:root:accumulate return : 7.5603
INFO:root:accumulate return : 7.3321
INFO:root:accumulate return : 7.052
INFO:root:accumulate return : 7.4155
INFO:root:accumulate return : 7.1752
INFO:root:accumulate return : 7.1199
INFO:root:accumulate return : 7.3403
INFO:root:accumulate return : 7.4211
INFO:root:accumulate return : 7.1307
INFO:root:accumulate return : 7.5497
INFO:root:accumulate return : 7.4417
INFO:root:accumulate return : 7.2404
INFO:root:accumulate return : 7.4233
INFO:root:accumulate return : 7.1493
INFO:root:accumulate return : 7.4687
INFO:root:accumulate return : 7.2155
INFO:root:accumulate return : 7.4219
INFO:root:accumulate return : 7.3767
INFO:root:accumulate return : 7.549
INFO:root:accumulate return : 7.3285
INFO:root:accumulate return : 7.2721
INFO:root:accumulate return : 7.6091
INFO:root:accumulate return : 7.6165
INFO:root:accumulate return : 7.5465
INFO:root:accumulate return : 7.578
INFO:root:accumulate return : 7.5365
INFO:root:accumulate return : 7.3952
INFO:root:accumulate return : 7.5103
INFO:root:accumulate return : 7.5786
INFO:root:accumulate return : 7.7428
INFO:root:accumulate return : 7.7219
INFO:root:accumulate return : 7.6241
INFO:root:accumulate return : 7.7937
INFO:root:accumulate return : 7.9109
INFO:root:accumulate return : 7.7899
INFO:root:accumulate return : 7.8791
INFO:root:accumulate return : 7.7664
INFO:root:accumulate return : 7.7992
INFO:root:accumulate return : 7.9119
INFO:root:accumulate return : 7.6863
INFO:root:accumulate return : 7.6824
INFO:root:accumulate return : 8.0146
INFO:root:accumulate return : 7.8019
INFO:root:accumulate return : 7.8891
INFO:root:accumulate return : 7.9294
INFO:root:accumulate return : 7.755
INFO:root:accumulate return : 7.8266
INFO:root:accumulate return : 7.6616
INFO:root:accumulate return : 7.8116
INFO:root:accumulate return : 8.0422
INFO:root:accumulate return : 8.0498
INFO:root:accumulate return : 7.612
INFO:root:accumulate return : 8.0106
INFO:root:accumulate return : 8.2554
INFO:root:accumulate return : 7.9202
INFO:root:accumulate return : 7.9617
INFO:root:accumulate return : 8.1804
INFO:root:accumulate return : 8.0685
INFO:root:accumulate return : 7.9158
INFO:root:accumulate return : 8.1749
INFO:root:accumulate return : 8.069
INFO:root:accumulate return : 7.8859
INFO:root:accumulate return : 7.8472
INFO:root:accumulate return : 8.0253
INFO:root:accumulate return : 7.6996
INFO:root:accumulate return : 7.6172
INFO:root:accumulate return : 7.9948
INFO:root:accumulate return : 8.2318
INFO:root:accumulate return : 8.0471
INFO:root:accumulate return : 7.8587
INFO:root:accumulate return : 7.9535
INFO:root:accumulate return : 7.3542
INFO:root:accumulate return : 7.4095
INFO:root:accumulate return : 7.6833
INFO:root:accumulate return : 7.6183
INFO:root:accumulate return : 7.7888
INFO:root:accumulate return : 7.6669
INFO:root:accumulate return : 7.6429
INFO:root:accumulate return : 7.5841
INFO:root:accumulate return : 7.4321
INFO:root:accumulate return : 7.6794
INFO:root:accumulate return : 7.8693
INFO:root:accumulate return : 8.081
INFO:root:accumulate return : 7.8621
INFO:root:accumulate return : 7.9644
INFO:root:accumulate return : 7.9158
INFO:root:accumulate return : 8.0431
INFO:root:accumulate return : 7.8255
INFO:root:accumulate return : 7.9334
INFO:root:accumulate return : 7.865
INFO:root:accumulate return : 7.8923
INFO:root:accumulate return : 7.8771
INFO:root:accumulate return : 7.8955
INFO:root:accumulate return : 8.0217
INFO:root:accumulate return : 8.1247
INFO:root:accumulate return : 7.6736
INFO:root:accumulate return : 7.8002
INFO:root:accumulate return : 7.9629
INFO:root:accumulate return : 8.1198
INFO:root:accumulate return : 8.119
INFO:root:accumulate return : 7.9673
INFO:root:accumulate return : 7.9839
INFO:root:accumulate return : 7.6029
INFO:root:accumulate return : 7.9194
INFO:root:accumulate return : 8.0969
INFO:root:accumulate return : 7.7488
INFO:root:accumulate return : 7.7258
INFO:root:accumulate return : 7.8043
INFO:root:accumulate return : 7.9996
INFO:root:accumulate return : 7.7314
INFO:root:accumulate return : 7.7867
INFO:root:accumulate return : 7.6916
INFO:root:accumulate return : 7.6566
INFO:root:accumulate return : 7.8904
INFO:root:accumulate return : 7.6438
INFO:root:accumulate return : 7.9233
INFO:root:accumulate return : 7.9353
INFO:root:accumulate return : 7.7507
INFO:root:accumulate return : 7.6586
INFO:root:accumulate return : 7.8595
INFO:root:accumulate return : 7.6186
INFO:root:accumulate return : 7.8806
INFO:root:accumulate return : 7.8737
INFO:root:accumulate return : 7.9151
INFO:root:accumulate return : 7.9417
INFO:root:accumulate return : 8.1755
INFO:root:accumulate return : 8.0633
INFO:root:accumulate return : 8.0865
INFO:root:accumulate return : 7.8674
INFO:root:accumulate return : 8.03
INFO:root:accumulate return : 7.9486
INFO:root:accumulate return : 7.6288
INFO:root:accumulate return : 8.0528
INFO:root:accumulate return : 8.0036
INFO:root:accumulate return : 8.2628
INFO:root:accumulate return : 7.8689
INFO:root:accumulate return : 8.0115
INFO:root:accumulate return : 7.6555
INFO:root:accumulate return : 7.7499
INFO:root:accumulate return : 7.8692
INFO:root:accumulate return : 7.6823
INFO:root:accumulate return : 7.8646
INFO:root:accumulate return : 7.9239
INFO:root:accumulate return : 7.7429
INFO:root:accumulate return : 7.918
INFO:root:accumulate return : 7.8087
INFO:root:accumulate return : 7.8333
INFO:root:accumulate return : 7.9865
INFO:root:accumulate return : 7.7329
INFO:root:accumulate return : 7.7781
INFO:root:accumulate return : 8.0879
INFO:root:accumulate return : 8.1829
INFO:root:accumulate return : 8.0969
INFO:root:accumulate return : 8.0214
INFO:root:accumulate return : 8.0052
INFO:root:accumulate return : 8.1113
INFO:root:accumulate return : 7.7848
INFO:root:accumulate return : 8.1909
INFO:root:accumulate return : 7.8618
INFO:root:accumulate return : 8.4258
INFO:root:accumulate return : 8.087
INFO:root:accumulate return : 8.2407
INFO:root:accumulate return : 8.161
INFO:root:accumulate return : 8.0703
INFO:root:accumulate return : 8.0357
INFO:root:accumulate return : 8.034
INFO:root:accumulate return : 8.195
INFO:root:accumulate return : 8.2181
INFO:root:accumulate return : 8.0072
INFO:root:accumulate return : 8.4412
INFO:root:accumulate return : 8.1563
INFO:root:accumulate return : 8.2021
INFO:root:accumulate return : 8.4278
INFO:root:accumulate return : 8.2929
INFO:root:accumulate return : 8.2219
INFO:root:accumulate return : 8.4349
INFO:root:accumulate return : 8.2837
INFO:root:accumulate return : 8.2543
INFO:root:accumulate return : 8.3615
INFO:root:accumulate return : 8.3309
INFO:root:accumulate return : 8.0896
INFO:root:accumulate return : 8.3604
INFO:root:accumulate return : 8.4698
INFO:root:accumulate return : 8.4123
INFO:root:accumulate return : 8.1798
INFO:root:accumulate return : 8.3388
INFO:root:accumulate return : 8.2739
INFO:root:accumulate return : 8.4714
INFO:root:accumulate return : 8.4484
INFO:root:accumulate return : 8.517
INFO:root:accumulate return : 8.4812
INFO:root:accumulate return : 8.3059
INFO:root:accumulate return : 8.1984
INFO:root:accumulate return : 8.3137
INFO:root:accumulate return : 8.2257
INFO:root:accumulate return : 8.2703
INFO:root:accumulate return : 7.9772
INFO:root:accumulate return : 8.241
INFO:root:accumulate return : 8.504
INFO:root:accumulate return : 8.4838
INFO:root:accumulate return : 8.1435
INFO:root:accumulate return : 8.2595
INFO:root:accumulate return : 8.628
INFO:root:accumulate return : 8.2971
INFO:root:accumulate return : 8.3872
INFO:root:accumulate return : 8.4018
INFO:root:accumulate return : 8.4626
INFO:root:accumulate return : 8.4507
INFO:root:accumulate return : 8.6625
INFO:root:accumulate return : 8.5849
INFO:root:accumulate return : 8.799
INFO:root:accumulate return : 8.3254
INFO:root:accumulate return : 8.4492
INFO:root:accumulate return : 8.4138
INFO:root:accumulate return : 8.2545
INFO:root:accumulate return : 8.3758
INFO:root:accumulate return : 8.3201
INFO:root:accumulate return : 8.6836
INFO:root:accumulate return : 8.3159
INFO:root:accumulate return : 8.7079
INFO:root:accumulate return : 8.2484
INFO:root:accumulate return : 8.5622
INFO:root:accumulate return : 8.4994
INFO:root:accumulate return : 8.6643
INFO:root:accumulate return : 8.4825
INFO:root:accumulate return : 8.4474
INFO:root:accumulate return : 8.1826
INFO:root:accumulate return : 8.769
INFO:root:accumulate return : 8.6139
INFO:root:accumulate return : 8.4913
INFO:root:accumulate return : 8.6664
INFO:root:accumulate return : 8.5079
INFO:root:accumulate return : 8.5975
INFO:root:accumulate return : 8.4745
INFO:root:accumulate return : 8.3082
INFO:root:accumulate return : 8.5963
INFO:root:accumulate return : 7.978
INFO:root:accumulate return : 8.564
INFO:root:accumulate return : 8.6802
INFO:root:accumulate return : 8.4368
INFO:root:accumulate return : 8.2169
INFO:root:accumulate return : 8.6749
INFO:root:accumulate return : 8.3862
INFO:root:accumulate return : 8.7141
INFO:root:accumulate return : 8.5237
INFO:root:accumulate return : 8.642
INFO:root:accumulate return : 8.6965
INFO:root:accumulate return : 8.7256
INFO:root:accumulate return : 8.2767
INFO:root:accumulate return : 8.5537
INFO:root:accumulate return : 8.6607
INFO:root:accumulate return : 8.5137
INFO:root:accumulate return : 8.3735
INFO:root:accumulate return : 8.7878
INFO:root:accumulate return : 8.047
INFO:root:accumulate return : 8.4141
INFO:root:accumulate return : 8.4837
INFO:root:accumulate return : 8.4408
INFO:root:accumulate return : 8.533
INFO:root:accumulate return : 8.2693
INFO:root:accumulate return : 8.7277
INFO:root:accumulate return : 8.007
INFO:root:accumulate return : 8.3447
INFO:root:accumulate return : 8.3114
INFO:root:accumulate return : 8.2555
INFO:root:accumulate return : 8.4735
INFO:root:accumulate return : 8.5186
INFO:root:accumulate return : 8.4255
INFO:root:accumulate return : 8.4788
INFO:root:accumulate return : 8.2107
INFO:root:accumulate return : 8.685
INFO:root:accumulate return : 8.3799
INFO:root:accumulate return : 8.2385
INFO:root:accumulate return : 8.3031
INFO:root:accumulate return : 8.4475
INFO:root:accumulate return : 8.6295
INFO:root:accumulate return : 7.9352
INFO:root:accumulate return : 8.7115
INFO:root:accumulate return : 8.6824
INFO:root:accumulate return : 8.6759
INFO:root:accumulate return : 8.6001
INFO:root:accumulate return : 8.058
INFO:root:accumulate return : 8.4382
INFO:root:accumulate return : 8.7818
INFO:root:accumulate return : 8.483
INFO:root:accumulate return : 8.5032
INFO:root:accumulate return : 8.636
INFO:root:accumulate return : 8.5565
INFO:root:accumulate return : 8.3167
INFO:root:accumulate return : 8.1571
INFO:root:accumulate return : 8.1728
INFO:root:accumulate return : 8.6807
INFO:root:accumulate return : 8.6643
INFO:root:accumulate return : 8.4487
INFO:root:accumulate return : 8.204
INFO:root:accumulate return : 8.3425
INFO:root:accumulate return : 8.2231
INFO:root:accumulate return : 8.6996
INFO:root:accumulate return : 8.5421
INFO:root:accumulate return : 8.7101
INFO:root:accumulate return : 8.6164
INFO:root:accumulate return : 8.6674
INFO:root:accumulate return : 8.4966
INFO:root:accumulate return : 8.5828
INFO:root:accumulate return : 8.6666
INFO:root:accumulate return : 8.3809
INFO:root:accumulate return : 8.5372
INFO:root:accumulate return : 8.3004
INFO:root:accumulate return : 8.2914
INFO:root:accumulate return : 8.542
INFO:root:accumulate return : 8.4111
INFO:root:accumulate return : 8.4314
INFO:root:accumulate return : 8.3537
INFO:root:accumulate return : 8.4957
INFO:root:accumulate return : 8.1358
INFO:root:accumulate return : 8.4302
INFO:root:accumulate return : 8.1916
INFO:root:accumulate return : 8.1952
INFO:root:accumulate return : 8.405
INFO:root:accumulate return : 8.2444
INFO:root:accumulate return : 8.3748
INFO:root:accumulate return : 8.367
INFO:root:accumulate return : 8.3801
INFO:root:accumulate return : 8.1521
INFO:root:accumulate return : 8.2902
INFO:root:accumulate return : 8.5036
INFO:root:accumulate return : 8.4865
INFO:root:accumulate return : 8.5532
INFO:root:accumulate return : 8.1881
INFO:root:accumulate return : 8.2637
INFO:root:accumulate return : 8.1462
INFO:root:accumulate return : 8.2378
INFO:root:accumulate return : 8.5219
INFO:root:accumulate return : 8.5665
INFO:root:accumulate return : 8.5234
INFO:root:accumulate return : 8.582
INFO:root:accumulate return : 8.5708
INFO:root:accumulate return : 8.6315
INFO:root:accumulate return : 8.6276
INFO:root:accumulate return : 8.3922
INFO:root:accumulate return : 8.4074
INFO:root:accumulate return : 8.1761
INFO:root:accumulate return : 8.5662
INFO:root:accumulate return : 8.3032
INFO:root:accumulate return : 8.4913
INFO:root:accumulate return : 8.2531
INFO:root:accumulate return : 8.3696
INFO:root:accumulate return : 8.3267
INFO:root:accumulate return : 8.2907
INFO:root:accumulate return : 8.375
INFO:root:accumulate return : 8.4246
INFO:root:accumulate return : 8.5019
INFO:root:accumulate return : 8.8324
INFO:root:accumulate return : 8.735
INFO:root:accumulate return : 8.6675
INFO:root:accumulate return : 8.6895
INFO:root:accumulate return : 8.6463
INFO:root:accumulate return : 8.4771
INFO:root:accumulate return : 8.7823
INFO:root:accumulate return : 8.5802
INFO:root:accumulate return : 8.5646
INFO:root:accumulate return : 8.7968
INFO:root:accumulate return : 8.6704
INFO:root:accumulate return : 8.7445
INFO:root:accumulate return : 8.9759
INFO:root:accumulate return : 8.9868
INFO:root:accumulate return : 8.9368
INFO:root:accumulate return : 8.808
INFO:root:accumulate return : 8.8298
INFO:root:accumulate return : 8.8098
INFO:root:accumulate return : 8.9115
INFO:root:accumulate return : 8.5396
INFO:root:accumulate return : 8.8078
INFO:root:accumulate return : 8.8387
INFO:root:accumulate return : 8.8549
INFO:root:accumulate return : 8.9501
INFO:root:accumulate return : 9.1397
INFO:root:accumulate return : 8.7682
INFO:root:accumulate return : 8.9776
INFO:root:accumulate return : 8.8735
INFO:root:accumulate return : 8.812
INFO:root:accumulate return : 8.5662
INFO:root:accumulate return : 8.968
INFO:root:accumulate return : 9.0019
INFO:root:accumulate return : 8.5202
INFO:root:accumulate return : 8.6584
INFO:root:accumulate return : 8.5148
INFO:root:accumulate return : 8.6951
INFO:root:accumulate return : 8.5732
INFO:root:accumulate return : 8.649
INFO:root:accumulate return : 8.8204
INFO:root:accumulate return : 8.5195
INFO:root:accumulate return : 8.4769
INFO:root:accumulate return : 8.7013
INFO:root:accumulate return : 8.7752
INFO:root:accumulate return : 8.586
INFO:root:accumulate return : 8.3958
INFO:root:accumulate return : 8.5105
INFO:root:accumulate return : 8.9015
INFO:root:accumulate return : 9.0045
INFO:root:accumulate return : 8.8654
INFO:root:accumulate return : 8.9539
INFO:root:accumulate return : 8.738
INFO:root:accumulate return : 8.5267
INFO:root:accumulate return : 8.7866
INFO:root:accumulate return : 8.4738
INFO:root:accumulate return : 8.8197
INFO:root:accumulate return : 8.8476
INFO:root:accumulate return : 9.0063
INFO:root:accumulate return : 8.8669
INFO:root:accumulate return : 8.8828
INFO:root:accumulate return : 9.2554
INFO:root:accumulate return : 9.0354
INFO:root:accumulate return : 8.917
INFO:root:accumulate return : 9.028
INFO:root:accumulate return : 9.0131
INFO:root:accumulate return : 8.828
INFO:root:accumulate return : 8.9828
INFO:root:accumulate return : 9.0793
INFO:root:accumulate return : 9.0042
INFO:root:accumulate return : 9.0775
INFO:root:accumulate return : 9.2598
INFO:root:accumulate return : 9.3346
INFO:root:accumulate return : 8.9974
INFO:root:accumulate return : 9.0685
INFO:root:accumulate return : 8.9298
INFO:root:accumulate return : 9.1287
INFO:root:accumulate return : 9.2252
INFO:root:accumulate return : 9.1018
INFO:root:accumulate return : 8.8995
INFO:root:accumulate return : 9.0138
INFO:root:accumulate return : 8.8184
INFO:root:accumulate return : 8.9904
INFO:root:accumulate return : 8.819
INFO:root:accumulate return : 8.744
INFO:root:accumulate return : 9.1312
INFO:root:accumulate return : 9.1702
INFO:root:accumulate return : 8.9762
INFO:root:accumulate return : 8.8598
INFO:root:accumulate return : 8.8033
INFO:root:accumulate return : 9.1328
INFO:root:accumulate return : 9.1065
INFO:root:accumulate return : 8.9097
INFO:root:accumulate return : 8.9048
INFO:root:accumulate return : 9.1614
INFO:root:accumulate return : 9.3161
INFO:root:accumulate return : 9.0787
INFO:root:accumulate return : 8.8533
INFO:root:accumulate return : 9.1323
INFO:root:accumulate return : 9.0832
INFO:root:accumulate return : 9.3244
INFO:root:accumulate return : 9.2312
INFO:root:accumulate return : 9.0294
INFO:root:accumulate return : 9.3424
INFO:root:accumulate return : 9.011
INFO:root:accumulate return : 9.0218
INFO:root:accumulate return : 9.1954
INFO:root:accumulate return : 9.25
INFO:root:accumulate return : 9.2273
INFO:root:accumulate return : 9.0775
INFO:root:accumulate return : 9.2594
INFO:root:accumulate return : 8.8442
INFO:root:accumulate return : 9.2075
INFO:root:accumulate return : 8.8751
INFO:root:accumulate return : 9.136
INFO:root:accumulate return : 9.0771
INFO:root:accumulate return : 8.9497
INFO:root:accumulate return : 8.9589
INFO:root:accumulate return : 8.9624
INFO:root:accumulate return : 9.3113
INFO:root:accumulate return : 8.9392
INFO:root:accumulate return : 8.8047
INFO:root:accumulate return : 8.8787
INFO:root:accumulate return : 8.9326
INFO:root:accumulate return : 8.2739
INFO:root:accumulate return : 8.9468
INFO:root:accumulate return : 8.8974
INFO:root:accumulate return : 8.8099
INFO:root:accumulate return : 8.9803
INFO:root:accumulate return : 8.688
INFO:root:accumulate return : 9.0359
INFO:root:accumulate return : 8.8493
INFO:root:accumulate return : 9.0145
INFO:root:accumulate return : 9.0668
INFO:root:accumulate return : 8.8396
INFO:root:accumulate return : 8.9577
INFO:root:accumulate return : 9.0538
INFO:root:accumulate return : 8.8677
INFO:root:accumulate return : 9.1643
INFO:root:accumulate return : 8.6631
INFO:root:accumulate return : 8.7686
INFO:root:accumulate return : 8.9978
INFO:root:accumulate return : 9.214
INFO:root:accumulate return : 9.1954
INFO:root:accumulate return : 9.1056
INFO:root:accumulate return : 9.391
INFO:root:accumulate return : 9.2727
INFO:root:accumulate return : 9.1821
INFO:root:accumulate return : 8.8678
INFO:root:accumulate return : 9.2186
INFO:root:accumulate return : 9.3161
INFO:root:accumulate return : 8.9085
INFO:root:accumulate return : 8.9677
INFO:root:accumulate return : 9.1546
INFO:root:accumulate return : 9.1661
INFO:root:accumulate return : 9.3432
INFO:root:accumulate return : 9.0514
INFO:root:accumulate return : 8.7343
INFO:root:accumulate return : 9.0451
INFO:root:accumulate return : 8.8609
INFO:root:accumulate return : 8.8854
INFO:root:accumulate return : 9.3365
INFO:root:accumulate return : 9.2366
INFO:root:accumulate return : 9.3226
INFO:root:accumulate return : 9.1526
INFO:root:accumulate return : 9.2466
INFO:root:accumulate return : 9.2743
INFO:root:accumulate return : 9.0275
INFO:root:accumulate return : 9.0699
INFO:root:accumulate return : 9.3474
INFO:root:accumulate return : 9.1219
INFO:root:accumulate return : 9.3473
INFO:root:accumulate return : 9.1499
INFO:root:accumulate return : 9.0172
INFO:root:accumulate return : 9.2468
INFO:root:accumulate return : 8.9339
INFO:root:accumulate return : 8.9868
INFO:root:accumulate return : 8.8841
INFO:root:accumulate return : 9.0076
INFO:root:accumulate return : 9.2372
INFO:root:accumulate return : 9.0272
INFO:root:accumulate return : 8.783
INFO:root:accumulate return : 9.1107
INFO:root:accumulate return : 8.7662
INFO:root:accumulate return : 8.936
INFO:root:accumulate return : 9.2208
INFO:root:accumulate return : 9.0198
INFO:root:accumulate return : 9.0169
INFO:root:accumulate return : 8.8376
INFO:root:accumulate return : 8.9987
INFO:root:accumulate return : 8.7663
INFO:root:accumulate return : 9.0477
INFO:root:accumulate return : 9.2587
INFO:root:accumulate return : 9.3521
INFO:root:accumulate return : 8.7922
INFO:root:accumulate return : 9.2949
INFO:root:accumulate return : 9.1555
INFO:root:accumulate return : 9.2624
INFO:root:accumulate return : 9.2187
INFO:root:accumulate return : 9.1479
INFO:root:accumulate return : 9.2894
INFO:root:accumulate return : 9.1459
INFO:root:accumulate return : 9.1512
INFO:root:accumulate return : 9.3126
INFO:root:accumulate return : 9.204
INFO:root:accumulate return : 9.09
INFO:root:accumulate return : 9.3605
INFO:root:accumulate return : 9.1144
INFO:root:accumulate return : 9.1191
INFO:root:accumulate return : 9.1764
INFO:root:accumulate return : 9.1888
INFO:root:accumulate return : 9.5937
INFO:root:accumulate return : 9.3932
INFO:root:accumulate return : 9.7167
INFO:root:accumulate return : 9.2124
INFO:root:accumulate return : 9.6578
INFO:root:accumulate return : 9.1367
INFO:root:accumulate return : 9.4884
INFO:root:accumulate return : 9.4338
INFO:root:accumulate return : 9.4147
INFO:root:accumulate return : 9.5999
INFO:root:accumulate return : 9.2786
INFO:root:accumulate return : 9.2402
INFO:root:accumulate return : 9.3158
INFO:root:accumulate return : 9.2503
INFO:root:accumulate return : 9.2286
INFO:root:accumulate return : 9.2515
INFO:root:accumulate return : 9.1269
INFO:root:accumulate return : 9.2908
INFO:root:accumulate return : 9.4155
INFO:root:accumulate return : 9.2647
INFO:root:accumulate return : 9.0806
INFO:root:accumulate return : 8.969
INFO:root:accumulate return : 8.9797
INFO:root:accumulate return : 8.8647
INFO:root:accumulate return : 9.3588
INFO:root:accumulate return : 9.4571
INFO:root:accumulate return : 9.3117
INFO:root:accumulate return : 9.1986
INFO:root:accumulate return : 8.8494
INFO:root:accumulate return : 9.0419
INFO:root:accumulate return : 9.8683
INFO:root:accumulate return : 9.4485
INFO:root:accumulate return : 9.5521
INFO:root:accumulate return : 9.5399
INFO:root:accumulate return : 9.5687
INFO:root:accumulate return : 9.5926
INFO:root:accumulate return : 9.3306
INFO:root:accumulate return : 9.3182
INFO:root:accumulate return : 9.3934
INFO:root:accumulate return : 9.4782
INFO:root:accumulate return : 9.5766
INFO:root:accumulate return : 9.4954
INFO:root:accumulate return : 9.197
INFO:root:accumulate return : 9.5639
INFO:root:accumulate return : 9.4194
INFO:root:accumulate return : 9.6154
INFO:root:accumulate return : 9.5583
INFO:root:accumulate return : 9.4456
INFO:root:accumulate return : 9.4605
INFO:root:accumulate return : 9.663
INFO:root:accumulate return : 9.7537
INFO:root:accumulate return : 9.608
INFO:root:accumulate return : 9.5181
INFO:root:accumulate return : 10.1621
INFO:root:accumulate return : 9.326
INFO:root:accumulate return : 9.8291
INFO:root:accumulate return : 9.6714
INFO:root:accumulate return : 9.6548
INFO:root:accumulate return : 9.5865
INFO:root:accumulate return : 9.6711
INFO:root:accumulate return : 9.6745
INFO:root:accumulate return : 9.6892
INFO:root:accumulate return : 9.5505
INFO:root:accumulate return : 9.6325
INFO:root:accumulate return : 9.3001
INFO:root:accumulate return : 9.8096
INFO:root:accumulate return : 9.6076
INFO:root:accumulate return : 9.7111
INFO:root:accumulate return : 9.6032
INFO:root:accumulate return : 9.6536
INFO:root:accumulate return : 9.279
INFO:root:accumulate return : 9.2765
INFO:root:accumulate return : 9.0377
INFO:root:accumulate return : 9.411
INFO:root:accumulate return : 9.1983
INFO:root:accumulate return : 8.984
INFO:root:accumulate return : 9.1335
INFO:root:accumulate return : 9.4155
INFO:root:accumulate return : 8.9066
INFO:root:accumulate return : 9.1724
INFO:root:accumulate return : 9.2546
INFO:root:accumulate return : 9.3476
INFO:root:accumulate return : 9.2351
INFO:root:accumulate return : 9.4315
INFO:root:accumulate return : 9.6445
INFO:root:accumulate return : 9.5808
INFO:root:accumulate return : 9.3368
INFO:root:accumulate return : 9.428
INFO:root:accumulate return : 9.2376
INFO:root:accumulate return : 9.15
INFO:root:accumulate return : 9.4291
INFO:root:accumulate return : 9.7434
INFO:root:accumulate return : 9.5181
INFO:root:accumulate return : 9.3106
INFO:root:accumulate return : 9.1923
INFO:root:accumulate return : 9.5487
INFO:root:accumulate return : 9.3901
INFO:root:accumulate return : 9.541
INFO:root:accumulate return : 9.3177
INFO:root:accumulate return : 9.4365
INFO:root:accumulate return : 9.5026
INFO:root:accumulate return : 9.1505
INFO:root:accumulate return : 9.4071
INFO:root:accumulate return : 9.3755
INFO:root:accumulate return : 9.486
INFO:root:accumulate return : 9.5667
INFO:root:accumulate return : 9.6287
INFO:root:accumulate return : 9.1194
INFO:root:accumulate return : 9.2207
INFO:root:accumulate return : 9.5437
INFO:root:accumulate return : 9.4353
INFO:root:accumulate return : 9.4528
INFO:root:accumulate return : 9.3035
INFO:root:accumulate return : 9.2723
INFO:root:accumulate return : 9.1931
INFO:root:accumulate return : 9.4212
INFO:root:accumulate return : 9.0938
INFO:root:accumulate return : 9.3902
INFO:root:accumulate return : 9.5183
INFO:root:accumulate return : 9.4579
INFO:root:accumulate return : 9.3836
INFO:root:accumulate return : 9.539
INFO:root:accumulate return : 9.4322
INFO:root:accumulate return : 9.319
INFO:root:accumulate return : 9.5673
INFO:root:accumulate return : 9.3595
INFO:root:accumulate return : 9.5412
INFO:root:accumulate return : 9.678
INFO:root:accumulate return : 9.4556
INFO:root:accumulate return : 9.4957
INFO:root:accumulate return : 9.4923
INFO:root:accumulate return : 9.4455
INFO:root:accumulate return : 9.5035
INFO:root:accumulate return : 9.6458
INFO:root:accumulate return : 9.9387
INFO:root:accumulate return : 9.7128
INFO:root:accumulate return : 9.6497
INFO:root:accumulate return : 9.5773
INFO:root:accumulate return : 9.7518
INFO:root:accumulate return : 9.7425
INFO:root:accumulate return : 9.5633
INFO:root:accumulate return : 9.6519
INFO:root:accumulate return : 9.7243
INFO:root:accumulate return : 9.8877
INFO:root:accumulate return : 9.6475
INFO:root:accumulate return : 9.5818
INFO:root:accumulate return : 9.7533
INFO:root:accumulate return : 9.7225
INFO:root:accumulate return : 9.8759
INFO:root:accumulate return : 9.3624
INFO:root:accumulate return : 9.8867
INFO:root:accumulate return : 9.7955
INFO:root:accumulate return : 9.44
INFO:root:accumulate return : 9.5177
INFO:root:accumulate return : 9.548
INFO:root:accumulate return : 9.7005
INFO:root:accumulate return : 9.2889
INFO:root:accumulate return : 9.8632
INFO:root:accumulate return : 9.3501
INFO:root:accumulate return : 9.4389
INFO:root:accumulate return : 9.6374
INFO:root:accumulate return : 9.2424
INFO:root:accumulate return : 9.9894
INFO:root:accumulate return : 9.5603
INFO:root:accumulate return : 9.5337
INFO:root:accumulate return : 9.8529
INFO:root:accumulate return : 9.5883
INFO:root:accumulate return : 9.4132
INFO:root:accumulate return : 9.7981
INFO:root:accumulate return : 9.6063
INFO:root:accumulate return : 9.5918
INFO:root:accumulate return : 9.373
INFO:root:accumulate return : 9.613
INFO:root:accumulate return : 9.7571
INFO:root:accumulate return : 9.6207
INFO:root:accumulate return : 9.4802
INFO:root:accumulate return : 9.8067
INFO:root:accumulate return : 9.6707
INFO:root:accumulate return : 9.6439
INFO:root:accumulate return : 9.3458
INFO:root:accumulate return : 9.2168
INFO:root:accumulate return : 9.4791
INFO:root:accumulate return : 9.3925
INFO:root:accumulate return : 9.1194
INFO:root:accumulate return : 9.4367
INFO:root:accumulate return : 9.5308
INFO:root:accumulate return : 9.464
INFO:root:accumulate return : 9.4703
INFO:root:accumulate return : 9.4189
INFO:root:accumulate return : 9.4456
INFO:root:accumulate return : 9.4469
INFO:root:accumulate return : 9.5567
INFO:root:accumulate return : 9.6391
INFO:root:accumulate return : 9.6813
INFO:root:accumulate return : 9.4458
INFO:root:accumulate return : 9.6537
INFO:root:accumulate return : 9.5763
INFO:root:accumulate return : 9.4303
INFO:root:accumulate return : 9.4587
INFO:root:accumulate return : 9.6618
INFO:root:accumulate return : 9.5866
INFO:root:accumulate return : 9.5687
INFO:root:accumulate return : 9.6902
INFO:root:accumulate return : 9.496
INFO:root:accumulate return : 10.0009
INFO:root:accumulate return : 9.831
INFO:root:accumulate return : 9.5365
INFO:root:accumulate return : 9.6882
INFO:root:accumulate return : 9.7828
INFO:root:accumulate return : 9.7055
INFO:root:accumulate return : 9.5352
INFO:root:accumulate return : 9.8898
INFO:root:accumulate return : 9.7698
INFO:root:accumulate return : 9.8411
INFO:root:accumulate return : 9.7037
INFO:root:accumulate return : 9.5683
INFO:root:accumulate return : 9.626
INFO:root:accumulate return : 9.6209
INFO:root:accumulate return : 9.8551
INFO:root:accumulate return : 9.6736
INFO:root:accumulate return : 9.4747
INFO:root:accumulate return : 9.873
INFO:root:accumulate return : 9.3481
INFO:root:accumulate return : 9.7903
INFO:root:accumulate return : 9.8423
INFO:root:accumulate return : 9.8938
INFO:root:accumulate return : 9.5361
INFO:root:accumulate return : 9.6623
INFO:root:accumulate return : 9.3023
INFO:root:accumulate return : 9.8658
INFO:root:accumulate return : 10.0954
INFO:root:accumulate return : 9.8075
INFO:root:accumulate return : 9.8706
INFO:root:accumulate return : 9.4318
INFO:root:accumulate return : 9.7822
INFO:root:accumulate return : 9.7897
INFO:root:accumulate return : 9.5486
INFO:root:accumulate return : 9.9618
INFO:root:accumulate return : 9.4183
INFO:root:accumulate return : 9.9976
INFO:root:accumulate return : 9.6955
INFO:root:accumulate return : 9.8177
INFO:root:accumulate return : 9.8724
INFO:root:accumulate return : 10.2527
INFO:root:accumulate return : 10.0446
INFO:root:accumulate return : 9.6877
INFO:root:accumulate return : 9.9552
INFO:root:accumulate return : 9.7759
INFO:root:accumulate return : 10.108
INFO:root:accumulate return : 9.9042
INFO:root:accumulate return : 10.0919
INFO:root:accumulate return : 10.4034
INFO:root:accumulate return : 10.3445
INFO:root:accumulate return : 10.0178
INFO:root:accumulate return : 10.2808
INFO:root:accumulate return : 9.9086
INFO:root:accumulate return : 10.0082
INFO:root:accumulate return : 9.9224
INFO:root:accumulate return : 9.7363
INFO:root:accumulate return : 10.1014
INFO:root:accumulate return : 9.9742
INFO:root:accumulate return : 10.1568
INFO:root:accumulate return : 9.9737
INFO:root:accumulate return : 9.9159
INFO:root:accumulate return : 10.1375
INFO:root:accumulate return : 9.9534
INFO:root:accumulate return : 9.9923
INFO:root:accumulate return : 10.0793
INFO:root:accumulate return : 10.1841
INFO:root:accumulate return : 9.9838
INFO:root:accumulate return : 9.8321
INFO:root:accumulate return : 9.6014
INFO:root:accumulate return : 9.8193
INFO:root:accumulate return : 9.9517
INFO:root:accumulate return : 9.8736
INFO:root:accumulate return : 9.9359
INFO:root:accumulate return : 9.903
INFO:root:accumulate return : 9.9896
INFO:root:accumulate return : 9.8679
INFO:root:accumulate return : 9.893
INFO:root:accumulate return : 9.5972
INFO:root:accumulate return : 9.7966
INFO:root:accumulate return : 9.7844
INFO:root:accumulate return : 9.5142
INFO:root:accumulate return : 9.5638
INFO:root:accumulate return : 9.9868
INFO:root:accumulate return : 9.7913
INFO:root:accumulate return : 9.6297
INFO:root:accumulate return : 9.786
INFO:root:accumulate return : 9.8667
INFO:root:accumulate return : 9.9848
INFO:root:accumulate return : 9.8563
INFO:root:accumulate return : 10.174
INFO:root:accumulate return : 9.8048
INFO:root:accumulate return : 10.2292
INFO:root:accumulate return : 10.0613
INFO:root:accumulate return : 10.1464
INFO:root:accumulate return : 9.9966
INFO:root:accumulate return : 9.9558
INFO:root:accumulate return : 9.5849
INFO:root:accumulate return : 10.2488
INFO:root:accumulate return : 10.1169
INFO:root:accumulate return : 10.1603
INFO:root:accumulate return : 9.9611
INFO:root:accumulate return : 10.4847
INFO:root:accumulate return : 10.6166
INFO:root:accumulate return : 10.3022
INFO:root:accumulate return : 10.4715
INFO:root:accumulate return : 9.9483
INFO:root:accumulate return : 10.1303
INFO:root:accumulate return : 10.0859
INFO:root:accumulate return : 10.0035
INFO:root:accumulate return : 9.6653
INFO:root:accumulate return : 9.884
INFO:root:accumulate return : 9.7138
INFO:root:accumulate return : 10.0549
INFO:root:accumulate return : 10.0068
INFO:root:accumulate return : 9.863
INFO:root:accumulate return : 9.6919
INFO:root:accumulate return : 9.853
INFO:root:accumulate return : 10.2627
INFO:root:accumulate return : 10.1137
INFO:root:accumulate return : 9.999
INFO:root:accumulate return : 10.207
INFO:root:accumulate return : 9.9596
INFO:root:accumulate return : 10.2562
INFO:root:accumulate return : 9.7763
INFO:root:accumulate return : 10.0769
INFO:root:accumulate return : 10.11
INFO:root:accumulate return : 9.9853
INFO:root:accumulate return : 9.794
INFO:root:accumulate return : 9.9468
INFO:root:accumulate return : 10.0578
INFO:root:accumulate return : 10.0677
INFO:root:accumulate return : 9.8244
INFO:root:accumulate return : 10.1419
INFO:root:accumulate return : 9.8108
INFO:root:accumulate return : 9.805
INFO:root:accumulate return : 9.8121
INFO:root:accumulate return : 9.9349
INFO:root:accumulate return : 9.6587
INFO:root:accumulate return : 10.0036
INFO:root:accumulate return : 9.8626
INFO:root:accumulate return : 10.1237
INFO:root:accumulate return : 9.9074
INFO:root:accumulate return : 10.0949
INFO:root:accumulate return : 9.8598
INFO:root:accumulate return : 9.9561
INFO:root:accumulate return : 9.7084
INFO:root:accumulate return : 9.8927
INFO:root:accumulate return : 10.1967
INFO:root:accumulate return : 10.2545
INFO:root:accumulate return : 10.3665
INFO:root:accumulate return : 10.3903
INFO:root:accumulate return : 10.0326
INFO:root:accumulate return : 10.1973
INFO:root:accumulate return : 10.0598
INFO:root:accumulate return : 10.105
INFO:root:accumulate return : 10.0704
INFO:root:accumulate return : 9.9216
INFO:root:accumulate return : 10.18
INFO:root:accumulate return : 10.3646
INFO:root:accumulate return : 10.2896
INFO:root:accumulate return : 10.5405
INFO:root:accumulate return : 10.3056
INFO:root:accumulate return : 10.2698
INFO:root:accumulate return : 10.2965
INFO:root:accumulate return : 10.4552
INFO:root:accumulate return : 10.2506
INFO:root:accumulate return : 10.4535
INFO:root:accumulate return : 10.0585
INFO:root:accumulate return : 10.065
INFO:root:accumulate return : 10.2601
INFO:root:accumulate return : 10.1077
INFO:root:accumulate return : 10.3833
INFO:root:accumulate return : 10.2749
INFO:root:accumulate return : 10.0366
INFO:root:accumulate return : 10.0772
INFO:root:accumulate return : 10.0626
INFO:root:accumulate return : 9.8724
INFO:root:accumulate return : 10.3538
INFO:root:accumulate return : 10.0547
INFO:root:accumulate return : 9.9456
INFO:root:accumulate return : 10.0105
INFO:root:accumulate return : 9.7057
INFO:root:accumulate return : 10.1516
INFO:root:accumulate return : 10.0114
INFO:root:accumulate return : 10.3787
INFO:root:accumulate return : 9.8137
INFO:root:accumulate return : 9.9902
INFO:root:accumulate return : 10.2407
INFO:root:accumulate return : 10.2352
INFO:root:accumulate return : 10.0144
INFO:root:accumulate return : 10.0949
INFO:root:accumulate return : 10.0306
INFO:root:accumulate return : 10.1337
INFO:root:accumulate return : 10.0552
INFO:root:accumulate return : 10.2192
INFO:root:accumulate return : 10.2396
INFO:root:accumulate return : 10.1469
INFO:root:accumulate return : 10.2196
INFO:root:accumulate return : 10.3082
INFO:root:accumulate return : 10.1569
INFO:root:accumulate return : 10.124
INFO:root:accumulate return : 10.2321
INFO:root:accumulate return : 10.0732
INFO:root:accumulate return : 10.492
INFO:root:accumulate return : 10.0098
INFO:root:accumulate return : 10.1581
INFO:root:accumulate return : 10.0567
INFO:root:accumulate return : 10.3816
INFO:root:accumulate return : 10.3853
INFO:root:accumulate return : 10.2017
INFO:root:accumulate return : 9.9773
INFO:root:accumulate return : 10.3258
INFO:root:accumulate return : 10.1955
INFO:root:accumulate return : 10.046
INFO:root:accumulate return : 10.1013
INFO:root:accumulate return : 10.2121
INFO:root:accumulate return : 10.3751
INFO:root:accumulate return : 10.2182
INFO:root:accumulate return : 10.3049
INFO:root:accumulate return : 9.9917
INFO:root:accumulate return : 10.4941
INFO:root:accumulate return : 10.0959
INFO:root:accumulate return : 10.0744
INFO:root:accumulate return : 10.3224
INFO:root:accumulate return : 10.1354
INFO:root:accumulate return : 10.4046
INFO:root:accumulate return : 10.1383
INFO:root:accumulate return : 10.165
INFO:root:accumulate return : 10.1586
INFO:root:accumulate return : 10.1529
INFO:root:accumulate return : 10.3011
INFO:root:accumulate return : 9.9925
INFO:root:accumulate return : 10.2193
INFO:root:accumulate return : 10.4809
INFO:root:accumulate return : 10.1486
INFO:root:accumulate return : 10.5349
INFO:root:accumulate return : 10.4489
INFO:root:accumulate return : 10.4865
INFO:root:accumulate return : 10.3925
INFO:root:accumulate return : 10.5151
INFO:root:accumulate return : 10.6549
INFO:root:accumulate return : 10.5129
INFO:root:accumulate return : 10.5105
INFO:root:accumulate return : 10.3638
INFO:root:accumulate return : 10.6091
INFO:root:accumulate return : 10.438
INFO:root:accumulate return : 10.6969
INFO:root:accumulate return : 10.1451
INFO:root:accumulate return : 10.0787
INFO:root:accumulate return : 10.1975
INFO:root:accumulate return : 10.4386
INFO:root:accumulate return : 10.105
INFO:root:accumulate return : 10.2698
INFO:root:accumulate return : 10.2743
INFO:root:accumulate return : 10.3462
INFO:root:accumulate return : 10.1059
INFO:root:accumulate return : 10.3502
INFO:root:accumulate return : 10.8371
INFO:root:accumulate return : 10.442
INFO:root:accumulate return : 10.8277
INFO:root:accumulate return : 10.6836
INFO:root:accumulate return : 10.2185
INFO:root:accumulate return : 10.4743
INFO:root:accumulate return : 10.5918
INFO:root:accumulate return : 10.5974
INFO:root:accumulate return : 10.7113
INFO:root:accumulate return : 10.7642
INFO:root:accumulate return : 10.4642
INFO:root:accumulate return : 10.575
INFO:root:accumulate return : 10.7315
INFO:root:accumulate return : 10.7183
INFO:root:accumulate return : 10.5277
INFO:root:accumulate return : 10.2978
INFO:root:accumulate return : 10.5247
INFO:root:accumulate return : 10.4827
INFO:root:accumulate return : 10.5126
INFO:root:accumulate return : 10.2174
INFO:root:accumulate return : 10.162
INFO:root:accumulate return : 10.2014
INFO:root:accumulate return : 10.4938
INFO:root:accumulate return : 10.3936
INFO:root:accumulate return : 10.4388
INFO:root:accumulate return : 10.2807
INFO:root:accumulate return : 10.5315
INFO:root:accumulate return : 10.4641
INFO:root:accumulate return : 10.0264
INFO:root:accumulate return : 10.2445
INFO:root:accumulate return : 10.2468
INFO:root:accumulate return : 10.1925
INFO:root:accumulate return : 10.2014
INFO:root:accumulate return : 10.0124
INFO:root:accumulate return : 10.1846
INFO:root:accumulate return : 10.323
INFO:root:accumulate return : 10.127
INFO:root:accumulate return : 10.3322
INFO:root:accumulate return : 10.2224
INFO:root:accumulate return : 10.0765
INFO:root:accumulate return : 10.142
INFO:root:accumulate return : 10.233
INFO:root:accumulate return : 10.1899
INFO:root:accumulate return : 10.0985
INFO:root:accumulate return : 10.1599
INFO:root:accumulate return : 10.2464
INFO:root:accumulate return : 10.1975
INFO:root:accumulate return : 10.1447
INFO:root:accumulate return : 10.0356
INFO:root:accumulate return : 10.298
INFO:root:accumulate return : 10.1548
INFO:root:accumulate return : 10.1634
INFO:root:accumulate return : 10.3247
INFO:root:accumulate return : 10.073
INFO:root:accumulate return : 10.0437
INFO:root:accumulate return : 10.0869
INFO:root:accumulate return : 9.8001
INFO:root:accumulate return : 10.1167
INFO:root:accumulate return : 9.9919
INFO:root:accumulate return : 10.2519
INFO:root:accumulate return : 10.73
INFO:root:accumulate return : 10.75
INFO:root:accumulate return : 10.4027
INFO:root:accumulate return : 10.9159
INFO:root:accumulate return : 10.4283
INFO:root:accumulate return : 10.7593
INFO:root:accumulate return : 10.4328
INFO:root:accumulate return : 10.3204
INFO:root:accumulate return : 10.5103
INFO:root:accumulate return : 10.4128
INFO:root:accumulate return : 10.3792
INFO:root:accumulate return : 10.5147
INFO:root:accumulate return : 10.648
INFO:root:accumulate return : 10.4419
INFO:root:accumulate return : 10.3506
INFO:root:accumulate return : 10.3911
INFO:root:accumulate return : 10.2946
INFO:root:accumulate return : 10.4858
INFO:root:accumulate return : 10.6404
INFO:root:accumulate return : 10.8974
INFO:root:accumulate return : 10.4859
INFO:root:accumulate return : 10.4584
INFO:root:accumulate return : 10.4138
INFO:root:accumulate return : 10.6419
INFO:root:accumulate return : 10.3386
INFO:root:accumulate return : 10.7182
INFO:root:accumulate return : 10.4739
INFO:root:accumulate return : 10.4366
INFO:root:accumulate return : 10.4136
INFO:root:accumulate return : 10.3743
INFO:root:accumulate return : 10.4555
INFO:root:accumulate return : 10.5833
INFO:root:accumulate return : 10.1269
INFO:root:accumulate return : 10.5031
INFO:root:accumulate return : 10.6351
INFO:root:accumulate return : 10.2456
INFO:root:accumulate return : 10.2443
INFO:root:accumulate return : 10.5966
INFO:root:accumulate return : 10.4628
INFO:root:accumulate return : 10.4944
INFO:root:accumulate return : 10.589
INFO:root:accumulate return : 10.7873
INFO:root:accumulate return : 10.4942
INFO:root:accumulate return : 10.3573
INFO:root:accumulate return : 10.3061
INFO:root:accumulate return : 10.2338
INFO:root:accumulate return : 10.1034
INFO:root:accumulate return : 10.5769
INFO:root:accumulate return : 10.4501
INFO:root:accumulate return : 10.3033
INFO:root:accumulate return : 10.6116
INFO:root:accumulate return : 10.5225
INFO:root:accumulate return : 10.594
INFO:root:accumulate return : 10.2605
INFO:root:accumulate return : 10.1149
INFO:root:accumulate return : 10.4268
INFO:root:accumulate return : 10.4702
INFO:root:accumulate return : 10.4099
INFO:root:accumulate return : 10.2616
INFO:root:accumulate return : 10.5274
INFO:root:accumulate return : 10.3557
INFO:root:accumulate return : 10.6406
INFO:root:accumulate return : 10.5279
INFO:root:accumulate return : 10.5481
INFO:root:accumulate return : 10.2969
INFO:root:accumulate return : 10.5955
INFO:root:accumulate return : 10.4188
INFO:root:accumulate return : 10.4355
INFO:root:accumulate return : 10.5611
INFO:root:accumulate return : 10.5554
INFO:root:accumulate return : 10.7449
INFO:root:accumulate return : 10.5315
INFO:root:accumulate return : 10.5445
INFO:root:accumulate return : 10.5231
INFO:root:accumulate return : 10.682
INFO:root:accumulate return : 10.6691
INFO:root:accumulate return : 10.5401
INFO:root:accumulate return : 10.7158
INFO:root:accumulate return : 10.6743
INFO:root:accumulate return : 10.3534
INFO:root:accumulate return : 10.4373
INFO:root:accumulate return : 10.5404
INFO:root:accumulate return : 10.4365
INFO:root:accumulate return : 10.4682
INFO:root:accumulate return : 10.8522
INFO:root:accumulate return : 10.4642
INFO:root:accumulate return : 10.4853
INFO:root:accumulate return : 10.4845
INFO:root:accumulate return : 10.21
INFO:root:accumulate return : 10.7123
INFO:root:accumulate return : 10.6595
INFO:root:accumulate return : 10.2914
INFO:root:accumulate return : 10.5684
INFO:root:accumulate return : 10.6185
INFO:root:accumulate return : 10.4896
INFO:root:accumulate return : 10.4296
INFO:root:accumulate return : 10.504
INFO:root:accumulate return : 10.4141
INFO:root:accumulate return : 10.4
INFO:root:accumulate return : 10.4172
INFO:root:accumulate return : 10.5408
INFO:root:accumulate return : 10.667
INFO:root:accumulate return : 10.5256
INFO:root:accumulate return : 10.7573
INFO:root:accumulate return : 10.6207
INFO:root:accumulate return : 10.567
INFO:root:accumulate return : 10.3826
INFO:root:accumulate return : 10.5512
INFO:root:accumulate return : 10.8028
INFO:root:accumulate return : 10.9217
INFO:root:Processing time : 11.0513888889 hours
