INFO:root:Version : 6
INFO:root:Time start : 2016-05-30-08-34-44
INFO:root:Input data :GBPUSD240.csv
INFO:root:Parameter setting :
INFO:root:epsilon = 0.1
INFO:root:transaction_cost = 0.0005
INFO:root:epoch =2000
INFO:root:max_memory = 1000000
INFO:root:batch_size = 50
INFO:root:look back term = 300
INFO:root:hidden_size = 600
INFO:root:training period = 0 ~ 1000
INFO:root:learning rate = 0.1
INFO:root:discount rate = 9e-06
INFO:root:step_size = 10
INFO:root:activation function = relu
INFO:root:accumulate return : -0.1655
INFO:root:accumulate return : -0.1649
INFO:root:accumulate return : -0.0144
INFO:root:accumulate return : -0.1315
INFO:root:accumulate return : -0.0335
INFO:root:accumulate return : -0.0318
INFO:root:accumulate return : -0.1915
INFO:root:accumulate return : -0.0885
INFO:root:accumulate return : -0.1414
INFO:root:accumulate return : -0.0448
INFO:root:accumulate return : 0.5064
INFO:root:accumulate return : 0.7234
INFO:root:accumulate return : 0.6955
INFO:root:accumulate return : 0.6479
INFO:root:accumulate return : 0.4818
INFO:root:accumulate return : 0.7919
INFO:root:accumulate return : 0.5611
INFO:root:accumulate return : 0.6551
INFO:root:accumulate return : 0.6494
INFO:root:accumulate return : 0.6997
INFO:root:accumulate return : 0.6469
INFO:root:accumulate return : 0.7034
INFO:root:accumulate return : 0.8095
INFO:root:accumulate return : 0.6255
INFO:root:accumulate return : 0.6395
INFO:root:accumulate return : 0.7713
INFO:root:accumulate return : 0.6573
INFO:root:accumulate return : 0.7764
INFO:root:accumulate return : 0.7712
INFO:root:accumulate return : 0.7606
INFO:root:accumulate return : 0.9174
INFO:root:accumulate return : 0.9167
INFO:root:accumulate return : 0.7522
INFO:root:accumulate return : 0.8883
INFO:root:accumulate return : 0.9172
INFO:root:accumulate return : 0.864
INFO:root:accumulate return : 0.9084
INFO:root:accumulate return : 0.999
INFO:root:accumulate return : 0.8536
INFO:root:accumulate return : 0.8618
INFO:root:accumulate return : 1.0992
INFO:root:accumulate return : 0.9273
INFO:root:accumulate return : 0.9164
INFO:root:accumulate return : 0.9868
INFO:root:accumulate return : 0.9262
INFO:root:accumulate return : 0.8779
INFO:root:accumulate return : 1.003
INFO:root:accumulate return : 1.0696
INFO:root:accumulate return : 0.9531
INFO:root:accumulate return : 1.0925
INFO:root:accumulate return : 1.0407
INFO:root:accumulate return : 0.9253
INFO:root:accumulate return : 1.0175
INFO:root:accumulate return : 0.9569
INFO:root:accumulate return : 1.0628
INFO:root:accumulate return : 1.0522
INFO:root:accumulate return : 1.0303
INFO:root:accumulate return : 1.0555
INFO:root:accumulate return : 0.9617
INFO:root:accumulate return : 0.9948
INFO:root:accumulate return : 1.1277
INFO:root:accumulate return : 1.0999
INFO:root:accumulate return : 1.1051
INFO:root:accumulate return : 1.0253
INFO:root:accumulate return : 0.8367
INFO:root:accumulate return : 1.0216
INFO:root:accumulate return : 0.9866
INFO:root:accumulate return : 1.1027
INFO:root:accumulate return : 1.1322
INFO:root:accumulate return : 1.084
INFO:root:accumulate return : 1.0742
INFO:root:accumulate return : 0.9927
INFO:root:accumulate return : 1.003
INFO:root:accumulate return : 1.071
INFO:root:accumulate return : 1.0744
INFO:root:accumulate return : 1.0291
INFO:root:accumulate return : 1.1018
INFO:root:accumulate return : 1.0397
INFO:root:accumulate return : 1.0557
INFO:root:accumulate return : 0.9637
INFO:root:accumulate return : 1.2213
INFO:root:accumulate return : 1.1981
INFO:root:accumulate return : 1.1812
INFO:root:accumulate return : 1.248
INFO:root:accumulate return : 1.3109
INFO:root:accumulate return : 1.1919
INFO:root:accumulate return : 1.1123
INFO:root:accumulate return : 1.3347
INFO:root:accumulate return : 1.2229
INFO:root:accumulate return : 1.255
INFO:root:accumulate return : 1.2028
INFO:root:accumulate return : 1.253
INFO:root:accumulate return : 1.1928
INFO:root:accumulate return : 1.2352
INFO:root:accumulate return : 1.2722
INFO:root:accumulate return : 1.1374
INFO:root:accumulate return : 1.1475
INFO:root:accumulate return : 1.186
INFO:root:accumulate return : 1.2197
INFO:root:accumulate return : 1.246
INFO:root:accumulate return : 1.4383
INFO:root:accumulate return : 1.4995
INFO:root:accumulate return : 1.3844
INFO:root:accumulate return : 1.3806
INFO:root:accumulate return : 1.463
INFO:root:accumulate return : 1.4285
INFO:root:accumulate return : 1.4157
INFO:root:accumulate return : 1.385
INFO:root:accumulate return : 1.3379
INFO:root:accumulate return : 1.4438
INFO:root:accumulate return : 1.4073
INFO:root:accumulate return : 1.2596
INFO:root:accumulate return : 1.5323
INFO:root:accumulate return : 1.3782
INFO:root:accumulate return : 1.4933
INFO:root:accumulate return : 1.4016
INFO:root:accumulate return : 1.4085
INFO:root:accumulate return : 1.3752
INFO:root:accumulate return : 1.5007
INFO:root:accumulate return : 1.3845
INFO:root:accumulate return : 1.4208
INFO:root:accumulate return : 1.5234
INFO:root:accumulate return : 1.4804
INFO:root:accumulate return : 1.4221
INFO:root:accumulate return : 1.4514
INFO:root:accumulate return : 1.3739
INFO:root:accumulate return : 1.4344
INFO:root:accumulate return : 1.3182
INFO:root:accumulate return : 1.4072
INFO:root:accumulate return : 1.3704
INFO:root:accumulate return : 1.5335
INFO:root:accumulate return : 1.3879
INFO:root:accumulate return : 1.4433
INFO:root:accumulate return : 1.476
INFO:root:accumulate return : 1.6165
INFO:root:accumulate return : 1.5978
INFO:root:accumulate return : 1.4823
INFO:root:accumulate return : 1.593
INFO:root:accumulate return : 1.5862
INFO:root:accumulate return : 1.4901
INFO:root:accumulate return : 1.5073
INFO:root:accumulate return : 1.5994
INFO:root:accumulate return : 1.5212
INFO:root:accumulate return : 1.3575
INFO:root:accumulate return : 1.5764
INFO:root:accumulate return : 1.4973
INFO:root:accumulate return : 1.5598
INFO:root:accumulate return : 1.4481
INFO:root:accumulate return : 1.501
INFO:root:accumulate return : 1.5927
INFO:root:accumulate return : 1.728
INFO:root:accumulate return : 1.5409
INFO:root:accumulate return : 1.6242
INFO:root:accumulate return : 1.5294
INFO:root:accumulate return : 1.5663
INFO:root:accumulate return : 1.6311
INFO:root:accumulate return : 1.4463
INFO:root:accumulate return : 1.5386
INFO:root:accumulate return : 1.6685
INFO:root:accumulate return : 1.6488
INFO:root:accumulate return : 1.7477
INFO:root:accumulate return : 1.8496
INFO:root:accumulate return : 1.645
INFO:root:accumulate return : 1.7327
INFO:root:accumulate return : 1.6387
INFO:root:accumulate return : 1.7288
INFO:root:accumulate return : 1.7763
INFO:root:accumulate return : 1.7742
INFO:root:accumulate return : 1.8331
INFO:root:accumulate return : 1.8282
INFO:root:accumulate return : 1.7119
INFO:root:accumulate return : 1.6764
INFO:root:accumulate return : 1.8665
INFO:root:accumulate return : 1.7417
INFO:root:accumulate return : 1.8353
INFO:root:accumulate return : 1.7942
INFO:root:accumulate return : 1.8138
INFO:root:accumulate return : 1.6903
INFO:root:accumulate return : 1.7523
INFO:root:accumulate return : 1.7959
INFO:root:accumulate return : 1.7866
INFO:root:accumulate return : 1.7424
INFO:root:accumulate return : 1.7492
INFO:root:accumulate return : 1.7558
INFO:root:accumulate return : 1.8189
INFO:root:accumulate return : 1.7497
INFO:root:accumulate return : 1.7908
INFO:root:accumulate return : 1.7061
INFO:root:accumulate return : 1.7748
INFO:root:accumulate return : 1.7949
INFO:root:accumulate return : 1.6557
INFO:root:accumulate return : 1.9085
INFO:root:accumulate return : 1.7271
INFO:root:accumulate return : 1.8839
INFO:root:accumulate return : 1.7003
INFO:root:accumulate return : 1.6583
INFO:root:accumulate return : 1.8855
INFO:root:accumulate return : 1.6662
INFO:root:accumulate return : 1.8121
INFO:root:accumulate return : 1.6719
INFO:root:accumulate return : 1.9243
INFO:root:accumulate return : 2.0169
INFO:root:accumulate return : 1.977
INFO:root:accumulate return : 1.898
INFO:root:accumulate return : 1.7377
INFO:root:accumulate return : 1.9302
INFO:root:accumulate return : 1.7378
INFO:root:accumulate return : 1.7011
INFO:root:accumulate return : 1.787
INFO:root:accumulate return : 1.748
INFO:root:accumulate return : 1.8433
INFO:root:accumulate return : 1.8891
INFO:root:accumulate return : 1.8336
INFO:root:accumulate return : 1.8563
INFO:root:accumulate return : 1.8271
INFO:root:accumulate return : 1.7831
INFO:root:accumulate return : 1.8249
INFO:root:accumulate return : 1.8293
INFO:root:accumulate return : 1.879
INFO:root:accumulate return : 1.794
INFO:root:accumulate return : 2.0037
INFO:root:accumulate return : 1.9177
INFO:root:accumulate return : 1.889
INFO:root:accumulate return : 1.8329
INFO:root:accumulate return : 1.9023
INFO:root:accumulate return : 1.9316
INFO:root:accumulate return : 1.7602
INFO:root:accumulate return : 1.6814
INFO:root:accumulate return : 1.8058
INFO:root:accumulate return : 1.9142
INFO:root:accumulate return : 1.8871
INFO:root:accumulate return : 1.8854
INFO:root:accumulate return : 1.8851
INFO:root:accumulate return : 1.9201
INFO:root:accumulate return : 1.8547
INFO:root:accumulate return : 1.7897
INFO:root:accumulate return : 1.9106
INFO:root:accumulate return : 1.948
INFO:root:accumulate return : 1.9731
INFO:root:accumulate return : 1.8122
INFO:root:accumulate return : 1.9516
INFO:root:accumulate return : 1.8701
INFO:root:accumulate return : 1.9859
INFO:root:accumulate return : 2.0463
INFO:root:accumulate return : 1.9461
INFO:root:accumulate return : 1.841
INFO:root:accumulate return : 2.0283
INFO:root:accumulate return : 1.9484
INFO:root:accumulate return : 1.936
INFO:root:accumulate return : 2.0178
INFO:root:accumulate return : 1.9544
INFO:root:accumulate return : 2.1345
INFO:root:accumulate return : 2.0788
INFO:root:accumulate return : 1.8002
INFO:root:accumulate return : 1.925
INFO:root:accumulate return : 1.9355
INFO:root:accumulate return : 2.1653
INFO:root:accumulate return : 2.0489
INFO:root:accumulate return : 1.9937
INFO:root:accumulate return : 1.8673
INFO:root:accumulate return : 2.1227
INFO:root:accumulate return : 2.0269
INFO:root:accumulate return : 2.0903
INFO:root:accumulate return : 2.0735
INFO:root:accumulate return : 2.0241
INFO:root:accumulate return : 1.9351
INFO:root:accumulate return : 1.9415
INFO:root:accumulate return : 2.1133
INFO:root:accumulate return : 2.0763
INFO:root:accumulate return : 2.0012
INFO:root:accumulate return : 2.0257
INFO:root:accumulate return : 2.071
INFO:root:accumulate return : 2.0059
INFO:root:accumulate return : 2.0604
INFO:root:accumulate return : 2.1827
INFO:root:accumulate return : 1.963
INFO:root:accumulate return : 2.0079
INFO:root:accumulate return : 2.0861
INFO:root:accumulate return : 2.0329
INFO:root:accumulate return : 1.8357
INFO:root:accumulate return : 2.218
INFO:root:accumulate return : 1.985
INFO:root:accumulate return : 1.9873
INFO:root:accumulate return : 2.145
INFO:root:accumulate return : 2.1447
INFO:root:accumulate return : 2.1279
INFO:root:accumulate return : 1.8923
INFO:root:accumulate return : 2.0229
INFO:root:accumulate return : 2.071
INFO:root:accumulate return : 1.9578
INFO:root:accumulate return : 2.0732
INFO:root:accumulate return : 2.2352
INFO:root:accumulate return : 2.0971
INFO:root:accumulate return : 2.0964
INFO:root:accumulate return : 2.0959
INFO:root:accumulate return : 2.1224
INFO:root:accumulate return : 2.0301
INFO:root:accumulate return : 2.1242
INFO:root:accumulate return : 2.0471
INFO:root:accumulate return : 2.1118
INFO:root:accumulate return : 2.159
INFO:root:accumulate return : 2.1126
INFO:root:accumulate return : 2.1952
INFO:root:accumulate return : 2.1358
INFO:root:accumulate return : 2.0419
INFO:root:accumulate return : 2.1146
INFO:root:accumulate return : 2.0777
INFO:root:accumulate return : 2.1073
INFO:root:accumulate return : 2.206
INFO:root:accumulate return : 2.2177
INFO:root:accumulate return : 2.0795
INFO:root:accumulate return : 2.1274
INFO:root:accumulate return : 2.2488
INFO:root:accumulate return : 2.1718
INFO:root:accumulate return : 2.1533
INFO:root:accumulate return : 2.2277
INFO:root:accumulate return : 2.2278
INFO:root:accumulate return : 2.2272
INFO:root:accumulate return : 2.2032
INFO:root:accumulate return : 2.2039
INFO:root:accumulate return : 2.1176
INFO:root:accumulate return : 2.1744
INFO:root:accumulate return : 2.0868
INFO:root:accumulate return : 2.1107
INFO:root:accumulate return : 2.195
INFO:root:accumulate return : 2.2209
INFO:root:accumulate return : 2.2728
INFO:root:accumulate return : 2.0794
INFO:root:accumulate return : 2.2505
INFO:root:accumulate return : 2.0211
INFO:root:accumulate return : 2.2612
INFO:root:accumulate return : 2.2825
INFO:root:accumulate return : 2.163
INFO:root:accumulate return : 2.2229
INFO:root:accumulate return : 2.3108
INFO:root:accumulate return : 2.3022
INFO:root:accumulate return : 2.1738
INFO:root:accumulate return : 2.1583
INFO:root:accumulate return : 2.2932
INFO:root:accumulate return : 2.2134
INFO:root:accumulate return : 2.1955
INFO:root:accumulate return : 2.3365
INFO:root:accumulate return : 2.0708
INFO:root:accumulate return : 2.2005
INFO:root:accumulate return : 2.2408
INFO:root:accumulate return : 2.2387
INFO:root:accumulate return : 2.2061
INFO:root:accumulate return : 2.2887
INFO:root:accumulate return : 2.1098
INFO:root:accumulate return : 2.203
INFO:root:accumulate return : 2.4838
INFO:root:accumulate return : 2.2438
INFO:root:accumulate return : 2.19
INFO:root:accumulate return : 2.2132
INFO:root:accumulate return : 2.3772
INFO:root:accumulate return : 2.3239
INFO:root:accumulate return : 2.3341
INFO:root:accumulate return : 2.2208
INFO:root:accumulate return : 2.1274
INFO:root:accumulate return : 2.3583
INFO:root:accumulate return : 2.2978
INFO:root:accumulate return : 2.345
INFO:root:accumulate return : 2.1866
INFO:root:accumulate return : 2.3088
INFO:root:accumulate return : 2.2942
INFO:root:accumulate return : 2.3084
INFO:root:accumulate return : 2.2186
INFO:root:accumulate return : 2.3212
INFO:root:accumulate return : 2.2597
INFO:root:accumulate return : 2.2588
INFO:root:accumulate return : 2.2911
INFO:root:accumulate return : 2.3311
INFO:root:accumulate return : 2.2951
INFO:root:accumulate return : 2.3511
INFO:root:accumulate return : 2.3359
INFO:root:accumulate return : 2.3526
INFO:root:accumulate return : 2.2176
INFO:root:accumulate return : 2.2847
INFO:root:accumulate return : 2.2181
INFO:root:accumulate return : 2.2699
INFO:root:accumulate return : 2.3222
INFO:root:accumulate return : 2.3632
INFO:root:accumulate return : 2.3128
INFO:root:accumulate return : 2.3524
INFO:root:accumulate return : 2.3475
INFO:root:accumulate return : 2.3264
INFO:root:accumulate return : 2.1886
INFO:root:accumulate return : 2.3581
INFO:root:accumulate return : 2.2624
INFO:root:accumulate return : 2.3146
INFO:root:accumulate return : 2.442
INFO:root:accumulate return : 2.3211
INFO:root:accumulate return : 2.4501
INFO:root:accumulate return : 2.4765
INFO:root:accumulate return : 2.4802
INFO:root:accumulate return : 2.3764
INFO:root:accumulate return : 2.2754
INFO:root:accumulate return : 2.3426
INFO:root:accumulate return : 2.2033
INFO:root:accumulate return : 2.3026
INFO:root:accumulate return : 2.3185
INFO:root:accumulate return : 2.4794
INFO:root:accumulate return : 2.2574
INFO:root:accumulate return : 2.1817
INFO:root:accumulate return : 2.2985
INFO:root:accumulate return : 2.3871
INFO:root:accumulate return : 2.3472
INFO:root:accumulate return : 2.4376
INFO:root:accumulate return : 2.3807
INFO:root:accumulate return : 2.271
INFO:root:accumulate return : 2.3736
INFO:root:accumulate return : 2.2972
INFO:root:accumulate return : 2.382
INFO:root:accumulate return : 2.1555
INFO:root:accumulate return : 2.2309
INFO:root:accumulate return : 2.3122
INFO:root:accumulate return : 2.3133
INFO:root:accumulate return : 2.371
INFO:root:accumulate return : 2.3677
INFO:root:accumulate return : 2.3261
INFO:root:accumulate return : 2.2414
INFO:root:accumulate return : 2.3112
INFO:root:accumulate return : 2.294
INFO:root:accumulate return : 2.4706
INFO:root:accumulate return : 2.3142
INFO:root:accumulate return : 2.1881
INFO:root:accumulate return : 2.2659
INFO:root:accumulate return : 2.2437
INFO:root:accumulate return : 2.2449
INFO:root:accumulate return : 2.3512
INFO:root:accumulate return : 2.3603
INFO:root:accumulate return : 2.3149
INFO:root:accumulate return : 2.3669
INFO:root:accumulate return : 2.3812
INFO:root:accumulate return : 2.3651
INFO:root:accumulate return : 2.2269
INFO:root:accumulate return : 2.4813
INFO:root:accumulate return : 2.5271
INFO:root:accumulate return : 2.4061
INFO:root:accumulate return : 2.3847
INFO:root:accumulate return : 2.3664
INFO:root:accumulate return : 2.4528
INFO:root:accumulate return : 2.4378
INFO:root:accumulate return : 2.5056
INFO:root:accumulate return : 2.3493
INFO:root:accumulate return : 2.3937
INFO:root:accumulate return : 2.5121
INFO:root:accumulate return : 2.4514
INFO:root:accumulate return : 2.2617
INFO:root:accumulate return : 2.359
INFO:root:accumulate return : 2.446
INFO:root:accumulate return : 2.2209
INFO:root:accumulate return : 2.355
INFO:root:accumulate return : 2.4791
INFO:root:accumulate return : 2.4967
INFO:root:accumulate return : 2.4228
INFO:root:accumulate return : 2.4036
INFO:root:accumulate return : 2.2215
INFO:root:accumulate return : 2.2862
INFO:root:accumulate return : 2.3963
INFO:root:accumulate return : 2.3904
INFO:root:accumulate return : 2.2614
INFO:root:accumulate return : 2.3729
INFO:root:accumulate return : 2.3996
INFO:root:accumulate return : 2.4387
INFO:root:accumulate return : 2.4308
INFO:root:accumulate return : 2.4841
INFO:root:accumulate return : 2.4307
INFO:root:accumulate return : 2.377
INFO:root:accumulate return : 2.3481
INFO:root:accumulate return : 2.2761
INFO:root:accumulate return : 2.3247
INFO:root:accumulate return : 2.3275
INFO:root:accumulate return : 2.4717
INFO:root:accumulate return : 2.4182
INFO:root:accumulate return : 2.3395
INFO:root:accumulate return : 2.4424
INFO:root:accumulate return : 2.4087
INFO:root:accumulate return : 2.2857
INFO:root:accumulate return : 2.229
INFO:root:accumulate return : 2.3296
INFO:root:accumulate return : 2.5402
INFO:root:accumulate return : 2.579
INFO:root:accumulate return : 2.4269
INFO:root:accumulate return : 2.3765
INFO:root:accumulate return : 2.3487
INFO:root:accumulate return : 2.4581
INFO:root:accumulate return : 2.4059
INFO:root:accumulate return : 2.1954
INFO:root:accumulate return : 2.3683
INFO:root:accumulate return : 2.3396
INFO:root:accumulate return : 2.5406
INFO:root:accumulate return : 2.4553
INFO:root:accumulate return : 2.4307
INFO:root:accumulate return : 2.3939
INFO:root:accumulate return : 2.2434
INFO:root:accumulate return : 2.2362
INFO:root:accumulate return : 2.5017
INFO:root:accumulate return : 2.4098
INFO:root:accumulate return : 2.4681
INFO:root:accumulate return : 2.3161
INFO:root:accumulate return : 2.3977
INFO:root:accumulate return : 2.365
INFO:root:accumulate return : 2.4377
INFO:root:accumulate return : 2.3311
INFO:root:accumulate return : 2.2373
INFO:root:accumulate return : 2.3892
INFO:root:accumulate return : 2.4793
INFO:root:accumulate return : 2.3648
INFO:root:accumulate return : 2.4911
INFO:root:accumulate return : 2.5216
INFO:root:accumulate return : 2.3744
INFO:root:accumulate return : 2.4283
INFO:root:accumulate return : 2.415
INFO:root:accumulate return : 2.2913
INFO:root:accumulate return : 2.4629
INFO:root:accumulate return : 2.4611
INFO:root:accumulate return : 2.4675
INFO:root:accumulate return : 2.4959
INFO:root:accumulate return : 2.5316
INFO:root:accumulate return : 2.5006
INFO:root:accumulate return : 2.5734
INFO:root:accumulate return : 2.4862
INFO:root:accumulate return : 2.3844
INFO:root:accumulate return : 2.2884
INFO:root:accumulate return : 2.3404
INFO:root:accumulate return : 2.5525
INFO:root:accumulate return : 2.4148
INFO:root:accumulate return : 2.3901
INFO:root:accumulate return : 2.5414
INFO:root:accumulate return : 2.5469
INFO:root:accumulate return : 2.5163
INFO:root:accumulate return : 2.5256
INFO:root:accumulate return : 2.2848
INFO:root:accumulate return : 2.5093
INFO:root:accumulate return : 2.354
INFO:root:accumulate return : 2.5248
INFO:root:accumulate return : 2.4145
INFO:root:accumulate return : 2.3644
INFO:root:accumulate return : 2.4345
INFO:root:accumulate return : 2.5194
INFO:root:accumulate return : 2.5796
INFO:root:accumulate return : 2.4166
INFO:root:accumulate return : 2.4979
INFO:root:accumulate return : 2.5186
INFO:root:accumulate return : 2.4215
INFO:root:accumulate return : 2.4956
INFO:root:accumulate return : 2.3576
INFO:root:accumulate return : 2.2763
INFO:root:accumulate return : 2.3635
INFO:root:accumulate return : 2.4275
INFO:root:accumulate return : 2.3819
INFO:root:accumulate return : 2.3185
INFO:root:accumulate return : 2.4627
INFO:root:accumulate return : 2.5129
INFO:root:accumulate return : 2.5888
INFO:root:accumulate return : 2.6216
INFO:root:accumulate return : 2.3224
INFO:root:accumulate return : 2.4673
INFO:root:accumulate return : 2.7229
INFO:root:accumulate return : 2.5344
INFO:root:accumulate return : 2.6089
INFO:root:accumulate return : 2.4981
INFO:root:accumulate return : 2.4277
INFO:root:accumulate return : 2.5849
INFO:root:accumulate return : 2.3749
INFO:root:accumulate return : 2.5274
INFO:root:accumulate return : 2.5284
INFO:root:accumulate return : 2.4844
INFO:root:accumulate return : 2.5686
INFO:root:accumulate return : 2.4671
INFO:root:accumulate return : 2.4367
INFO:root:accumulate return : 2.3193
INFO:root:accumulate return : 2.5018
INFO:root:accumulate return : 2.4511
INFO:root:accumulate return : 2.5419
INFO:root:accumulate return : 2.3897
INFO:root:accumulate return : 2.5645
INFO:root:accumulate return : 2.5434
INFO:root:accumulate return : 2.5875
INFO:root:accumulate return : 2.5948
INFO:root:accumulate return : 2.6234
INFO:root:accumulate return : 2.4971
INFO:root:accumulate return : 2.6722
INFO:root:accumulate return : 2.3706
INFO:root:accumulate return : 2.666
INFO:root:accumulate return : 2.6889
INFO:root:accumulate return : 2.7308
INFO:root:accumulate return : 2.5979
INFO:root:accumulate return : 2.5576
INFO:root:accumulate return : 2.6311
INFO:root:accumulate return : 2.6215
INFO:root:accumulate return : 2.4912
INFO:root:accumulate return : 2.4517
INFO:root:accumulate return : 2.5606
INFO:root:accumulate return : 2.5051
INFO:root:accumulate return : 2.5125
INFO:root:accumulate return : 2.2781
INFO:root:accumulate return : 2.2977
INFO:root:accumulate return : 2.4647
INFO:root:accumulate return : 2.6336
INFO:root:accumulate return : 2.4514
INFO:root:accumulate return : 2.6198
INFO:root:accumulate return : 2.4341
INFO:root:accumulate return : 2.6444
INFO:root:accumulate return : 2.563
INFO:root:accumulate return : 2.5163
INFO:root:accumulate return : 2.5209
INFO:root:accumulate return : 2.6445
INFO:root:accumulate return : 2.617
INFO:root:accumulate return : 2.638
INFO:root:accumulate return : 2.6136
INFO:root:accumulate return : 2.5852
INFO:root:accumulate return : 2.5965
INFO:root:accumulate return : 2.6527
INFO:root:accumulate return : 2.4558
INFO:root:accumulate return : 2.6067
INFO:root:accumulate return : 2.6252
INFO:root:accumulate return : 2.5584
INFO:root:accumulate return : 2.6187
INFO:root:accumulate return : 2.6135
INFO:root:accumulate return : 2.5991
INFO:root:accumulate return : 2.5322
INFO:root:accumulate return : 2.5661
INFO:root:accumulate return : 2.7073
INFO:root:accumulate return : 2.6251
INFO:root:accumulate return : 2.599
INFO:root:accumulate return : 2.459
INFO:root:accumulate return : 2.6896
INFO:root:accumulate return : 2.703
INFO:root:accumulate return : 2.7417
INFO:root:accumulate return : 2.6351
INFO:root:accumulate return : 2.6372
INFO:root:accumulate return : 2.7307
INFO:root:accumulate return : 2.6775
INFO:root:accumulate return : 2.6247
INFO:root:accumulate return : 2.6691
INFO:root:accumulate return : 2.4903
INFO:root:accumulate return : 2.7489
INFO:root:accumulate return : 2.6087
INFO:root:accumulate return : 2.5491
INFO:root:accumulate return : 2.5694
INFO:root:accumulate return : 2.6368
INFO:root:accumulate return : 2.6076
INFO:root:accumulate return : 2.628
INFO:root:accumulate return : 2.5577
INFO:root:accumulate return : 2.5479
INFO:root:accumulate return : 2.587
INFO:root:accumulate return : 2.6431
INFO:root:accumulate return : 2.5973
INFO:root:accumulate return : 2.5425
INFO:root:accumulate return : 2.616
INFO:root:accumulate return : 2.4994
INFO:root:accumulate return : 2.54
INFO:root:accumulate return : 2.6022
INFO:root:accumulate return : 2.5506
INFO:root:accumulate return : 2.6554
INFO:root:accumulate return : 2.5654
INFO:root:accumulate return : 2.6988
INFO:root:accumulate return : 2.6071
INFO:root:accumulate return : 2.5733
INFO:root:accumulate return : 2.6575
INFO:root:accumulate return : 2.4084
INFO:root:accumulate return : 2.6974
INFO:root:accumulate return : 2.6103
INFO:root:accumulate return : 2.5057
INFO:root:accumulate return : 2.6134
INFO:root:accumulate return : 2.5449
INFO:root:accumulate return : 2.653
INFO:root:accumulate return : 2.4334
INFO:root:accumulate return : 2.6699
INFO:root:accumulate return : 2.6485
INFO:root:accumulate return : 2.6974
INFO:root:accumulate return : 2.5501
INFO:root:accumulate return : 2.5445
INFO:root:accumulate return : 2.5724
INFO:root:accumulate return : 2.5691
INFO:root:accumulate return : 2.4749
INFO:root:accumulate return : 2.5869
INFO:root:accumulate return : 2.6239
INFO:root:accumulate return : 2.6031
INFO:root:accumulate return : 2.6729
INFO:root:accumulate return : 2.6514
INFO:root:accumulate return : 2.6207
INFO:root:accumulate return : 2.5454
INFO:root:accumulate return : 2.648
INFO:root:accumulate return : 2.549
INFO:root:accumulate return : 2.5939
INFO:root:accumulate return : 2.5814
INFO:root:accumulate return : 2.5432
INFO:root:accumulate return : 2.71
INFO:root:accumulate return : 2.6714
INFO:root:accumulate return : 2.6198
INFO:root:accumulate return : 2.4594
INFO:root:accumulate return : 2.6531
INFO:root:accumulate return : 2.618
INFO:root:accumulate return : 2.6657
INFO:root:accumulate return : 2.5678
INFO:root:accumulate return : 2.5803
INFO:root:accumulate return : 2.5883
INFO:root:accumulate return : 2.5544
INFO:root:accumulate return : 2.6172
INFO:root:accumulate return : 2.6876
INFO:root:accumulate return : 2.6692
INFO:root:accumulate return : 2.4629
INFO:root:accumulate return : 2.5974
INFO:root:accumulate return : 2.643
INFO:root:accumulate return : 2.4458
INFO:root:accumulate return : 2.7075
INFO:root:accumulate return : 2.7554
INFO:root:accumulate return : 2.7007
INFO:root:accumulate return : 2.6671
INFO:root:accumulate return : 2.6883
INFO:root:accumulate return : 2.6015
INFO:root:accumulate return : 2.5328
INFO:root:accumulate return : 2.5726
INFO:root:accumulate return : 2.6055
INFO:root:accumulate return : 2.4851
INFO:root:accumulate return : 2.6698
INFO:root:accumulate return : 2.6427
INFO:root:accumulate return : 2.686
INFO:root:accumulate return : 2.5226
INFO:root:accumulate return : 2.5413
INFO:root:accumulate return : 2.6752
INFO:root:accumulate return : 2.6378
INFO:root:accumulate return : 2.6294
INFO:root:accumulate return : 2.6211
INFO:root:accumulate return : 2.6709
INFO:root:accumulate return : 2.7689
INFO:root:accumulate return : 2.7038
INFO:root:accumulate return : 2.705
INFO:root:accumulate return : 2.534
INFO:root:accumulate return : 2.6366
INFO:root:accumulate return : 2.4591
INFO:root:accumulate return : 2.5721
INFO:root:accumulate return : 2.7616
INFO:root:accumulate return : 2.6587
INFO:root:accumulate return : 2.7268
INFO:root:accumulate return : 2.8076
INFO:root:accumulate return : 2.5247
INFO:root:accumulate return : 2.7002
INFO:root:accumulate return : 2.6544
INFO:root:accumulate return : 2.7714
INFO:root:accumulate return : 2.5484
INFO:root:accumulate return : 2.7076
INFO:root:accumulate return : 2.7054
INFO:root:accumulate return : 2.5775
INFO:root:accumulate return : 2.6667
INFO:root:accumulate return : 2.5311
INFO:root:accumulate return : 2.557
INFO:root:accumulate return : 2.7066
INFO:root:accumulate return : 2.7025
INFO:root:accumulate return : 2.716
INFO:root:accumulate return : 2.5698
INFO:root:accumulate return : 2.6245
INFO:root:accumulate return : 2.487
INFO:root:accumulate return : 2.5757
INFO:root:accumulate return : 2.5232
INFO:root:accumulate return : 2.6665
INFO:root:accumulate return : 2.6553
INFO:root:accumulate return : 2.7349
INFO:root:accumulate return : 2.6486
INFO:root:accumulate return : 2.5633
INFO:root:accumulate return : 2.7218
INFO:root:accumulate return : 2.6122
INFO:root:accumulate return : 2.5457
INFO:root:accumulate return : 2.5632
INFO:root:accumulate return : 2.6617
INFO:root:accumulate return : 2.7758
INFO:root:accumulate return : 2.7396
INFO:root:accumulate return : 2.593
INFO:root:accumulate return : 2.6093
INFO:root:accumulate return : 2.7509
INFO:root:accumulate return : 2.6369
INFO:root:accumulate return : 2.7537
INFO:root:accumulate return : 2.6461
INFO:root:accumulate return : 2.436
INFO:root:accumulate return : 2.5861
INFO:root:accumulate return : 2.4974
INFO:root:accumulate return : 2.7589
INFO:root:accumulate return : 2.6318
INFO:root:accumulate return : 2.7109
INFO:root:accumulate return : 2.6454
INFO:root:accumulate return : 2.7425
INFO:root:accumulate return : 2.6552
INFO:root:accumulate return : 2.6845
INFO:root:accumulate return : 2.6488
INFO:root:accumulate return : 2.6677
INFO:root:accumulate return : 2.7286
INFO:root:accumulate return : 2.6188
INFO:root:accumulate return : 2.5774
INFO:root:accumulate return : 2.6955
INFO:root:accumulate return : 2.6425
INFO:root:accumulate return : 2.4786
INFO:root:accumulate return : 2.4141
INFO:root:accumulate return : 2.5666
INFO:root:accumulate return : 2.62
INFO:root:accumulate return : 2.5671
INFO:root:accumulate return : 2.6261
INFO:root:accumulate return : 2.5878
INFO:root:accumulate return : 2.648
INFO:root:accumulate return : 2.4219
INFO:root:accumulate return : 2.7243
INFO:root:accumulate return : 2.5115
INFO:root:accumulate return : 2.5361
INFO:root:accumulate return : 2.6506
INFO:root:accumulate return : 2.5994
INFO:root:accumulate return : 2.6589
INFO:root:accumulate return : 2.6961
INFO:root:accumulate return : 2.6957
INFO:root:accumulate return : 2.6662
INFO:root:accumulate return : 2.5013
INFO:root:accumulate return : 2.6774
INFO:root:accumulate return : 2.7014
INFO:root:accumulate return : 2.5591
INFO:root:accumulate return : 2.7772
INFO:root:accumulate return : 2.6831
INFO:root:accumulate return : 2.6099
INFO:root:accumulate return : 2.4945
INFO:root:accumulate return : 2.589
INFO:root:accumulate return : 2.6436
INFO:root:accumulate return : 2.4197
INFO:root:accumulate return : 2.6398
INFO:root:accumulate return : 2.5996
INFO:root:accumulate return : 2.7257
INFO:root:accumulate return : 2.7269
INFO:root:accumulate return : 2.6328
INFO:root:accumulate return : 2.6795
INFO:root:accumulate return : 2.7385
INFO:root:accumulate return : 2.7441
INFO:root:accumulate return : 2.6753
INFO:root:accumulate return : 2.611
INFO:root:accumulate return : 2.7384
INFO:root:accumulate return : 2.787
INFO:root:accumulate return : 2.5832
INFO:root:accumulate return : 2.6609
INFO:root:accumulate return : 2.6467
INFO:root:accumulate return : 2.5553
INFO:root:accumulate return : 2.7468
INFO:root:accumulate return : 2.4749
INFO:root:accumulate return : 2.6614
INFO:root:accumulate return : 2.712
INFO:root:accumulate return : 2.7641
INFO:root:accumulate return : 2.605
INFO:root:accumulate return : 2.6803
INFO:root:accumulate return : 2.6805
INFO:root:accumulate return : 2.4936
INFO:root:accumulate return : 2.7123
INFO:root:accumulate return : 2.711
INFO:root:accumulate return : 2.6478
INFO:root:accumulate return : 2.6523
INFO:root:accumulate return : 2.6743
INFO:root:accumulate return : 2.4884
INFO:root:accumulate return : 2.6642
INFO:root:accumulate return : 2.6588
INFO:root:accumulate return : 2.6721
INFO:root:accumulate return : 2.5693
INFO:root:accumulate return : 2.6646
INFO:root:accumulate return : 2.7449
INFO:root:accumulate return : 2.6919
INFO:root:accumulate return : 2.5758
INFO:root:accumulate return : 2.6644
INFO:root:accumulate return : 2.7424
INFO:root:accumulate return : 2.5882
INFO:root:accumulate return : 2.749
INFO:root:accumulate return : 2.7439
INFO:root:accumulate return : 2.6437
INFO:root:accumulate return : 2.6958
INFO:root:accumulate return : 2.7487
INFO:root:accumulate return : 2.8269
INFO:root:accumulate return : 2.8111
INFO:root:accumulate return : 2.6226
INFO:root:accumulate return : 2.6857
INFO:root:accumulate return : 2.5715
INFO:root:accumulate return : 2.7103
INFO:root:accumulate return : 2.6261
INFO:root:accumulate return : 2.7271
INFO:root:accumulate return : 2.8718
INFO:root:accumulate return : 2.7542
INFO:root:accumulate return : 2.7811
INFO:root:accumulate return : 2.8516
INFO:root:accumulate return : 2.6501
INFO:root:accumulate return : 2.7396
INFO:root:accumulate return : 2.7643
INFO:root:accumulate return : 2.6711
INFO:root:accumulate return : 2.5491
INFO:root:accumulate return : 2.6558
INFO:root:accumulate return : 2.8432
INFO:root:accumulate return : 2.8047
INFO:root:accumulate return : 2.6738
INFO:root:accumulate return : 2.6715
INFO:root:accumulate return : 2.529
INFO:root:accumulate return : 2.7747
INFO:root:accumulate return : 2.6379
INFO:root:accumulate return : 2.8785
INFO:root:accumulate return : 2.659
INFO:root:accumulate return : 2.66
INFO:root:accumulate return : 2.7997
INFO:root:accumulate return : 2.5407
INFO:root:accumulate return : 2.6199
INFO:root:accumulate return : 2.8171
INFO:root:accumulate return : 2.7425
INFO:root:accumulate return : 2.6035
INFO:root:accumulate return : 2.687
INFO:root:accumulate return : 2.7015
INFO:root:accumulate return : 2.6776
INFO:root:accumulate return : 2.6101
INFO:root:accumulate return : 2.6801
INFO:root:accumulate return : 2.7248
INFO:root:accumulate return : 2.6988
INFO:root:accumulate return : 2.6615
INFO:root:accumulate return : 2.7564
INFO:root:accumulate return : 2.7607
INFO:root:accumulate return : 2.6443
INFO:root:accumulate return : 2.6941
INFO:root:accumulate return : 2.7514
INFO:root:accumulate return : 2.8331
INFO:root:accumulate return : 2.678
INFO:root:accumulate return : 2.6732
INFO:root:accumulate return : 2.57
INFO:root:accumulate return : 2.6688
INFO:root:accumulate return : 2.7463
INFO:root:accumulate return : 2.4412
INFO:root:accumulate return : 2.6087
INFO:root:accumulate return : 2.7285
INFO:root:accumulate return : 2.6343
INFO:root:accumulate return : 2.6789
INFO:root:accumulate return : 2.8501
INFO:root:accumulate return : 2.7303
INFO:root:accumulate return : 2.7372
INFO:root:accumulate return : 2.5433
INFO:root:accumulate return : 2.6457
INFO:root:accumulate return : 2.6781
INFO:root:accumulate return : 2.7051
INFO:root:accumulate return : 2.7419
INFO:root:accumulate return : 2.6118
INFO:root:accumulate return : 2.7402
INFO:root:accumulate return : 2.6603
INFO:root:accumulate return : 2.8079
INFO:root:accumulate return : 2.6894
INFO:root:accumulate return : 2.783
INFO:root:accumulate return : 2.7391
INFO:root:accumulate return : 2.8365
INFO:root:accumulate return : 2.7179
INFO:root:accumulate return : 2.7249
INFO:root:accumulate return : 2.6639
INFO:root:accumulate return : 2.7239
INFO:root:accumulate return : 2.7008
INFO:root:accumulate return : 2.7797
INFO:root:accumulate return : 2.5873
INFO:root:accumulate return : 2.5785
INFO:root:accumulate return : 2.7408
INFO:root:accumulate return : 2.5587
INFO:root:accumulate return : 2.6107
INFO:root:accumulate return : 2.5814
INFO:root:accumulate return : 2.6394
INFO:root:accumulate return : 2.8115
INFO:root:accumulate return : 2.6466
INFO:root:accumulate return : 2.7028
INFO:root:accumulate return : 2.8108
INFO:root:accumulate return : 2.7049
INFO:root:accumulate return : 2.6304
INFO:root:accumulate return : 2.7879
INFO:root:accumulate return : 2.65
INFO:root:accumulate return : 2.7451
INFO:root:accumulate return : 2.6864
INFO:root:accumulate return : 2.8402
INFO:root:accumulate return : 2.683
INFO:root:accumulate return : 2.7703
INFO:root:accumulate return : 2.7199
INFO:root:accumulate return : 2.7066
INFO:root:accumulate return : 2.8082
INFO:root:accumulate return : 2.6618
INFO:root:accumulate return : 2.7815
INFO:root:accumulate return : 2.6574
INFO:root:accumulate return : 2.5469
INFO:root:accumulate return : 2.93
INFO:root:accumulate return : 2.6897
INFO:root:accumulate return : 2.7862
INFO:root:accumulate return : 2.8601
INFO:root:accumulate return : 2.6564
INFO:root:accumulate return : 2.7122
INFO:root:accumulate return : 2.5667
INFO:root:accumulate return : 2.7126
INFO:root:accumulate return : 2.7545
INFO:root:accumulate return : 2.7518
INFO:root:accumulate return : 2.7911
INFO:root:accumulate return : 2.7018
INFO:root:accumulate return : 2.7476
INFO:root:accumulate return : 2.7455
INFO:root:accumulate return : 2.838
INFO:root:accumulate return : 2.8692
INFO:root:accumulate return : 2.7962
INFO:root:accumulate return : 2.718
INFO:root:accumulate return : 2.8026
INFO:root:accumulate return : 2.8362
INFO:root:accumulate return : 2.5847
INFO:root:accumulate return : 2.713
INFO:root:accumulate return : 2.6983
INFO:root:accumulate return : 2.8641
INFO:root:accumulate return : 2.8228
INFO:root:accumulate return : 2.7554
INFO:root:accumulate return : 2.7631
INFO:root:accumulate return : 2.7484
INFO:root:accumulate return : 2.56
INFO:root:accumulate return : 2.7224
INFO:root:accumulate return : 2.615
INFO:root:accumulate return : 2.7713
INFO:root:accumulate return : 2.7413
INFO:root:accumulate return : 2.7271
INFO:root:accumulate return : 2.8012
INFO:root:accumulate return : 2.9461
INFO:root:accumulate return : 2.6993
INFO:root:accumulate return : 2.6818
INFO:root:accumulate return : 2.7291
INFO:root:accumulate return : 2.8103
INFO:root:accumulate return : 2.6656
INFO:root:accumulate return : 2.844
INFO:root:accumulate return : 2.6591
INFO:root:accumulate return : 2.6371
INFO:root:accumulate return : 2.8594
INFO:root:accumulate return : 2.675
INFO:root:accumulate return : 2.6969
INFO:root:accumulate return : 2.7916
INFO:root:accumulate return : 2.7782
INFO:root:accumulate return : 2.7667
INFO:root:accumulate return : 2.8211
INFO:root:accumulate return : 2.6989
INFO:root:accumulate return : 2.7614
INFO:root:accumulate return : 2.6554
INFO:root:accumulate return : 2.7745
INFO:root:accumulate return : 2.8532
INFO:root:accumulate return : 2.7077
INFO:root:accumulate return : 2.4967
INFO:root:accumulate return : 2.7869
INFO:root:accumulate return : 2.6335
INFO:root:accumulate return : 2.8819
INFO:root:accumulate return : 2.7895
INFO:root:accumulate return : 2.6718
INFO:root:accumulate return : 2.7238
INFO:root:accumulate return : 2.6367
INFO:root:accumulate return : 2.8819
INFO:root:accumulate return : 2.7862
INFO:root:accumulate return : 2.7976
INFO:root:accumulate return : 2.6707
INFO:root:accumulate return : 2.6812
INFO:root:accumulate return : 2.8278
INFO:root:accumulate return : 2.6568
INFO:root:accumulate return : 2.7781
INFO:root:accumulate return : 2.7182
INFO:root:accumulate return : 2.6439
INFO:root:accumulate return : 2.7143
INFO:root:accumulate return : 2.7568
INFO:root:accumulate return : 2.7289
INFO:root:accumulate return : 2.7735
INFO:root:accumulate return : 2.7266
INFO:root:accumulate return : 2.7075
INFO:root:accumulate return : 2.7796
INFO:root:accumulate return : 2.7702
INFO:root:accumulate return : 2.8322
INFO:root:accumulate return : 2.8727
INFO:root:accumulate return : 2.8158
INFO:root:accumulate return : 2.6765
INFO:root:accumulate return : 2.7599
INFO:root:accumulate return : 2.7831
INFO:root:accumulate return : 2.8413
INFO:root:accumulate return : 2.7573
INFO:root:accumulate return : 2.7729
INFO:root:accumulate return : 2.6619
INFO:root:accumulate return : 2.8273
INFO:root:accumulate return : 2.7036
INFO:root:accumulate return : 2.7977
INFO:root:accumulate return : 2.7756
INFO:root:accumulate return : 2.8806
INFO:root:accumulate return : 2.816
INFO:root:accumulate return : 2.8605
INFO:root:accumulate return : 2.7378
INFO:root:accumulate return : 2.8591
INFO:root:accumulate return : 2.7277
INFO:root:accumulate return : 2.8736
INFO:root:accumulate return : 2.6636
INFO:root:accumulate return : 2.8132
INFO:root:accumulate return : 2.7234
INFO:root:accumulate return : 2.8521
INFO:root:accumulate return : 2.7073
INFO:root:accumulate return : 2.7992
INFO:root:accumulate return : 2.7712
INFO:root:accumulate return : 2.8803
INFO:root:accumulate return : 2.7192
INFO:root:accumulate return : 2.7526
INFO:root:accumulate return : 2.6979
INFO:root:accumulate return : 2.807
INFO:root:accumulate return : 2.8652
INFO:root:accumulate return : 2.7688
INFO:root:accumulate return : 2.9046
INFO:root:accumulate return : 2.817
INFO:root:accumulate return : 2.7986
INFO:root:accumulate return : 2.8001
INFO:root:accumulate return : 2.7645
INFO:root:accumulate return : 2.7746
INFO:root:accumulate return : 2.8678
INFO:root:accumulate return : 2.8282
INFO:root:accumulate return : 2.6666
INFO:root:accumulate return : 2.6672
INFO:root:accumulate return : 2.8461
INFO:root:accumulate return : 2.8726
INFO:root:accumulate return : 2.7178
INFO:root:accumulate return : 2.7753
INFO:root:accumulate return : 2.866
INFO:root:accumulate return : 2.6739
INFO:root:accumulate return : 2.7164
INFO:root:accumulate return : 2.7544
INFO:root:accumulate return : 2.6169
INFO:root:accumulate return : 2.7945
INFO:root:accumulate return : 2.6827
INFO:root:accumulate return : 2.8192
INFO:root:accumulate return : 2.7723
INFO:root:accumulate return : 2.83
INFO:root:accumulate return : 2.6877
INFO:root:accumulate return : 2.8287
INFO:root:accumulate return : 2.8645
INFO:root:accumulate return : 2.7136
INFO:root:accumulate return : 2.8062
INFO:root:accumulate return : 2.7537
INFO:root:accumulate return : 2.9846
INFO:root:accumulate return : 2.7589
INFO:root:accumulate return : 2.8247
INFO:root:accumulate return : 2.7977
INFO:root:accumulate return : 2.7483
INFO:root:accumulate return : 2.8073
INFO:root:accumulate return : 2.8397
INFO:root:accumulate return : 2.6905
INFO:root:accumulate return : 2.823
INFO:root:accumulate return : 2.7393
INFO:root:accumulate return : 2.8227
INFO:root:accumulate return : 2.7987
INFO:root:accumulate return : 2.8836
INFO:root:accumulate return : 2.7445
INFO:root:accumulate return : 2.7663
INFO:root:accumulate return : 2.6425
INFO:root:accumulate return : 2.7497
INFO:root:accumulate return : 2.8282
INFO:root:accumulate return : 2.8674
INFO:root:accumulate return : 2.6935
INFO:root:accumulate return : 2.9807
INFO:root:accumulate return : 2.8624
INFO:root:accumulate return : 2.9177
INFO:root:accumulate return : 2.7208
INFO:root:accumulate return : 2.8402
INFO:root:accumulate return : 2.814
INFO:root:accumulate return : 2.7767
INFO:root:accumulate return : 2.7461
INFO:root:accumulate return : 2.734
INFO:root:accumulate return : 2.8662
INFO:root:accumulate return : 2.8151
INFO:root:accumulate return : 2.8008
INFO:root:accumulate return : 2.8827
INFO:root:accumulate return : 2.9523
INFO:root:accumulate return : 2.8084
INFO:root:accumulate return : 2.7206
INFO:root:accumulate return : 2.819
INFO:root:accumulate return : 2.84
INFO:root:accumulate return : 2.5439
INFO:root:accumulate return : 2.6554
INFO:root:accumulate return : 2.8556
INFO:root:accumulate return : 2.8353
INFO:root:accumulate return : 2.65
INFO:root:accumulate return : 2.8063
INFO:root:accumulate return : 2.8638
INFO:root:accumulate return : 2.7024
INFO:root:accumulate return : 2.7173
INFO:root:accumulate return : 2.7222
INFO:root:accumulate return : 2.7634
INFO:root:accumulate return : 2.7504
INFO:root:accumulate return : 2.8508
INFO:root:accumulate return : 2.7876
INFO:root:accumulate return : 2.8834
INFO:root:accumulate return : 2.7645
INFO:root:accumulate return : 2.8739
INFO:root:accumulate return : 2.742
INFO:root:accumulate return : 2.8118
INFO:root:accumulate return : 2.7876
INFO:root:accumulate return : 2.7801
INFO:root:accumulate return : 2.6237
INFO:root:accumulate return : 2.652
INFO:root:accumulate return : 2.7932
INFO:root:accumulate return : 2.8815
INFO:root:accumulate return : 2.7772
INFO:root:accumulate return : 2.8193
INFO:root:accumulate return : 2.851
INFO:root:accumulate return : 2.8338
INFO:root:accumulate return : 2.7667
INFO:root:accumulate return : 2.7113
INFO:root:accumulate return : 2.7451
INFO:root:accumulate return : 2.8429
INFO:root:accumulate return : 2.7166
INFO:root:accumulate return : 2.8444
INFO:root:accumulate return : 2.9017
INFO:root:accumulate return : 2.8984
INFO:root:accumulate return : 2.7244
INFO:root:accumulate return : 2.6798
INFO:root:accumulate return : 2.6002
INFO:root:accumulate return : 2.8114
INFO:root:accumulate return : 2.7994
INFO:root:accumulate return : 2.753
INFO:root:accumulate return : 2.8477
INFO:root:accumulate return : 2.9133
INFO:root:accumulate return : 2.7979
INFO:root:accumulate return : 2.7812
INFO:root:accumulate return : 2.909
INFO:root:accumulate return : 2.9112
INFO:root:accumulate return : 2.8866
INFO:root:accumulate return : 2.7278
INFO:root:accumulate return : 2.8293
INFO:root:accumulate return : 2.905
INFO:root:accumulate return : 2.7284
INFO:root:accumulate return : 2.9093
INFO:root:accumulate return : 2.8241
INFO:root:accumulate return : 2.8505
INFO:root:accumulate return : 2.7567
INFO:root:accumulate return : 2.8108
INFO:root:accumulate return : 2.8711
INFO:root:accumulate return : 2.7124
INFO:root:accumulate return : 2.8266
INFO:root:accumulate return : 2.8702
INFO:root:accumulate return : 2.6724
INFO:root:accumulate return : 2.8621
INFO:root:accumulate return : 2.7589
INFO:root:accumulate return : 2.5725
INFO:root:accumulate return : 2.8837
INFO:root:accumulate return : 2.7881
INFO:root:accumulate return : 2.8673
INFO:root:accumulate return : 2.797
INFO:root:accumulate return : 2.8268
INFO:root:accumulate return : 2.7449
INFO:root:accumulate return : 2.7594
INFO:root:accumulate return : 2.6706
INFO:root:accumulate return : 2.8882
INFO:root:accumulate return : 2.7419
INFO:root:accumulate return : 2.8179
INFO:root:accumulate return : 2.9481
INFO:root:accumulate return : 2.6562
INFO:root:accumulate return : 2.8501
INFO:root:accumulate return : 2.8455
INFO:root:accumulate return : 2.7829
INFO:root:accumulate return : 2.8415
INFO:root:accumulate return : 2.8167
INFO:root:accumulate return : 2.8013
INFO:root:accumulate return : 2.8483
INFO:root:accumulate return : 2.7185
INFO:root:accumulate return : 2.6666
INFO:root:accumulate return : 2.7072
INFO:root:accumulate return : 2.8276
INFO:root:accumulate return : 2.851
INFO:root:accumulate return : 2.864
INFO:root:accumulate return : 2.8119
INFO:root:accumulate return : 2.7853
INFO:root:accumulate return : 2.8443
INFO:root:accumulate return : 2.7231
INFO:root:accumulate return : 2.7885
INFO:root:accumulate return : 2.7246
INFO:root:accumulate return : 2.8431
INFO:root:accumulate return : 2.8399
INFO:root:accumulate return : 2.726
INFO:root:accumulate return : 2.7826
INFO:root:accumulate return : 2.7268
INFO:root:accumulate return : 2.813
INFO:root:accumulate return : 2.8435
INFO:root:accumulate return : 2.7818
INFO:root:accumulate return : 2.7059
INFO:root:accumulate return : 2.7463
INFO:root:accumulate return : 2.922
INFO:root:accumulate return : 2.6848
INFO:root:accumulate return : 2.8511
INFO:root:accumulate return : 2.9119
INFO:root:accumulate return : 2.8254
INFO:root:accumulate return : 2.7906
INFO:root:accumulate return : 2.6788
INFO:root:accumulate return : 2.798
INFO:root:accumulate return : 2.7476
INFO:root:accumulate return : 2.695
INFO:root:accumulate return : 2.6972
INFO:root:accumulate return : 2.9476
INFO:root:accumulate return : 2.8728
INFO:root:accumulate return : 2.8635
INFO:root:accumulate return : 2.6829
INFO:root:accumulate return : 2.7873
INFO:root:accumulate return : 2.9004
INFO:root:accumulate return : 2.8231
INFO:root:accumulate return : 2.8337
INFO:root:accumulate return : 2.7983
INFO:root:accumulate return : 2.748
INFO:root:accumulate return : 2.8496
INFO:root:accumulate return : 2.8532
INFO:root:accumulate return : 2.9157
INFO:root:accumulate return : 2.7586
INFO:root:accumulate return : 2.7919
INFO:root:accumulate return : 2.6888
INFO:root:accumulate return : 2.754
INFO:root:accumulate return : 2.6372
INFO:root:accumulate return : 2.6805
INFO:root:accumulate return : 2.8212
INFO:root:accumulate return : 2.6238
INFO:root:accumulate return : 2.7306
INFO:root:accumulate return : 2.7218
INFO:root:accumulate return : 2.7954
INFO:root:accumulate return : 2.8655
INFO:root:accumulate return : 2.7792
INFO:root:accumulate return : 2.7721
INFO:root:accumulate return : 2.7508
INFO:root:accumulate return : 2.7419
INFO:root:accumulate return : 2.7496
INFO:root:accumulate return : 2.7968
INFO:root:accumulate return : 2.8577
INFO:root:accumulate return : 2.8353
INFO:root:accumulate return : 2.8922
INFO:root:accumulate return : 2.721
INFO:root:accumulate return : 2.7029
INFO:root:accumulate return : 2.9096
INFO:root:accumulate return : 2.8745
INFO:root:accumulate return : 2.7308
INFO:root:accumulate return : 2.6491
INFO:root:accumulate return : 2.9493
INFO:root:accumulate return : 2.8716
INFO:root:accumulate return : 2.775
INFO:root:accumulate return : 2.719
INFO:root:accumulate return : 2.7507
INFO:root:accumulate return : 2.6457
INFO:root:accumulate return : 2.7171
INFO:root:accumulate return : 2.7055
INFO:root:accumulate return : 2.8419
INFO:root:accumulate return : 2.8771
INFO:root:accumulate return : 2.7756
INFO:root:accumulate return : 2.9212
INFO:root:accumulate return : 2.8882
INFO:root:accumulate return : 2.9332
INFO:root:accumulate return : 2.9068
INFO:root:accumulate return : 2.7632
INFO:root:accumulate return : 2.8845
INFO:root:accumulate return : 2.6801
INFO:root:accumulate return : 2.7718
INFO:root:accumulate return : 2.8386
INFO:root:accumulate return : 2.7769
INFO:root:accumulate return : 2.9081
INFO:root:accumulate return : 2.9154
INFO:root:accumulate return : 2.723
INFO:root:accumulate return : 2.9981
INFO:root:accumulate return : 2.7487
INFO:root:accumulate return : 2.7217
INFO:root:accumulate return : 2.8873
INFO:root:accumulate return : 2.8962
INFO:root:accumulate return : 2.7367
INFO:root:accumulate return : 2.8502
INFO:root:accumulate return : 2.7146
INFO:root:accumulate return : 2.6847
INFO:root:accumulate return : 2.9151
INFO:root:accumulate return : 2.8034
INFO:root:accumulate return : 2.7961
INFO:root:accumulate return : 2.8395
INFO:root:accumulate return : 2.7999
INFO:root:accumulate return : 2.8767
INFO:root:accumulate return : 2.9028
INFO:root:accumulate return : 2.896
INFO:root:accumulate return : 2.7645
INFO:root:accumulate return : 2.7725
INFO:root:accumulate return : 2.6634
INFO:root:accumulate return : 2.7552
INFO:root:accumulate return : 2.8363
INFO:root:accumulate return : 2.6794
INFO:root:accumulate return : 2.9139
INFO:root:accumulate return : 2.7312
INFO:root:accumulate return : 2.8537
INFO:root:accumulate return : 2.729
INFO:root:accumulate return : 2.7348
INFO:root:accumulate return : 2.8456
INFO:root:accumulate return : 2.8462
INFO:root:accumulate return : 2.8702
INFO:root:accumulate return : 2.8645
INFO:root:accumulate return : 2.804
INFO:root:accumulate return : 2.7732
INFO:root:accumulate return : 2.7321
INFO:root:accumulate return : 2.906
INFO:root:accumulate return : 2.7929
INFO:root:accumulate return : 2.8273
INFO:root:accumulate return : 2.8779
INFO:root:accumulate return : 2.8811
INFO:root:accumulate return : 2.8555
INFO:root:accumulate return : 2.8505
INFO:root:accumulate return : 2.9493
INFO:root:accumulate return : 2.8734
INFO:root:accumulate return : 2.8683
INFO:root:accumulate return : 2.8715
INFO:root:accumulate return : 2.8617
INFO:root:accumulate return : 2.8123
INFO:root:accumulate return : 2.771
INFO:root:accumulate return : 2.7262
INFO:root:accumulate return : 2.8645
INFO:root:accumulate return : 2.8158
INFO:root:accumulate return : 2.8552
INFO:root:accumulate return : 2.7821
INFO:root:accumulate return : 2.7571
INFO:root:accumulate return : 2.7756
INFO:root:accumulate return : 2.8184
INFO:root:accumulate return : 2.8939
INFO:root:accumulate return : 2.9386
INFO:root:accumulate return : 2.764
INFO:root:accumulate return : 2.7378
INFO:root:accumulate return : 2.6467
INFO:root:accumulate return : 2.7745
INFO:root:accumulate return : 2.9156
INFO:root:accumulate return : 2.7571
INFO:root:accumulate return : 2.8867
INFO:root:accumulate return : 2.918
INFO:root:accumulate return : 2.8838
INFO:root:accumulate return : 2.717
INFO:root:accumulate return : 2.6268
INFO:root:accumulate return : 2.9439
INFO:root:accumulate return : 2.9154
INFO:root:accumulate return : 2.7602
INFO:root:accumulate return : 2.9015
INFO:root:accumulate return : 2.9638
INFO:root:accumulate return : 2.8926
INFO:root:accumulate return : 2.8634
INFO:root:accumulate return : 2.8056
INFO:root:accumulate return : 2.8854
INFO:root:accumulate return : 2.8025
INFO:root:accumulate return : 2.7959
INFO:root:accumulate return : 2.8719
INFO:root:accumulate return : 2.908
INFO:root:accumulate return : 2.756
INFO:root:accumulate return : 2.8948
INFO:root:accumulate return : 2.7899
INFO:root:accumulate return : 2.7548
INFO:root:accumulate return : 2.8345
INFO:root:accumulate return : 2.7904
INFO:root:accumulate return : 2.8969
INFO:root:accumulate return : 2.8785
INFO:root:accumulate return : 2.8603
INFO:root:accumulate return : 2.9035
INFO:root:accumulate return : 2.7907
INFO:root:accumulate return : 2.8225
INFO:root:accumulate return : 3.0035
INFO:root:accumulate return : 2.7753
INFO:root:accumulate return : 2.7874
INFO:root:accumulate return : 2.8328
INFO:root:accumulate return : 2.9153
INFO:root:accumulate return : 2.8301
INFO:root:accumulate return : 2.9415
INFO:root:accumulate return : 2.929
INFO:root:accumulate return : 2.9413
INFO:root:accumulate return : 2.8483
INFO:root:accumulate return : 2.8393
INFO:root:accumulate return : 2.7664
INFO:root:accumulate return : 2.7265
INFO:root:accumulate return : 2.956
INFO:root:accumulate return : 2.8824
INFO:root:accumulate return : 2.8123
INFO:root:accumulate return : 2.8686
INFO:root:accumulate return : 2.5238
INFO:root:accumulate return : 2.9365
INFO:root:accumulate return : 2.6393
INFO:root:accumulate return : 2.7681
INFO:root:accumulate return : 2.8904
INFO:root:accumulate return : 2.9839
INFO:root:accumulate return : 2.8354
INFO:root:accumulate return : 2.8505
INFO:root:accumulate return : 2.8363
INFO:root:accumulate return : 2.7591
INFO:root:accumulate return : 2.7869
INFO:root:accumulate return : 2.8393
INFO:root:accumulate return : 2.9107
INFO:root:accumulate return : 2.8999
INFO:root:accumulate return : 2.8603
INFO:root:accumulate return : 2.8159
INFO:root:accumulate return : 2.9155
INFO:root:accumulate return : 2.8335
INFO:root:accumulate return : 2.8917
INFO:root:accumulate return : 2.7825
INFO:root:accumulate return : 2.8415
INFO:root:accumulate return : 2.7975
INFO:root:accumulate return : 2.8146
INFO:root:accumulate return : 2.7638
INFO:root:accumulate return : 2.8839
INFO:root:accumulate return : 2.9683
INFO:root:accumulate return : 2.7829
INFO:root:accumulate return : 2.7114
INFO:root:accumulate return : 2.8625
INFO:root:accumulate return : 2.726
INFO:root:accumulate return : 2.8663
INFO:root:accumulate return : 2.8478
INFO:root:accumulate return : 2.931
INFO:root:accumulate return : 2.7723
INFO:root:accumulate return : 2.6773
INFO:root:accumulate return : 2.79
INFO:root:accumulate return : 2.9323
INFO:root:accumulate return : 2.8012
INFO:root:accumulate return : 2.8493
INFO:root:accumulate return : 2.7985
INFO:root:accumulate return : 2.5766
INFO:root:accumulate return : 2.96
INFO:root:accumulate return : 2.8062
INFO:root:accumulate return : 2.8712
INFO:root:accumulate return : 2.8737
INFO:root:accumulate return : 2.9188
INFO:root:accumulate return : 2.749
INFO:root:accumulate return : 2.9533
INFO:root:accumulate return : 2.8791
INFO:root:accumulate return : 2.781
INFO:root:accumulate return : 2.9853
INFO:root:accumulate return : 2.7425
INFO:root:accumulate return : 2.9265
INFO:root:accumulate return : 2.8948
INFO:root:accumulate return : 2.9076
INFO:root:accumulate return : 2.7907
INFO:root:accumulate return : 2.8318
INFO:root:accumulate return : 2.7756
INFO:root:accumulate return : 2.8395
INFO:root:accumulate return : 2.9573
INFO:root:accumulate return : 2.7903
INFO:root:accumulate return : 2.9592
INFO:root:accumulate return : 2.8641
INFO:root:accumulate return : 2.8947
INFO:root:accumulate return : 2.8958
INFO:root:accumulate return : 2.8128
INFO:root:accumulate return : 2.9648
INFO:root:accumulate return : 2.7754
INFO:root:accumulate return : 2.773
INFO:root:accumulate return : 2.8627
INFO:root:accumulate return : 2.9045
INFO:root:accumulate return : 2.8095
INFO:root:accumulate return : 2.9003
INFO:root:accumulate return : 2.8406
INFO:root:accumulate return : 2.8904
INFO:root:accumulate return : 2.8888
INFO:root:accumulate return : 2.729
INFO:root:accumulate return : 2.8974
INFO:root:accumulate return : 2.8514
INFO:root:accumulate return : 2.8069
INFO:root:accumulate return : 2.9023
INFO:root:accumulate return : 2.6862
INFO:root:accumulate return : 2.7021
INFO:root:accumulate return : 2.8126
INFO:root:accumulate return : 2.8983
INFO:root:accumulate return : 2.7545
INFO:root:accumulate return : 2.8251
INFO:root:accumulate return : 2.9341
INFO:root:accumulate return : 2.8593
INFO:root:accumulate return : 2.7948
INFO:root:accumulate return : 2.8375
INFO:root:accumulate return : 2.9278
INFO:root:accumulate return : 2.9189
INFO:root:accumulate return : 2.9335
INFO:root:accumulate return : 2.9452
INFO:root:accumulate return : 2.8335
INFO:root:accumulate return : 2.8263
INFO:root:accumulate return : 2.8826
INFO:root:accumulate return : 2.9282
INFO:root:accumulate return : 2.7485
INFO:root:accumulate return : 2.8124
INFO:root:accumulate return : 2.8412
INFO:root:accumulate return : 2.7988
INFO:root:accumulate return : 2.9638
INFO:root:accumulate return : 2.8602
INFO:root:accumulate return : 2.9532
INFO:root:accumulate return : 2.844
INFO:root:accumulate return : 2.7478
INFO:root:accumulate return : 2.9498
INFO:root:accumulate return : 2.9241
INFO:root:accumulate return : 2.8119
INFO:root:accumulate return : 2.9385
INFO:root:accumulate return : 3.039
INFO:root:accumulate return : 2.7659
INFO:root:accumulate return : 3.0604
INFO:root:accumulate return : 2.8163
INFO:root:accumulate return : 2.7985
INFO:root:accumulate return : 2.7206
INFO:root:accumulate return : 2.8871
INFO:root:accumulate return : 2.8322
INFO:root:accumulate return : 2.8462
INFO:root:accumulate return : 2.7341
INFO:root:accumulate return : 2.7447
INFO:root:accumulate return : 2.9588
INFO:root:accumulate return : 2.8124
INFO:root:accumulate return : 2.727
INFO:root:accumulate return : 2.7841
INFO:root:accumulate return : 2.7422
INFO:root:accumulate return : 2.9251
INFO:root:accumulate return : 2.9264
INFO:root:accumulate return : 2.9443
INFO:root:accumulate return : 2.9173
INFO:root:accumulate return : 2.9244
INFO:root:accumulate return : 2.8728
INFO:root:accumulate return : 2.784
INFO:root:accumulate return : 2.8813
INFO:root:accumulate return : 2.7225
INFO:root:accumulate return : 2.8134
INFO:root:accumulate return : 2.8068
INFO:root:accumulate return : 2.972
INFO:root:accumulate return : 2.5689
INFO:root:accumulate return : 2.8923
INFO:root:accumulate return : 2.9002
INFO:root:accumulate return : 2.8941
INFO:root:accumulate return : 2.8201
INFO:root:accumulate return : 2.9224
INFO:root:accumulate return : 2.8772
INFO:root:accumulate return : 2.8185
INFO:root:accumulate return : 2.9338
INFO:root:accumulate return : 2.9896
INFO:root:accumulate return : 2.8803
INFO:root:accumulate return : 2.7728
INFO:root:accumulate return : 2.9089
INFO:root:accumulate return : 2.8391
INFO:root:accumulate return : 2.9026
INFO:root:accumulate return : 2.8486
INFO:root:accumulate return : 2.8898
INFO:root:accumulate return : 2.7797
INFO:root:accumulate return : 2.8762
INFO:root:accumulate return : 2.9464
INFO:root:accumulate return : 2.9223
INFO:root:accumulate return : 2.9746
INFO:root:accumulate return : 2.9022
INFO:root:accumulate return : 2.9171
INFO:root:accumulate return : 2.9507
INFO:root:accumulate return : 2.9371
INFO:root:accumulate return : 2.8475
INFO:root:accumulate return : 2.8085
INFO:root:accumulate return : 2.8315
INFO:root:accumulate return : 2.8468
INFO:root:accumulate return : 2.92
INFO:root:accumulate return : 2.8641
INFO:root:accumulate return : 2.9114
INFO:root:accumulate return : 2.8708
INFO:root:accumulate return : 2.7445
INFO:root:accumulate return : 2.9014
INFO:root:accumulate return : 2.882
INFO:root:accumulate return : 2.7927
INFO:root:accumulate return : 2.9524
INFO:root:accumulate return : 2.9502
INFO:root:accumulate return : 2.9111
INFO:root:accumulate return : 2.7873
INFO:root:accumulate return : 2.8947
INFO:root:accumulate return : 2.759
INFO:root:accumulate return : 2.651
INFO:root:accumulate return : 2.9015
INFO:root:accumulate return : 2.8534
INFO:root:accumulate return : 2.8
INFO:root:accumulate return : 2.9097
INFO:root:accumulate return : 2.9356
INFO:root:accumulate return : 2.6717
INFO:root:accumulate return : 2.9125
INFO:root:accumulate return : 2.655
INFO:root:accumulate return : 2.9182
INFO:root:accumulate return : 2.9446
INFO:root:accumulate return : 2.9524
INFO:root:accumulate return : 2.7769
INFO:root:accumulate return : 2.8663
INFO:root:accumulate return : 2.9428
INFO:root:accumulate return : 2.932
INFO:root:accumulate return : 2.7612
INFO:root:accumulate return : 2.9819
INFO:root:accumulate return : 2.8193
INFO:root:accumulate return : 3.0145
INFO:root:accumulate return : 2.8201
INFO:root:accumulate return : 2.7482
INFO:root:accumulate return : 2.9396
INFO:root:accumulate return : 2.8594
INFO:root:accumulate return : 2.7278
INFO:root:accumulate return : 2.847
INFO:root:accumulate return : 2.8472
INFO:root:accumulate return : 2.9917
INFO:root:accumulate return : 2.9453
INFO:root:accumulate return : 2.8679
INFO:root:accumulate return : 2.8815
INFO:root:accumulate return : 2.839
INFO:root:accumulate return : 2.7887
INFO:root:accumulate return : 2.9335
INFO:root:accumulate return : 2.7629
INFO:root:accumulate return : 2.8087
INFO:root:accumulate return : 2.8651
INFO:root:accumulate return : 3.0212
INFO:root:accumulate return : 2.835
INFO:root:accumulate return : 2.849
INFO:root:accumulate return : 2.7627
INFO:root:accumulate return : 2.7445
INFO:root:accumulate return : 2.9218
INFO:root:accumulate return : 2.8818
INFO:root:accumulate return : 2.8503
INFO:root:accumulate return : 2.86
INFO:root:accumulate return : 2.9725
INFO:root:accumulate return : 2.7941
INFO:root:accumulate return : 2.9519
INFO:root:accumulate return : 2.9589
INFO:root:accumulate return : 3.0762
INFO:root:accumulate return : 2.9688
INFO:root:accumulate return : 2.9335
INFO:root:accumulate return : 2.6782
INFO:root:accumulate return : 2.8913
INFO:root:accumulate return : 2.7981
INFO:root:accumulate return : 2.8031
INFO:root:accumulate return : 2.8083
INFO:root:accumulate return : 3.0249
INFO:root:accumulate return : 2.8964
INFO:root:accumulate return : 2.8596
INFO:root:accumulate return : 2.9846
INFO:root:accumulate return : 2.8473
INFO:root:accumulate return : 2.9373
INFO:root:accumulate return : 2.8948
INFO:root:accumulate return : 2.8364
INFO:root:accumulate return : 2.8419
INFO:root:accumulate return : 2.9266
INFO:root:accumulate return : 3.0211
INFO:root:accumulate return : 2.8869
INFO:root:accumulate return : 2.9805
INFO:root:accumulate return : 2.9286
INFO:root:accumulate return : 2.7877
INFO:root:accumulate return : 2.9883
INFO:root:accumulate return : 2.9741
INFO:root:accumulate return : 2.8707
INFO:root:accumulate return : 2.6942
INFO:root:accumulate return : 2.9281
INFO:root:accumulate return : 2.8284
INFO:root:accumulate return : 2.8419
INFO:root:accumulate return : 2.8503
INFO:root:accumulate return : 2.9748
INFO:root:accumulate return : 2.8202
INFO:root:accumulate return : 3.0252
INFO:root:accumulate return : 2.9722
INFO:root:accumulate return : 3.0562
INFO:root:accumulate return : 2.9085
INFO:root:accumulate return : 2.9239
INFO:root:accumulate return : 2.6619
INFO:root:accumulate return : 2.8763
INFO:root:accumulate return : 2.8019
INFO:root:accumulate return : 2.9081
INFO:root:accumulate return : 2.8784
INFO:root:accumulate return : 2.923
INFO:root:accumulate return : 2.8173
INFO:root:accumulate return : 2.9453
INFO:root:accumulate return : 2.8812
INFO:root:accumulate return : 2.8931
INFO:root:accumulate return : 2.8692
INFO:root:accumulate return : 2.9596
INFO:root:accumulate return : 2.8765
INFO:root:accumulate return : 2.908
INFO:root:accumulate return : 3.0112
INFO:root:accumulate return : 2.8587
INFO:root:accumulate return : 2.8249
INFO:root:accumulate return : 2.8379
INFO:root:accumulate return : 2.9533
INFO:root:accumulate return : 2.9891
INFO:root:accumulate return : 2.8809
INFO:root:accumulate return : 2.8347
INFO:root:accumulate return : 2.8276
INFO:root:accumulate return : 2.9038
INFO:root:accumulate return : 2.8962
INFO:root:accumulate return : 2.7293
INFO:root:accumulate return : 2.8294
INFO:root:accumulate return : 2.8927
INFO:root:accumulate return : 2.871
INFO:root:accumulate return : 2.9475
INFO:root:accumulate return : 2.8953
INFO:root:accumulate return : 2.9178
INFO:root:accumulate return : 2.9106
INFO:root:accumulate return : 2.8808
INFO:root:accumulate return : 2.7697
INFO:root:accumulate return : 2.7629
INFO:root:accumulate return : 3.0234
INFO:root:accumulate return : 2.8259
INFO:root:accumulate return : 2.9429
INFO:root:accumulate return : 2.7671
INFO:root:accumulate return : 2.8518
INFO:root:accumulate return : 2.9033
INFO:root:accumulate return : 2.94
INFO:root:accumulate return : 2.9507
INFO:root:accumulate return : 2.9117
INFO:root:accumulate return : 2.9015
INFO:root:accumulate return : 2.7915
INFO:root:accumulate return : 2.9859
INFO:root:accumulate return : 2.9163
INFO:root:accumulate return : 2.8928
INFO:root:accumulate return : 2.7949
INFO:root:accumulate return : 2.8808
INFO:root:accumulate return : 2.9035
INFO:root:accumulate return : 2.7984
INFO:root:accumulate return : 2.8299
INFO:root:accumulate return : 2.9061
INFO:root:accumulate return : 2.7299
INFO:root:accumulate return : 2.9329
INFO:root:accumulate return : 2.859
INFO:root:accumulate return : 2.8669
INFO:root:accumulate return : 2.8599
INFO:root:accumulate return : 2.863
INFO:root:accumulate return : 2.8535
INFO:root:accumulate return : 2.7339
INFO:root:accumulate return : 3.0398
INFO:root:accumulate return : 2.6556
INFO:root:accumulate return : 2.8913
INFO:root:accumulate return : 2.9109
INFO:root:accumulate return : 2.738
INFO:root:accumulate return : 2.8055
INFO:root:accumulate return : 3.0178
INFO:root:accumulate return : 2.9661
INFO:root:accumulate return : 2.7414
INFO:root:accumulate return : 2.8448
INFO:root:accumulate return : 2.7413
INFO:root:accumulate return : 2.9441
INFO:root:accumulate return : 2.8102
INFO:root:accumulate return : 2.7807
INFO:root:accumulate return : 2.8385
INFO:root:accumulate return : 2.9515
INFO:root:accumulate return : 2.9326
INFO:root:accumulate return : 2.8184
INFO:root:accumulate return : 2.8439
INFO:root:accumulate return : 2.8126
INFO:root:accumulate return : 2.8426
INFO:root:accumulate return : 2.8764
INFO:root:accumulate return : 2.9131
INFO:root:accumulate return : 2.8148
INFO:root:accumulate return : 2.9052
INFO:root:accumulate return : 2.8898
INFO:root:accumulate return : 2.8769
INFO:root:accumulate return : 2.8871
INFO:root:accumulate return : 2.8487
INFO:root:accumulate return : 2.8607
INFO:root:accumulate return : 2.825
INFO:root:accumulate return : 2.9037
INFO:root:accumulate return : 2.9506
INFO:root:accumulate return : 2.9087
INFO:root:accumulate return : 2.9254
INFO:root:accumulate return : 3.0034
INFO:root:accumulate return : 2.7788
INFO:root:accumulate return : 2.9171
INFO:root:accumulate return : 2.9946
INFO:root:accumulate return : 2.6325
INFO:root:accumulate return : 2.7668
INFO:root:accumulate return : 2.9312
INFO:root:accumulate return : 2.8451
INFO:root:accumulate return : 2.8867
INFO:root:accumulate return : 2.9852
INFO:root:accumulate return : 2.8344
INFO:root:accumulate return : 2.8431
INFO:root:accumulate return : 2.9572
INFO:root:accumulate return : 2.8379
INFO:root:accumulate return : 2.8223
INFO:root:accumulate return : 2.7996
INFO:root:accumulate return : 2.777
INFO:root:accumulate return : 2.858
INFO:root:accumulate return : 3.009
INFO:root:accumulate return : 2.9167
INFO:root:accumulate return : 2.8874
INFO:root:accumulate return : 2.9564
INFO:root:accumulate return : 2.8516
INFO:root:accumulate return : 2.8442
INFO:root:accumulate return : 2.9126
INFO:root:accumulate return : 2.8181
INFO:root:accumulate return : 2.7363
INFO:root:accumulate return : 2.8877
INFO:root:accumulate return : 2.7306
INFO:root:accumulate return : 2.8875
INFO:root:accumulate return : 2.8795
INFO:root:accumulate return : 2.8929
INFO:root:accumulate return : 2.8918
INFO:root:accumulate return : 2.8507
INFO:root:accumulate return : 2.8191
INFO:root:accumulate return : 2.9013
INFO:root:accumulate return : 2.8848
INFO:root:accumulate return : 2.9392
INFO:root:accumulate return : 3.0302
INFO:root:accumulate return : 3.0033
INFO:root:accumulate return : 2.957
INFO:root:accumulate return : 2.9518
INFO:root:accumulate return : 2.8035
INFO:root:accumulate return : 2.8589
INFO:root:accumulate return : 2.9476
INFO:root:accumulate return : 2.7018
INFO:root:accumulate return : 2.9502
INFO:root:accumulate return : 2.8114
INFO:root:accumulate return : 2.6818
INFO:root:accumulate return : 3.0954
INFO:root:accumulate return : 2.8047
INFO:root:accumulate return : 2.6282
INFO:root:accumulate return : 2.9356
INFO:root:accumulate return : 2.9028
INFO:root:accumulate return : 2.8542
INFO:root:accumulate return : 2.9543
INFO:root:accumulate return : 2.899
INFO:root:accumulate return : 2.8795
INFO:root:accumulate return : 2.8519
INFO:root:accumulate return : 2.9126
INFO:root:accumulate return : 2.8112
INFO:root:accumulate return : 2.9203
INFO:root:accumulate return : 2.77
INFO:root:accumulate return : 2.866
INFO:root:accumulate return : 2.9717
INFO:root:accumulate return : 2.9687
INFO:root:accumulate return : 2.8903
INFO:root:accumulate return : 2.9529
INFO:root:accumulate return : 2.773
INFO:root:accumulate return : 2.8985
INFO:root:accumulate return : 2.8807
INFO:root:accumulate return : 2.8495
INFO:root:accumulate return : 2.8913
INFO:root:accumulate return : 2.7792
INFO:root:accumulate return : 2.8865
INFO:root:accumulate return : 2.7601
INFO:root:accumulate return : 2.8398
INFO:root:accumulate return : 2.8576
INFO:root:accumulate return : 2.9328
INFO:root:accumulate return : 2.7462
INFO:root:accumulate return : 2.9277
INFO:root:accumulate return : 2.8469
INFO:root:accumulate return : 2.9108
INFO:root:accumulate return : 2.8166
INFO:root:accumulate return : 2.9263
INFO:root:accumulate return : 2.7882
INFO:root:accumulate return : 2.9504
INFO:root:accumulate return : 2.8001
INFO:root:accumulate return : 2.9374
INFO:root:accumulate return : 2.8902
INFO:root:accumulate return : 2.8899
INFO:root:accumulate return : 2.9867
INFO:root:accumulate return : 2.8578
INFO:root:accumulate return : 2.871
INFO:root:accumulate return : 2.8006
INFO:root:accumulate return : 2.7882
INFO:root:accumulate return : 2.8807
INFO:root:accumulate return : 2.9084
INFO:root:accumulate return : 2.9045
INFO:root:accumulate return : 2.8817
INFO:root:accumulate return : 2.9917
INFO:root:accumulate return : 2.8945
INFO:root:accumulate return : 2.9855
INFO:root:accumulate return : 2.7908
INFO:root:accumulate return : 2.8621
INFO:root:accumulate return : 2.934
INFO:root:accumulate return : 2.7454
INFO:root:accumulate return : 3.0046
INFO:root:accumulate return : 2.8577
INFO:root:accumulate return : 2.8058
INFO:root:accumulate return : 2.9388
INFO:root:accumulate return : 2.9049
INFO:root:accumulate return : 2.9315
INFO:root:accumulate return : 2.8607
INFO:root:accumulate return : 2.9391
INFO:root:accumulate return : 2.9426
INFO:root:accumulate return : 2.8242
INFO:root:accumulate return : 2.7628
INFO:root:accumulate return : 2.9885
INFO:root:accumulate return : 2.864
INFO:root:accumulate return : 2.8175
INFO:root:accumulate return : 2.9781
INFO:root:accumulate return : 2.8762
INFO:root:accumulate return : 2.8599
INFO:root:accumulate return : 2.9577
INFO:root:accumulate return : 2.8508
INFO:root:accumulate return : 2.8559
INFO:root:accumulate return : 2.7263
INFO:root:accumulate return : 2.8323
INFO:root:accumulate return : 2.8116
INFO:root:accumulate return : 2.8701
INFO:root:accumulate return : 2.9356
INFO:root:accumulate return : 2.9289
INFO:root:accumulate return : 2.8974
INFO:root:accumulate return : 2.8822
INFO:root:accumulate return : 2.7901
INFO:root:accumulate return : 3.0648
INFO:root:accumulate return : 2.9581
INFO:root:accumulate return : 2.925
INFO:root:accumulate return : 2.8993
INFO:root:accumulate return : 2.9538
INFO:root:accumulate return : 2.8847
INFO:root:accumulate return : 2.9483
INFO:root:accumulate return : 2.8877
INFO:root:accumulate return : 2.832
INFO:root:accumulate return : 3.0601
INFO:root:accumulate return : 2.9602
INFO:root:accumulate return : 2.9657
INFO:root:accumulate return : 2.9416
INFO:root:accumulate return : 3.014
INFO:root:accumulate return : 2.8513
INFO:root:accumulate return : 2.8734
INFO:root:accumulate return : 2.7753
INFO:root:accumulate return : 2.8503
INFO:root:accumulate return : 3.0214
INFO:root:accumulate return : 2.9971
INFO:root:accumulate return : 2.859
INFO:root:accumulate return : 2.9595
INFO:root:accumulate return : 3.0028
INFO:root:accumulate return : 2.7007
INFO:root:accumulate return : 2.9141
INFO:root:accumulate return : 2.9122
INFO:root:accumulate return : 2.7937
INFO:root:accumulate return : 2.8326
INFO:root:accumulate return : 2.8807
INFO:root:accumulate return : 2.9362
INFO:root:accumulate return : 2.6934
INFO:root:accumulate return : 2.8116
INFO:root:accumulate return : 2.9638
INFO:root:accumulate return : 2.8104
INFO:root:accumulate return : 2.9059
INFO:root:Processing time : 2.51722222222 hours
