INFO:root:Time start : 2016-05-22-06-02-56
INFO:root:Input data :GBPUSD240.csv
INFO:root:Parameter setting :
INFO:root:epsilon = 0.1
INFO:root:transaction_cost = 0.0005
INFO:root:epoch =150
INFO:root:max_memory = 100000
INFO:root:batch_size = 100
INFO:root:look back term = 200
INFO:root:hidden_size = 300
INFO:root:training period = 0 ~ 5000
INFO:root:learning rate = 0.1
INFO:root:discount rate = 0.95
INFO:root:step_size = 10
INFO:root:accumulate return : -0.8673
INFO:root:accumulate return : -1.1139
INFO:root:accumulate return : -1.0766
INFO:root:accumulate return : -1.1469
INFO:root:accumulate return : -1.1342
INFO:root:accumulate return : -1.0944
INFO:root:accumulate return : -1.025
INFO:root:accumulate return : -1.2559
INFO:root:accumulate return : -1.1984
INFO:root:accumulate return : -0.9421
INFO:root:accumulate return : -0.3412
INFO:root:accumulate return : -0.435
INFO:root:accumulate return : -0.1721
INFO:root:accumulate return : -0.4554
INFO:root:accumulate return : -0.0409
INFO:root:accumulate return : -0.1511
INFO:root:accumulate return : -0.1291
INFO:root:accumulate return : -0.1519
INFO:root:accumulate return : -0.1507
INFO:root:accumulate return : -0.4082
INFO:root:accumulate return : 0.1
INFO:root:accumulate return : -0.0082
INFO:root:accumulate return : 0.0685
INFO:root:accumulate return : -0.0258
INFO:root:accumulate return : 0.1635
INFO:root:accumulate return : 0.145
INFO:root:accumulate return : 0.2609
INFO:root:accumulate return : 0.119
INFO:root:accumulate return : 0.0924
INFO:root:accumulate return : 0.1121
INFO:root:accumulate return : 0.3281
INFO:root:accumulate return : 0.2985
INFO:root:accumulate return : 0.2681
INFO:root:accumulate return : 0.4427
INFO:root:accumulate return : 0.1882
INFO:root:accumulate return : 0.3641
INFO:root:accumulate return : 0.2881
INFO:root:accumulate return : 0.4962
INFO:root:accumulate return : 0.4039
INFO:root:accumulate return : 0.1917
INFO:root:accumulate return : 0.3621
INFO:root:accumulate return : 0.5182
INFO:root:accumulate return : 0.3861
INFO:root:accumulate return : 0.4126
INFO:root:accumulate return : 0.3919
INFO:root:accumulate return : 0.2511
INFO:root:accumulate return : 0.5536
INFO:root:accumulate return : 0.437
INFO:root:accumulate return : 0.3896
INFO:root:accumulate return : 0.5148
INFO:root:accumulate return : 0.2826
INFO:root:accumulate return : -0.0685
INFO:root:accumulate return : 0.2985
INFO:root:accumulate return : 0.052
INFO:root:accumulate return : 0.2065
INFO:root:accumulate return : 0.2755
INFO:root:accumulate return : 0.3645
INFO:root:accumulate return : -0.0179
INFO:root:accumulate return : 0.2815
INFO:root:accumulate return : 0.1819
INFO:root:accumulate return : 0.476
INFO:root:accumulate return : 0.5065
INFO:root:accumulate return : 0.3058
INFO:root:accumulate return : 0.1746
INFO:root:accumulate return : 0.2154
INFO:root:accumulate return : 0.2919
INFO:root:accumulate return : 0.0845
INFO:root:accumulate return : 0.3351
INFO:root:accumulate return : 0.3412
INFO:root:accumulate return : 0.2944
INFO:root:accumulate return : 0.5247
INFO:root:accumulate return : 0.5944
INFO:root:accumulate return : 0.316
INFO:root:accumulate return : 0.3725
INFO:root:accumulate return : 0.3334
INFO:root:accumulate return : 0.3364
INFO:root:accumulate return : 0.551
INFO:root:accumulate return : 0.3171
INFO:root:accumulate return : 0.3814
INFO:root:accumulate return : 0.2231
INFO:root:accumulate return : 0.2621
INFO:root:accumulate return : 0.3887
INFO:root:accumulate return : 0.1631
INFO:root:accumulate return : 0.3057
INFO:root:accumulate return : 0.1639
INFO:root:accumulate return : 0.5199
INFO:root:accumulate return : 0.4042
INFO:root:accumulate return : 0.2719
INFO:root:accumulate return : 0.2996
INFO:root:accumulate return : 0.3213
INFO:root:accumulate return : 0.4441
INFO:root:accumulate return : 0.7573
INFO:root:accumulate return : 0.5972
INFO:root:accumulate return : 0.8554
INFO:root:accumulate return : 0.7165
INFO:root:accumulate return : 0.9041
INFO:root:accumulate return : 0.817
INFO:root:accumulate return : 0.7303
INFO:root:accumulate return : 0.6183
INFO:root:accumulate return : 0.8585
INFO:root:accumulate return : 0.7035
INFO:root:accumulate return : 0.8293
INFO:root:accumulate return : 0.3375
INFO:root:accumulate return : 0.7425
INFO:root:accumulate return : 0.7587
INFO:root:accumulate return : 0.6458
INFO:root:accumulate return : 0.5326
INFO:root:accumulate return : 0.5236
INFO:root:accumulate return : 0.7179
INFO:root:accumulate return : 0.6232
INFO:root:accumulate return : 0.6252
INFO:root:accumulate return : 0.6168
INFO:root:accumulate return : 0.5799
INFO:root:accumulate return : 0.5956
INFO:root:accumulate return : 0.6088
INFO:root:accumulate return : 0.5893
INFO:root:accumulate return : 0.813
INFO:root:accumulate return : 0.4342
INFO:root:accumulate return : 0.8486
INFO:root:accumulate return : 0.3605
INFO:root:accumulate return : 1.0655
INFO:root:accumulate return : 0.9707
INFO:root:accumulate return : 0.856
INFO:root:accumulate return : 0.8293
INFO:root:accumulate return : 0.9579
INFO:root:accumulate return : 1.083
INFO:root:accumulate return : 0.7916
INFO:root:accumulate return : 0.7822
INFO:root:accumulate return : 0.8582
INFO:root:accumulate return : 0.8649
INFO:root:accumulate return : 0.525
INFO:root:accumulate return : 0.5838
INFO:root:accumulate return : 0.5596
INFO:root:accumulate return : 0.7995
INFO:root:accumulate return : 0.7241
INFO:root:accumulate return : 0.6496
INFO:root:accumulate return : 0.5512
INFO:root:accumulate return : 0.9078
INFO:root:accumulate return : 1.0398
INFO:root:accumulate return : 0.6133
INFO:root:accumulate return : 0.6343
INFO:root:accumulate return : 0.8114
INFO:root:accumulate return : 0.8312
INFO:root:accumulate return : 0.6448
INFO:root:accumulate return : 0.9447
INFO:root:accumulate return : 0.7743
INFO:root:accumulate return : 0.6349
INFO:root:accumulate return : 0.7186
INFO:root:accumulate return : 0.8162
INFO:root:accumulate return : 0.821
INFO:root:Processing time : 13.5758333333 hours
