INFO:root:Version : 6
INFO:root:Time start : 2016-05-30-11-13-58
INFO:root:Input data :GBPUSD240.csv
INFO:root:Parameter setting :
INFO:root:epsilon = 0.1
INFO:root:transaction_cost = 0.0005
INFO:root:epoch =2000
INFO:root:max_memory = 1000000
INFO:root:batch_size = 50
INFO:root:look back term = 300
INFO:root:hidden_size = 600
INFO:root:training period = 0 ~ 1000
INFO:root:learning rate = 0.1
INFO:root:discount rate = 9e-06
INFO:root:step_size = 10
INFO:root:activation function = tanh
INFO:root:accumulate return : -0.5929
INFO:root:accumulate return : -0.4605
INFO:root:accumulate return : -0.2957
INFO:root:accumulate return : -0.436
INFO:root:accumulate return : -0.3636
INFO:root:accumulate return : -0.2315
INFO:root:accumulate return : -0.4437
INFO:root:accumulate return : -0.3764
INFO:root:accumulate return : -0.3787
INFO:root:accumulate return : -0.4722
INFO:root:accumulate return : -0.1372
INFO:root:accumulate return : -0.0894
INFO:root:accumulate return : -0.1436
INFO:root:accumulate return : -0.1394
INFO:root:accumulate return : -0.0499
INFO:root:accumulate return : -0.2387
INFO:root:accumulate return : -0.1491
INFO:root:accumulate return : -0.1122
INFO:root:accumulate return : -0.1785
INFO:root:accumulate return : -0.1387
INFO:root:accumulate return : 0.247
INFO:root:accumulate return : 0.1905
INFO:root:accumulate return : 0.1169
INFO:root:accumulate return : 0.2821
INFO:root:accumulate return : 0.1451
INFO:root:accumulate return : 0.1664
INFO:root:accumulate return : 0.1627
INFO:root:accumulate return : 0.1182
INFO:root:accumulate return : 0.0213
INFO:root:accumulate return : 0.2504
INFO:root:accumulate return : 0.3261
INFO:root:accumulate return : 0.2849
INFO:root:accumulate return : 0.2314
INFO:root:accumulate return : 0.3316
INFO:root:accumulate return : 0.3982
INFO:root:accumulate return : 0.3567
INFO:root:accumulate return : 0.3709
INFO:root:accumulate return : 0.2575
INFO:root:accumulate return : 0.3464
INFO:root:accumulate return : 0.2006
INFO:root:accumulate return : 0.489
INFO:root:accumulate return : 0.466
INFO:root:accumulate return : 0.4883
INFO:root:accumulate return : 0.6598
INFO:root:accumulate return : 0.3696
INFO:root:accumulate return : 0.4649
INFO:root:accumulate return : 0.3103
INFO:root:accumulate return : 0.4554
INFO:root:accumulate return : 0.6212
INFO:root:accumulate return : 0.6765
INFO:root:accumulate return : 0.6836
INFO:root:accumulate return : 0.6287
INFO:root:accumulate return : 0.6135
INFO:root:accumulate return : 0.581
INFO:root:accumulate return : 0.6522
INFO:root:accumulate return : 0.7516
INFO:root:accumulate return : 0.5971
INFO:root:accumulate return : 0.6867
INFO:root:accumulate return : 0.6046
INFO:root:accumulate return : 0.651
INFO:root:accumulate return : 0.7479
INFO:root:accumulate return : 0.6211
INFO:root:accumulate return : 0.5234
INFO:root:accumulate return : 0.6469
INFO:root:accumulate return : 0.7252
INFO:root:accumulate return : 0.7206
INFO:root:accumulate return : 0.7435
INFO:root:accumulate return : 0.6105
INFO:root:accumulate return : 0.4988
INFO:root:accumulate return : 0.7998
INFO:root:accumulate return : 0.8045
INFO:root:accumulate return : 0.7979
INFO:root:accumulate return : 0.7234
INFO:root:accumulate return : 0.5864
INFO:root:accumulate return : 0.6748
INFO:root:accumulate return : 0.733
INFO:root:accumulate return : 0.683
INFO:root:accumulate return : 0.7185
INFO:root:accumulate return : 0.8229
INFO:root:accumulate return : 0.5968
INFO:root:accumulate return : 0.7606
INFO:root:accumulate return : 0.6788
INFO:root:accumulate return : 0.8008
INFO:root:accumulate return : 0.7914
INFO:root:accumulate return : 0.581
INFO:root:accumulate return : 0.7414
INFO:root:accumulate return : 0.8048
INFO:root:accumulate return : 0.7375
INFO:root:accumulate return : 0.7798
INFO:root:accumulate return : 0.6512
INFO:root:accumulate return : 0.8073
INFO:root:accumulate return : 0.7836
INFO:root:accumulate return : 0.8031
INFO:root:accumulate return : 0.9013
INFO:root:accumulate return : 0.798
INFO:root:accumulate return : 0.8912
INFO:root:accumulate return : 0.9035
INFO:root:accumulate return : 0.7432
INFO:root:accumulate return : 0.7644
INFO:root:accumulate return : 0.8554
INFO:root:accumulate return : 0.8266
INFO:root:accumulate return : 0.8905
INFO:root:accumulate return : 0.7523
INFO:root:accumulate return : 0.7649
INFO:root:accumulate return : 0.8411
INFO:root:accumulate return : 1.0187
INFO:root:accumulate return : 0.6922
INFO:root:accumulate return : 0.7245
INFO:root:accumulate return : 0.6899
INFO:root:accumulate return : 0.9115
INFO:root:accumulate return : 0.7641
INFO:root:accumulate return : 0.8929
INFO:root:accumulate return : 0.8549
INFO:root:accumulate return : 0.8857
INFO:root:accumulate return : 0.859
INFO:root:accumulate return : 0.9088
INFO:root:accumulate return : 0.8293
INFO:root:accumulate return : 0.9711
INFO:root:accumulate return : 0.9606
INFO:root:accumulate return : 0.9229
INFO:root:accumulate return : 1.0082
INFO:root:accumulate return : 0.9676
INFO:root:accumulate return : 0.9894
INFO:root:accumulate return : 0.9336
INFO:root:accumulate return : 0.9661
INFO:root:accumulate return : 0.8887
INFO:root:accumulate return : 0.9617
INFO:root:accumulate return : 0.9224
INFO:root:accumulate return : 0.9348
INFO:root:accumulate return : 1.0684
INFO:root:accumulate return : 0.9145
INFO:root:accumulate return : 0.8047
INFO:root:accumulate return : 0.9203
INFO:root:accumulate return : 0.9915
INFO:root:accumulate return : 0.8589
INFO:root:accumulate return : 0.8837
INFO:root:accumulate return : 1.0331
INFO:root:accumulate return : 0.9651
INFO:root:accumulate return : 0.9286
INFO:root:accumulate return : 1.1565
INFO:root:accumulate return : 1.1006
INFO:root:accumulate return : 1.0505
INFO:root:accumulate return : 1.0021
INFO:root:accumulate return : 1.0469
INFO:root:accumulate return : 1.0703
INFO:root:accumulate return : 1.0133
INFO:root:accumulate return : 1.0427
INFO:root:accumulate return : 0.968
INFO:root:accumulate return : 1.0249
INFO:root:accumulate return : 1.0932
INFO:root:accumulate return : 1.1084
INFO:root:accumulate return : 0.976
INFO:root:accumulate return : 0.9077
INFO:root:accumulate return : 1.0437
INFO:root:accumulate return : 1.0951
INFO:root:accumulate return : 0.9699
INFO:root:accumulate return : 0.9794
INFO:root:accumulate return : 1.0021
INFO:root:accumulate return : 1.1046
INFO:root:accumulate return : 1.0968
INFO:root:accumulate return : 1.0982
INFO:root:accumulate return : 1.2053
INFO:root:accumulate return : 1.0626
INFO:root:accumulate return : 1.1602
INFO:root:accumulate return : 1.1059
INFO:root:accumulate return : 1.0923
INFO:root:accumulate return : 1.1102
INFO:root:accumulate return : 1.1512
INFO:root:accumulate return : 1.1505
INFO:root:accumulate return : 1.0079
INFO:root:accumulate return : 0.9657
INFO:root:accumulate return : 1.1283
INFO:root:accumulate return : 0.9776
INFO:root:accumulate return : 1.102
INFO:root:accumulate return : 1.0241
INFO:root:accumulate return : 1.0131
INFO:root:accumulate return : 1.057
INFO:root:accumulate return : 1.198
INFO:root:accumulate return : 1.1969
INFO:root:accumulate return : 1.0803
INFO:root:accumulate return : 1.2288
INFO:root:accumulate return : 1.0858
INFO:root:accumulate return : 1.0905
INFO:root:accumulate return : 1.2035
INFO:root:accumulate return : 1.1329
INFO:root:accumulate return : 1.1182
INFO:root:accumulate return : 1.1303
INFO:root:accumulate return : 1.1758
INFO:root:accumulate return : 1.0578
INFO:root:accumulate return : 1.1557
INFO:root:accumulate return : 1.1056
INFO:root:accumulate return : 1.0205
INFO:root:accumulate return : 1.0558
INFO:root:accumulate return : 0.9836
INFO:root:accumulate return : 1.1537
INFO:root:accumulate return : 1.1024
INFO:root:accumulate return : 1.0545
INFO:root:accumulate return : 1.0908
INFO:root:accumulate return : 1.1056
INFO:root:accumulate return : 1.0562
INFO:root:accumulate return : 1.1419
INFO:root:accumulate return : 1.1573
INFO:root:accumulate return : 1.1225
INFO:root:accumulate return : 1.1892
INFO:root:accumulate return : 1.2469
INFO:root:accumulate return : 1.1474
INFO:root:accumulate return : 1.1179
INFO:root:accumulate return : 1.187
INFO:root:accumulate return : 1.0924
INFO:root:accumulate return : 1.2889
INFO:root:accumulate return : 1.2153
INFO:root:accumulate return : 1.114
INFO:root:accumulate return : 1.1077
INFO:root:accumulate return : 1.1431
INFO:root:accumulate return : 1.0798
INFO:root:accumulate return : 1.2006
INFO:root:accumulate return : 1.2195
INFO:root:accumulate return : 1.2308
INFO:root:accumulate return : 1.1662
INFO:root:accumulate return : 1.1484
INFO:root:accumulate return : 1.2576
INFO:root:accumulate return : 1.3095
INFO:root:accumulate return : 1.1817
INFO:root:accumulate return : 1.154
INFO:root:accumulate return : 1.2237
INFO:root:accumulate return : 1.2296
INFO:root:accumulate return : 1.2886
INFO:root:accumulate return : 1.1959
INFO:root:accumulate return : 1.1931
INFO:root:accumulate return : 1.1116
INFO:root:accumulate return : 1.262
INFO:root:accumulate return : 1.1996
INFO:root:accumulate return : 1.3312
INFO:root:accumulate return : 1.3054
INFO:root:accumulate return : 1.0053
INFO:root:accumulate return : 1.29
INFO:root:accumulate return : 1.2201
INFO:root:accumulate return : 1.2312
INFO:root:accumulate return : 1.207
INFO:root:accumulate return : 1.3303
INFO:root:accumulate return : 1.2184
INFO:root:accumulate return : 1.3155
INFO:root:accumulate return : 1.3247
INFO:root:accumulate return : 1.3113
INFO:root:accumulate return : 1.3653
INFO:root:accumulate return : 1.2799
INFO:root:accumulate return : 1.1039
INFO:root:accumulate return : 1.1476
INFO:root:accumulate return : 1.3364
INFO:root:accumulate return : 1.2125
INFO:root:accumulate return : 1.324
INFO:root:accumulate return : 1.0013
INFO:root:accumulate return : 1.3016
INFO:root:accumulate return : 1.3144
INFO:root:accumulate return : 1.2486
INFO:root:accumulate return : 1.3113
INFO:root:accumulate return : 1.2877
INFO:root:accumulate return : 1.1357
INFO:root:accumulate return : 1.2379
INFO:root:accumulate return : 1.1627
INFO:root:accumulate return : 1.3455
INFO:root:accumulate return : 1.2855
INFO:root:accumulate return : 1.2967
INFO:root:accumulate return : 1.1635
INFO:root:accumulate return : 1.3201
INFO:root:accumulate return : 1.2272
INFO:root:accumulate return : 1.2476
INFO:root:accumulate return : 1.3332
INFO:root:accumulate return : 1.3233
INFO:root:accumulate return : 1.3971
INFO:root:accumulate return : 1.2741
INFO:root:accumulate return : 1.1465
INFO:root:accumulate return : 1.2958
INFO:root:accumulate return : 1.1705
INFO:root:accumulate return : 1.1282
INFO:root:accumulate return : 1.2295
INFO:root:accumulate return : 1.2999
INFO:root:accumulate return : 1.1231
INFO:root:accumulate return : 1.2279
INFO:root:accumulate return : 1.2849
INFO:root:accumulate return : 1.2934
INFO:root:accumulate return : 1.3971
INFO:root:accumulate return : 1.2293
INFO:root:accumulate return : 1.2683
INFO:root:accumulate return : 1.2588
INFO:root:accumulate return : 1.2792
INFO:root:accumulate return : 1.1491
INFO:root:accumulate return : 1.2932
INFO:root:accumulate return : 1.2092
INFO:root:accumulate return : 1.2439
INFO:root:accumulate return : 1.2817
INFO:root:accumulate return : 1.1428
INFO:root:accumulate return : 1.189
INFO:root:accumulate return : 1.3051
INFO:root:accumulate return : 1.1305
INFO:root:accumulate return : 1.1998
INFO:root:accumulate return : 1.2319
INFO:root:accumulate return : 1.1544
INFO:root:accumulate return : 1.1392
INFO:root:accumulate return : 1.2116
INFO:root:accumulate return : 1.2166
INFO:root:accumulate return : 1.3157
INFO:root:accumulate return : 1.257
INFO:root:accumulate return : 1.1943
INFO:root:accumulate return : 1.2266
INFO:root:accumulate return : 1.1799
INFO:root:accumulate return : 1.2921
INFO:root:accumulate return : 1.4129
INFO:root:accumulate return : 1.4076
INFO:root:accumulate return : 1.1139
INFO:root:accumulate return : 1.2843
INFO:root:accumulate return : 1.2851
INFO:root:accumulate return : 1.2409
INFO:root:accumulate return : 1.0733
INFO:root:accumulate return : 1.1873
INFO:root:accumulate return : 1.3259
INFO:root:accumulate return : 1.2048
INFO:root:accumulate return : 1.1724
INFO:root:accumulate return : 1.1516
INFO:root:accumulate return : 1.4498
INFO:root:accumulate return : 1.2373
INFO:root:accumulate return : 1.2109
INFO:root:accumulate return : 1.3227
INFO:root:accumulate return : 1.2965
INFO:root:accumulate return : 1.3606
INFO:root:accumulate return : 1.3007
INFO:root:accumulate return : 1.2158
INFO:root:accumulate return : 1.2077
INFO:root:accumulate return : 1.2586
INFO:root:accumulate return : 1.391
INFO:root:accumulate return : 1.1485
INFO:root:accumulate return : 1.2744
INFO:root:accumulate return : 1.3279
INFO:root:accumulate return : 1.2944
INFO:root:accumulate return : 1.2316
INFO:root:accumulate return : 1.2034
INFO:root:accumulate return : 1.2414
INFO:root:accumulate return : 1.1928
INFO:root:accumulate return : 1.3026
INFO:root:accumulate return : 1.2239
INFO:root:accumulate return : 1.2595
INFO:root:accumulate return : 1.2893
INFO:root:accumulate return : 1.3519
INFO:root:accumulate return : 1.3528
INFO:root:accumulate return : 1.3344
INFO:root:accumulate return : 1.333
INFO:root:accumulate return : 1.2681
INFO:root:accumulate return : 1.45
INFO:root:accumulate return : 1.3853
INFO:root:accumulate return : 1.298
INFO:root:accumulate return : 1.3449
INFO:root:accumulate return : 1.259
INFO:root:accumulate return : 1.3969
INFO:root:accumulate return : 1.3742
INFO:root:accumulate return : 1.2013
INFO:root:accumulate return : 1.2665
INFO:root:accumulate return : 1.2946
INFO:root:accumulate return : 1.437
INFO:root:accumulate return : 1.2723
INFO:root:accumulate return : 1.3569
INFO:root:accumulate return : 1.2156
INFO:root:accumulate return : 1.2953
INFO:root:accumulate return : 1.243
INFO:root:accumulate return : 1.3168
INFO:root:accumulate return : 1.3432
INFO:root:accumulate return : 1.3182
INFO:root:accumulate return : 1.1116
INFO:root:accumulate return : 1.2872
INFO:root:accumulate return : 1.2746
INFO:root:accumulate return : 1.3377
INFO:root:accumulate return : 1.1963
INFO:root:accumulate return : 1.447
INFO:root:accumulate return : 1.2659
INFO:root:accumulate return : 1.3689
INFO:root:accumulate return : 1.4308
INFO:root:accumulate return : 1.2715
INFO:root:accumulate return : 1.437
INFO:root:accumulate return : 1.4456
INFO:root:accumulate return : 1.2615
INFO:root:accumulate return : 1.316
INFO:root:accumulate return : 1.4097
INFO:root:accumulate return : 1.3901
INFO:root:accumulate return : 1.4569
INFO:root:accumulate return : 1.4746
INFO:root:accumulate return : 1.4597
INFO:root:accumulate return : 1.3532
INFO:root:accumulate return : 1.3758
INFO:root:accumulate return : 1.287
INFO:root:accumulate return : 1.2746
INFO:root:accumulate return : 1.2699
INFO:root:accumulate return : 1.4951
INFO:root:accumulate return : 1.4893
INFO:root:accumulate return : 1.3896
INFO:root:accumulate return : 1.5798
INFO:root:accumulate return : 1.5196
INFO:root:accumulate return : 1.4747
INFO:root:accumulate return : 1.5399
INFO:root:accumulate return : 1.5557
INFO:root:accumulate return : 1.5687
INFO:root:accumulate return : 1.3464
INFO:root:accumulate return : 1.5629
INFO:root:accumulate return : 1.4072
INFO:root:accumulate return : 1.6022
INFO:root:accumulate return : 1.6026
INFO:root:accumulate return : 1.4236
INFO:root:accumulate return : 1.5575
INFO:root:accumulate return : 1.4755
INFO:root:accumulate return : 1.5203
INFO:root:accumulate return : 1.5131
INFO:root:accumulate return : 1.4794
INFO:root:accumulate return : 1.5241
INFO:root:accumulate return : 1.4964
INFO:root:accumulate return : 1.4356
INFO:root:accumulate return : 1.3785
INFO:root:accumulate return : 1.5365
INFO:root:accumulate return : 1.3402
INFO:root:accumulate return : 1.5686
INFO:root:accumulate return : 1.393
INFO:root:accumulate return : 1.2806
INFO:root:accumulate return : 1.4746
INFO:root:accumulate return : 1.5045
INFO:root:accumulate return : 1.3974
INFO:root:accumulate return : 1.2667
INFO:root:accumulate return : 1.1961
INFO:root:accumulate return : 1.4005
INFO:root:accumulate return : 1.1715
INFO:root:accumulate return : 1.4306
INFO:root:accumulate return : 1.2528
INFO:root:accumulate return : 1.4877
INFO:root:accumulate return : 1.3378
INFO:root:accumulate return : 1.402
INFO:root:accumulate return : 1.4106
INFO:root:accumulate return : 1.3748
INFO:root:accumulate return : 1.3377
INFO:root:accumulate return : 1.4482
INFO:root:accumulate return : 1.3336
INFO:root:accumulate return : 1.3259
INFO:root:accumulate return : 1.4086
INFO:root:accumulate return : 1.4934
INFO:root:accumulate return : 1.3405
INFO:root:accumulate return : 1.4135
INFO:root:accumulate return : 1.5181
INFO:root:accumulate return : 1.6024
INFO:root:accumulate return : 1.5372
INFO:root:accumulate return : 1.2946
INFO:root:accumulate return : 1.5456
INFO:root:accumulate return : 1.4263
INFO:root:accumulate return : 1.5038
INFO:root:accumulate return : 1.4957
INFO:root:accumulate return : 1.3961
INFO:root:accumulate return : 1.5399
INFO:root:accumulate return : 1.5439
INFO:root:accumulate return : 1.5402
INFO:root:accumulate return : 1.4384
INFO:root:accumulate return : 1.6205
INFO:root:accumulate return : 1.4071
INFO:root:accumulate return : 1.5703
INFO:root:accumulate return : 1.5594
INFO:root:accumulate return : 1.6187
INFO:root:accumulate return : 1.4093
INFO:root:accumulate return : 1.6025
INFO:root:accumulate return : 1.6298
INFO:root:accumulate return : 1.5934
INFO:root:accumulate return : 1.6811
INFO:root:accumulate return : 1.7011
INFO:root:accumulate return : 1.4734
INFO:root:accumulate return : 1.4778
INFO:root:accumulate return : 1.5465
INFO:root:accumulate return : 1.6061
INFO:root:accumulate return : 1.4677
INFO:root:accumulate return : 1.6511
INFO:root:accumulate return : 1.6048
INFO:root:accumulate return : 1.5521
INFO:root:accumulate return : 1.6821
INFO:root:accumulate return : 1.481
INFO:root:accumulate return : 1.621
INFO:root:accumulate return : 1.6128
INFO:root:accumulate return : 1.5717
INFO:root:accumulate return : 1.6914
INFO:root:accumulate return : 1.7329
INFO:root:accumulate return : 1.5811
INFO:root:accumulate return : 1.7662
INFO:root:accumulate return : 1.5113
INFO:root:accumulate return : 1.7453
INFO:root:accumulate return : 1.7407
INFO:root:accumulate return : 1.6315
INFO:root:accumulate return : 1.5259
INFO:root:accumulate return : 1.6699
INFO:root:accumulate return : 1.5381
INFO:root:accumulate return : 1.5777
INFO:root:accumulate return : 1.5221
INFO:root:accumulate return : 1.6099
INFO:root:accumulate return : 1.6232
INFO:root:accumulate return : 1.6016
INFO:root:accumulate return : 1.6459
INFO:root:accumulate return : 1.6539
INFO:root:accumulate return : 1.4001
INFO:root:accumulate return : 1.609
INFO:root:accumulate return : 1.7249
INFO:root:accumulate return : 1.5538
INFO:root:accumulate return : 1.5935
INFO:root:accumulate return : 1.5725
INFO:root:accumulate return : 1.5452
INFO:root:accumulate return : 1.6077
INFO:root:accumulate return : 1.4902
INFO:root:accumulate return : 1.5599
INFO:root:accumulate return : 1.6166
INFO:root:accumulate return : 1.6443
INFO:root:accumulate return : 1.4693
INFO:root:accumulate return : 1.5287
INFO:root:accumulate return : 1.4349
INFO:root:accumulate return : 1.4734
INFO:root:accumulate return : 1.5816
INFO:root:accumulate return : 1.552
INFO:root:accumulate return : 1.5036
INFO:root:accumulate return : 1.4975
INFO:root:accumulate return : 1.5018
INFO:root:accumulate return : 1.6204
INFO:root:accumulate return : 1.6375
INFO:root:accumulate return : 1.6048
INFO:root:accumulate return : 1.6482
INFO:root:accumulate return : 1.5437
INFO:root:accumulate return : 1.5579
INFO:root:accumulate return : 1.5963
INFO:root:accumulate return : 1.674
INFO:root:accumulate return : 1.6779
INFO:root:accumulate return : 1.6478
INFO:root:accumulate return : 1.589
INFO:root:accumulate return : 1.5359
INFO:root:accumulate return : 1.6512
INFO:root:accumulate return : 1.4225
INFO:root:accumulate return : 1.5892
INFO:root:accumulate return : 1.5375
INFO:root:accumulate return : 1.5308
INFO:root:accumulate return : 1.3716
INFO:root:accumulate return : 1.6276
INFO:root:accumulate return : 1.5776
INFO:root:accumulate return : 1.5331
INFO:root:accumulate return : 1.6114
INFO:root:accumulate return : 1.6246
INFO:root:accumulate return : 1.4478
INFO:root:accumulate return : 1.4361
INFO:root:accumulate return : 1.5606
INFO:root:accumulate return : 1.5296
INFO:root:accumulate return : 1.5638
INFO:root:accumulate return : 1.4728
INFO:root:accumulate return : 1.6349
INFO:root:accumulate return : 1.5571
INFO:root:accumulate return : 1.5488
INFO:root:accumulate return : 1.4493
INFO:root:accumulate return : 1.3496
INFO:root:accumulate return : 1.4652
INFO:root:accumulate return : 1.581
INFO:root:accumulate return : 1.5718
INFO:root:accumulate return : 1.4819
INFO:root:accumulate return : 1.6171
INFO:root:accumulate return : 1.5831
INFO:root:accumulate return : 1.5061
INFO:root:accumulate return : 1.614
INFO:root:accumulate return : 1.5678
INFO:root:accumulate return : 1.5091
INFO:root:accumulate return : 1.5919
INFO:root:accumulate return : 1.5342
INFO:root:accumulate return : 1.5783
INFO:root:accumulate return : 1.4447
INFO:root:accumulate return : 1.4088
INFO:root:accumulate return : 1.4153
INFO:root:accumulate return : 1.528
INFO:root:accumulate return : 1.5166
INFO:root:accumulate return : 1.4431
INFO:root:accumulate return : 1.6485
INFO:root:accumulate return : 1.6488
INFO:root:accumulate return : 1.5592
INFO:root:accumulate return : 1.6445
INFO:root:accumulate return : 1.5508
INFO:root:accumulate return : 1.6761
INFO:root:accumulate return : 1.5336
INFO:root:accumulate return : 1.6256
INFO:root:accumulate return : 1.6425
INFO:root:accumulate return : 1.5857
INFO:root:accumulate return : 1.4849
INFO:root:accumulate return : 1.5555
INFO:root:accumulate return : 1.525
INFO:root:accumulate return : 1.5332
INFO:root:accumulate return : 1.6049
INFO:root:accumulate return : 1.6664
INFO:root:accumulate return : 1.4966
INFO:root:accumulate return : 1.497
INFO:root:accumulate return : 1.5571
INFO:root:accumulate return : 1.5787
INFO:root:accumulate return : 1.6327
INFO:root:accumulate return : 1.6927
INFO:root:accumulate return : 1.4835
INFO:root:accumulate return : 1.4978
INFO:root:accumulate return : 1.663
INFO:root:accumulate return : 1.5219
INFO:root:accumulate return : 1.6205
INFO:root:accumulate return : 1.5561
INFO:root:accumulate return : 1.749
INFO:root:accumulate return : 1.4748
INFO:root:accumulate return : 1.7138
INFO:root:accumulate return : 1.547
INFO:root:accumulate return : 1.7095
INFO:root:accumulate return : 1.6429
INFO:root:accumulate return : 1.5533
INFO:root:accumulate return : 1.6345
INFO:root:accumulate return : 1.7282
INFO:root:accumulate return : 1.5844
INFO:root:accumulate return : 1.6018
INFO:root:accumulate return : 1.4889
INFO:root:accumulate return : 1.5659
INFO:root:accumulate return : 1.453
INFO:root:accumulate return : 1.5087
INFO:root:accumulate return : 1.5698
INFO:root:accumulate return : 1.4889
INFO:root:accumulate return : 1.4925
INFO:root:accumulate return : 1.4984
INFO:root:accumulate return : 1.4985
INFO:root:accumulate return : 1.5717
INFO:root:accumulate return : 1.6132
INFO:root:accumulate return : 1.5998
INFO:root:accumulate return : 1.5117
INFO:root:accumulate return : 1.5104
INFO:root:accumulate return : 1.5998
INFO:root:accumulate return : 1.494
INFO:root:accumulate return : 1.372
INFO:root:accumulate return : 1.4888
INFO:root:accumulate return : 1.5311
INFO:root:accumulate return : 1.4416
INFO:root:accumulate return : 1.4585
INFO:root:accumulate return : 1.5564
INFO:root:accumulate return : 1.5637
INFO:root:accumulate return : 1.5805
INFO:root:accumulate return : 1.5739
INFO:root:accumulate return : 1.6004
INFO:root:accumulate return : 1.5805
INFO:root:accumulate return : 1.5917
INFO:root:accumulate return : 1.5117
INFO:root:accumulate return : 1.5875
INFO:root:accumulate return : 1.5849
INFO:root:accumulate return : 1.6797
INFO:root:accumulate return : 1.4178
INFO:root:accumulate return : 1.5178
INFO:root:accumulate return : 1.6383
INFO:root:accumulate return : 1.5336
INFO:root:accumulate return : 1.467
INFO:root:accumulate return : 1.6011
INFO:root:accumulate return : 1.5968
INFO:root:accumulate return : 1.48
INFO:root:accumulate return : 1.5191
INFO:root:accumulate return : 1.6833
INFO:root:accumulate return : 1.5735
INFO:root:accumulate return : 1.5983
INFO:root:accumulate return : 1.5394
INFO:root:accumulate return : 1.5732
INFO:root:accumulate return : 1.5938
INFO:root:accumulate return : 1.4431
INFO:root:accumulate return : 1.566
INFO:root:accumulate return : 1.4421
INFO:root:accumulate return : 1.5514
INFO:root:accumulate return : 1.6225
INFO:root:accumulate return : 1.7675
INFO:root:accumulate return : 1.6986
INFO:root:accumulate return : 1.6502
INFO:root:accumulate return : 1.5329
INFO:root:accumulate return : 1.5883
INFO:root:accumulate return : 1.6457
INFO:root:accumulate return : 1.4907
INFO:root:accumulate return : 1.6613
INFO:root:accumulate return : 1.6671
INFO:root:accumulate return : 1.6808
INFO:root:accumulate return : 1.5999
INFO:root:accumulate return : 1.5201
INFO:root:accumulate return : 1.5448
INFO:root:accumulate return : 1.4825
INFO:root:accumulate return : 1.6069
INFO:root:accumulate return : 1.562
INFO:root:accumulate return : 1.4952
INFO:root:accumulate return : 1.4967
INFO:root:accumulate return : 1.6504
INFO:root:accumulate return : 1.5174
INFO:root:accumulate return : 1.6643
INFO:root:accumulate return : 1.6904
INFO:root:accumulate return : 1.6444
INFO:root:accumulate return : 1.6425
INFO:root:accumulate return : 1.5439
INFO:root:accumulate return : 1.6536
INFO:root:accumulate return : 1.7386
INFO:root:accumulate return : 1.7124
INFO:root:accumulate return : 1.5804
INFO:root:accumulate return : 1.6598
INFO:root:accumulate return : 1.6691
INFO:root:accumulate return : 1.6529
INFO:root:accumulate return : 1.461
INFO:root:accumulate return : 1.5682
INFO:root:accumulate return : 1.6856
INFO:root:accumulate return : 1.5141
INFO:root:accumulate return : 1.5914
INFO:root:accumulate return : 1.537
INFO:root:accumulate return : 1.6258
INFO:root:accumulate return : 1.7386
INFO:root:accumulate return : 1.6699
INFO:root:accumulate return : 1.5357
INFO:root:accumulate return : 1.6127
INFO:root:accumulate return : 1.7079
INFO:root:accumulate return : 1.5708
INFO:root:accumulate return : 1.6606
INFO:root:accumulate return : 1.596
INFO:root:accumulate return : 1.6353
INFO:root:accumulate return : 1.5535
INFO:root:accumulate return : 1.7237
INFO:root:accumulate return : 1.6604
INFO:root:accumulate return : 1.6806
INFO:root:accumulate return : 1.7174
INFO:root:accumulate return : 1.6754
INFO:root:accumulate return : 1.755
INFO:root:accumulate return : 1.6168
INFO:root:accumulate return : 1.5247
INFO:root:accumulate return : 1.5389
INFO:root:accumulate return : 1.6202
INFO:root:accumulate return : 1.7202
INFO:root:accumulate return : 1.8244
INFO:root:accumulate return : 1.8087
INFO:root:accumulate return : 1.7312
INFO:root:accumulate return : 1.6386
INFO:root:accumulate return : 1.6958
INFO:root:accumulate return : 1.5328
INFO:root:accumulate return : 1.6346
INFO:root:accumulate return : 1.7
INFO:root:accumulate return : 1.4364
INFO:root:accumulate return : 1.6764
INFO:root:accumulate return : 1.751
INFO:root:accumulate return : 1.7945
INFO:root:accumulate return : 1.7346
INFO:root:accumulate return : 1.8174
INFO:root:accumulate return : 1.7451
INFO:root:accumulate return : 1.6824
INFO:root:accumulate return : 1.7485
INFO:root:accumulate return : 1.7177
INFO:root:accumulate return : 1.7074
INFO:root:accumulate return : 1.4688
INFO:root:accumulate return : 1.7343
INFO:root:accumulate return : 1.5757
INFO:root:accumulate return : 1.5317
INFO:root:accumulate return : 1.6862
INFO:root:accumulate return : 1.7092
INFO:root:accumulate return : 1.6711
INFO:root:accumulate return : 1.6856
INFO:root:accumulate return : 1.6675
INFO:root:accumulate return : 1.6136
INFO:root:accumulate return : 1.6886
INFO:root:accumulate return : 1.5577
INFO:root:accumulate return : 1.709
INFO:root:accumulate return : 1.717
INFO:root:accumulate return : 1.6851
INFO:root:accumulate return : 1.6716
INFO:root:accumulate return : 1.6509
INFO:root:accumulate return : 1.6773
INFO:root:accumulate return : 1.6381
INFO:root:accumulate return : 1.7788
INFO:root:accumulate return : 1.5636
INFO:root:accumulate return : 1.5309
INFO:root:accumulate return : 1.7493
INFO:root:accumulate return : 1.6822
INFO:root:accumulate return : 1.5661
INFO:root:accumulate return : 1.6817
INFO:root:accumulate return : 1.6929
INFO:root:accumulate return : 1.5219
INFO:root:accumulate return : 1.7487
INFO:root:accumulate return : 1.7484
INFO:root:accumulate return : 1.7823
INFO:root:accumulate return : 1.6597
INFO:root:accumulate return : 1.7308
INFO:root:accumulate return : 1.6286
INFO:root:accumulate return : 1.6942
INFO:root:accumulate return : 1.6421
INFO:root:accumulate return : 1.7093
INFO:root:accumulate return : 1.6696
INFO:root:accumulate return : 1.7505
INFO:root:accumulate return : 1.6785
INFO:root:accumulate return : 1.5608
INFO:root:accumulate return : 1.738
INFO:root:accumulate return : 1.6035
INFO:root:accumulate return : 1.7114
INFO:root:accumulate return : 1.8157
INFO:root:accumulate return : 1.5986
INFO:root:accumulate return : 1.7649
INFO:root:accumulate return : 1.787
INFO:root:accumulate return : 1.6799
INFO:root:accumulate return : 1.7261
INFO:root:accumulate return : 1.5693
INFO:root:accumulate return : 1.6052
INFO:root:accumulate return : 1.6269
INFO:root:accumulate return : 1.6173
INFO:root:accumulate return : 1.6605
INFO:root:accumulate return : 1.6726
INFO:root:accumulate return : 1.6419
INFO:root:accumulate return : 1.7235
INFO:root:accumulate return : 1.783
INFO:root:accumulate return : 1.6302
INFO:root:accumulate return : 1.6525
INFO:root:accumulate return : 1.5139
INFO:root:accumulate return : 1.5358
INFO:root:accumulate return : 1.7125
INFO:root:accumulate return : 1.5534
INFO:root:accumulate return : 1.7314
INFO:root:accumulate return : 1.6633
INFO:root:accumulate return : 1.7951
INFO:root:accumulate return : 1.6386
INFO:root:accumulate return : 1.6228
INFO:root:accumulate return : 1.6447
INFO:root:accumulate return : 1.6921
INFO:root:accumulate return : 1.5949
INFO:root:accumulate return : 1.6842
INFO:root:accumulate return : 1.6205
INFO:root:accumulate return : 1.6327
INFO:root:accumulate return : 1.6742
INFO:root:accumulate return : 1.6885
INFO:root:accumulate return : 1.7156
INFO:root:accumulate return : 1.7552
INFO:root:accumulate return : 1.6089
INFO:root:accumulate return : 1.7387
INFO:root:accumulate return : 1.5984
INFO:root:accumulate return : 1.5682
INFO:root:accumulate return : 1.6548
INFO:root:accumulate return : 1.5833
INFO:root:accumulate return : 1.6192
INFO:root:accumulate return : 1.5322
INFO:root:accumulate return : 1.5115
INFO:root:accumulate return : 1.6396
INFO:root:accumulate return : 1.5298
INFO:root:accumulate return : 1.541
INFO:root:accumulate return : 1.6113
INFO:root:accumulate return : 1.6106
INFO:root:accumulate return : 1.6333
INFO:root:accumulate return : 1.7172
INFO:root:accumulate return : 1.7552
INFO:root:accumulate return : 1.6491
INFO:root:accumulate return : 1.662
INFO:root:accumulate return : 1.6207
INFO:root:accumulate return : 1.6358
INFO:root:accumulate return : 1.7038
INFO:root:accumulate return : 1.6194
INFO:root:accumulate return : 1.4921
INFO:root:accumulate return : 1.6757
INFO:root:accumulate return : 1.7701
INFO:root:accumulate return : 1.7743
INFO:root:accumulate return : 1.7279
INFO:root:accumulate return : 1.695
INFO:root:accumulate return : 1.6888
INFO:root:accumulate return : 1.7176
INFO:root:accumulate return : 1.6784
INFO:root:accumulate return : 1.7311
INFO:root:accumulate return : 1.6578
INFO:root:accumulate return : 1.6769
INFO:root:accumulate return : 1.7926
INFO:root:accumulate return : 1.7303
INFO:root:accumulate return : 1.6547
INFO:root:accumulate return : 1.7266
INFO:root:accumulate return : 1.8032
INFO:root:accumulate return : 1.6721
INFO:root:accumulate return : 1.4959
INFO:root:accumulate return : 1.6559
INFO:root:accumulate return : 1.609
INFO:root:accumulate return : 1.6959
INFO:root:accumulate return : 1.6245
INFO:root:accumulate return : 1.6804
INFO:root:accumulate return : 1.5259
INFO:root:accumulate return : 1.7555
INFO:root:accumulate return : 1.6121
INFO:root:accumulate return : 1.4988
INFO:root:accumulate return : 1.6663
INFO:root:accumulate return : 1.731
INFO:root:accumulate return : 1.6607
INFO:root:accumulate return : 1.5856
INFO:root:accumulate return : 1.7069
INFO:root:accumulate return : 1.5734
INFO:root:accumulate return : 1.5684
INFO:root:accumulate return : 1.7849
INFO:root:accumulate return : 1.6143
INFO:root:accumulate return : 1.5451
INFO:root:accumulate return : 1.6471
INFO:root:accumulate return : 1.6435
INFO:root:accumulate return : 1.5332
INFO:root:accumulate return : 1.618
INFO:root:accumulate return : 1.6138
INFO:root:accumulate return : 1.7859
INFO:root:accumulate return : 1.4886
INFO:root:accumulate return : 1.4844
INFO:root:accumulate return : 1.6492
INFO:root:accumulate return : 1.6274
INFO:root:accumulate return : 1.7457
INFO:root:accumulate return : 1.7497
INFO:root:accumulate return : 1.6733
INFO:root:accumulate return : 1.6761
INFO:root:accumulate return : 1.6743
INFO:root:accumulate return : 1.6872
INFO:root:accumulate return : 1.5081
INFO:root:accumulate return : 1.8142
INFO:root:accumulate return : 1.7519
INFO:root:accumulate return : 1.6829
INFO:root:accumulate return : 1.7953
INFO:root:accumulate return : 1.6166
INFO:root:accumulate return : 1.7008
INFO:root:accumulate return : 1.7287
INFO:root:accumulate return : 1.6664
INFO:root:accumulate return : 1.6405
INFO:root:accumulate return : 1.5946
INFO:root:accumulate return : 1.6709
INFO:root:accumulate return : 1.7605
INFO:root:accumulate return : 1.7158
INFO:root:accumulate return : 1.5818
INFO:root:accumulate return : 1.4934
INFO:root:accumulate return : 1.714
INFO:root:accumulate return : 1.6187
INFO:root:accumulate return : 1.7248
INFO:root:accumulate return : 1.6108
INFO:root:accumulate return : 1.7074
INFO:root:accumulate return : 1.6824
INFO:root:accumulate return : 1.5924
INFO:root:accumulate return : 1.6599
INFO:root:accumulate return : 1.6053
INFO:root:accumulate return : 1.6929
INFO:root:accumulate return : 1.552
INFO:root:accumulate return : 1.6821
INFO:root:accumulate return : 1.5481
INFO:root:accumulate return : 1.5978
INFO:root:accumulate return : 1.7357
INFO:root:accumulate return : 1.5578
INFO:root:accumulate return : 1.7031
INFO:root:accumulate return : 1.5981
INFO:root:accumulate return : 1.6541
INFO:root:accumulate return : 1.6459
INFO:root:accumulate return : 1.5946
INFO:root:accumulate return : 1.5587
INFO:root:accumulate return : 1.4177
INFO:root:accumulate return : 1.6196
INFO:root:accumulate return : 1.4901
INFO:root:accumulate return : 1.6856
INFO:root:accumulate return : 1.6639
INFO:root:accumulate return : 1.521
INFO:root:accumulate return : 1.6627
INFO:root:accumulate return : 1.5901
INFO:root:accumulate return : 1.6702
INFO:root:accumulate return : 1.6149
INFO:root:accumulate return : 1.7221
INFO:root:accumulate return : 1.5839
INFO:root:accumulate return : 1.6898
INFO:root:accumulate return : 1.6533
INFO:root:accumulate return : 1.6518
INFO:root:accumulate return : 1.6836
INFO:root:accumulate return : 1.7685
INFO:root:accumulate return : 1.5937
INFO:root:accumulate return : 1.6569
INFO:root:accumulate return : 1.6428
INFO:root:accumulate return : 1.4993
INFO:root:accumulate return : 1.6206
INFO:root:accumulate return : 1.7466
INFO:root:accumulate return : 1.5742
INFO:root:accumulate return : 1.7635
INFO:root:accumulate return : 1.6725
INFO:root:accumulate return : 1.5379
INFO:root:accumulate return : 1.6081
INFO:root:accumulate return : 1.6366
INFO:root:accumulate return : 1.6667
INFO:root:accumulate return : 1.5643
INFO:root:accumulate return : 1.559
INFO:root:accumulate return : 1.7804
INFO:root:accumulate return : 1.7682
INFO:root:accumulate return : 1.7877
INFO:root:accumulate return : 1.6932
INFO:root:accumulate return : 1.7626
INFO:root:accumulate return : 1.7237
INFO:root:accumulate return : 1.6669
INFO:root:accumulate return : 1.7665
INFO:root:accumulate return : 1.7885
INFO:root:accumulate return : 1.7759
INFO:root:accumulate return : 1.7312
INFO:root:accumulate return : 1.6258
INFO:root:accumulate return : 1.6827
INFO:root:accumulate return : 1.801
INFO:root:accumulate return : 1.629
INFO:root:accumulate return : 1.5794
INFO:root:accumulate return : 1.6071
INFO:root:accumulate return : 1.7611
INFO:root:accumulate return : 1.761
INFO:root:accumulate return : 1.73
INFO:root:accumulate return : 1.609
INFO:root:accumulate return : 1.6649
INFO:root:accumulate return : 1.7529
INFO:root:accumulate return : 1.7337
INFO:root:accumulate return : 1.6466
INFO:root:accumulate return : 1.7361
INFO:root:accumulate return : 1.6679
INFO:root:accumulate return : 1.8366
INFO:root:accumulate return : 1.6438
INFO:root:accumulate return : 1.6671
INFO:root:accumulate return : 1.7488
INFO:root:accumulate return : 1.6725
INFO:root:accumulate return : 1.6315
INFO:root:accumulate return : 1.7978
INFO:root:accumulate return : 1.758
INFO:root:accumulate return : 1.6923
INFO:root:accumulate return : 1.463
INFO:root:accumulate return : 1.8133
INFO:root:accumulate return : 1.541
INFO:root:accumulate return : 1.5842
INFO:root:accumulate return : 1.7597
INFO:root:accumulate return : 1.7536
INFO:root:accumulate return : 1.7682
INFO:root:accumulate return : 1.8289
INFO:root:accumulate return : 1.7591
INFO:root:accumulate return : 1.8466
INFO:root:accumulate return : 1.8087
INFO:root:accumulate return : 1.7646
INFO:root:accumulate return : 1.7827
INFO:root:accumulate return : 1.6854
INFO:root:accumulate return : 1.7147
INFO:root:accumulate return : 1.9129
INFO:root:accumulate return : 1.6833
INFO:root:accumulate return : 1.712
INFO:root:accumulate return : 1.8392
INFO:root:accumulate return : 1.7816
INFO:root:accumulate return : 1.8162
INFO:root:accumulate return : 1.694
INFO:root:accumulate return : 1.7544
INFO:root:accumulate return : 1.5599
INFO:root:accumulate return : 1.6758
INFO:root:accumulate return : 1.8307
INFO:root:accumulate return : 1.8795
INFO:root:accumulate return : 1.7111
INFO:root:accumulate return : 1.8208
INFO:root:accumulate return : 1.7309
INFO:root:accumulate return : 1.7855
INFO:root:accumulate return : 1.7918
INFO:root:accumulate return : 1.7599
INFO:root:accumulate return : 1.6907
INFO:root:accumulate return : 1.7049
INFO:root:accumulate return : 1.7022
INFO:root:accumulate return : 1.6532
INFO:root:accumulate return : 1.8689
INFO:root:accumulate return : 1.9177
INFO:root:accumulate return : 1.9194
INFO:root:accumulate return : 1.7904
INFO:root:accumulate return : 1.6337
INFO:root:accumulate return : 1.6969
INFO:root:accumulate return : 1.6156
INFO:root:accumulate return : 1.869
INFO:root:accumulate return : 1.6552
INFO:root:accumulate return : 1.827
INFO:root:accumulate return : 1.5485
INFO:root:accumulate return : 1.8457
INFO:root:accumulate return : 1.7592
INFO:root:accumulate return : 1.6945
INFO:root:accumulate return : 1.6718
INFO:root:accumulate return : 1.6933
INFO:root:accumulate return : 1.5239
INFO:root:accumulate return : 1.7607
INFO:root:accumulate return : 1.6544
INFO:root:accumulate return : 1.7437
INFO:root:accumulate return : 1.7675
INFO:root:accumulate return : 1.5916
INFO:root:accumulate return : 1.8614
INFO:root:accumulate return : 1.5801
INFO:root:accumulate return : 1.5807
INFO:root:accumulate return : 1.7883
INFO:root:accumulate return : 1.6959
INFO:root:accumulate return : 1.7459
INFO:root:accumulate return : 1.7852
INFO:root:accumulate return : 1.7276
INFO:root:accumulate return : 1.6872
INFO:root:accumulate return : 1.6799
INFO:root:accumulate return : 1.7523
INFO:root:accumulate return : 1.7851
INFO:root:accumulate return : 1.6781
INFO:root:accumulate return : 1.6989
INFO:root:accumulate return : 1.7468
INFO:root:accumulate return : 1.6786
INFO:root:accumulate return : 1.6718
INFO:root:accumulate return : 1.8153
INFO:root:accumulate return : 1.7414
INFO:root:accumulate return : 1.6594
INFO:root:accumulate return : 1.8133
INFO:root:accumulate return : 1.821
INFO:root:accumulate return : 1.8625
INFO:root:accumulate return : 1.7751
INFO:root:accumulate return : 1.8687
INFO:root:accumulate return : 1.8359
INFO:root:accumulate return : 1.6327
INFO:root:accumulate return : 1.8486
INFO:root:accumulate return : 1.7357
INFO:root:accumulate return : 1.7663
INFO:root:accumulate return : 1.6206
INFO:root:accumulate return : 1.932
INFO:root:accumulate return : 1.8119
INFO:root:accumulate return : 1.6415
INFO:root:accumulate return : 1.7714
INFO:root:accumulate return : 1.7992
INFO:root:accumulate return : 1.9427
INFO:root:accumulate return : 1.7161
INFO:root:accumulate return : 1.7693
INFO:root:accumulate return : 1.7853
INFO:root:accumulate return : 1.7608
INFO:root:accumulate return : 1.7769
INFO:root:accumulate return : 1.8042
INFO:root:accumulate return : 1.6945
INFO:root:accumulate return : 1.7444
INFO:root:accumulate return : 1.6552
INFO:root:accumulate return : 1.7208
INFO:root:accumulate return : 1.8023
INFO:root:accumulate return : 1.7575
INFO:root:accumulate return : 1.8885
INFO:root:accumulate return : 1.6335
INFO:root:accumulate return : 1.8908
INFO:root:accumulate return : 1.8702
INFO:root:accumulate return : 1.7189
INFO:root:accumulate return : 1.8968
INFO:root:accumulate return : 1.7612
INFO:root:accumulate return : 1.834
INFO:root:accumulate return : 1.7813
INFO:root:accumulate return : 1.7529
INFO:root:accumulate return : 1.7433
INFO:root:accumulate return : 1.6785
INFO:root:accumulate return : 1.5959
INFO:root:accumulate return : 1.6729
INFO:root:accumulate return : 1.7782
INFO:root:accumulate return : 1.8455
INFO:root:accumulate return : 1.7119
INFO:root:accumulate return : 1.6981
INFO:root:accumulate return : 1.7686
INFO:root:accumulate return : 1.8659
INFO:root:accumulate return : 1.6484
INFO:root:accumulate return : 1.86
INFO:root:accumulate return : 1.7481
INFO:root:accumulate return : 1.7017
INFO:root:accumulate return : 1.8421
INFO:root:accumulate return : 1.7395
INFO:root:accumulate return : 1.8054
INFO:root:accumulate return : 1.7841
INFO:root:accumulate return : 1.7102
INFO:root:accumulate return : 1.7501
INFO:root:accumulate return : 1.7505
INFO:root:accumulate return : 1.639
INFO:root:accumulate return : 1.8608
INFO:root:accumulate return : 1.7275
INFO:root:accumulate return : 1.745
INFO:root:accumulate return : 1.8206
INFO:root:accumulate return : 1.7482
INFO:root:accumulate return : 1.4143
INFO:root:accumulate return : 1.6528
INFO:root:accumulate return : 1.6894
INFO:root:accumulate return : 1.7628
INFO:root:accumulate return : 1.6878
INFO:root:accumulate return : 1.6867
INFO:root:accumulate return : 1.6595
INFO:root:accumulate return : 1.6421
INFO:root:accumulate return : 1.7501
INFO:root:accumulate return : 1.6223
INFO:root:accumulate return : 1.6705
INFO:root:accumulate return : 1.5791
INFO:root:accumulate return : 1.69
INFO:root:accumulate return : 1.8057
INFO:root:accumulate return : 1.7095
INFO:root:accumulate return : 1.794
INFO:root:accumulate return : 1.7319
INFO:root:accumulate return : 1.6796
INFO:root:accumulate return : 1.8419
INFO:root:accumulate return : 1.7946
INFO:root:accumulate return : 1.792
INFO:root:accumulate return : 1.7174
INFO:root:accumulate return : 1.6636
INFO:root:accumulate return : 1.6221
INFO:root:accumulate return : 1.6259
INFO:root:accumulate return : 1.7508
INFO:root:accumulate return : 1.6772
INFO:root:accumulate return : 1.7454
INFO:root:accumulate return : 1.7339
INFO:root:accumulate return : 1.8218
INFO:root:accumulate return : 1.635
INFO:root:accumulate return : 1.7845
INFO:root:accumulate return : 1.896
INFO:root:accumulate return : 1.9145
INFO:root:accumulate return : 1.6636
INFO:root:accumulate return : 1.8086
INFO:root:accumulate return : 1.8144
INFO:root:accumulate return : 1.8063
INFO:root:accumulate return : 1.8576
INFO:root:accumulate return : 1.8323
INFO:root:accumulate return : 1.8185
INFO:root:accumulate return : 1.7226
INFO:root:accumulate return : 1.8726
INFO:root:accumulate return : 1.815
INFO:root:accumulate return : 1.7157
INFO:root:accumulate return : 1.719
INFO:root:accumulate return : 1.7098
INFO:root:accumulate return : 1.769
INFO:root:accumulate return : 1.759
INFO:root:accumulate return : 1.7707
INFO:root:accumulate return : 1.7612
INFO:root:accumulate return : 1.7463
INFO:root:accumulate return : 1.7484
INFO:root:accumulate return : 1.8414
INFO:root:accumulate return : 1.6777
INFO:root:accumulate return : 1.8898
INFO:root:accumulate return : 1.7127
INFO:root:accumulate return : 1.9019
INFO:root:accumulate return : 1.8292
INFO:root:accumulate return : 1.7838
INFO:root:accumulate return : 1.843
INFO:root:accumulate return : 1.8336
INFO:root:accumulate return : 1.7605
INFO:root:accumulate return : 1.8143
INFO:root:accumulate return : 1.8272
INFO:root:accumulate return : 1.7759
INFO:root:accumulate return : 1.8353
INFO:root:accumulate return : 1.7696
INFO:root:accumulate return : 1.8384
INFO:root:accumulate return : 1.835
INFO:root:accumulate return : 1.8186
INFO:root:accumulate return : 1.7593
INFO:root:accumulate return : 1.6528
INFO:root:accumulate return : 1.7737
INFO:root:accumulate return : 1.7206
INFO:root:accumulate return : 1.7298
INFO:root:accumulate return : 1.8568
INFO:root:accumulate return : 1.8341
INFO:root:accumulate return : 1.8545
INFO:root:accumulate return : 1.7394
INFO:root:accumulate return : 1.7619
INFO:root:accumulate return : 1.7088
INFO:root:accumulate return : 1.9495
INFO:root:accumulate return : 1.8027
INFO:root:accumulate return : 1.7281
INFO:root:accumulate return : 1.8646
INFO:root:accumulate return : 1.6148
INFO:root:accumulate return : 1.8403
INFO:root:accumulate return : 1.7823
INFO:root:accumulate return : 1.8937
INFO:root:accumulate return : 1.848
INFO:root:accumulate return : 1.7563
INFO:root:accumulate return : 1.8346
INFO:root:accumulate return : 1.7529
INFO:root:accumulate return : 1.8418
INFO:root:accumulate return : 1.8576
INFO:root:accumulate return : 1.848
INFO:root:accumulate return : 1.7664
INFO:root:accumulate return : 1.7739
INFO:root:accumulate return : 1.7884
INFO:root:accumulate return : 1.7941
INFO:root:accumulate return : 1.8254
INFO:root:accumulate return : 1.7472
INFO:root:accumulate return : 1.747
INFO:root:accumulate return : 1.7526
INFO:root:accumulate return : 1.8338
INFO:root:accumulate return : 1.787
INFO:root:accumulate return : 1.8914
INFO:root:accumulate return : 1.7412
INFO:root:accumulate return : 1.7348
INFO:root:accumulate return : 1.7464
INFO:root:accumulate return : 1.8019
INFO:root:accumulate return : 1.7295
INFO:root:accumulate return : 1.8448
INFO:root:accumulate return : 1.7849
INFO:root:accumulate return : 1.893
INFO:root:accumulate return : 1.7786
INFO:root:accumulate return : 1.5784
INFO:root:accumulate return : 1.9176
INFO:root:accumulate return : 1.6266
INFO:root:accumulate return : 1.7858
INFO:root:accumulate return : 1.7306
INFO:root:accumulate return : 1.8119
INFO:root:accumulate return : 1.8296
INFO:root:accumulate return : 1.849
INFO:root:accumulate return : 1.8045
INFO:root:accumulate return : 1.7233
INFO:root:accumulate return : 1.8362
INFO:root:accumulate return : 1.6431
INFO:root:accumulate return : 1.7559
INFO:root:accumulate return : 1.7367
INFO:root:accumulate return : 1.706
INFO:root:accumulate return : 1.8621
INFO:root:accumulate return : 1.7303
INFO:root:accumulate return : 1.8723
INFO:root:accumulate return : 1.8135
INFO:root:accumulate return : 1.7289
INFO:root:accumulate return : 1.9635
INFO:root:accumulate return : 1.7082
INFO:root:accumulate return : 1.8175
INFO:root:accumulate return : 1.9205
INFO:root:accumulate return : 1.7022
INFO:root:accumulate return : 1.7977
INFO:root:accumulate return : 1.7972
INFO:root:accumulate return : 1.8667
INFO:root:accumulate return : 1.8415
INFO:root:accumulate return : 1.8139
INFO:root:accumulate return : 1.6999
INFO:root:accumulate return : 1.8998
INFO:root:accumulate return : 1.7997
INFO:root:accumulate return : 1.901
INFO:root:accumulate return : 1.7126
INFO:root:accumulate return : 1.8404
INFO:root:accumulate return : 1.8045
INFO:root:accumulate return : 1.83
INFO:root:accumulate return : 1.784
INFO:root:accumulate return : 1.7862
INFO:root:accumulate return : 1.8093
INFO:root:accumulate return : 1.8358
INFO:root:accumulate return : 1.828
INFO:root:accumulate return : 1.8648
INFO:root:accumulate return : 1.9143
INFO:root:accumulate return : 1.9034
INFO:root:accumulate return : 1.778
INFO:root:accumulate return : 1.8525
INFO:root:accumulate return : 1.7202
INFO:root:accumulate return : 1.7455
INFO:root:accumulate return : 1.866
INFO:root:accumulate return : 1.7683
INFO:root:accumulate return : 1.7484
INFO:root:accumulate return : 1.6757
INFO:root:accumulate return : 1.8014
INFO:root:accumulate return : 1.8316
INFO:root:accumulate return : 1.7885
INFO:root:accumulate return : 1.6289
INFO:root:accumulate return : 1.9195
INFO:root:accumulate return : 1.8619
INFO:root:accumulate return : 1.809
INFO:root:accumulate return : 1.821
INFO:root:accumulate return : 1.8203
INFO:root:accumulate return : 1.7842
INFO:root:accumulate return : 1.7045
INFO:root:accumulate return : 1.6982
INFO:root:accumulate return : 1.8219
INFO:root:accumulate return : 1.7391
INFO:root:accumulate return : 1.7181
INFO:root:accumulate return : 1.6577
INFO:root:accumulate return : 1.6257
INFO:root:accumulate return : 1.6927
INFO:root:accumulate return : 1.5716
INFO:root:accumulate return : 1.6343
INFO:root:accumulate return : 1.8539
INFO:root:accumulate return : 1.653
INFO:root:accumulate return : 1.6892
INFO:root:accumulate return : 1.6202
INFO:root:accumulate return : 1.6966
INFO:root:accumulate return : 1.7555
INFO:root:accumulate return : 1.7197
INFO:root:accumulate return : 1.865
INFO:root:accumulate return : 1.6711
INFO:root:accumulate return : 1.769
INFO:root:accumulate return : 1.702
INFO:root:accumulate return : 1.7166
INFO:root:accumulate return : 1.6888
INFO:root:accumulate return : 1.8052
INFO:root:accumulate return : 1.8607
INFO:root:accumulate return : 1.8513
INFO:root:accumulate return : 1.7559
INFO:root:accumulate return : 1.9393
INFO:root:accumulate return : 1.7393
INFO:root:accumulate return : 1.8303
INFO:root:accumulate return : 1.8967
INFO:root:accumulate return : 1.8634
INFO:root:accumulate return : 1.9119
INFO:root:accumulate return : 1.6856
INFO:root:accumulate return : 1.7785
INFO:root:accumulate return : 1.7369
INFO:root:accumulate return : 1.735
INFO:root:accumulate return : 1.7334
INFO:root:accumulate return : 1.851
INFO:root:accumulate return : 1.7039
INFO:root:accumulate return : 1.7732
INFO:root:accumulate return : 1.7282
INFO:root:accumulate return : 1.6658
INFO:root:accumulate return : 1.6595
INFO:root:accumulate return : 1.733
INFO:root:accumulate return : 1.7782
INFO:root:accumulate return : 1.7062
INFO:root:accumulate return : 1.7703
INFO:root:accumulate return : 1.7262
INFO:root:accumulate return : 1.8712
INFO:root:accumulate return : 1.7195
INFO:root:accumulate return : 1.6439
INFO:root:accumulate return : 1.6365
INFO:root:accumulate return : 1.5512
INFO:root:accumulate return : 1.682
INFO:root:accumulate return : 1.5523
INFO:root:accumulate return : 1.6036
INFO:root:accumulate return : 1.5057
INFO:root:accumulate return : 1.5523
INFO:root:accumulate return : 1.6242
INFO:root:accumulate return : 1.5447
INFO:root:accumulate return : 1.7359
INFO:root:accumulate return : 1.7044
INFO:root:accumulate return : 1.7131
INFO:root:accumulate return : 1.6316
INFO:root:accumulate return : 1.7373
INFO:root:accumulate return : 1.6342
INFO:root:accumulate return : 1.6378
INFO:root:accumulate return : 1.7773
INFO:root:accumulate return : 1.7309
INFO:root:accumulate return : 1.6177
INFO:root:accumulate return : 1.7334
INFO:root:accumulate return : 1.7393
INFO:root:accumulate return : 1.7083
INFO:root:accumulate return : 1.739
INFO:root:accumulate return : 1.7944
INFO:root:accumulate return : 1.6295
INFO:root:accumulate return : 1.7617
INFO:root:accumulate return : 1.7505
INFO:root:accumulate return : 1.6349
INFO:root:accumulate return : 1.7717
INFO:root:accumulate return : 1.6337
INFO:root:accumulate return : 1.7386
INFO:root:accumulate return : 1.6902
INFO:root:accumulate return : 1.7689
INFO:root:accumulate return : 1.7476
INFO:root:accumulate return : 1.745
INFO:root:accumulate return : 1.7568
INFO:root:accumulate return : 1.6732
INFO:root:accumulate return : 1.7285
INFO:root:accumulate return : 1.7759
INFO:root:accumulate return : 1.6847
INFO:root:accumulate return : 1.7408
INFO:root:accumulate return : 1.7081
INFO:root:accumulate return : 1.7112
INFO:root:accumulate return : 1.7698
INFO:root:accumulate return : 1.6351
INFO:root:accumulate return : 1.8081
INFO:root:accumulate return : 1.5663
INFO:root:accumulate return : 1.7149
INFO:root:accumulate return : 1.7004
INFO:root:accumulate return : 1.7585
INFO:root:accumulate return : 1.6735
INFO:root:accumulate return : 1.7594
INFO:root:accumulate return : 1.5732
INFO:root:accumulate return : 1.4899
INFO:root:accumulate return : 1.7116
INFO:root:accumulate return : 1.6022
INFO:root:accumulate return : 1.7717
INFO:root:accumulate return : 1.7335
INFO:root:accumulate return : 1.6927
INFO:root:accumulate return : 1.7809
INFO:root:accumulate return : 1.7415
INFO:root:accumulate return : 1.719
INFO:root:accumulate return : 1.8258
INFO:root:accumulate return : 1.7068
INFO:root:accumulate return : 1.7362
INFO:root:accumulate return : 1.8088
INFO:root:accumulate return : 1.8012
INFO:root:accumulate return : 1.6668
INFO:root:accumulate return : 1.6224
INFO:root:accumulate return : 1.833
INFO:root:accumulate return : 1.7933
INFO:root:accumulate return : 1.7558
INFO:root:accumulate return : 1.7958
INFO:root:accumulate return : 1.8557
INFO:root:accumulate return : 1.8969
INFO:root:accumulate return : 1.8159
INFO:root:accumulate return : 1.6721
INFO:root:accumulate return : 1.798
INFO:root:accumulate return : 1.7937
INFO:root:accumulate return : 1.8192
INFO:root:accumulate return : 1.7908
INFO:root:accumulate return : 1.7906
INFO:root:accumulate return : 1.8447
INFO:root:accumulate return : 1.7877
INFO:root:accumulate return : 1.8803
INFO:root:accumulate return : 1.9069
INFO:root:accumulate return : 1.775
INFO:root:accumulate return : 1.7035
INFO:root:accumulate return : 1.739
INFO:root:accumulate return : 1.8776
INFO:root:accumulate return : 1.9054
INFO:root:accumulate return : 1.7195
INFO:root:accumulate return : 1.8518
INFO:root:accumulate return : 1.7819
INFO:root:accumulate return : 1.7653
INFO:root:accumulate return : 1.6682
INFO:root:accumulate return : 1.7103
INFO:root:accumulate return : 1.8682
INFO:root:accumulate return : 1.8919
INFO:root:accumulate return : 1.8248
INFO:root:accumulate return : 1.8035
INFO:root:accumulate return : 1.7808
INFO:root:accumulate return : 1.808
INFO:root:accumulate return : 1.8475
INFO:root:accumulate return : 1.8764
INFO:root:accumulate return : 1.8876
INFO:root:accumulate return : 1.9012
INFO:root:accumulate return : 1.6939
INFO:root:accumulate return : 1.7623
INFO:root:accumulate return : 1.9637
INFO:root:accumulate return : 1.8651
INFO:root:accumulate return : 1.8469
INFO:root:accumulate return : 1.8914
INFO:root:accumulate return : 1.8992
INFO:root:accumulate return : 1.7285
INFO:root:accumulate return : 1.8289
INFO:root:accumulate return : 1.8627
INFO:root:accumulate return : 1.9204
INFO:root:accumulate return : 1.7046
INFO:root:accumulate return : 1.8021
INFO:root:accumulate return : 1.9189
INFO:root:accumulate return : 1.7281
INFO:root:accumulate return : 1.8185
INFO:root:accumulate return : 1.8032
INFO:root:accumulate return : 1.901
INFO:root:accumulate return : 1.876
INFO:root:accumulate return : 1.901
INFO:root:accumulate return : 1.8753
INFO:root:accumulate return : 1.8249
INFO:root:accumulate return : 1.7275
INFO:root:accumulate return : 1.7674
INFO:root:accumulate return : 1.8895
INFO:root:accumulate return : 1.8231
INFO:root:accumulate return : 1.8203
INFO:root:accumulate return : 1.7873
INFO:root:accumulate return : 1.8139
INFO:root:accumulate return : 1.7099
INFO:root:accumulate return : 1.8281
INFO:root:accumulate return : 1.7221
INFO:root:accumulate return : 1.8239
INFO:root:accumulate return : 1.9165
INFO:root:accumulate return : 1.7119
INFO:root:accumulate return : 1.8274
INFO:root:accumulate return : 1.6952
INFO:root:accumulate return : 1.8167
INFO:root:accumulate return : 1.7587
INFO:root:accumulate return : 1.6968
INFO:root:accumulate return : 1.8971
INFO:root:accumulate return : 1.8241
INFO:root:accumulate return : 1.9118
INFO:root:accumulate return : 1.6375
INFO:root:accumulate return : 1.8341
INFO:root:accumulate return : 1.7849
INFO:root:accumulate return : 1.8442
INFO:root:accumulate return : 1.9062
INFO:root:accumulate return : 1.8459
INFO:root:accumulate return : 1.8001
INFO:root:accumulate return : 1.8077
INFO:root:accumulate return : 1.9128
INFO:root:accumulate return : 1.8728
INFO:root:accumulate return : 1.6854
INFO:root:accumulate return : 1.9177
INFO:root:accumulate return : 1.7242
INFO:root:accumulate return : 1.7365
INFO:root:accumulate return : 1.7983
INFO:root:accumulate return : 1.7652
INFO:root:accumulate return : 1.7919
INFO:root:accumulate return : 1.7459
INFO:root:accumulate return : 1.8399
INFO:root:accumulate return : 1.8468
INFO:root:accumulate return : 1.8186
INFO:root:accumulate return : 1.7969
INFO:root:accumulate return : 1.8337
INFO:root:accumulate return : 1.789
INFO:root:accumulate return : 1.8163
INFO:root:accumulate return : 1.8885
INFO:root:accumulate return : 1.862
INFO:root:accumulate return : 1.799
INFO:root:accumulate return : 1.8124
INFO:root:accumulate return : 1.6464
INFO:root:accumulate return : 1.7837
INFO:root:accumulate return : 1.8497
INFO:root:accumulate return : 1.8961
INFO:root:accumulate return : 1.789
INFO:root:accumulate return : 1.7643
INFO:root:accumulate return : 1.8391
INFO:root:accumulate return : 1.6443
INFO:root:accumulate return : 1.8577
INFO:root:accumulate return : 1.7959
INFO:root:accumulate return : 1.8655
INFO:root:accumulate return : 1.7416
INFO:root:accumulate return : 1.8238
INFO:root:accumulate return : 1.72
INFO:root:accumulate return : 1.7411
INFO:root:accumulate return : 1.7552
INFO:root:accumulate return : 1.8393
INFO:root:accumulate return : 1.8969
INFO:root:accumulate return : 1.8769
INFO:root:accumulate return : 1.8045
INFO:root:accumulate return : 1.8135
INFO:root:accumulate return : 1.7676
INFO:root:accumulate return : 1.7909
INFO:root:accumulate return : 1.8215
INFO:root:accumulate return : 1.784
INFO:root:accumulate return : 1.7924
INFO:root:accumulate return : 1.7998
INFO:root:accumulate return : 1.8246
INFO:root:accumulate return : 1.7971
INFO:root:accumulate return : 1.8187
INFO:root:accumulate return : 1.8862
INFO:root:accumulate return : 1.9203
INFO:root:accumulate return : 1.8585
INFO:root:accumulate return : 1.8234
INFO:root:accumulate return : 1.8807
INFO:root:accumulate return : 1.7672
INFO:root:accumulate return : 1.6498
INFO:root:accumulate return : 1.7477
INFO:root:accumulate return : 1.771
INFO:root:accumulate return : 1.7622
INFO:root:accumulate return : 1.7889
INFO:root:accumulate return : 1.7288
INFO:root:accumulate return : 1.8572
INFO:root:accumulate return : 1.7992
INFO:root:accumulate return : 1.7517
INFO:root:accumulate return : 1.8104
INFO:root:accumulate return : 1.794
INFO:root:accumulate return : 1.9396
INFO:root:accumulate return : 1.7436
INFO:root:accumulate return : 1.7189
INFO:root:accumulate return : 1.9465
INFO:root:accumulate return : 1.9515
INFO:root:accumulate return : 1.8302
INFO:root:accumulate return : 1.6237
INFO:root:accumulate return : 1.6159
INFO:root:accumulate return : 1.8688
INFO:root:accumulate return : 1.9058
INFO:root:accumulate return : 1.8565
INFO:root:accumulate return : 1.7501
INFO:root:accumulate return : 1.8816
INFO:root:accumulate return : 1.7936
INFO:root:accumulate return : 1.8123
INFO:root:accumulate return : 1.8428
INFO:root:accumulate return : 1.6587
INFO:root:accumulate return : 1.7817
INFO:root:accumulate return : 1.7096
INFO:root:accumulate return : 1.7658
INFO:root:accumulate return : 1.7904
INFO:root:accumulate return : 1.6912
INFO:root:accumulate return : 1.7221
INFO:root:accumulate return : 1.7816
INFO:root:accumulate return : 1.7119
INFO:root:accumulate return : 1.7768
INFO:root:accumulate return : 1.763
INFO:root:accumulate return : 1.739
INFO:root:accumulate return : 1.7227
INFO:root:accumulate return : 1.6497
INFO:root:accumulate return : 1.7221
INFO:root:accumulate return : 1.8028
INFO:root:accumulate return : 1.7267
INFO:root:accumulate return : 1.9074
INFO:root:accumulate return : 1.8804
INFO:root:accumulate return : 1.7901
INFO:root:accumulate return : 1.9556
INFO:root:accumulate return : 1.841
INFO:root:accumulate return : 1.8647
INFO:root:accumulate return : 1.9975
INFO:root:accumulate return : 1.8837
INFO:root:accumulate return : 1.8336
INFO:root:accumulate return : 1.8277
INFO:root:accumulate return : 1.9557
INFO:root:accumulate return : 1.7294
INFO:root:accumulate return : 1.7991
INFO:root:accumulate return : 1.9044
INFO:root:accumulate return : 1.8875
INFO:root:accumulate return : 1.9455
INFO:root:accumulate return : 1.8866
INFO:root:accumulate return : 1.8953
INFO:root:accumulate return : 1.8619
INFO:root:accumulate return : 1.8146
INFO:root:accumulate return : 1.8115
INFO:root:accumulate return : 1.7454
INFO:root:accumulate return : 1.7095
INFO:root:accumulate return : 1.7558
INFO:root:accumulate return : 1.7886
INFO:root:accumulate return : 1.7665
INFO:root:accumulate return : 1.6836
INFO:root:accumulate return : 1.8336
INFO:root:accumulate return : 1.7519
INFO:root:accumulate return : 1.8834
INFO:root:accumulate return : 1.8584
INFO:root:accumulate return : 1.8253
INFO:root:accumulate return : 1.8044
INFO:root:accumulate return : 1.7071
INFO:root:accumulate return : 1.8919
INFO:root:accumulate return : 1.8546
INFO:root:accumulate return : 1.9262
INFO:root:accumulate return : 1.8754
INFO:root:accumulate return : 1.7266
INFO:root:accumulate return : 1.9053
INFO:root:accumulate return : 1.7426
INFO:root:accumulate return : 1.8078
INFO:root:accumulate return : 1.7909
INFO:root:accumulate return : 1.8139
INFO:root:accumulate return : 1.9489
INFO:root:accumulate return : 1.8767
INFO:root:accumulate return : 1.686
INFO:root:accumulate return : 1.8187
INFO:root:accumulate return : 1.7357
INFO:root:accumulate return : 1.8693
INFO:root:accumulate return : 1.8585
INFO:root:accumulate return : 1.8013
INFO:root:accumulate return : 1.7345
INFO:root:accumulate return : 1.8012
INFO:root:accumulate return : 1.7501
INFO:root:accumulate return : 1.79
INFO:root:accumulate return : 1.801
INFO:root:accumulate return : 1.7651
INFO:root:accumulate return : 1.7902
INFO:root:accumulate return : 1.7541
INFO:root:accumulate return : 1.9318
INFO:root:accumulate return : 1.7474
INFO:root:accumulate return : 1.8062
INFO:root:accumulate return : 1.8704
INFO:root:accumulate return : 1.8573
INFO:root:accumulate return : 1.8608
INFO:root:accumulate return : 1.9333
INFO:root:accumulate return : 1.9021
INFO:root:accumulate return : 1.9786
INFO:root:accumulate return : 1.8714
INFO:root:accumulate return : 1.8761
INFO:root:accumulate return : 1.629
INFO:root:accumulate return : 1.9622
INFO:root:accumulate return : 1.7776
INFO:root:accumulate return : 1.6743
INFO:root:accumulate return : 1.7766
INFO:root:accumulate return : 1.7661
INFO:root:accumulate return : 1.8757
INFO:root:accumulate return : 1.8033
INFO:root:accumulate return : 1.7985
INFO:root:accumulate return : 1.7745
INFO:root:accumulate return : 1.7758
INFO:root:accumulate return : 1.6512
INFO:root:accumulate return : 1.7914
INFO:root:accumulate return : 1.7139
INFO:root:accumulate return : 1.765
INFO:root:accumulate return : 1.7557
INFO:root:accumulate return : 1.8513
INFO:root:accumulate return : 1.7695
INFO:root:accumulate return : 1.731
INFO:root:accumulate return : 1.7569
INFO:root:accumulate return : 1.6274
INFO:root:accumulate return : 1.819
INFO:root:accumulate return : 1.6106
INFO:root:accumulate return : 1.7268
INFO:root:accumulate return : 1.7497
INFO:root:accumulate return : 1.6428
INFO:root:accumulate return : 1.7969
INFO:root:accumulate return : 1.8455
INFO:root:accumulate return : 1.6787
INFO:root:accumulate return : 1.7824
INFO:root:accumulate return : 1.7584
INFO:root:accumulate return : 1.6681
INFO:root:accumulate return : 1.6338
INFO:root:accumulate return : 1.7923
INFO:root:accumulate return : 1.6578
INFO:root:accumulate return : 1.6822
INFO:root:accumulate return : 1.6713
INFO:root:accumulate return : 1.6587
INFO:root:accumulate return : 1.7007
INFO:root:accumulate return : 1.7276
INFO:root:accumulate return : 1.76
INFO:root:accumulate return : 1.7413
INFO:root:accumulate return : 1.7105
INFO:root:accumulate return : 1.6468
INFO:root:accumulate return : 1.8049
INFO:root:accumulate return : 1.7127
INFO:root:accumulate return : 1.6239
INFO:root:accumulate return : 1.7585
INFO:root:accumulate return : 1.8073
INFO:root:accumulate return : 1.5107
INFO:root:accumulate return : 1.7883
INFO:root:accumulate return : 1.7001
INFO:root:accumulate return : 1.7514
INFO:root:accumulate return : 1.5959
INFO:root:accumulate return : 1.6864
INFO:root:accumulate return : 1.6022
INFO:root:accumulate return : 1.6528
INFO:root:accumulate return : 1.5781
INFO:root:accumulate return : 1.5917
INFO:root:accumulate return : 1.6506
INFO:root:accumulate return : 1.6367
INFO:root:accumulate return : 1.6693
INFO:root:accumulate return : 1.6407
INFO:root:accumulate return : 1.7246
INFO:root:accumulate return : 1.7457
INFO:root:accumulate return : 1.6906
INFO:root:accumulate return : 1.6574
INFO:root:accumulate return : 1.6492
INFO:root:accumulate return : 1.6471
INFO:root:accumulate return : 1.6804
INFO:root:accumulate return : 1.8345
INFO:root:accumulate return : 1.6662
INFO:root:accumulate return : 1.7361
INFO:root:accumulate return : 1.7527
INFO:root:accumulate return : 1.6154
INFO:root:accumulate return : 1.7829
INFO:root:accumulate return : 1.534
INFO:root:accumulate return : 1.6529
INFO:root:accumulate return : 1.7861
INFO:root:accumulate return : 1.5973
INFO:root:accumulate return : 1.6725
INFO:root:accumulate return : 1.712
INFO:root:accumulate return : 1.5725
INFO:root:accumulate return : 1.6222
INFO:root:accumulate return : 1.7465
INFO:root:accumulate return : 1.7513
INFO:root:accumulate return : 1.6899
INFO:root:accumulate return : 1.7594
INFO:root:accumulate return : 1.77
INFO:root:accumulate return : 1.7463
INFO:root:accumulate return : 1.7498
INFO:root:accumulate return : 1.6148
INFO:root:accumulate return : 1.7076
INFO:root:accumulate return : 1.7576
INFO:root:accumulate return : 1.802
INFO:root:accumulate return : 1.7002
INFO:root:accumulate return : 1.8864
INFO:root:accumulate return : 1.7394
INFO:root:accumulate return : 1.77
INFO:root:accumulate return : 1.6584
INFO:root:accumulate return : 1.7761
INFO:root:accumulate return : 1.6625
INFO:root:accumulate return : 1.7488
INFO:root:accumulate return : 1.6884
INFO:root:accumulate return : 1.6464
INFO:root:accumulate return : 1.6358
INFO:root:accumulate return : 1.8206
INFO:root:accumulate return : 1.6235
INFO:root:accumulate return : 1.7697
INFO:root:accumulate return : 1.7911
INFO:root:accumulate return : 1.6547
INFO:root:accumulate return : 1.6546
INFO:root:accumulate return : 1.6853
INFO:root:accumulate return : 1.732
INFO:root:accumulate return : 1.7104
INFO:root:accumulate return : 1.7056
INFO:root:accumulate return : 1.6781
INFO:root:accumulate return : 1.712
INFO:root:accumulate return : 1.7281
INFO:root:accumulate return : 1.7313
INFO:root:accumulate return : 1.7714
INFO:root:accumulate return : 1.6063
INFO:root:accumulate return : 1.6264
INFO:root:accumulate return : 1.5751
INFO:root:accumulate return : 1.6973
INFO:root:accumulate return : 1.8101
INFO:root:accumulate return : 1.6914
INFO:root:accumulate return : 1.838
INFO:root:accumulate return : 1.8321
INFO:root:accumulate return : 1.6684
INFO:root:accumulate return : 1.8125
INFO:root:accumulate return : 1.7506
INFO:root:accumulate return : 1.6673
INFO:root:accumulate return : 1.7873
INFO:root:accumulate return : 1.6798
INFO:root:accumulate return : 1.6004
INFO:root:accumulate return : 1.6518
INFO:root:accumulate return : 1.8142
INFO:root:accumulate return : 1.6696
INFO:root:accumulate return : 1.7091
INFO:root:accumulate return : 1.737
INFO:root:accumulate return : 1.8973
INFO:root:accumulate return : 1.898
INFO:root:accumulate return : 1.7355
INFO:root:accumulate return : 1.6826
INFO:root:accumulate return : 1.7239
INFO:root:accumulate return : 1.6856
INFO:root:accumulate return : 1.8464
INFO:root:accumulate return : 1.6462
INFO:root:accumulate return : 1.6097
INFO:root:accumulate return : 1.6676
INFO:root:accumulate return : 1.5272
INFO:root:accumulate return : 1.7358
INFO:root:accumulate return : 1.6023
INFO:root:accumulate return : 1.6614
INFO:root:accumulate return : 1.5998
INFO:root:accumulate return : 1.5782
INFO:root:accumulate return : 1.7244
INFO:root:accumulate return : 1.4948
INFO:root:accumulate return : 1.5028
INFO:root:accumulate return : 1.6346
INFO:root:accumulate return : 1.6949
INFO:root:accumulate return : 1.595
INFO:root:accumulate return : 1.5878
INFO:root:accumulate return : 1.5888
INFO:root:accumulate return : 1.4748
INFO:root:accumulate return : 1.5874
INFO:root:accumulate return : 1.4146
INFO:root:accumulate return : 1.5653
INFO:root:accumulate return : 1.6416
INFO:root:accumulate return : 1.5646
INFO:root:accumulate return : 1.5185
INFO:root:accumulate return : 1.5145
INFO:root:accumulate return : 1.6061
INFO:root:accumulate return : 1.6638
INFO:root:accumulate return : 1.4807
INFO:root:accumulate return : 1.4581
INFO:root:accumulate return : 1.5451
INFO:root:accumulate return : 1.6203
INFO:root:accumulate return : 1.7605
INFO:root:accumulate return : 1.747
INFO:root:accumulate return : 1.5387
INFO:root:accumulate return : 1.7652
INFO:root:accumulate return : 1.7425
INFO:root:accumulate return : 1.6114
INFO:root:accumulate return : 1.7095
INFO:root:accumulate return : 1.7884
INFO:root:accumulate return : 1.6927
INFO:root:accumulate return : 1.6485
INFO:root:accumulate return : 1.6256
INFO:root:accumulate return : 1.6832
INFO:root:accumulate return : 1.5275
INFO:root:accumulate return : 1.5528
INFO:root:accumulate return : 1.6248
INFO:root:accumulate return : 1.5141
INFO:root:accumulate return : 1.4479
INFO:root:accumulate return : 1.5155
INFO:root:accumulate return : 1.5047
INFO:root:accumulate return : 1.6801
INFO:root:accumulate return : 1.6456
INFO:root:accumulate return : 1.6225
INFO:root:accumulate return : 1.6076
INFO:root:accumulate return : 1.6597
INFO:root:accumulate return : 1.5327
INFO:root:accumulate return : 1.6063
INFO:root:accumulate return : 1.6326
INFO:root:accumulate return : 1.5783
INFO:root:accumulate return : 1.5798
INFO:root:accumulate return : 1.5663
INFO:root:accumulate return : 1.4726
INFO:root:accumulate return : 1.6861
INFO:root:accumulate return : 1.4917
INFO:root:accumulate return : 1.5926
INFO:root:accumulate return : 1.5372
INFO:root:accumulate return : 1.6378
INFO:root:accumulate return : 1.6449
INFO:root:accumulate return : 1.6795
INFO:root:accumulate return : 1.6515
INFO:root:accumulate return : 1.6381
INFO:root:accumulate return : 1.5591
INFO:root:accumulate return : 1.7146
INFO:root:accumulate return : 1.6693
INFO:root:accumulate return : 1.5648
INFO:root:accumulate return : 1.4597
INFO:root:accumulate return : 1.7186
INFO:root:accumulate return : 1.6509
INFO:root:accumulate return : 1.5258
INFO:root:accumulate return : 1.692
INFO:root:accumulate return : 1.6585
INFO:root:accumulate return : 1.77
INFO:root:accumulate return : 1.6948
INFO:root:accumulate return : 1.4528
INFO:root:accumulate return : 1.7374
INFO:root:accumulate return : 1.5539
INFO:root:accumulate return : 1.7307
INFO:root:accumulate return : 1.6118
INFO:root:accumulate return : 1.6776
INFO:root:accumulate return : 1.6291
INFO:root:accumulate return : 1.6902
INFO:root:accumulate return : 1.8369
INFO:root:accumulate return : 1.7295
INFO:root:accumulate return : 1.6212
INFO:root:accumulate return : 1.7755
INFO:root:accumulate return : 1.7944
INFO:root:accumulate return : 1.8369
INFO:root:accumulate return : 1.7093
INFO:root:accumulate return : 1.6911
INFO:root:accumulate return : 1.6349
INFO:root:accumulate return : 1.7996
INFO:root:accumulate return : 1.7128
INFO:root:accumulate return : 1.9136
INFO:root:accumulate return : 1.7035
INFO:root:accumulate return : 1.794
INFO:root:accumulate return : 1.8372
INFO:root:accumulate return : 1.8171
INFO:root:accumulate return : 1.7464
INFO:root:accumulate return : 1.8457
INFO:root:accumulate return : 1.7987
INFO:root:accumulate return : 1.6898
INFO:root:accumulate return : 1.7571
INFO:root:accumulate return : 1.7249
INFO:root:accumulate return : 1.8307
INFO:root:accumulate return : 1.8689
INFO:root:accumulate return : 1.6956
INFO:root:accumulate return : 1.8428
INFO:root:accumulate return : 1.8403
INFO:root:accumulate return : 1.7809
INFO:root:accumulate return : 1.7866
INFO:root:accumulate return : 1.8157
INFO:root:accumulate return : 1.7391
INFO:root:accumulate return : 1.7891
INFO:root:accumulate return : 1.7992
INFO:root:accumulate return : 1.8015
INFO:root:accumulate return : 1.6768
INFO:root:accumulate return : 1.8545
INFO:root:accumulate return : 1.8084
INFO:root:accumulate return : 1.7842
INFO:root:accumulate return : 1.761
INFO:root:accumulate return : 1.8268
INFO:root:accumulate return : 1.7877
INFO:root:accumulate return : 1.8094
INFO:root:accumulate return : 1.817
INFO:root:accumulate return : 1.8727
INFO:root:accumulate return : 1.6859
INFO:root:accumulate return : 1.7949
INFO:root:accumulate return : 1.835
INFO:root:accumulate return : 1.7626
INFO:root:accumulate return : 1.7634
INFO:root:accumulate return : 1.783
INFO:root:Processing time : 1.4125 hours
