INFO:root:Version : 6
INFO:root:Time start : 2016-05-30-04-05-01
INFO:root:Input data :GBPUSD240.csv
INFO:root:Parameter setting :
INFO:root:epsilon = 0.1
INFO:root:transaction_cost = 0.0005
INFO:root:epoch =1660
INFO:root:max_memory = 1000000
INFO:root:batch_size = 50
INFO:root:look back term = 100
INFO:root:hidden_size = 600
INFO:root:training period = 0 ~ 1000
INFO:root:learning rate = 0.1
INFO:root:discount rate = 9e-06
INFO:root:step_size = 10
INFO:root:activation function = relu
INFO:root:accumulate return : -0.124
INFO:root:accumulate return : -0.0192
INFO:root:accumulate return : -0.0296
INFO:root:accumulate return : -0.0173
INFO:root:accumulate return : -0.1058
INFO:root:accumulate return : -0.1389
INFO:root:accumulate return : -0.106
INFO:root:accumulate return : -0.0547
INFO:root:accumulate return : -0.0539
INFO:root:accumulate return : -0.104
INFO:root:accumulate return : 0.001
INFO:root:accumulate return : -0.1447
INFO:root:accumulate return : -0.1797
INFO:root:accumulate return : -0.0699
INFO:root:accumulate return : -0.129
INFO:root:accumulate return : -0.0727
INFO:root:accumulate return : -0.0181
INFO:root:accumulate return : -0.1286
INFO:root:accumulate return : -0.1184
INFO:root:accumulate return : -0.0874
INFO:root:accumulate return : 0.0288
INFO:root:accumulate return : 0.1255
INFO:root:accumulate return : 0.0204
INFO:root:accumulate return : 0.1622
INFO:root:accumulate return : 0.1147
INFO:root:accumulate return : 0.1836
INFO:root:accumulate return : 0.1237
INFO:root:accumulate return : 0.1128
INFO:root:accumulate return : 0.2088
INFO:root:accumulate return : 0.2001
INFO:root:accumulate return : 0.327
INFO:root:accumulate return : 0.2365
INFO:root:accumulate return : 0.1508
INFO:root:accumulate return : 0.2404
INFO:root:accumulate return : 0.1935
INFO:root:accumulate return : 0.1123
INFO:root:accumulate return : 0.3133
INFO:root:accumulate return : 0.3192
INFO:root:accumulate return : 0.2354
INFO:root:accumulate return : 0.342
INFO:root:accumulate return : 0.4172
INFO:root:accumulate return : 0.3908
INFO:root:accumulate return : 0.23
INFO:root:accumulate return : 0.4787
INFO:root:accumulate return : 0.4181
INFO:root:accumulate return : 0.4688
INFO:root:accumulate return : 0.2575
INFO:root:accumulate return : 0.2752
INFO:root:accumulate return : 0.349
INFO:root:accumulate return : 0.3325
INFO:root:accumulate return : 0.4191
INFO:root:accumulate return : 0.5127
INFO:root:accumulate return : 0.385
INFO:root:accumulate return : 0.4821
INFO:root:accumulate return : 0.4919
INFO:root:accumulate return : 0.4527
INFO:root:accumulate return : 0.4348
INFO:root:accumulate return : 0.3913
INFO:root:accumulate return : 0.4665
INFO:root:accumulate return : 0.5109
INFO:root:accumulate return : 0.5776
INFO:root:accumulate return : 0.5136
INFO:root:accumulate return : 0.4659
INFO:root:accumulate return : 0.5142
INFO:root:accumulate return : 0.501
INFO:root:accumulate return : 0.5042
INFO:root:accumulate return : 0.5788
INFO:root:accumulate return : 0.6233
INFO:root:accumulate return : 0.4867
INFO:root:accumulate return : 0.545
INFO:root:accumulate return : 0.6667
INFO:root:accumulate return : 0.5476
INFO:root:accumulate return : 0.6056
INFO:root:accumulate return : 0.6873
INFO:root:accumulate return : 0.6197
INFO:root:accumulate return : 0.6659
INFO:root:accumulate return : 0.5295
INFO:root:accumulate return : 0.5855
INFO:root:accumulate return : 0.5239
INFO:root:accumulate return : 0.6254
INFO:root:accumulate return : 0.5737
INFO:root:accumulate return : 0.5259
INFO:root:accumulate return : 0.6119
INFO:root:accumulate return : 0.594
INFO:root:accumulate return : 0.5586
INFO:root:accumulate return : 0.5595
INFO:root:accumulate return : 0.475
INFO:root:accumulate return : 0.5533
INFO:root:accumulate return : 0.5251
INFO:root:accumulate return : 0.5647
INFO:root:accumulate return : 0.5026
INFO:root:accumulate return : 0.4694
INFO:root:accumulate return : 0.4615
INFO:root:accumulate return : 0.3394
INFO:root:accumulate return : 0.4738
INFO:root:accumulate return : 0.4945
INFO:root:accumulate return : 0.3251
INFO:root:accumulate return : 0.5262
INFO:root:accumulate return : 0.52
INFO:root:accumulate return : 0.3195
INFO:root:accumulate return : 0.6197
INFO:root:accumulate return : 0.6556
INFO:root:accumulate return : 0.6313
INFO:root:accumulate return : 0.7234
INFO:root:accumulate return : 0.7052
INFO:root:accumulate return : 0.7979
INFO:root:accumulate return : 0.7897
INFO:root:accumulate return : 0.6843
INFO:root:accumulate return : 0.4351
INFO:root:accumulate return : 0.6315
INFO:root:accumulate return : 0.7524
INFO:root:accumulate return : 0.8602
INFO:root:accumulate return : 0.8999
INFO:root:accumulate return : 0.7794
INFO:root:accumulate return : 0.7091
INFO:root:accumulate return : 0.5658
INFO:root:accumulate return : 0.6933
INFO:root:accumulate return : 0.7862
INFO:root:accumulate return : 0.6161
INFO:root:accumulate return : 0.9505
INFO:root:accumulate return : 0.716
INFO:root:accumulate return : 0.6657
INFO:root:accumulate return : 0.8169
INFO:root:accumulate return : 0.8153
INFO:root:accumulate return : 0.7139
INFO:root:accumulate return : 0.9001
INFO:root:accumulate return : 0.6643
INFO:root:accumulate return : 0.7285
INFO:root:accumulate return : 0.8213
INFO:root:accumulate return : 0.8158
INFO:root:accumulate return : 0.9332
INFO:root:accumulate return : 0.8353
INFO:root:accumulate return : 0.7527
INFO:root:accumulate return : 0.8534
INFO:root:accumulate return : 0.9368
INFO:root:accumulate return : 0.9097
INFO:root:accumulate return : 0.8416
INFO:root:accumulate return : 0.8526
INFO:root:accumulate return : 0.778
INFO:root:accumulate return : 0.8092
INFO:root:accumulate return : 0.825
INFO:root:accumulate return : 0.8988
INFO:root:accumulate return : 0.8283
INFO:root:accumulate return : 0.9968
INFO:root:accumulate return : 0.8148
INFO:root:accumulate return : 0.7846
INFO:root:accumulate return : 0.8967
INFO:root:accumulate return : 0.9151
INFO:root:accumulate return : 0.7545
INFO:root:accumulate return : 0.929
INFO:root:accumulate return : 1.0991
INFO:root:accumulate return : 0.9519
INFO:root:accumulate return : 1.0597
INFO:root:accumulate return : 1.0917
INFO:root:accumulate return : 0.9975
INFO:root:accumulate return : 1.1025
INFO:root:accumulate return : 0.9444
INFO:root:accumulate return : 0.9659
INFO:root:accumulate return : 1.017
INFO:root:accumulate return : 1.1639
INFO:root:accumulate return : 1.0542
INFO:root:accumulate return : 0.9521
INFO:root:accumulate return : 0.9718
INFO:root:accumulate return : 1.0621
INFO:root:accumulate return : 1.1093
INFO:root:accumulate return : 0.9551
INFO:root:accumulate return : 1.0526
INFO:root:accumulate return : 1.0072
INFO:root:accumulate return : 0.9785
INFO:root:accumulate return : 1.1704
INFO:root:accumulate return : 0.9533
INFO:root:accumulate return : 1.0294
INFO:root:accumulate return : 0.9034
INFO:root:accumulate return : 1.1426
INFO:root:accumulate return : 1.0676
INFO:root:accumulate return : 1.046
INFO:root:accumulate return : 1.167
INFO:root:accumulate return : 1.1491
INFO:root:accumulate return : 1.0296
INFO:root:accumulate return : 1.1439
INFO:root:accumulate return : 1.105
INFO:root:accumulate return : 1.0798
INFO:root:accumulate return : 1.1043
INFO:root:accumulate return : 0.9757
INFO:root:accumulate return : 1.1513
INFO:root:accumulate return : 1.0673
INFO:root:accumulate return : 1.2588
INFO:root:accumulate return : 1.2232
INFO:root:accumulate return : 0.9503
INFO:root:accumulate return : 1.1061
INFO:root:accumulate return : 1.2184
INFO:root:accumulate return : 1.138
INFO:root:accumulate return : 1.171
INFO:root:accumulate return : 1.1816
INFO:root:accumulate return : 1.1452
INFO:root:accumulate return : 1.1043
INFO:root:accumulate return : 1.1645
INFO:root:accumulate return : 1.1313
INFO:root:accumulate return : 1.1171
INFO:root:accumulate return : 1.1193
INFO:root:accumulate return : 1.1688
INFO:root:accumulate return : 1.2129
INFO:root:accumulate return : 1.1679
INFO:root:accumulate return : 1.2509
INFO:root:accumulate return : 1.0919
INFO:root:accumulate return : 1.2807
INFO:root:accumulate return : 1.2795
INFO:root:accumulate return : 1.3189
INFO:root:accumulate return : 1.0543
INFO:root:accumulate return : 1.1439
INFO:root:accumulate return : 1.1881
INFO:root:accumulate return : 1.2069
INFO:root:accumulate return : 1.3665
INFO:root:accumulate return : 1.0922
INFO:root:accumulate return : 1.2879
INFO:root:accumulate return : 1.3624
INFO:root:accumulate return : 1.2451
INFO:root:accumulate return : 1.246
INFO:root:accumulate return : 1.2758
INFO:root:accumulate return : 1.2126
INFO:root:accumulate return : 1.4019
INFO:root:accumulate return : 1.349
INFO:root:accumulate return : 1.3755
INFO:root:accumulate return : 1.266
INFO:root:accumulate return : 1.2925
INFO:root:accumulate return : 1.3282
INFO:root:accumulate return : 1.3287
INFO:root:accumulate return : 1.4709
INFO:root:accumulate return : 1.459
INFO:root:accumulate return : 1.4173
INFO:root:accumulate return : 1.5386
INFO:root:accumulate return : 1.4807
INFO:root:accumulate return : 1.3493
INFO:root:accumulate return : 1.3108
INFO:root:accumulate return : 1.6138
INFO:root:accumulate return : 1.3262
INFO:root:accumulate return : 1.3955
INFO:root:accumulate return : 1.5905
INFO:root:accumulate return : 1.3985
INFO:root:accumulate return : 1.5454
INFO:root:accumulate return : 1.5553
INFO:root:accumulate return : 1.5629
INFO:root:accumulate return : 1.6715
INFO:root:accumulate return : 1.6489
INFO:root:accumulate return : 1.5334
INFO:root:accumulate return : 1.6018
INFO:root:accumulate return : 1.6362
INFO:root:accumulate return : 1.427
INFO:root:accumulate return : 1.5759
INFO:root:accumulate return : 1.7087
INFO:root:accumulate return : 1.5483
INFO:root:accumulate return : 1.6932
INFO:root:accumulate return : 1.6376
INFO:root:accumulate return : 1.6358
INFO:root:accumulate return : 1.57
INFO:root:accumulate return : 1.6326
INFO:root:accumulate return : 1.5828
INFO:root:accumulate return : 1.4234
INFO:root:accumulate return : 1.6192
INFO:root:accumulate return : 1.3907
INFO:root:accumulate return : 1.4045
INFO:root:accumulate return : 1.4524
INFO:root:accumulate return : 1.5513
INFO:root:accumulate return : 1.5451
INFO:root:accumulate return : 1.3957
INFO:root:accumulate return : 1.5991
INFO:root:accumulate return : 1.707
INFO:root:accumulate return : 1.6632
INFO:root:accumulate return : 1.5727
INFO:root:accumulate return : 1.4394
INFO:root:accumulate return : 1.4295
INFO:root:accumulate return : 1.4975
INFO:root:accumulate return : 1.6167
INFO:root:accumulate return : 1.4996
INFO:root:accumulate return : 1.6039
INFO:root:accumulate return : 1.5335
INFO:root:accumulate return : 1.5642
INFO:root:accumulate return : 1.5577
INFO:root:accumulate return : 1.3332
INFO:root:accumulate return : 1.5598
INFO:root:accumulate return : 1.6316
INFO:root:accumulate return : 1.5398
INFO:root:accumulate return : 1.7233
INFO:root:accumulate return : 1.6349
INFO:root:accumulate return : 1.56
INFO:root:accumulate return : 1.7517
INFO:root:accumulate return : 1.7365
INFO:root:accumulate return : 1.4456
INFO:root:accumulate return : 1.8645
INFO:root:accumulate return : 1.5811
INFO:root:accumulate return : 1.6857
INFO:root:accumulate return : 1.7576
INFO:root:accumulate return : 1.6786
INFO:root:accumulate return : 1.7832
INFO:root:accumulate return : 1.7395
INFO:root:accumulate return : 1.6822
INFO:root:accumulate return : 1.7866
INFO:root:accumulate return : 1.7845
INFO:root:accumulate return : 1.6051
INFO:root:accumulate return : 1.6772
INFO:root:accumulate return : 1.6576
INFO:root:accumulate return : 1.6846
INFO:root:accumulate return : 1.6377
INFO:root:accumulate return : 1.7375
INFO:root:accumulate return : 1.7521
INFO:root:accumulate return : 1.5299
INFO:root:accumulate return : 1.6955
INFO:root:accumulate return : 1.6171
INFO:root:accumulate return : 1.3966
INFO:root:accumulate return : 1.419
INFO:root:accumulate return : 2.0105
INFO:root:accumulate return : 1.7275
INFO:root:accumulate return : 1.8563
INFO:root:accumulate return : 1.7218
INFO:root:accumulate return : 1.7196
INFO:root:accumulate return : 1.6853
INFO:root:accumulate return : 1.8763
INFO:root:accumulate return : 1.7361
INFO:root:accumulate return : 1.6374
INFO:root:accumulate return : 1.8423
INFO:root:accumulate return : 1.8365
INFO:root:accumulate return : 1.8175
INFO:root:accumulate return : 1.6598
INFO:root:accumulate return : 1.7182
INFO:root:accumulate return : 1.8268
INFO:root:accumulate return : 1.7244
INFO:root:accumulate return : 1.7933
INFO:root:accumulate return : 1.8931
INFO:root:accumulate return : 1.6637
INFO:root:accumulate return : 1.5276
INFO:root:accumulate return : 1.8769
INFO:root:accumulate return : 1.8237
INFO:root:accumulate return : 1.813
INFO:root:accumulate return : 1.78
INFO:root:accumulate return : 1.7556
INFO:root:accumulate return : 1.8055
INFO:root:accumulate return : 1.8841
INFO:root:accumulate return : 1.6514
INFO:root:accumulate return : 1.898
INFO:root:accumulate return : 1.9521
INFO:root:accumulate return : 1.8231
INFO:root:accumulate return : 1.8767
INFO:root:accumulate return : 1.8627
INFO:root:accumulate return : 1.8264
INFO:root:accumulate return : 1.9244
INFO:root:accumulate return : 1.9322
INFO:root:accumulate return : 1.8892
INFO:root:accumulate return : 1.8919
INFO:root:accumulate return : 1.7805
INFO:root:accumulate return : 1.6947
INFO:root:accumulate return : 1.8966
INFO:root:accumulate return : 1.907
INFO:root:accumulate return : 1.8857
INFO:root:accumulate return : 1.8949
INFO:root:accumulate return : 1.7994
INFO:root:accumulate return : 1.8037
INFO:root:accumulate return : 1.8667
INFO:root:accumulate return : 1.6935
INFO:root:accumulate return : 1.8357
INFO:root:accumulate return : 1.7988
INFO:root:accumulate return : 1.8891
INFO:root:accumulate return : 1.7658
INFO:root:accumulate return : 1.7397
INFO:root:accumulate return : 1.689
INFO:root:accumulate return : 1.7318
INFO:root:accumulate return : 1.7689
INFO:root:accumulate return : 1.8521
INFO:root:accumulate return : 1.7103
INFO:root:accumulate return : 1.7481
INFO:root:accumulate return : 1.8313
INFO:root:accumulate return : 1.8574
INFO:root:accumulate return : 1.7619
INFO:root:accumulate return : 1.8063
INFO:root:accumulate return : 1.9624
INFO:root:accumulate return : 1.9522
INFO:root:accumulate return : 1.6641
INFO:root:accumulate return : 2.0062
INFO:root:accumulate return : 1.8509
INFO:root:accumulate return : 1.7225
INFO:root:accumulate return : 1.7758
INFO:root:accumulate return : 1.8308
INFO:root:accumulate return : 1.8055
INFO:root:accumulate return : 1.792
INFO:root:accumulate return : 1.9096
INFO:root:accumulate return : 1.9582
INFO:root:accumulate return : 1.8961
INFO:root:accumulate return : 1.9137
INFO:root:accumulate return : 1.8455
INFO:root:accumulate return : 1.6514
INFO:root:accumulate return : 1.8907
INFO:root:accumulate return : 1.8495
INFO:root:accumulate return : 1.8312
INFO:root:accumulate return : 1.9787
INFO:root:accumulate return : 1.7622
INFO:root:accumulate return : 1.9713
INFO:root:accumulate return : 1.7277
INFO:root:accumulate return : 1.839
INFO:root:accumulate return : 2.0097
INFO:root:accumulate return : 1.8647
INFO:root:accumulate return : 2.002
INFO:root:accumulate return : 1.8835
INFO:root:accumulate return : 1.8107
INFO:root:accumulate return : 1.9044
INFO:root:accumulate return : 1.7962
INFO:root:accumulate return : 1.9463
INFO:root:accumulate return : 1.8883
INFO:root:accumulate return : 1.8728
INFO:root:accumulate return : 1.6102
INFO:root:accumulate return : 1.7239
INFO:root:accumulate return : 1.8429
INFO:root:accumulate return : 1.9242
INFO:root:accumulate return : 1.9388
INFO:root:accumulate return : 1.9801
INFO:root:accumulate return : 1.9762
INFO:root:accumulate return : 1.9655
INFO:root:accumulate return : 1.8735
INFO:root:accumulate return : 1.8933
INFO:root:accumulate return : 1.9562
INFO:root:accumulate return : 1.9694
INFO:root:accumulate return : 1.9612
INFO:root:accumulate return : 1.8599
INFO:root:accumulate return : 1.9601
INFO:root:accumulate return : 1.6898
INFO:root:accumulate return : 1.7259
INFO:root:accumulate return : 2.0265
INFO:root:accumulate return : 1.8067
INFO:root:accumulate return : 1.8655
INFO:root:accumulate return : 2.0691
INFO:root:accumulate return : 1.8618
INFO:root:accumulate return : 1.9139
INFO:root:accumulate return : 1.8349
INFO:root:accumulate return : 2.0212
INFO:root:accumulate return : 1.9161
INFO:root:accumulate return : 1.8078
INFO:root:accumulate return : 1.6911
INFO:root:accumulate return : 1.8239
INFO:root:accumulate return : 1.8578
INFO:root:accumulate return : 1.857
INFO:root:accumulate return : 1.8403
INFO:root:accumulate return : 1.8547
INFO:root:accumulate return : 2.0258
INFO:root:accumulate return : 1.9628
INFO:root:accumulate return : 1.9723
INFO:root:accumulate return : 1.9751
INFO:root:accumulate return : 1.9509
INFO:root:accumulate return : 2.0955
INFO:root:accumulate return : 2.0375
INFO:root:accumulate return : 2.1556
INFO:root:accumulate return : 2.0038
INFO:root:accumulate return : 1.9096
INFO:root:accumulate return : 1.7886
INFO:root:accumulate return : 1.9957
INFO:root:accumulate return : 2.0249
INFO:root:accumulate return : 2.0135
INFO:root:accumulate return : 1.9406
INFO:root:accumulate return : 1.9087
INFO:root:accumulate return : 2.0354
INFO:root:accumulate return : 1.914
INFO:root:accumulate return : 2.0051
INFO:root:accumulate return : 2.0272
INFO:root:accumulate return : 1.8561
INFO:root:accumulate return : 2.0316
INFO:root:accumulate return : 2.0654
INFO:root:accumulate return : 1.9692
INFO:root:accumulate return : 1.9612
INFO:root:accumulate return : 1.9724
INFO:root:accumulate return : 2.0349
INFO:root:accumulate return : 1.8228
INFO:root:accumulate return : 1.8743
INFO:root:accumulate return : 2.0227
INFO:root:accumulate return : 1.9248
INFO:root:accumulate return : 2.0401
INFO:root:accumulate return : 1.9847
INFO:root:accumulate return : 2.1075
INFO:root:accumulate return : 2.0488
INFO:root:accumulate return : 1.9525
INFO:root:accumulate return : 1.9307
INFO:root:accumulate return : 1.8842
INFO:root:accumulate return : 1.9067
INFO:root:accumulate return : 1.9981
INFO:root:accumulate return : 2.13
INFO:root:accumulate return : 1.9611
INFO:root:accumulate return : 2.1432
INFO:root:accumulate return : 2.077
INFO:root:accumulate return : 1.8772
INFO:root:accumulate return : 2.0475
INFO:root:accumulate return : 2.0582
INFO:root:accumulate return : 2.0066
INFO:root:accumulate return : 2.1444
INFO:root:accumulate return : 2.1031
INFO:root:accumulate return : 1.9991
INFO:root:accumulate return : 2.0485
INFO:root:accumulate return : 2.0783
INFO:root:accumulate return : 2.0115
INFO:root:accumulate return : 2.0766
INFO:root:accumulate return : 2.1486
INFO:root:accumulate return : 2.1366
INFO:root:accumulate return : 1.89
INFO:root:accumulate return : 2.1286
INFO:root:accumulate return : 2.0241
INFO:root:accumulate return : 2.0695
INFO:root:accumulate return : 1.9848
INFO:root:accumulate return : 1.8841
INFO:root:accumulate return : 1.9065
INFO:root:accumulate return : 2.0839
INFO:root:accumulate return : 1.9594
INFO:root:accumulate return : 1.9368
INFO:root:accumulate return : 2.0352
INFO:root:accumulate return : 2.0489
INFO:root:accumulate return : 1.9398
INFO:root:accumulate return : 1.9859
INFO:root:accumulate return : 2.1155
INFO:root:accumulate return : 2.1257
INFO:root:accumulate return : 1.9597
INFO:root:accumulate return : 1.9521
INFO:root:accumulate return : 1.9117
INFO:root:accumulate return : 2.0084
INFO:root:accumulate return : 1.9977
INFO:root:accumulate return : 2.2253
INFO:root:accumulate return : 1.9873
INFO:root:accumulate return : 1.9509
INFO:root:accumulate return : 2.018
INFO:root:accumulate return : 1.8953
INFO:root:accumulate return : 2.0429
INFO:root:accumulate return : 2.0795
INFO:root:accumulate return : 2.0911
INFO:root:accumulate return : 1.9391
INFO:root:accumulate return : 2.0724
INFO:root:accumulate return : 2.0831
INFO:root:accumulate return : 1.9949
INFO:root:accumulate return : 2.0021
INFO:root:accumulate return : 2.0557
INFO:root:accumulate return : 2.0767
INFO:root:accumulate return : 2.1655
INFO:root:accumulate return : 1.8704
INFO:root:accumulate return : 2.1296
INFO:root:accumulate return : 2.0281
INFO:root:accumulate return : 1.8614
INFO:root:accumulate return : 2.048
INFO:root:accumulate return : 2.099
INFO:root:accumulate return : 1.9584
INFO:root:accumulate return : 2.1611
INFO:root:accumulate return : 2.1821
INFO:root:accumulate return : 2.0567
INFO:root:accumulate return : 2.171
INFO:root:accumulate return : 2.1489
INFO:root:accumulate return : 2.2155
INFO:root:accumulate return : 1.9749
INFO:root:accumulate return : 2.0608
INFO:root:accumulate return : 2.0737
INFO:root:accumulate return : 2.1356
INFO:root:accumulate return : 2.2183
INFO:root:accumulate return : 2.2881
INFO:root:accumulate return : 2.1217
INFO:root:accumulate return : 2.0273
INFO:root:accumulate return : 2.251
INFO:root:accumulate return : 2.1622
INFO:root:accumulate return : 2.1333
INFO:root:accumulate return : 2.153
INFO:root:accumulate return : 2.1415
INFO:root:accumulate return : 2.0232
INFO:root:accumulate return : 2.2257
INFO:root:accumulate return : 2.1476
INFO:root:accumulate return : 2.1596
INFO:root:accumulate return : 2.0495
INFO:root:accumulate return : 2.2338
INFO:root:accumulate return : 2.105
INFO:root:accumulate return : 2.0827
INFO:root:accumulate return : 2.1866
INFO:root:accumulate return : 1.9511
INFO:root:accumulate return : 2.2044
INFO:root:accumulate return : 2.2425
INFO:root:accumulate return : 2.2733
INFO:root:accumulate return : 2.2448
INFO:root:accumulate return : 2.2039
INFO:root:accumulate return : 2.0636
INFO:root:accumulate return : 2.1756
INFO:root:accumulate return : 2.1355
INFO:root:accumulate return : 2.2624
INFO:root:accumulate return : 2.3017
INFO:root:accumulate return : 2.2523
INFO:root:accumulate return : 2.2294
INFO:root:accumulate return : 2.1584
INFO:root:accumulate return : 2.2109
INFO:root:accumulate return : 2.1738
INFO:root:accumulate return : 2.2064
INFO:root:accumulate return : 2.2019
INFO:root:accumulate return : 2.2555
INFO:root:accumulate return : 2.2337
INFO:root:accumulate return : 2.2419
INFO:root:accumulate return : 2.1055
INFO:root:accumulate return : 2.057
INFO:root:accumulate return : 2.0613
INFO:root:accumulate return : 2.3477
INFO:root:accumulate return : 2.2493
INFO:root:accumulate return : 2.2252
INFO:root:accumulate return : 2.3052
INFO:root:accumulate return : 2.2044
INFO:root:accumulate return : 2.1079
INFO:root:accumulate return : 2.2185
INFO:root:accumulate return : 2.3244
INFO:root:accumulate return : 2.3052
INFO:root:accumulate return : 2.2914
INFO:root:accumulate return : 2.1493
INFO:root:accumulate return : 2.1892
INFO:root:accumulate return : 2.3455
INFO:root:accumulate return : 2.3261
INFO:root:accumulate return : 2.166
INFO:root:accumulate return : 2.3049
INFO:root:accumulate return : 2.2873
INFO:root:accumulate return : 2.3237
INFO:root:accumulate return : 2.4335
INFO:root:accumulate return : 2.2696
INFO:root:accumulate return : 2.2177
INFO:root:accumulate return : 2.3821
INFO:root:accumulate return : 2.2172
INFO:root:accumulate return : 2.2438
INFO:root:accumulate return : 2.295
INFO:root:accumulate return : 2.2745
INFO:root:accumulate return : 2.0961
INFO:root:accumulate return : 2.1863
INFO:root:accumulate return : 2.2451
INFO:root:accumulate return : 2.1935
INFO:root:accumulate return : 2.213
INFO:root:accumulate return : 2.3271
INFO:root:accumulate return : 2.2453
INFO:root:accumulate return : 2.2753
INFO:root:accumulate return : 2.0418
INFO:root:accumulate return : 2.2466
INFO:root:accumulate return : 2.1883
INFO:root:accumulate return : 2.2632
INFO:root:accumulate return : 2.4046
INFO:root:accumulate return : 2.3857
INFO:root:accumulate return : 2.2109
INFO:root:accumulate return : 2.1889
INFO:root:accumulate return : 2.3004
INFO:root:accumulate return : 2.2992
INFO:root:accumulate return : 2.3153
INFO:root:accumulate return : 2.2392
INFO:root:accumulate return : 2.4242
INFO:root:accumulate return : 2.3739
INFO:root:accumulate return : 2.4077
INFO:root:accumulate return : 2.236
INFO:root:accumulate return : 2.2952
INFO:root:accumulate return : 2.3344
INFO:root:accumulate return : 2.111
INFO:root:accumulate return : 2.1752
INFO:root:accumulate return : 2.3173
INFO:root:accumulate return : 2.2882
INFO:root:accumulate return : 2.1564
INFO:root:accumulate return : 2.2936
INFO:root:accumulate return : 2.3623
INFO:root:accumulate return : 2.1434
INFO:root:accumulate return : 2.3263
INFO:root:accumulate return : 2.3004
INFO:root:accumulate return : 2.2732
INFO:root:accumulate return : 2.2572
INFO:root:accumulate return : 2.2912
INFO:root:accumulate return : 2.3717
INFO:root:accumulate return : 2.2835
INFO:root:accumulate return : 2.2989
INFO:root:accumulate return : 2.2811
INFO:root:accumulate return : 2.4055
INFO:root:accumulate return : 2.3066
INFO:root:accumulate return : 2.4191
INFO:root:accumulate return : 2.2689
INFO:root:accumulate return : 2.2659
INFO:root:accumulate return : 2.3804
INFO:root:accumulate return : 2.2405
INFO:root:accumulate return : 2.2937
INFO:root:accumulate return : 2.2218
INFO:root:accumulate return : 2.2866
INFO:root:accumulate return : 2.2917
INFO:root:accumulate return : 2.2769
INFO:root:accumulate return : 2.3136
INFO:root:accumulate return : 2.3135
INFO:root:accumulate return : 2.3072
INFO:root:accumulate return : 2.3084
INFO:root:accumulate return : 2.2442
INFO:root:accumulate return : 2.3623
INFO:root:accumulate return : 2.1571
INFO:root:accumulate return : 2.3791
INFO:root:accumulate return : 2.1506
INFO:root:accumulate return : 2.2061
INFO:root:accumulate return : 2.4815
INFO:root:accumulate return : 2.3488
INFO:root:accumulate return : 2.237
INFO:root:accumulate return : 2.4339
INFO:root:accumulate return : 2.5039
INFO:root:accumulate return : 2.3157
INFO:root:accumulate return : 2.1875
INFO:root:accumulate return : 2.1294
INFO:root:accumulate return : 2.4429
INFO:root:accumulate return : 2.3012
INFO:root:accumulate return : 2.3112
INFO:root:accumulate return : 2.2736
INFO:root:accumulate return : 2.4521
INFO:root:accumulate return : 2.4413
INFO:root:accumulate return : 2.2393
INFO:root:accumulate return : 2.3446
INFO:root:accumulate return : 2.3019
INFO:root:accumulate return : 2.3986
INFO:root:accumulate return : 2.2426
INFO:root:accumulate return : 2.3447
INFO:root:accumulate return : 2.317
INFO:root:accumulate return : 2.4092
INFO:root:accumulate return : 2.3353
INFO:root:accumulate return : 2.2519
INFO:root:accumulate return : 2.3151
INFO:root:accumulate return : 2.205
INFO:root:accumulate return : 2.3531
INFO:root:accumulate return : 2.3655
INFO:root:accumulate return : 2.335
INFO:root:accumulate return : 2.3219
INFO:root:accumulate return : 2.3273
INFO:root:accumulate return : 2.3544
INFO:root:accumulate return : 2.2904
INFO:root:accumulate return : 2.2181
INFO:root:accumulate return : 2.292
INFO:root:accumulate return : 2.4365
INFO:root:accumulate return : 2.1845
INFO:root:accumulate return : 2.4446
INFO:root:accumulate return : 2.5094
INFO:root:accumulate return : 2.4424
INFO:root:accumulate return : 2.296
INFO:root:accumulate return : 2.4162
INFO:root:accumulate return : 2.3624
INFO:root:accumulate return : 2.277
INFO:root:accumulate return : 2.3923
INFO:root:accumulate return : 2.4675
INFO:root:accumulate return : 2.2942
INFO:root:accumulate return : 2.3473
INFO:root:accumulate return : 2.3477
INFO:root:accumulate return : 2.4249
INFO:root:accumulate return : 2.1768
INFO:root:accumulate return : 2.3755
INFO:root:accumulate return : 2.2238
INFO:root:accumulate return : 2.4063
INFO:root:accumulate return : 2.3661
INFO:root:accumulate return : 2.3982
INFO:root:accumulate return : 2.3714
INFO:root:accumulate return : 2.4
INFO:root:accumulate return : 2.3949
INFO:root:accumulate return : 2.3371
INFO:root:accumulate return : 2.3377
INFO:root:accumulate return : 2.47
INFO:root:accumulate return : 2.3287
INFO:root:accumulate return : 2.2466
INFO:root:accumulate return : 2.3513
INFO:root:accumulate return : 2.4941
INFO:root:accumulate return : 2.1188
INFO:root:accumulate return : 2.3062
INFO:root:accumulate return : 2.3434
INFO:root:accumulate return : 2.3858
INFO:root:accumulate return : 2.3197
INFO:root:accumulate return : 2.3519
INFO:root:accumulate return : 2.4148
INFO:root:accumulate return : 2.4108
INFO:root:accumulate return : 2.2617
INFO:root:accumulate return : 2.36
INFO:root:accumulate return : 2.4117
INFO:root:accumulate return : 2.4689
INFO:root:accumulate return : 2.4689
INFO:root:accumulate return : 2.2884
INFO:root:accumulate return : 2.4917
INFO:root:accumulate return : 2.4039
INFO:root:accumulate return : 2.3865
INFO:root:accumulate return : 2.3213
INFO:root:accumulate return : 2.4403
INFO:root:accumulate return : 2.3909
INFO:root:accumulate return : 2.218
INFO:root:accumulate return : 2.414
INFO:root:accumulate return : 2.4481
INFO:root:accumulate return : 2.3214
INFO:root:accumulate return : 2.3381
INFO:root:accumulate return : 2.4449
INFO:root:accumulate return : 2.376
INFO:root:accumulate return : 2.271
INFO:root:accumulate return : 2.3812
INFO:root:accumulate return : 2.4914
INFO:root:accumulate return : 2.318
INFO:root:accumulate return : 2.3891
INFO:root:accumulate return : 2.3148
INFO:root:accumulate return : 2.3799
INFO:root:accumulate return : 2.2924
INFO:root:accumulate return : 2.3325
INFO:root:accumulate return : 2.2967
INFO:root:accumulate return : 2.293
INFO:root:accumulate return : 2.4687
INFO:root:accumulate return : 2.3889
INFO:root:accumulate return : 2.3239
INFO:root:accumulate return : 2.3919
INFO:root:accumulate return : 2.3118
INFO:root:accumulate return : 2.3516
INFO:root:accumulate return : 2.2815
INFO:root:accumulate return : 2.1915
INFO:root:accumulate return : 2.2968
INFO:root:accumulate return : 2.3221
INFO:root:accumulate return : 2.3337
INFO:root:accumulate return : 2.3284
INFO:root:accumulate return : 2.3553
INFO:root:accumulate return : 2.4073
INFO:root:accumulate return : 2.332
INFO:root:accumulate return : 2.3703
INFO:root:accumulate return : 2.3826
INFO:root:accumulate return : 2.5029
INFO:root:accumulate return : 2.4082
INFO:root:accumulate return : 2.5484
INFO:root:accumulate return : 2.3501
INFO:root:accumulate return : 2.4538
INFO:root:accumulate return : 2.279
INFO:root:accumulate return : 2.1916
INFO:root:accumulate return : 2.4375
INFO:root:accumulate return : 2.3475
INFO:root:accumulate return : 2.3793
INFO:root:accumulate return : 2.3831
INFO:root:accumulate return : 2.3625
INFO:root:accumulate return : 2.4827
INFO:root:accumulate return : 2.3484
INFO:root:accumulate return : 2.4017
INFO:root:accumulate return : 2.1819
INFO:root:accumulate return : 2.2493
INFO:root:accumulate return : 2.3785
INFO:root:accumulate return : 2.2183
INFO:root:accumulate return : 2.1784
INFO:root:accumulate return : 2.2866
INFO:root:accumulate return : 2.3976
INFO:root:accumulate return : 2.3757
INFO:root:accumulate return : 2.3064
INFO:root:accumulate return : 2.3213
INFO:root:accumulate return : 2.2695
INFO:root:accumulate return : 2.3238
INFO:root:accumulate return : 2.2865
INFO:root:accumulate return : 2.4097
INFO:root:accumulate return : 2.2066
INFO:root:accumulate return : 2.3575
INFO:root:accumulate return : 2.4141
INFO:root:accumulate return : 2.3834
INFO:root:accumulate return : 2.3499
INFO:root:accumulate return : 2.3365
INFO:root:accumulate return : 2.4536
INFO:root:accumulate return : 2.3329
INFO:root:accumulate return : 2.3869
INFO:root:accumulate return : 2.3578
INFO:root:accumulate return : 2.3945
INFO:root:accumulate return : 2.4928
INFO:root:accumulate return : 2.2842
INFO:root:accumulate return : 2.2804
INFO:root:accumulate return : 2.2873
INFO:root:accumulate return : 2.3309
INFO:root:accumulate return : 2.4524
INFO:root:accumulate return : 2.3561
INFO:root:accumulate return : 2.4722
INFO:root:accumulate return : 2.4552
INFO:root:accumulate return : 2.3712
INFO:root:accumulate return : 2.5396
INFO:root:accumulate return : 2.5025
INFO:root:accumulate return : 2.5541
INFO:root:accumulate return : 2.5585
INFO:root:accumulate return : 2.478
INFO:root:accumulate return : 2.4274
INFO:root:accumulate return : 2.3996
INFO:root:accumulate return : 2.3686
INFO:root:accumulate return : 2.5174
INFO:root:accumulate return : 2.3396
INFO:root:accumulate return : 2.5195
INFO:root:accumulate return : 2.3745
INFO:root:accumulate return : 2.3955
INFO:root:accumulate return : 2.4065
INFO:root:accumulate return : 2.4178
INFO:root:accumulate return : 2.5229
INFO:root:accumulate return : 2.3904
INFO:root:accumulate return : 2.4693
INFO:root:accumulate return : 2.5168
INFO:root:accumulate return : 2.4269
INFO:root:accumulate return : 2.435
INFO:root:accumulate return : 2.3846
INFO:root:accumulate return : 2.476
INFO:root:accumulate return : 2.3903
INFO:root:accumulate return : 2.5577
INFO:root:accumulate return : 2.4566
INFO:root:accumulate return : 2.5034
INFO:root:accumulate return : 2.5347
INFO:root:accumulate return : 2.5747
INFO:root:accumulate return : 2.4224
INFO:root:accumulate return : 2.4582
INFO:root:accumulate return : 2.57
INFO:root:accumulate return : 2.5608
INFO:root:accumulate return : 2.4987
INFO:root:accumulate return : 2.4584
INFO:root:accumulate return : 2.5221
INFO:root:accumulate return : 2.5718
INFO:root:accumulate return : 2.5334
INFO:root:accumulate return : 2.349
INFO:root:accumulate return : 2.5274
INFO:root:accumulate return : 2.3942
INFO:root:accumulate return : 2.515
INFO:root:accumulate return : 2.2432
INFO:root:accumulate return : 2.381
INFO:root:accumulate return : 2.5473
INFO:root:accumulate return : 2.5984
INFO:root:accumulate return : 2.5005
INFO:root:accumulate return : 2.5407
INFO:root:accumulate return : 2.5399
INFO:root:accumulate return : 2.4348
INFO:root:accumulate return : 2.359
INFO:root:accumulate return : 2.4658
INFO:root:accumulate return : 2.4261
INFO:root:accumulate return : 2.5517
INFO:root:accumulate return : 2.5718
INFO:root:accumulate return : 2.4238
INFO:root:accumulate return : 2.615
INFO:root:accumulate return : 2.5137
INFO:root:accumulate return : 2.4564
INFO:root:accumulate return : 2.546
INFO:root:accumulate return : 2.5351
INFO:root:accumulate return : 2.4632
INFO:root:accumulate return : 2.5374
INFO:root:accumulate return : 2.6411
INFO:root:accumulate return : 2.3645
INFO:root:accumulate return : 2.598
INFO:root:accumulate return : 2.6156
INFO:root:accumulate return : 2.6355
INFO:root:accumulate return : 2.359
INFO:root:accumulate return : 2.4066
INFO:root:accumulate return : 2.5398
INFO:root:accumulate return : 2.5956
INFO:root:accumulate return : 2.4724
INFO:root:accumulate return : 2.5009
INFO:root:accumulate return : 2.5213
INFO:root:accumulate return : 2.5104
INFO:root:accumulate return : 2.393
INFO:root:accumulate return : 2.567
INFO:root:accumulate return : 2.5615
INFO:root:accumulate return : 2.5237
INFO:root:accumulate return : 2.3727
INFO:root:accumulate return : 2.4757
INFO:root:accumulate return : 2.516
INFO:root:accumulate return : 2.5705
INFO:root:accumulate return : 2.45
INFO:root:accumulate return : 2.5186
INFO:root:accumulate return : 2.603
INFO:root:accumulate return : 2.7028
INFO:root:accumulate return : 2.5541
INFO:root:accumulate return : 2.5457
INFO:root:accumulate return : 2.4686
INFO:root:accumulate return : 2.6481
INFO:root:accumulate return : 2.3923
INFO:root:accumulate return : 2.5123
INFO:root:accumulate return : 2.5226
INFO:root:accumulate return : 2.4249
INFO:root:accumulate return : 2.5489
INFO:root:accumulate return : 2.4584
INFO:root:accumulate return : 2.4382
INFO:root:accumulate return : 2.2805
INFO:root:accumulate return : 2.4119
INFO:root:accumulate return : 2.4007
INFO:root:accumulate return : 2.5641
INFO:root:accumulate return : 2.4536
INFO:root:accumulate return : 2.3908
INFO:root:accumulate return : 2.4576
INFO:root:accumulate return : 2.5939
INFO:root:accumulate return : 2.4724
INFO:root:accumulate return : 2.4942
INFO:root:accumulate return : 2.5324
INFO:root:accumulate return : 2.5668
INFO:root:accumulate return : 2.3393
INFO:root:accumulate return : 2.5936
INFO:root:accumulate return : 2.6059
INFO:root:accumulate return : 2.5181
INFO:root:accumulate return : 2.6129
INFO:root:accumulate return : 2.5576
INFO:root:accumulate return : 2.4954
INFO:root:accumulate return : 2.6097
INFO:root:accumulate return : 2.4512
INFO:root:accumulate return : 2.5192
INFO:root:accumulate return : 2.5436
INFO:root:accumulate return : 2.4793
INFO:root:accumulate return : 2.3249
INFO:root:accumulate return : 2.5712
INFO:root:accumulate return : 2.4788
INFO:root:accumulate return : 2.5759
INFO:root:accumulate return : 2.4988
INFO:root:accumulate return : 2.5299
INFO:root:accumulate return : 2.2988
INFO:root:accumulate return : 2.5555
INFO:root:accumulate return : 2.431
INFO:root:accumulate return : 2.4178
INFO:root:accumulate return : 2.5145
INFO:root:accumulate return : 2.4138
INFO:root:accumulate return : 2.655
INFO:root:accumulate return : 2.7077
INFO:root:accumulate return : 2.6541
INFO:root:accumulate return : 2.5309
INFO:root:accumulate return : 2.5707
INFO:root:accumulate return : 2.5826
INFO:root:accumulate return : 2.5678
INFO:root:accumulate return : 2.5979
INFO:root:accumulate return : 2.4159
INFO:root:accumulate return : 2.5105
INFO:root:accumulate return : 2.6073
INFO:root:accumulate return : 2.6586
INFO:root:accumulate return : 2.5106
INFO:root:accumulate return : 2.4585
INFO:root:accumulate return : 2.4013
INFO:root:accumulate return : 2.5755
INFO:root:accumulate return : 2.6221
INFO:root:accumulate return : 2.6183
INFO:root:accumulate return : 2.5269
INFO:root:accumulate return : 2.5339
INFO:root:accumulate return : 2.5255
INFO:root:accumulate return : 2.5793
INFO:root:accumulate return : 2.4545
INFO:root:accumulate return : 2.5042
INFO:root:accumulate return : 2.5197
INFO:root:accumulate return : 2.5189
INFO:root:accumulate return : 2.6037
INFO:root:accumulate return : 2.6262
INFO:root:accumulate return : 2.7563
INFO:root:accumulate return : 2.7285
INFO:root:accumulate return : 2.4698
INFO:root:accumulate return : 2.4653
INFO:root:accumulate return : 2.5466
INFO:root:accumulate return : 2.4758
INFO:root:accumulate return : 2.3712
INFO:root:accumulate return : 2.4164
INFO:root:accumulate return : 2.4747
INFO:root:accumulate return : 2.4589
INFO:root:accumulate return : 2.6308
INFO:root:accumulate return : 2.5248
INFO:root:accumulate return : 2.5982
INFO:root:accumulate return : 2.5771
INFO:root:accumulate return : 2.6399
INFO:root:accumulate return : 2.5272
INFO:root:accumulate return : 2.5149
INFO:root:accumulate return : 2.3754
INFO:root:accumulate return : 2.5824
INFO:root:accumulate return : 2.4564
INFO:root:accumulate return : 2.6141
INFO:root:accumulate return : 2.6975
INFO:root:accumulate return : 2.4613
INFO:root:accumulate return : 2.6573
INFO:root:accumulate return : 2.6391
INFO:root:accumulate return : 2.6559
INFO:root:accumulate return : 2.5599
INFO:root:accumulate return : 2.5843
INFO:root:accumulate return : 2.4993
INFO:root:accumulate return : 2.6829
INFO:root:accumulate return : 2.4943
INFO:root:accumulate return : 2.6548
INFO:root:accumulate return : 2.5705
INFO:root:accumulate return : 2.6491
INFO:root:accumulate return : 2.5122
INFO:root:accumulate return : 2.4967
INFO:root:accumulate return : 2.5479
INFO:root:accumulate return : 2.4365
INFO:root:accumulate return : 2.627
INFO:root:accumulate return : 2.5585
INFO:root:accumulate return : 2.6573
INFO:root:accumulate return : 2.588
INFO:root:accumulate return : 2.6418
INFO:root:accumulate return : 2.3538
INFO:root:accumulate return : 2.489
INFO:root:accumulate return : 2.5712
INFO:root:accumulate return : 2.6621
INFO:root:accumulate return : 2.5307
INFO:root:accumulate return : 2.4487
INFO:root:accumulate return : 2.4966
INFO:root:accumulate return : 2.6193
INFO:root:accumulate return : 2.3232
INFO:root:accumulate return : 2.6125
INFO:root:accumulate return : 2.4741
INFO:root:accumulate return : 2.5251
INFO:root:accumulate return : 2.4146
INFO:root:accumulate return : 2.4979
INFO:root:accumulate return : 2.5254
INFO:root:accumulate return : 2.5076
INFO:root:accumulate return : 2.6183
INFO:root:accumulate return : 2.5425
INFO:root:accumulate return : 2.557
INFO:root:accumulate return : 2.605
INFO:root:accumulate return : 2.4057
INFO:root:accumulate return : 2.6533
INFO:root:accumulate return : 2.5256
INFO:root:accumulate return : 2.4932
INFO:root:accumulate return : 2.3965
INFO:root:accumulate return : 2.5078
INFO:root:accumulate return : 2.6284
INFO:root:accumulate return : 2.5689
INFO:root:accumulate return : 2.3151
INFO:root:accumulate return : 2.6255
INFO:root:accumulate return : 2.5911
INFO:root:accumulate return : 2.5826
INFO:root:accumulate return : 2.5708
INFO:root:accumulate return : 2.6194
INFO:root:accumulate return : 2.488
INFO:root:accumulate return : 2.7773
INFO:root:accumulate return : 2.4706
INFO:root:accumulate return : 2.6243
INFO:root:accumulate return : 2.5239
INFO:root:accumulate return : 2.4731
INFO:root:accumulate return : 2.6841
INFO:root:accumulate return : 2.6757
INFO:root:accumulate return : 2.7055
INFO:root:accumulate return : 2.5819
INFO:root:accumulate return : 2.6379
INFO:root:accumulate return : 2.7364
INFO:root:accumulate return : 2.4903
INFO:root:accumulate return : 2.5138
INFO:root:accumulate return : 2.622
INFO:root:accumulate return : 2.5851
INFO:root:accumulate return : 2.6302
INFO:root:accumulate return : 2.4963
INFO:root:accumulate return : 2.5565
INFO:root:accumulate return : 2.6707
INFO:root:accumulate return : 2.4532
INFO:root:accumulate return : 2.5684
INFO:root:accumulate return : 2.6152
INFO:root:accumulate return : 2.5086
INFO:root:accumulate return : 2.4659
INFO:root:accumulate return : 2.5138
INFO:root:accumulate return : 2.6757
INFO:root:accumulate return : 2.5837
INFO:root:accumulate return : 2.6573
INFO:root:accumulate return : 2.6988
INFO:root:accumulate return : 2.4835
INFO:root:accumulate return : 2.6077
INFO:root:accumulate return : 2.4272
INFO:root:accumulate return : 2.6889
INFO:root:accumulate return : 2.7535
INFO:root:accumulate return : 2.5793
INFO:root:accumulate return : 2.5298
INFO:root:accumulate return : 2.6366
INFO:root:accumulate return : 2.5606
INFO:root:accumulate return : 2.7554
INFO:root:accumulate return : 2.6529
INFO:root:accumulate return : 2.5356
INFO:root:accumulate return : 2.6121
INFO:root:accumulate return : 2.6821
INFO:root:accumulate return : 2.5737
INFO:root:accumulate return : 2.6334
INFO:root:accumulate return : 2.6875
INFO:root:accumulate return : 2.5688
INFO:root:accumulate return : 2.5993
INFO:root:accumulate return : 2.7091
INFO:root:accumulate return : 2.6883
INFO:root:accumulate return : 2.7312
INFO:root:accumulate return : 2.6145
INFO:root:accumulate return : 2.574
INFO:root:accumulate return : 2.6425
INFO:root:accumulate return : 2.6638
INFO:root:accumulate return : 2.532
INFO:root:accumulate return : 2.5161
INFO:root:accumulate return : 2.6792
INFO:root:accumulate return : 2.6681
INFO:root:accumulate return : 2.5298
INFO:root:accumulate return : 2.5029
INFO:root:accumulate return : 2.6849
INFO:root:accumulate return : 2.3265
INFO:root:accumulate return : 2.6489
INFO:root:accumulate return : 2.5671
INFO:root:accumulate return : 2.5663
INFO:root:accumulate return : 2.5841
INFO:root:accumulate return : 2.5072
INFO:root:accumulate return : 2.5361
INFO:root:accumulate return : 2.7442
INFO:root:accumulate return : 2.7121
INFO:root:accumulate return : 2.7375
INFO:root:accumulate return : 2.645
INFO:root:accumulate return : 2.4923
INFO:root:accumulate return : 2.5732
INFO:root:accumulate return : 2.4447
INFO:root:accumulate return : 2.3701
INFO:root:accumulate return : 2.6165
INFO:root:accumulate return : 2.4946
INFO:root:accumulate return : 2.4728
INFO:root:accumulate return : 2.5046
INFO:root:accumulate return : 2.3562
INFO:root:accumulate return : 2.5422
INFO:root:accumulate return : 2.5362
INFO:root:accumulate return : 2.5502
INFO:root:accumulate return : 2.5511
INFO:root:accumulate return : 2.5312
INFO:root:accumulate return : 2.6141
INFO:root:accumulate return : 2.7558
INFO:root:accumulate return : 2.6103
INFO:root:accumulate return : 2.5512
INFO:root:accumulate return : 2.5247
INFO:root:accumulate return : 2.4591
INFO:root:accumulate return : 2.4607
INFO:root:accumulate return : 2.4735
INFO:root:accumulate return : 2.5416
INFO:root:accumulate return : 2.7107
INFO:root:accumulate return : 2.5002
INFO:root:accumulate return : 2.656
INFO:root:accumulate return : 2.5967
INFO:root:accumulate return : 2.5703
INFO:root:accumulate return : 2.6763
INFO:root:accumulate return : 2.5494
INFO:root:accumulate return : 2.6816
INFO:root:accumulate return : 2.615
INFO:root:accumulate return : 2.5906
INFO:root:accumulate return : 2.4904
INFO:root:accumulate return : 2.5061
INFO:root:accumulate return : 2.6938
INFO:root:accumulate return : 2.674
INFO:root:accumulate return : 2.5486
INFO:root:accumulate return : 2.6415
INFO:root:accumulate return : 2.3339
INFO:root:accumulate return : 2.606
INFO:root:accumulate return : 2.5592
INFO:root:accumulate return : 2.3804
INFO:root:accumulate return : 2.5532
INFO:root:accumulate return : 2.6405
INFO:root:accumulate return : 2.5952
INFO:root:accumulate return : 2.6822
INFO:root:accumulate return : 2.5134
INFO:root:accumulate return : 2.6446
INFO:root:accumulate return : 2.3861
INFO:root:accumulate return : 2.574
INFO:root:accumulate return : 2.699
INFO:root:accumulate return : 2.7011
INFO:root:accumulate return : 2.5931
INFO:root:accumulate return : 2.5114
INFO:root:accumulate return : 2.5948
INFO:root:accumulate return : 2.5459
INFO:root:accumulate return : 2.6126
INFO:root:accumulate return : 2.4742
INFO:root:accumulate return : 2.5757
INFO:root:accumulate return : 2.5983
INFO:root:accumulate return : 2.5259
INFO:root:accumulate return : 2.4599
INFO:root:accumulate return : 2.4925
INFO:root:accumulate return : 2.5478
INFO:root:accumulate return : 2.5893
INFO:root:accumulate return : 2.5849
INFO:root:accumulate return : 2.3812
INFO:root:accumulate return : 2.5178
INFO:root:accumulate return : 2.5591
INFO:root:accumulate return : 2.6719
INFO:root:accumulate return : 2.6174
INFO:root:accumulate return : 2.5482
INFO:root:accumulate return : 2.6775
INFO:root:accumulate return : 2.4922
INFO:root:accumulate return : 2.4981
INFO:root:accumulate return : 2.5809
INFO:root:accumulate return : 2.6424
INFO:root:accumulate return : 2.6511
INFO:root:accumulate return : 2.3675
INFO:root:accumulate return : 2.4778
INFO:root:accumulate return : 2.2892
INFO:root:accumulate return : 2.53
INFO:root:accumulate return : 2.5111
INFO:root:accumulate return : 2.3787
INFO:root:accumulate return : 2.4473
INFO:root:accumulate return : 2.5176
INFO:root:accumulate return : 2.6211
INFO:root:accumulate return : 2.3843
INFO:root:accumulate return : 2.5622
INFO:root:accumulate return : 2.4073
INFO:root:accumulate return : 2.6895
INFO:root:accumulate return : 2.6641
INFO:root:accumulate return : 2.6614
INFO:root:accumulate return : 2.5447
INFO:root:accumulate return : 2.5884
INFO:root:accumulate return : 2.4977
INFO:root:accumulate return : 2.7232
INFO:root:accumulate return : 2.5908
INFO:root:accumulate return : 2.6172
INFO:root:accumulate return : 2.5844
INFO:root:accumulate return : 2.6663
INFO:root:accumulate return : 2.7791
INFO:root:accumulate return : 2.6664
INFO:root:accumulate return : 2.5822
INFO:root:accumulate return : 2.7178
INFO:root:accumulate return : 2.7045
INFO:root:accumulate return : 2.7871
INFO:root:accumulate return : 2.7273
INFO:root:accumulate return : 2.7145
INFO:root:accumulate return : 2.6213
INFO:root:accumulate return : 2.701
INFO:root:accumulate return : 2.6203
INFO:root:accumulate return : 2.4908
INFO:root:accumulate return : 2.4914
INFO:root:accumulate return : 2.728
INFO:root:accumulate return : 2.7099
INFO:root:accumulate return : 2.6697
INFO:root:accumulate return : 2.6751
INFO:root:accumulate return : 2.6782
INFO:root:accumulate return : 2.8122
INFO:root:accumulate return : 2.7202
INFO:root:accumulate return : 2.6332
INFO:root:accumulate return : 2.6871
INFO:root:accumulate return : 2.6609
INFO:root:accumulate return : 2.8346
INFO:root:accumulate return : 2.6748
INFO:root:accumulate return : 2.772
INFO:root:accumulate return : 2.6356
INFO:root:accumulate return : 2.6704
INFO:root:accumulate return : 2.6702
INFO:root:accumulate return : 2.6164
INFO:root:accumulate return : 2.5763
INFO:root:accumulate return : 2.594
INFO:root:accumulate return : 2.8224
INFO:root:accumulate return : 2.7081
INFO:root:accumulate return : 2.6943
INFO:root:accumulate return : 2.6228
INFO:root:accumulate return : 2.678
INFO:root:accumulate return : 2.7714
INFO:root:accumulate return : 2.7424
INFO:root:accumulate return : 2.71
INFO:root:accumulate return : 2.6878
INFO:root:accumulate return : 2.729
INFO:root:accumulate return : 2.5926
INFO:root:accumulate return : 2.8928
INFO:root:accumulate return : 2.6554
INFO:root:accumulate return : 2.7478
INFO:root:accumulate return : 2.6447
INFO:root:accumulate return : 2.5107
INFO:root:accumulate return : 2.6383
INFO:root:accumulate return : 2.7832
INFO:root:accumulate return : 2.7862
INFO:root:accumulate return : 2.6582
INFO:root:accumulate return : 2.6028
INFO:root:accumulate return : 2.6745
INFO:root:accumulate return : 2.7989
INFO:root:accumulate return : 2.7277
INFO:root:accumulate return : 2.5968
INFO:root:accumulate return : 2.7303
INFO:root:accumulate return : 2.7678
INFO:root:accumulate return : 2.6389
INFO:root:accumulate return : 2.7752
INFO:root:accumulate return : 2.7218
INFO:root:accumulate return : 2.6004
INFO:root:accumulate return : 2.7926
INFO:root:accumulate return : 2.5176
INFO:root:accumulate return : 2.6675
INFO:root:accumulate return : 2.7837
INFO:root:accumulate return : 2.6717
INFO:root:accumulate return : 2.7919
INFO:root:accumulate return : 2.7362
INFO:root:accumulate return : 2.6788
INFO:root:accumulate return : 2.703
INFO:root:accumulate return : 2.7889
INFO:root:accumulate return : 2.7178
INFO:root:accumulate return : 2.8359
INFO:root:accumulate return : 2.8055
INFO:root:accumulate return : 2.8491
INFO:root:accumulate return : 2.6194
INFO:root:accumulate return : 2.7385
INFO:root:accumulate return : 2.7699
INFO:root:accumulate return : 2.6899
INFO:root:accumulate return : 2.8168
INFO:root:accumulate return : 2.6952
INFO:root:accumulate return : 2.6802
INFO:root:accumulate return : 2.6261
INFO:root:accumulate return : 2.6362
INFO:root:accumulate return : 2.5052
INFO:root:accumulate return : 2.7435
INFO:root:accumulate return : 2.7063
INFO:root:accumulate return : 2.7042
INFO:root:accumulate return : 2.6305
INFO:root:accumulate return : 2.528
INFO:root:accumulate return : 2.7394
INFO:root:accumulate return : 2.6866
INFO:root:accumulate return : 2.6246
INFO:root:accumulate return : 2.5655
INFO:root:accumulate return : 2.7303
INFO:root:accumulate return : 2.6944
INFO:root:accumulate return : 2.7216
INFO:root:accumulate return : 2.7782
INFO:root:accumulate return : 2.6426
INFO:root:accumulate return : 2.6293
INFO:root:accumulate return : 2.7926
INFO:root:accumulate return : 2.4266
INFO:root:accumulate return : 2.8553
INFO:root:accumulate return : 2.7495
INFO:root:accumulate return : 2.5714
INFO:root:accumulate return : 2.632
INFO:root:accumulate return : 2.7529
INFO:root:accumulate return : 2.6247
INFO:root:accumulate return : 2.7166
INFO:root:accumulate return : 2.6722
INFO:root:accumulate return : 2.8437
INFO:root:accumulate return : 2.7288
INFO:root:accumulate return : 2.7252
INFO:root:accumulate return : 2.8262
INFO:root:accumulate return : 2.5024
INFO:root:accumulate return : 2.5677
INFO:root:accumulate return : 2.547
INFO:root:accumulate return : 2.6643
INFO:root:accumulate return : 2.5795
INFO:root:accumulate return : 2.7088
INFO:root:accumulate return : 2.7266
INFO:root:accumulate return : 2.68
INFO:root:accumulate return : 2.6586
INFO:root:accumulate return : 2.6309
INFO:root:accumulate return : 2.7738
INFO:root:accumulate return : 2.6456
INFO:root:accumulate return : 2.5895
INFO:root:accumulate return : 2.7188
INFO:root:accumulate return : 2.7847
INFO:root:accumulate return : 2.6757
INFO:root:accumulate return : 2.5746
INFO:root:accumulate return : 2.8374
INFO:root:accumulate return : 2.6514
INFO:root:accumulate return : 2.7513
INFO:root:accumulate return : 2.7704
INFO:root:accumulate return : 2.7637
INFO:root:accumulate return : 2.7048
INFO:root:accumulate return : 2.5907
INFO:root:accumulate return : 2.709
INFO:root:accumulate return : 2.6835
INFO:root:accumulate return : 2.7129
INFO:root:accumulate return : 2.8887
INFO:root:accumulate return : 2.6869
INFO:root:accumulate return : 2.5707
INFO:root:accumulate return : 2.566
INFO:root:accumulate return : 2.5501
INFO:root:accumulate return : 2.6682
INFO:root:accumulate return : 2.6334
INFO:root:accumulate return : 2.6393
INFO:root:accumulate return : 2.7951
INFO:root:accumulate return : 2.7471
INFO:root:accumulate return : 2.7202
INFO:root:accumulate return : 2.7534
INFO:root:accumulate return : 2.7408
INFO:root:accumulate return : 2.6664
INFO:root:accumulate return : 2.615
INFO:root:accumulate return : 2.6022
INFO:root:accumulate return : 2.8343
INFO:root:accumulate return : 2.6868
INFO:root:accumulate return : 2.6097
INFO:root:accumulate return : 2.7276
INFO:root:accumulate return : 2.8038
INFO:root:accumulate return : 2.7788
INFO:root:accumulate return : 2.7288
INFO:root:accumulate return : 2.6748
INFO:root:accumulate return : 2.7601
INFO:root:accumulate return : 2.8071
INFO:root:accumulate return : 2.7629
INFO:root:accumulate return : 2.7158
INFO:root:accumulate return : 2.7086
INFO:root:accumulate return : 2.6478
INFO:root:accumulate return : 2.707
INFO:root:accumulate return : 2.7699
INFO:root:accumulate return : 2.7231
INFO:root:accumulate return : 2.6961
INFO:root:accumulate return : 2.8274
INFO:root:accumulate return : 2.799
INFO:root:accumulate return : 2.8749
INFO:root:accumulate return : 2.7289
INFO:root:accumulate return : 2.7913
INFO:root:accumulate return : 2.7546
INFO:root:accumulate return : 2.6313
INFO:root:accumulate return : 2.6968
INFO:root:accumulate return : 2.7619
INFO:root:accumulate return : 2.777
INFO:root:accumulate return : 2.7043
INFO:root:accumulate return : 2.7338
INFO:root:accumulate return : 2.65
INFO:root:accumulate return : 2.7318
INFO:root:accumulate return : 2.4661
INFO:root:accumulate return : 2.8912
INFO:root:accumulate return : 2.8284
INFO:root:accumulate return : 2.7792
INFO:root:accumulate return : 2.5552
INFO:root:accumulate return : 2.8204
INFO:root:accumulate return : 2.6368
INFO:root:accumulate return : 2.6752
INFO:root:accumulate return : 2.7303
INFO:root:accumulate return : 2.7737
INFO:root:accumulate return : 2.8942
INFO:root:accumulate return : 2.533
INFO:root:accumulate return : 2.8261
INFO:root:accumulate return : 2.9377
INFO:root:accumulate return : 2.6956
INFO:root:accumulate return : 2.7791
INFO:root:accumulate return : 2.6736
INFO:root:accumulate return : 2.8158
INFO:root:accumulate return : 3.0349
INFO:root:accumulate return : 2.7635
INFO:root:accumulate return : 2.854
INFO:root:accumulate return : 2.6174
INFO:root:accumulate return : 2.6406
INFO:root:accumulate return : 2.6404
INFO:root:accumulate return : 2.7551
INFO:root:accumulate return : 2.7447
INFO:root:accumulate return : 2.5745
INFO:root:accumulate return : 2.8184
INFO:root:accumulate return : 2.7871
INFO:root:accumulate return : 2.8501
INFO:root:accumulate return : 2.6191
INFO:root:accumulate return : 2.6945
INFO:root:accumulate return : 2.657
INFO:root:accumulate return : 2.6925
INFO:root:accumulate return : 2.5645
INFO:root:accumulate return : 2.7781
INFO:root:accumulate return : 2.8135
INFO:root:accumulate return : 2.6125
INFO:root:accumulate return : 2.6026
INFO:root:accumulate return : 2.6942
INFO:root:accumulate return : 2.5955
INFO:root:accumulate return : 2.722
INFO:root:accumulate return : 2.8563
INFO:root:accumulate return : 2.6461
INFO:root:accumulate return : 2.6629
INFO:root:accumulate return : 2.899
INFO:root:accumulate return : 2.8456
INFO:root:accumulate return : 2.8308
INFO:root:accumulate return : 2.6683
INFO:root:accumulate return : 2.8285
INFO:root:accumulate return : 2.7492
INFO:root:accumulate return : 2.7551
INFO:root:accumulate return : 2.8436
INFO:root:accumulate return : 2.6908
INFO:root:accumulate return : 2.7312
INFO:root:accumulate return : 2.6548
INFO:root:accumulate return : 2.7026
INFO:root:accumulate return : 2.6221
INFO:root:accumulate return : 2.573
INFO:root:accumulate return : 2.6609
INFO:root:accumulate return : 2.7152
INFO:root:accumulate return : 2.7685
INFO:root:accumulate return : 2.6909
INFO:root:accumulate return : 2.7586
INFO:root:accumulate return : 2.7288
INFO:root:accumulate return : 2.6732
INFO:root:accumulate return : 2.6397
INFO:root:accumulate return : 2.8472
INFO:root:accumulate return : 2.6842
INFO:root:accumulate return : 2.7094
INFO:root:accumulate return : 2.8602
INFO:root:accumulate return : 2.649
INFO:root:accumulate return : 2.7225
INFO:root:accumulate return : 2.8472
INFO:root:accumulate return : 2.6274
INFO:root:accumulate return : 2.8224
INFO:root:accumulate return : 2.5933
INFO:root:accumulate return : 2.7085
INFO:root:accumulate return : 2.6335
INFO:root:accumulate return : 2.6905
INFO:root:accumulate return : 2.7985
INFO:root:accumulate return : 2.7783
INFO:root:accumulate return : 2.6885
INFO:root:accumulate return : 2.7825
INFO:root:accumulate return : 2.743
INFO:root:accumulate return : 2.7573
INFO:root:accumulate return : 2.831
INFO:root:accumulate return : 2.8118
INFO:root:accumulate return : 2.5779
INFO:root:accumulate return : 2.8377
INFO:root:accumulate return : 2.7431
INFO:root:accumulate return : 2.7604
INFO:root:accumulate return : 2.9013
INFO:root:accumulate return : 2.7686
INFO:root:accumulate return : 2.8737
INFO:root:accumulate return : 2.8146
INFO:root:accumulate return : 2.8004
INFO:root:accumulate return : 2.8855
INFO:root:accumulate return : 2.9036
INFO:root:accumulate return : 2.7111
INFO:root:accumulate return : 2.7987
INFO:root:accumulate return : 2.8537
INFO:root:accumulate return : 2.9399
INFO:root:accumulate return : 2.8407
INFO:root:accumulate return : 2.7058
INFO:root:accumulate return : 2.8357
INFO:root:accumulate return : 2.745
INFO:root:accumulate return : 2.6807
INFO:root:accumulate return : 2.6571
INFO:root:accumulate return : 2.7755
INFO:root:accumulate return : 2.8321
INFO:root:accumulate return : 2.8613
INFO:root:accumulate return : 2.9059
INFO:root:accumulate return : 2.8401
INFO:root:accumulate return : 2.8056
INFO:root:accumulate return : 2.8094
INFO:root:accumulate return : 2.805
INFO:root:accumulate return : 2.6285
INFO:root:accumulate return : 2.78
INFO:root:accumulate return : 2.7911
INFO:root:accumulate return : 2.8467
INFO:root:accumulate return : 2.8326
INFO:root:accumulate return : 2.8464
INFO:root:accumulate return : 2.82
INFO:root:accumulate return : 2.8691
INFO:root:accumulate return : 2.9657
INFO:root:accumulate return : 2.7901
INFO:root:accumulate return : 2.7523
INFO:root:accumulate return : 2.7588
INFO:root:accumulate return : 2.7659
INFO:root:accumulate return : 2.8732
INFO:root:accumulate return : 2.8672
INFO:root:accumulate return : 2.8158
INFO:root:accumulate return : 2.8378
INFO:root:accumulate return : 2.7811
INFO:root:accumulate return : 2.8043
INFO:root:accumulate return : 2.7751
INFO:root:accumulate return : 2.6583
INFO:root:accumulate return : 2.8608
INFO:root:accumulate return : 2.7931
INFO:root:accumulate return : 2.8584
INFO:root:accumulate return : 2.8443
INFO:root:accumulate return : 2.7079
INFO:root:accumulate return : 2.9011
INFO:root:accumulate return : 2.7933
INFO:root:accumulate return : 2.604
INFO:root:accumulate return : 2.7092
INFO:root:accumulate return : 2.7446
INFO:root:accumulate return : 2.9265
INFO:root:accumulate return : 2.9113
INFO:root:accumulate return : 2.7843
INFO:root:accumulate return : 2.745
INFO:root:accumulate return : 2.8663
INFO:root:accumulate return : 2.7783
INFO:root:accumulate return : 2.7744
INFO:root:accumulate return : 2.8935
INFO:root:accumulate return : 2.8384
INFO:root:accumulate return : 2.7694
INFO:root:accumulate return : 2.7671
INFO:root:accumulate return : 2.8091
INFO:root:accumulate return : 2.8397
INFO:root:accumulate return : 2.7662
INFO:root:accumulate return : 2.7732
INFO:root:accumulate return : 2.915
INFO:root:accumulate return : 2.7342
INFO:root:accumulate return : 3.0414
INFO:root:accumulate return : 2.7151
INFO:root:accumulate return : 2.7299
INFO:root:accumulate return : 2.7268
INFO:root:accumulate return : 2.9292
INFO:root:accumulate return : 2.6985
INFO:root:accumulate return : 2.9141
INFO:root:accumulate return : 2.9551
INFO:root:accumulate return : 2.7376
INFO:root:accumulate return : 2.8063
INFO:root:accumulate return : 2.7447
INFO:root:accumulate return : 2.805
INFO:root:accumulate return : 2.7337
INFO:root:accumulate return : 2.8554
INFO:root:accumulate return : 2.7219
INFO:root:accumulate return : 2.8494
INFO:root:accumulate return : 2.8235
INFO:root:accumulate return : 2.8375
INFO:root:accumulate return : 2.8268
INFO:root:accumulate return : 2.6627
INFO:root:accumulate return : 2.7203
INFO:root:accumulate return : 2.8358
INFO:root:accumulate return : 2.7583
INFO:root:accumulate return : 2.8757
INFO:root:accumulate return : 2.8669
INFO:root:accumulate return : 2.7573
INFO:root:accumulate return : 2.9033
INFO:root:accumulate return : 2.8366
INFO:root:accumulate return : 2.8437
INFO:root:accumulate return : 2.7884
INFO:root:accumulate return : 2.7123
INFO:root:accumulate return : 2.7262
INFO:root:accumulate return : 2.8005
INFO:root:accumulate return : 2.7909
INFO:root:Processing time : 4 hour